info: Microsoft.AspNetCore.DataProtection.KeyManagement.XmlKeyManager[0]
      User profile is available. Using 'C:\Users\User\AppData\Local\ASP.NET\DataProtection-Keys' as key repository and Windows DPAPI to encrypt keys at rest.
Hosting environment: Development
Content root path: D:\Work\XnBoiler\3.7.0\aspnet-core\src\Xn.Web.Mvc
Now listening on: http://localhost:10336
Application started. Press Ctrl+C to shut down.
info: Microsoft.AspNetCore.Hosting.Internal.WebHost[1]
      Request starting HTTP/1.1 GET http://localhost:62114/DetailNhapHang/Details?madh=04A0718  
info: Microsoft.AspNetCore.Authentication.Cookies.CookieAuthenticationHandler[8]
      AuthenticationScheme: Identity.Application was successfully authenticated.
info: Microsoft.AspNetCore.Mvc.Internal.ControllerActionInvoker[1]
      Executing action method Xn.Web.Controllers.DetailNhapHangController.Details (Xn.Web.Mvc) with arguments (04A0718) - ModelState is Valid
info: Microsoft.AspNetCore.Mvc.ViewFeatures.Internal.ViewResultExecutor[1]
      Executing ViewResult, running view at path /Views/DetailNhapHang/Index.cshtml.
info: Microsoft.AspNetCore.Mvc.Internal.ControllerActionInvoker[2]
      Executed action Xn.Web.Controllers.DetailNhapHangController.Details (Xn.Web.Mvc) in 4714.6452ms
info: Microsoft.AspNetCore.Hosting.Internal.WebHost[2]
      Request finished in 6127.7799ms 200 text/html; charset=utf-8
info: Microsoft.AspNetCore.Hosting.Internal.WebHost[1]
      Request starting HTTP/1.1 GET http://localhost:62114/fonts/roboto/roboto.css?v=53F8z0aw8DRnG9ou9x1tuKMPbNjRZWM-VBHl3B0s9-o  
info: Microsoft.AspNetCore.Hosting.Internal.WebHost[1]
      Request starting HTTP/1.1 GET http://localhost:62114/lib/bootstrap/dist/css/bootstrap.css?v=opI27tVP8lfzTdiKv9Wi8UuRkNhIAvZwMVLWtOpRHKk  
info: Microsoft.AspNetCore.Hosting.Internal.WebHost[1]
      Request starting HTTP/1.1 GET http://localhost:62114/lib/bootstrap-select/dist/css/bootstrap-select.css?v=DeY2lH0e0tmNnO9XZ-gGVOGk6_YoWlZ49y7CnD3ST00  
info: Microsoft.AspNetCore.Hosting.Internal.WebHost[1]
      Request starting HTTP/1.1 GET http://localhost:62114/fonts/material-icons/materialicons.css?v=8pEJ8MWsFzHRDLY0NI5rssf6T6vankxrJDPnnZxOGrg  
info: Microsoft.AspNetCore.Hosting.Internal.WebHost[1]
      Request starting HTTP/1.1 GET http://localhost:62114/lib/toastr/toastr.css?v=kKePN_CyxTiMEgsSDu_7z21ru07YOZtR-0UV0JOkt5o  
info: Microsoft.AspNetCore.StaticFiles.StaticFileMiddleware[2]
      Sending file. Request path: '/fonts/material-icons/materialicons.css'. Physical path: 'D:\Work\XnBoiler\3.7.0\aspnet-core\src\Xn.Web.Mvc\wwwroot\fonts\material-icons\materialicons.css'
info: Microsoft.AspNetCore.StaticFiles.StaticFileMiddleware[2]
      Sending file. Request path: '/fonts/roboto/roboto.css'. Physical path: 'D:\Work\XnBoiler\3.7.0\aspnet-core\src\Xn.Web.Mvc\wwwroot\fonts\roboto\roboto.css'
info: Microsoft.AspNetCore.StaticFiles.StaticFileMiddleware[2]
      Sending file. Request path: '/lib/bootstrap/dist/css/bootstrap.css'. Physical path: 'D:\Work\XnBoiler\3.7.0\aspnet-core\src\Xn.Web.Mvc\wwwroot\lib\bootstrap\dist\css\bootstrap.css'
info: Microsoft.AspNetCore.StaticFiles.StaticFileMiddleware[2]
      Sending file. Request path: '/lib/bootstrap-select/dist/css/bootstrap-select.css'. Physical path: 'D:\Work\XnBoiler\3.7.0\aspnet-core\src\Xn.Web.Mvc\wwwroot\lib\bootstrap-select\dist\css\bootstrap-select.css'
info: Microsoft.AspNetCore.StaticFiles.StaticFileMiddleware[2]
      Sending file. Request path: '/lib/toastr/toastr.css'. Physical path: 'D:\Work\XnBoiler\3.7.0\aspnet-core\src\Xn.Web.Mvc\wwwroot\lib\toastr\toastr.css'
info: Microsoft.AspNetCore.Hosting.Internal.WebHost[1]
      Request starting HTTP/1.1 GET http://localhost:62114/lib/famfamfam-flags/dist/sprite/famfamfam-flags.css?v=JVJiF3s2_kk99xQHfYhfxo_-Dd52ZIruDMOILwPkqv0  
info: Microsoft.AspNetCore.StaticFiles.StaticFileMiddleware[2]
      Sending file. Request path: '/lib/famfamfam-flags/dist/sprite/famfamfam-flags.css'. Physical path: 'D:\Work\XnBoiler\3.7.0\aspnet-core\src\Xn.Web.Mvc\wwwroot\lib\famfamfam-flags\dist\sprite\famfamfam-flags.css'
info: Microsoft.AspNetCore.Hosting.Internal.WebHost[2]
      Request finished in 37.4175ms 200 text/css
info: Microsoft.AspNetCore.Hosting.Internal.WebHost[2]
      Request finished in 33.0649ms 200 text/css
info: Microsoft.AspNetCore.Hosting.Internal.WebHost[2]
      Request finished in 5.6281ms 200 text/css
info: Microsoft.AspNetCore.Hosting.Internal.WebHost[2]
      Request finished in 35.0884ms 200 text/css
info: Microsoft.AspNetCore.Hosting.Internal.WebHost[2]
      Request finished in 27.1763ms 200 text/css
info: Microsoft.AspNetCore.Hosting.Internal.WebHost[2]
      Request finished in 45.3399ms 200 text/css
info: Microsoft.AspNetCore.Hosting.Internal.WebHost[1]
      Request starting HTTP/1.1 GET http://localhost:62114/lib/Waves/dist/waves.css?v=nd3hxjNg6DhkuFIz5IbxLK8Xw2ac0blsDQpF4pkJxUc  
info: Microsoft.AspNetCore.Hosting.Internal.WebHost[1]
      Request starting HTTP/1.1 GET http://localhost:62114/lib/font-awesome/css/font-awesome.css?v=YIHlqxkiJtENTMuzIHC9EfZaB5RniGr7kF7juUQJUuc  
info: Microsoft.AspNetCore.StaticFiles.StaticFileMiddleware[2]
      Sending file. Request path: '/lib/Waves/dist/waves.css'. Physical path: 'D:\Work\XnBoiler\3.7.0\aspnet-core\src\Xn.Web.Mvc\wwwroot\lib\Waves\dist\waves.css'
info: Microsoft.AspNetCore.Hosting.Internal.WebHost[2]
      Request finished in 7.9633ms 200 text/css
info: Microsoft.AspNetCore.StaticFiles.StaticFileMiddleware[2]
      Sending file. Request path: '/lib/font-awesome/css/font-awesome.css'. Physical path: 'D:\Work\XnBoiler\3.7.0\aspnet-core\src\Xn.Web.Mvc\wwwroot\lib\font-awesome\css\font-awesome.css'
info: Microsoft.AspNetCore.Hosting.Internal.WebHost[1]
      Request starting HTTP/1.1 GET http://localhost:62114/lib/animate.css/animate.css?v=IT6GQizZpVcaM1_L_mIiNAYVvZErMgfwewf1GGWXG_I  
info: Microsoft.AspNetCore.StaticFiles.StaticFileMiddleware[2]
      Sending file. Request path: '/lib/animate.css/animate.css'. Physical path: 'D:\Work\XnBoiler\3.7.0\aspnet-core\src\Xn.Web.Mvc\wwwroot\lib\animate.css\animate.css'
info: Microsoft.AspNetCore.Hosting.Internal.WebHost[2]
      Request finished in 16.5131ms 200 text/css
info: Microsoft.AspNetCore.Hosting.Internal.WebHost[2]
      Request finished in 5.5154ms 200 text/css
info: Microsoft.AspNetCore.Hosting.Internal.WebHost[1]
      Request starting HTTP/1.1 GET http://localhost:62114/css/materialize.css?v=ey-J3xahkqficOYUHVX3jexmzvRFrge9bmux4CQr1DQ  
info: Microsoft.AspNetCore.Hosting.Internal.WebHost[1]
      Request starting HTTP/1.1 GET http://localhost:62114/css/style.css?v=Hmj_hRbtMwZt6Iov-5Sm2qe6D6y7PFUTQRDdUyYreE4  
info: Microsoft.AspNetCore.StaticFiles.StaticFileMiddleware[2]
      Sending file. Request path: '/css/style.css'. Physical path: 'D:\Work\XnBoiler\3.7.0\aspnet-core\src\Xn.Web.Mvc\wwwroot\css\style.css'
info: Microsoft.AspNetCore.StaticFiles.StaticFileMiddleware[2]
      Sending file. Request path: '/css/materialize.css'. Physical path: 'D:\Work\XnBoiler\3.7.0\aspnet-core\src\Xn.Web.Mvc\wwwroot\css\materialize.css'
info: Microsoft.AspNetCore.Hosting.Internal.WebHost[2]
      Request finished in 3.0137ms 200 text/css
info: Microsoft.AspNetCore.Hosting.Internal.WebHost[2]
      Request finished in 7.0113ms 200 text/css
info: Microsoft.AspNetCore.Hosting.Internal.WebHost[1]
      Request starting HTTP/1.1 GET http://localhost:62114/css/themes/all-themes.css?v=eGSl5zNTWrXYfUx_EJW9ksC3CUTUUxvxmPiA3aQDtQo  
info: Microsoft.AspNetCore.StaticFiles.StaticFileMiddleware[2]
      Sending file. Request path: '/css/themes/all-themes.css'. Physical path: 'D:\Work\XnBoiler\3.7.0\aspnet-core\src\Xn.Web.Mvc\wwwroot\css\themes\all-themes.css'
info: Microsoft.AspNetCore.Hosting.Internal.WebHost[1]
      Request starting HTTP/1.1 GET http://localhost:62114/view-resources/Views/Shared/_Layout.css?v=BLxBuNISlF2O5EBHWdsX039NvnIHy-GtcqeI_MbyIc0  
info: Microsoft.AspNetCore.Hosting.Internal.WebHost[2]
      Request finished in 3.6944ms 200 text/css
info: Microsoft.AspNetCore.StaticFiles.StaticFileMiddleware[2]
      Sending file. Request path: '/view-resources/Views/Shared/_Layout.css'. Physical path: 'D:\Work\XnBoiler\3.7.0\aspnet-core\src\Xn.Web.Mvc\wwwroot\view-resources\Views\Shared\_Layout.css'
info: Microsoft.AspNetCore.Hosting.Internal.WebHost[2]
      Request finished in 5.9239ms 200 text/css
info: Microsoft.AspNetCore.Hosting.Internal.WebHost[1]
      Request starting HTTP/1.1 GET http://localhost:62114/js/table-angularjs/jquery.dataTables.min.css?v=9O_T5LPKP99EDR1kSSkzCf4-dZO8xrTY1TpWeVVIfk4  
info: Microsoft.AspNetCore.StaticFiles.StaticFileMiddleware[2]
      Sending file. Request path: '/js/table-angularjs/jquery.dataTables.min.css'. Physical path: 'D:\Work\XnBoiler\3.7.0\aspnet-core\src\Xn.Web.Mvc\wwwroot\js\table-angularjs\jquery.dataTables.min.css'
info: Microsoft.AspNetCore.Hosting.Internal.WebHost[2]
      Request finished in 2.6643ms 200 text/css
info: Microsoft.AspNetCore.Hosting.Internal.WebHost[1]
      Request starting HTTP/1.1 GET http://localhost:62114/scss/snackbar.css?v=Yglus7cl-9UBI3HXtOouoNDe_fC19Iybunr-R3umO94  
info: Microsoft.AspNetCore.StaticFiles.StaticFileMiddleware[2]
      Sending file. Request path: '/scss/snackbar.css'. Physical path: 'D:\Work\XnBoiler\3.7.0\aspnet-core\src\Xn.Web.Mvc\wwwroot\scss\snackbar.css'
info: Microsoft.AspNetCore.Hosting.Internal.WebHost[2]
      Request finished in 5.5726ms 200 text/css
info: Microsoft.AspNetCore.Hosting.Internal.WebHost[1]
      Request starting HTTP/1.1 GET http://localhost:62114/lib/moment/min/moment-with-locales.js?v=5f0RFtuChrGi6osDzegxXWf5yOkmx45i7J9fM1p6P5w  
info: Microsoft.AspNetCore.Hosting.Internal.WebHost[1]
      Request starting HTTP/1.1 GET http://localhost:62114/lib/json2/json2.js?v=w3DjWhUtDqy3bSJKv285C-2kagUtW9F64T9z3xRah8g  
info: Microsoft.AspNetCore.Hosting.Internal.WebHost[1]
      Request starting HTTP/1.1 GET http://localhost:62114/lib/jquery/dist/jquery.js?v=GcL_g4TBRVIQSi96WoMK71EGaYN9ZfsMIKm-50nlS4s  
info: Microsoft.AspNetCore.Hosting.Internal.WebHost[1]
      Request starting HTTP/1.1 GET http://localhost:62114/lib/bootstrap/dist/js/bootstrap.js?v=1fo3W6qowq4PinpCsKshaVqewExoFmzrRBGKbSdAVEk  
info: Microsoft.AspNetCore.StaticFiles.StaticFileMiddleware[2]
      Sending file. Request path: '/lib/moment/min/moment-with-locales.js'. Physical path: 'D:\Work\XnBoiler\3.7.0\aspnet-core\src\Xn.Web.Mvc\wwwroot\lib\moment\min\moment-with-locales.js'
info: Microsoft.AspNetCore.StaticFiles.StaticFileMiddleware[2]
      Sending file. Request path: '/lib/bootstrap/dist/js/bootstrap.js'. Physical path: 'D:\Work\XnBoiler\3.7.0\aspnet-core\src\Xn.Web.Mvc\wwwroot\lib\bootstrap\dist\js\bootstrap.js'
info: Microsoft.AspNetCore.StaticFiles.StaticFileMiddleware[2]
      Sending file. Request path: '/lib/jquery/dist/jquery.js'. Physical path: 'D:\Work\XnBoiler\3.7.0\aspnet-core\src\Xn.Web.Mvc\wwwroot\lib\jquery\dist\jquery.js'
info: Microsoft.AspNetCore.Hosting.Internal.WebHost[2]
      Request finished in 2.7193ms 200 application/javascript
info: Microsoft.AspNetCore.Hosting.Internal.WebHost[1]
      Request starting HTTP/1.1 GET http://localhost:62114/lib/jquery-validation/dist/jquery.validate.js?v=ZDzsHzuLAtqQVxXwbgRtfAPXQ7UAoJRXBAUDvc9G9CI  
info: Microsoft.AspNetCore.StaticFiles.StaticFileMiddleware[2]
      Sending file. Request path: '/lib/jquery-validation/dist/jquery.validate.js'. Physical path: 'D:\Work\XnBoiler\3.7.0\aspnet-core\src\Xn.Web.Mvc\wwwroot\lib\jquery-validation\dist\jquery.validate.js'
info: Microsoft.AspNetCore.Hosting.Internal.WebHost[2]
      Request finished in 2.3992ms 200 application/javascript
info: Microsoft.AspNetCore.Hosting.Internal.WebHost[2]
      Request finished in 6.6411ms 200 application/javascript
info: Microsoft.AspNetCore.Hosting.Internal.WebHost[2]
      Request finished in 6.67ms 200 application/javascript
info: Microsoft.AspNetCore.StaticFiles.StaticFileMiddleware[2]
      Sending file. Request path: '/lib/json2/json2.js'. Physical path: 'D:\Work\XnBoiler\3.7.0\aspnet-core\src\Xn.Web.Mvc\wwwroot\lib\json2\json2.js'
info: Microsoft.AspNetCore.Hosting.Internal.WebHost[2]
      Request finished in 17.6381ms 200 application/javascript
info: Microsoft.AspNetCore.Hosting.Internal.WebHost[1]
      Request starting HTTP/1.1 GET http://localhost:62114/lib/blockUI/jquery.blockUI.js?v=KKcUNqwNyTLaXzvuMyFk6JisiQq6Hk7ZtrciXnEf3Z0  
info: Microsoft.AspNetCore.StaticFiles.StaticFileMiddleware[2]
      Sending file. Request path: '/lib/blockUI/jquery.blockUI.js'. Physical path: 'D:\Work\XnBoiler\3.7.0\aspnet-core\src\Xn.Web.Mvc\wwwroot\lib\blockUI\jquery.blockUI.js'
info: Microsoft.AspNetCore.Hosting.Internal.WebHost[2]
      Request finished in 2.0506ms 200 application/javascript
info: Microsoft.AspNetCore.Hosting.Internal.WebHost[1]
      Request starting HTTP/1.1 GET http://localhost:62114/lib/toastr/toastr.js?v=prO6YeBrp6FzpE6glX7_GlSoPssvH4_OmY6Z3YJ2c6c  
info: Microsoft.AspNetCore.Hosting.Internal.WebHost[1]
      Request starting HTTP/1.1 GET http://localhost:62114/lib/spin.js/spin.js?v=b1plKpQIB-XuGyjWec42MhmhpPzEPzFI3OC8Ia0XIoc  
info: Microsoft.AspNetCore.StaticFiles.StaticFileMiddleware[2]
      Sending file. Request path: '/lib/spin.js/spin.js'. Physical path: 'D:\Work\XnBoiler\3.7.0\aspnet-core\src\Xn.Web.Mvc\wwwroot\lib\spin.js\spin.js'
info: Microsoft.AspNetCore.Hosting.Internal.WebHost[2]
      Request finished in 1.4305ms 200 application/javascript
info: Microsoft.AspNetCore.StaticFiles.StaticFileMiddleware[2]
      Sending file. Request path: '/lib/toastr/toastr.js'. Physical path: 'D:\Work\XnBoiler\3.7.0\aspnet-core\src\Xn.Web.Mvc\wwwroot\lib\toastr\toastr.js'
info: Microsoft.AspNetCore.Hosting.Internal.WebHost[2]
      Request finished in 4.6082ms 200 application/javascript
info: Microsoft.AspNetCore.Hosting.Internal.WebHost[1]
      Request starting HTTP/1.1 GET http://localhost:62114/lib/sweetalert/dist/sweetalert.min.js?v=aPktydUv1rN3mouQeXoKi3ioFTIQlULuqYeoTAA2ihY  
info: Microsoft.AspNetCore.StaticFiles.StaticFileMiddleware[2]
      Sending file. Request path: '/lib/sweetalert/dist/sweetalert.min.js'. Physical path: 'D:\Work\XnBoiler\3.7.0\aspnet-core\src\Xn.Web.Mvc\wwwroot\lib\sweetalert\dist\sweetalert.min.js'
info: Microsoft.AspNetCore.Hosting.Internal.WebHost[2]
      Request finished in 1.4229ms 200 application/javascript
info: Microsoft.AspNetCore.Hosting.Internal.WebHost[1]
      Request starting HTTP/1.1 GET http://localhost:62114/lib/spin.js/jquery.spin.js?v=i7H7HL08ldqUANgfQInE7LlU2uWUdQMCJ-Q7-_zLutY  
info: Microsoft.AspNetCore.StaticFiles.StaticFileMiddleware[2]
      Sending file. Request path: '/lib/spin.js/jquery.spin.js'. Physical path: 'D:\Work\XnBoiler\3.7.0\aspnet-core\src\Xn.Web.Mvc\wwwroot\lib\spin.js\jquery.spin.js'
info: Microsoft.AspNetCore.Hosting.Internal.WebHost[2]
      Request finished in 3.4814ms 200 application/javascript
info: Microsoft.AspNetCore.Hosting.Internal.WebHost[1]
      Request starting HTTP/1.1 GET http://localhost:62114/lib/Waves/dist/waves.js?v=ZOMv1vwqpT_ezNZGhvr9jJTr_jqu3lYHB7vmpxD7HmA  
info: Microsoft.AspNetCore.Hosting.Internal.WebHost[1]
      Request starting HTTP/1.1 GET http://localhost:62114/lib/push.js/push.js?v=w347yqiscLjM_TxUKpqeUA1LDR3w5vshQpxpTsgkLhE  
info: Microsoft.AspNetCore.Hosting.Internal.WebHost[1]
      Request starting HTTP/1.1 GET http://localhost:62114/lib/jquery-slimscroll/jquery.slimscroll.js?v=ESVSX4dkOxamaRoYfcqPM2FfErhgfxS60fp1Fa8ou1w  
info: Microsoft.AspNetCore.Hosting.Internal.WebHost[1]
      Request starting HTTP/1.1 GET http://localhost:62114/lib/bootstrap-select/dist/js/bootstrap-select.js?v=tXulJKckrq2j2wo8a9hvmXLDEQwhGviPTIYmEzy1dNI  
info: Microsoft.AspNetCore.StaticFiles.StaticFileMiddleware[2]
      Sending file. Request path: '/lib/push.js/push.js'. Physical path: 'D:\Work\XnBoiler\3.7.0\aspnet-core\src\Xn.Web.Mvc\wwwroot\lib\push.js\push.js'
info: Microsoft.AspNetCore.StaticFiles.StaticFileMiddleware[2]
      Sending file. Request path: '/lib/bootstrap-select/dist/js/bootstrap-select.js'. Physical path: 'D:\Work\XnBoiler\3.7.0\aspnet-core\src\Xn.Web.Mvc\wwwroot\lib\bootstrap-select\dist\js\bootstrap-select.js'
info: Microsoft.AspNetCore.StaticFiles.StaticFileMiddleware[2]
      Sending file. Request path: '/lib/Waves/dist/waves.js'. Physical path: 'D:\Work\XnBoiler\3.7.0\aspnet-core\src\Xn.Web.Mvc\wwwroot\lib\Waves\dist\waves.js'
info: Microsoft.AspNetCore.Hosting.Internal.WebHost[2]
      Request finished in 1.6139ms 200 application/javascript
info: Microsoft.AspNetCore.Hosting.Internal.WebHost[2]
      Request finished in 1.8572ms 200 application/javascript
info: Microsoft.AspNetCore.Hosting.Internal.WebHost[2]
      Request finished in 2.8284ms 200 application/javascript
info: Microsoft.AspNetCore.StaticFiles.StaticFileMiddleware[2]
      Sending file. Request path: '/lib/jquery-slimscroll/jquery.slimscroll.js'. Physical path: 'D:\Work\XnBoiler\3.7.0\aspnet-core\src\Xn.Web.Mvc\wwwroot\lib\jquery-slimscroll\jquery.slimscroll.js'
info: Microsoft.AspNetCore.Hosting.Internal.WebHost[2]
      Request finished in 3.3323ms 200 application/javascript
info: Microsoft.AspNetCore.Hosting.Internal.WebHost[1]
      Request starting HTTP/1.1 GET http://localhost:62114/lib/abp-web-resources/Abp/Framework/scripts/abp.js?v=EjNSmvtPSqCVK_xG_aTvOp8hmVM_7vwyd3hg45CAMGk  
info: Microsoft.AspNetCore.Hosting.Internal.WebHost[1]
      Request starting HTTP/1.1 GET http://localhost:62114/lib/abp-web-resources/Abp/Framework/scripts/libs/abp.blockUI.js?v=vMuHbqHh635SKL2RG2qsGGCDyHg1yFeGqhPKpS34g4k  
info: Microsoft.AspNetCore.Hosting.Internal.WebHost[1]
      Request starting HTTP/1.1 GET http://localhost:62114/lib/abp-web-resources/Abp/Framework/scripts/libs/abp.toastr.js?v=QiSp17ew3zyFmdlcKq4HCIOw7UaqE8MC46Ekv50GzPs  
info: Microsoft.AspNetCore.Hosting.Internal.WebHost[1]
      Request starting HTTP/1.1 GET http://localhost:62114/lib/abp-web-resources/Abp/Framework/scripts/libs/abp.spin.js?v=djoKib6ssm5DDzbXLe5pD7ayfFg3siaoEk-BFYzQlvI  
info: Microsoft.AspNetCore.Hosting.Internal.WebHost[1]
      Request starting HTTP/1.1 GET http://localhost:62114/lib/abp-web-resources/Abp/Framework/scripts/libs/abp.jquery.js?v=XEXcdRYb4eN3XoQCbnM-BSR6UifHRLsXYDIVFZ7Oc6Q  
info: Microsoft.AspNetCore.StaticFiles.StaticFileMiddleware[2]
      Sending file. Request path: '/lib/abp-web-resources/Abp/Framework/scripts/abp.js'. Physical path: 'D:\Work\XnBoiler\3.7.0\aspnet-core\src\Xn.Web.Mvc\wwwroot\lib\abp-web-resources\Abp\Framework\scripts\abp.js'
info: Microsoft.AspNetCore.StaticFiles.StaticFileMiddleware[2]
      Sending file. Request path: '/lib/abp-web-resources/Abp/Framework/scripts/libs/abp.blockUI.js'. Physical path: 'D:\Work\XnBoiler\3.7.0\aspnet-core\src\Xn.Web.Mvc\wwwroot\lib\abp-web-resources\Abp\Framework\scripts\libs\abp.blockUI.js'
info: Microsoft.AspNetCore.StaticFiles.StaticFileMiddleware[2]
      Sending file. Request path: '/lib/abp-web-resources/Abp/Framework/scripts/libs/abp.toastr.js'. Physical path: 'D:\Work\XnBoiler\3.7.0\aspnet-core\src\Xn.Web.Mvc\wwwroot\lib\abp-web-resources\Abp\Framework\scripts\libs\abp.toastr.js'
info: Microsoft.AspNetCore.StaticFiles.StaticFileMiddleware[2]
      Sending file. Request path: '/lib/abp-web-resources/Abp/Framework/scripts/libs/abp.jquery.js'. Physical path: 'D:\Work\XnBoiler\3.7.0\aspnet-core\src\Xn.Web.Mvc\wwwroot\lib\abp-web-resources\Abp\Framework\scripts\libs\abp.jquery.js'
info: Microsoft.AspNetCore.StaticFiles.StaticFileMiddleware[2]
      Sending file. Request path: '/lib/abp-web-resources/Abp/Framework/scripts/libs/abp.spin.js'. Physical path: 'D:\Work\XnBoiler\3.7.0\aspnet-core\src\Xn.Web.Mvc\wwwroot\lib\abp-web-resources\Abp\Framework\scripts\libs\abp.spin.js'
info: Microsoft.AspNetCore.Hosting.Internal.WebHost[2]
      Request finished in 5.3505ms 200 application/javascript
info: Microsoft.AspNetCore.Hosting.Internal.WebHost[2]
      Request finished in 1.6948ms 200 application/javascript
info: Microsoft.AspNetCore.Hosting.Internal.WebHost[2]
      Request finished in 1.825ms 200 application/javascript
info: Microsoft.AspNetCore.Hosting.Internal.WebHost[2]
      Request finished in 1.8404ms 200 application/javascript
info: Microsoft.AspNetCore.Hosting.Internal.WebHost[2]
      Request finished in 4.1601ms 200 application/javascript
info: Microsoft.AspNetCore.Hosting.Internal.WebHost[1]
      Request starting HTTP/1.1 GET http://localhost:62114/lib/abp-web-resources/Abp/Framework/scripts/libs/abp.sweet-alert.js?v=fPp3O_ILaqD0UHiR721w1i4iBtxo3NH7yfldI5dg0_I  
info: Microsoft.AspNetCore.StaticFiles.StaticFileMiddleware[2]
      Sending file. Request path: '/lib/abp-web-resources/Abp/Framework/scripts/libs/abp.sweet-alert.js'. Physical path: 'D:\Work\XnBoiler\3.7.0\aspnet-core\src\Xn.Web.Mvc\wwwroot\lib\abp-web-resources\Abp\Framework\scripts\libs\abp.sweet-alert.js'
info: Microsoft.AspNetCore.Hosting.Internal.WebHost[2]
      Request finished in 1.554ms 200 application/javascript
info: Microsoft.AspNetCore.Hosting.Internal.WebHost[1]
      Request starting HTTP/1.1 GET http://localhost:62114/js/angular.min.js?v=tGWNuGTw_SVi2ca2TqZK6YI1m3TiuRGcz-65l15CxMc  
info: Microsoft.AspNetCore.Hosting.Internal.WebHost[1]
      Request starting HTTP/1.1 GET http://localhost:62114/js/main.js?v=TQh7CPs0Nabw-VbuWNS1myxE1OoyWIOPMY95C0Yg5m8  
info: Microsoft.AspNetCore.Hosting.Internal.WebHost[1]
      Request starting HTTP/1.1 GET http://localhost:62114/view-resources/Views/Shared/_Layout.js?v=RQruqClWPSu7O6l9-bzesJOrIOxROTb3CPVyIIqP_cw  
info: Microsoft.AspNetCore.Hosting.Internal.WebHost[1]
      Request starting HTTP/1.1 GET http://localhost:62114/js/angular-cookies.min.js?v=IMIUOvO8muR9HMwZbNUQ7IA_rLQ7ysa55ufXHbzODvQ  
info: Microsoft.AspNetCore.StaticFiles.StaticFileMiddleware[2]
      Sending file. Request path: '/js/angular-cookies.min.js'. Physical path: 'D:\Work\XnBoiler\3.7.0\aspnet-core\src\Xn.Web.Mvc\wwwroot\js\angular-cookies.min.js'
info: Microsoft.AspNetCore.StaticFiles.StaticFileMiddleware[2]
      Sending file. Request path: '/view-resources/Views/Shared/_Layout.js'. Physical path: 'D:\Work\XnBoiler\3.7.0\aspnet-core\src\Xn.Web.Mvc\wwwroot\view-resources\Views\Shared\_Layout.js'
info: Microsoft.AspNetCore.StaticFiles.StaticFileMiddleware[2]
      Sending file. Request path: '/js/main.js'. Physical path: 'D:\Work\XnBoiler\3.7.0\aspnet-core\src\Xn.Web.Mvc\wwwroot\js\main.js'
info: Microsoft.AspNetCore.Hosting.Internal.WebHost[2]
      Request finished in 1.1149ms 200 application/javascript
info: Microsoft.AspNetCore.Hosting.Internal.WebHost[2]
      Request finished in 1.7779ms 200 application/javascript
info: Microsoft.AspNetCore.Hosting.Internal.WebHost[2]
      Request finished in 2.5249ms 200 application/javascript
info: Microsoft.AspNetCore.StaticFiles.StaticFileMiddleware[2]
      Sending file. Request path: '/js/angular.min.js'. Physical path: 'D:\Work\XnBoiler\3.7.0\aspnet-core\src\Xn.Web.Mvc\wwwroot\js\angular.min.js'
info: Microsoft.AspNetCore.Hosting.Internal.WebHost[1]
      Request starting HTTP/1.1 GET http://localhost:62114/js/admin.js?v=WEbXcDZFgBBPThaOToUlWSMiegAQQnrVuInpjkdxUTs  
info: Microsoft.AspNetCore.Hosting.Internal.WebHost[2]
      Request finished in 6.9197ms 200 application/javascript
info: Microsoft.AspNetCore.StaticFiles.StaticFileMiddleware[2]
      Sending file. Request path: '/js/admin.js'. Physical path: 'D:\Work\XnBoiler\3.7.0\aspnet-core\src\Xn.Web.Mvc\wwwroot\js\admin.js'
info: Microsoft.AspNetCore.Hosting.Internal.WebHost[2]
      Request finished in 1.3622ms 200 application/javascript
info: Microsoft.AspNetCore.Hosting.Internal.WebHost[1]
      Request starting HTTP/1.1 GET http://localhost:62114/lib/chart.js/dist/Chart.min.js?v=06oWrFH0H6oTY_MutCZ8H3sihgnUZBqYYfoahtpe22w  
info: Microsoft.AspNetCore.Hosting.Internal.WebHost[1]
      Request starting HTTP/1.1 GET http://localhost:62114/js/table-angularjs/jquery.dataTables.min.js  
info: Microsoft.AspNetCore.StaticFiles.StaticFileMiddleware[2]
      Sending file. Request path: '/js/table-angularjs/jquery.dataTables.min.js'. Physical path: 'D:\Work\XnBoiler\3.7.0\aspnet-core\src\Xn.Web.Mvc\wwwroot\js\table-angularjs\jquery.dataTables.min.js'
info: Microsoft.AspNetCore.Hosting.Internal.WebHost[1]
      Request starting HTTP/1.1 GET http://localhost:62114/Angular/app.js?v=iiqlDz4ZRUrmKbB8FeWN-D_bL7wYOjr8CSqNNhKgygY  
info: Microsoft.AspNetCore.Hosting.Internal.WebHost[1]
      Request starting HTTP/1.1 GET http://localhost:62114/js/angular-chart.js/angular-chart.js?v=NKhewWt6iaCS3y0o_dWoKeG7yXSkKLZT3QpVKOC6A5o  
info: Microsoft.AspNetCore.Hosting.Internal.WebHost[1]
      Request starting HTTP/1.1 GET http://localhost:62114/js/highcharts.js?v=4qC1FQHiGHSV8ujobkeVKamIjkdPAKRVWYr1Of2ud-k  
info: Microsoft.AspNetCore.StaticFiles.StaticFileMiddleware[2]
      Sending file. Request path: '/lib/chart.js/dist/Chart.min.js'. Physical path: 'D:\Work\XnBoiler\3.7.0\aspnet-core\src\Xn.Web.Mvc\wwwroot\lib\chart.js\dist\Chart.min.js'
info: Microsoft.AspNetCore.StaticFiles.StaticFileMiddleware[2]
      Sending file. Request path: '/Angular/app.js'. Physical path: 'D:\Work\XnBoiler\3.7.0\aspnet-core\src\Xn.Web.Mvc\wwwroot\Angular\app.js'
info: Microsoft.AspNetCore.StaticFiles.StaticFileMiddleware[2]
      Sending file. Request path: '/js/angular-chart.js/angular-chart.js'. Physical path: 'D:\Work\XnBoiler\3.7.0\aspnet-core\src\Xn.Web.Mvc\wwwroot\js\angular-chart.js\angular-chart.js'
info: Microsoft.AspNetCore.StaticFiles.StaticFileMiddleware[2]
      Sending file. Request path: '/js/highcharts.js'. Physical path: 'D:\Work\XnBoiler\3.7.0\aspnet-core\src\Xn.Web.Mvc\wwwroot\js\highcharts.js'
info: Microsoft.AspNetCore.Hosting.Internal.WebHost[1]
      Request starting HTTP/1.1 GET http://localhost:62114/js/table-angularjs/angular-datatables.min.js  
info: Microsoft.AspNetCore.Hosting.Internal.WebHost[2]
      Request finished in 1.1769ms 200 application/javascript
info: Microsoft.AspNetCore.Hosting.Internal.WebHost[2]
      Request finished in 1.3619ms 200 application/javascript
info: Microsoft.AspNetCore.Hosting.Internal.WebHost[2]
      Request finished in 520.6418ms 200 application/javascript
info: Microsoft.AspNetCore.Hosting.Internal.WebHost[2]
      Request finished in 520.9858ms 200 application/javascript
info: Microsoft.AspNetCore.StaticFiles.StaticFileMiddleware[2]
      Sending file. Request path: '/js/table-angularjs/angular-datatables.min.js'. Physical path: 'D:\Work\XnBoiler\3.7.0\aspnet-core\src\Xn.Web.Mvc\wwwroot\js\table-angularjs\angular-datatables.min.js'
info: Microsoft.AspNetCore.Hosting.Internal.WebHost[2]
      Request finished in 3.4202ms 200 application/javascript
info: Microsoft.AspNetCore.Hosting.Internal.WebHost[2]
      Request finished in 8.477ms 200 application/javascript
info: Microsoft.AspNetCore.Hosting.Internal.WebHost[1]
      Request starting HTTP/1.1 GET http://localhost:62114/Angular/main.js?v=N7ImJxyWfG8M6P86xDHHeq40E_AQ5rBRxjdRqRR5YIA  
info: Microsoft.AspNetCore.Hosting.Internal.WebHost[1]
      Request starting HTTP/1.1 GET http://localhost:62114/Angular/service.js?v=PTYBv2pAqopT-4IdDswNsTmt8056lpJ6WqxHVoovSxc  
info: Microsoft.AspNetCore.StaticFiles.StaticFileMiddleware[2]
      Sending file. Request path: '/Angular/main.js'. Physical path: 'D:\Work\XnBoiler\3.7.0\aspnet-core\src\Xn.Web.Mvc\wwwroot\Angular\main.js'
info: Microsoft.AspNetCore.StaticFiles.StaticFileMiddleware[2]
      Sending file. Request path: '/Angular/service.js'. Physical path: 'D:\Work\XnBoiler\3.7.0\aspnet-core\src\Xn.Web.Mvc\wwwroot\Angular\service.js'
info: Microsoft.AspNetCore.Hosting.Internal.WebHost[2]
      Request finished in 1.6856ms 200 application/javascript
info: Microsoft.AspNetCore.Hosting.Internal.WebHost[1]
      Request starting HTTP/1.1 GET http://localhost:62114/Angular/filter.js?v=Hpvq1BG2HlPFJjYyoEg2H1jV2H-fWTO0lVYcq_nrU_M  
info: Microsoft.AspNetCore.Hosting.Internal.WebHost[2]
      Request finished in 5.0378ms 200 application/javascript
info: Microsoft.AspNetCore.StaticFiles.StaticFileMiddleware[2]
      Sending file. Request path: '/Angular/filter.js'. Physical path: 'D:\Work\XnBoiler\3.7.0\aspnet-core\src\Xn.Web.Mvc\wwwroot\Angular\filter.js'
info: Microsoft.AspNetCore.Hosting.Internal.WebHost[1]
      Request starting HTTP/1.1 GET http://localhost:62114/js/tool/snackbar.js?v=O2eIPSxn9BC93tdOuHGMstXVK4kIblLZbVjxWKpG0EQ  
info: Microsoft.AspNetCore.Hosting.Internal.WebHost[2]
      Request finished in 1.4698ms 200 application/javascript
info: Microsoft.AspNetCore.StaticFiles.StaticFileMiddleware[2]
      Sending file. Request path: '/js/tool/snackbar.js'. Physical path: 'D:\Work\XnBoiler\3.7.0\aspnet-core\src\Xn.Web.Mvc\wwwroot\js\tool\snackbar.js'
info: Microsoft.AspNetCore.Hosting.Internal.WebHost[2]
      Request finished in 2.4614ms 200 application/javascript
info: Microsoft.AspNetCore.Hosting.Internal.WebHost[1]
      Request starting HTTP/1.1 GET http://localhost:62114/AbpServiceProxies/GetAll?v=636674393617868509  
info: Microsoft.AspNetCore.Hosting.Internal.WebHost[1]
      Request starting HTTP/1.1 GET http://localhost:62114/lib/signalr-client/signalr.min.js  
info: Microsoft.AspNetCore.StaticFiles.StaticFileMiddleware[2]
      Sending file. Request path: '/lib/signalr-client/signalr.min.js'. Physical path: 'D:\Work\XnBoiler\3.7.0\aspnet-core\src\Xn.Web.Mvc\wwwroot\lib\signalr-client\signalr.min.js'
info: Microsoft.AspNetCore.Hosting.Internal.WebHost[2]
      Request finished in 1.3121ms 200 application/javascript
info: Microsoft.AspNetCore.Authentication.Cookies.CookieAuthenticationHandler[8]
      AuthenticationScheme: Identity.Application was successfully authenticated.
info: Microsoft.AspNetCore.Hosting.Internal.WebHost[1]
      Request starting HTTP/1.1 GET http://localhost:62114/AbpScripts/GetScripts?v=636674393617868509  
info: Microsoft.AspNetCore.Authentication.Cookies.CookieAuthenticationHandler[8]
      AuthenticationScheme: Identity.Application was successfully authenticated.
info: Microsoft.AspNetCore.Mvc.Internal.ControllerActionInvoker[1]
      Executing action method Abp.AspNetCore.Mvc.Proxying.AbpServiceProxiesController.GetAll (Abp.AspNetCore) with arguments (Abp.AspNetCore.Mvc.Proxying.ApiProxyGenerationModel) - ModelState is Valid
info: Microsoft.AspNetCore.Mvc.Internal.ControllerActionInvoker[1]
      Executing action method Abp.AspNetCore.Mvc.Controllers.AbpScriptsController.GetScripts (Abp.AspNetCore) with arguments () - ModelState is Valid
info: Microsoft.AspNetCore.Mvc.Internal.ContentResultExecutor[1]
      Executing ContentResult with HTTP Response ContentType of application/x-javascript
info: Microsoft.AspNetCore.Mvc.Internal.ControllerActionInvoker[2]
      Executed action Abp.AspNetCore.Mvc.Proxying.AbpServiceProxiesController.GetAll (Abp.AspNetCore) in 111.6295ms
info: Microsoft.AspNetCore.Hosting.Internal.WebHost[2]
      Request finished in 126.699ms 200 application/x-javascript
info: Microsoft.AspNetCore.Mvc.Internal.ContentResultExecutor[1]
      Executing ContentResult with HTTP Response ContentType of application/x-javascript; charset=utf-8
info: Microsoft.AspNetCore.Mvc.Internal.ControllerActionInvoker[2]
      Executed action Abp.AspNetCore.Mvc.Controllers.AbpScriptsController.GetScripts (Abp.AspNetCore) in 99.8285ms
info: Microsoft.AspNetCore.Hosting.Internal.WebHost[2]
      Request finished in 110.5792ms 200 application/x-javascript; charset=utf-8
info: Microsoft.AspNetCore.Hosting.Internal.WebHost[1]
      Request starting HTTP/1.1 GET http://localhost:62114/lib/signalr-client/signalr.min.js?v=858YikO1iFWNvg_uLuCuwTzpVWSTKR0dNgE9e1-YGCo  
info: Microsoft.AspNetCore.Hosting.Internal.WebHost[1]
      Request starting HTTP/1.1 GET http://localhost:62114/images/user.png  
info: Microsoft.AspNetCore.Hosting.Internal.WebHost[1]
      Request starting HTTP/1.1 GET http://localhost:62114/lib/abp-web-resources/Abp/Framework/scripts/libs/abp.signalr-client.js?v=e67Bv052Laju1Shwa7IODGzQs7CAHRD2ov373oMBoIw  
info: Microsoft.AspNetCore.StaticFiles.StaticFileMiddleware[2]
      Sending file. Request path: '/lib/signalr-client/signalr.min.js'. Physical path: 'D:\Work\XnBoiler\3.7.0\aspnet-core\src\Xn.Web.Mvc\wwwroot\lib\signalr-client\signalr.min.js'
info: Microsoft.AspNetCore.StaticFiles.StaticFileMiddleware[2]
      Sending file. Request path: '/lib/abp-web-resources/Abp/Framework/scripts/libs/abp.signalr-client.js'. Physical path: 'D:\Work\XnBoiler\3.7.0\aspnet-core\src\Xn.Web.Mvc\wwwroot\lib\abp-web-resources\Abp\Framework\scripts\libs\abp.signalr-client.js'
info: Microsoft.AspNetCore.StaticFiles.StaticFileMiddleware[2]
      Sending file. Request path: '/images/user.png'. Physical path: 'D:\Work\XnBoiler\3.7.0\aspnet-core\src\Xn.Web.Mvc\wwwroot\images\user.png'
info: Microsoft.AspNetCore.Hosting.Internal.WebHost[2]
      Request finished in 1.3471ms 200 application/javascript
info: Microsoft.AspNetCore.Hosting.Internal.WebHost[2]
      Request finished in 1.9094ms 200 application/javascript
info: Microsoft.AspNetCore.Hosting.Internal.WebHost[2]
      Request finished in 3.1686ms 200 image/png
info: Microsoft.AspNetCore.Hosting.Internal.WebHost[1]
      Request starting HTTP/1.1 GET http://localhost:62114/signalr  
info: Microsoft.AspNetCore.Authentication.Cookies.CookieAuthenticationHandler[8]
      AuthenticationScheme: Identity.Application was successfully authenticated.
info: Microsoft.AspNetCore.Sockets.Internal.Transports.WebSocketsTransport[1]
      Socket opened.
info: Microsoft.AspNetCore.Hosting.Internal.WebHost[1]
      Request starting HTTP/1.1 GET http://localhost:62114/images/user-img-background.jpg  
info: Microsoft.AspNetCore.StaticFiles.StaticFileMiddleware[2]
      Sending file. Request path: '/images/user-img-background.jpg'. Physical path: 'D:\Work\XnBoiler\3.7.0\aspnet-core\src\Xn.Web.Mvc\wwwroot\images\user-img-background.jpg'
info: Microsoft.AspNetCore.Hosting.Internal.WebHost[1]
      Request starting HTTP/1.1 GET http://localhost:62114/lib/famfamfam-flags/dist/sprite/famfamfam-flags.png  
info: Microsoft.AspNetCore.StaticFiles.StaticFileMiddleware[2]
      Sending file. Request path: '/lib/famfamfam-flags/dist/sprite/famfamfam-flags.png'. Physical path: 'D:\Work\XnBoiler\3.7.0\aspnet-core\src\Xn.Web.Mvc\wwwroot\lib\famfamfam-flags\dist\sprite\famfamfam-flags.png'
info: Microsoft.AspNetCore.Hosting.Internal.WebHost[2]
      Request finished in 5.3977ms 200 image/png
info: Microsoft.AspNetCore.Hosting.Internal.WebHost[1]
      Request starting HTTP/1.1 GET http://localhost:62114/fonts/roboto/CWB0XYA8bzo0kSThX0UTuA.woff2  
info: Microsoft.AspNetCore.Hosting.Internal.WebHost[1]
      Request starting HTTP/1.1 GET http://localhost:62114/fonts/roboto/d-6IYplOFocCacKzxwXSOFtXRa8TVwTICgirnJhmVJw.woff2  
info: Microsoft.AspNetCore.StaticFiles.StaticFileMiddleware[2]
      Sending file. Request path: '/fonts/roboto/d-6IYplOFocCacKzxwXSOFtXRa8TVwTICgirnJhmVJw.woff2'. Physical path: 'D:\Work\XnBoiler\3.7.0\aspnet-core\src\Xn.Web.Mvc\wwwroot\fonts\roboto\d-6IYplOFocCacKzxwXSOFtXRa8TVwTICgirnJhmVJw.woff2'
info: Microsoft.AspNetCore.Hosting.Internal.WebHost[1]
      Request starting HTTP/1.1 GET http://localhost:62114/fonts/material-icons/materialicons.woff2  
info: Microsoft.AspNetCore.Hosting.Internal.WebHost[2]
      Request finished in 10.8207ms 200 image/jpeg
info: Microsoft.AspNetCore.StaticFiles.StaticFileMiddleware[2]
      Sending file. Request path: '/fonts/roboto/CWB0XYA8bzo0kSThX0UTuA.woff2'. Physical path: 'D:\Work\XnBoiler\3.7.0\aspnet-core\src\Xn.Web.Mvc\wwwroot\fonts\roboto\CWB0XYA8bzo0kSThX0UTuA.woff2'
info: Microsoft.AspNetCore.StaticFiles.StaticFileMiddleware[2]
      Sending file. Request path: '/fonts/material-icons/materialicons.woff2'. Physical path: 'D:\Work\XnBoiler\3.7.0\aspnet-core\src\Xn.Web.Mvc\wwwroot\fonts\material-icons\materialicons.woff2'
info: Microsoft.AspNetCore.Hosting.Internal.WebHost[2]
      Request finished in 10.9141ms 200 font/woff2
info: Microsoft.AspNetCore.Hosting.Internal.WebHost[2]
      Request finished in 14.6285ms 200 font/woff2
info: Microsoft.AspNetCore.Hosting.Internal.WebHost[2]
      Request finished in 15.6639ms 200 font/woff2
info: Microsoft.AspNetCore.Hosting.Internal.WebHost[1]
      Request starting HTTP/1.1 GET http://localhost:62114/lib/font-awesome/fonts/fontawesome-webfont.woff2?v=4.7.0  
info: Microsoft.AspNetCore.StaticFiles.StaticFileMiddleware[2]
      Sending file. Request path: '/lib/font-awesome/fonts/fontawesome-webfont.woff2'. Physical path: 'D:\Work\XnBoiler\3.7.0\aspnet-core\src\Xn.Web.Mvc\wwwroot\lib\font-awesome\fonts\fontawesome-webfont.woff2'
info: Microsoft.AspNetCore.Hosting.Internal.WebHost[2]
      Request finished in 15.2293ms 200 font/woff2
info: Microsoft.AspNetCore.SignalR.HubConnectionContext[1]
      Using HubProtocol 'json'.
info: Microsoft.AspNetCore.Hosting.Internal.WebHost[1]
      Request starting HTTP/1.1 GET http://localhost:62114/fonts/roboto/97uahxiqZRoncBaCEI3aWxJtnKITppOI_IvcXXDNrsc.woff2  
info: Microsoft.AspNetCore.StaticFiles.StaticFileMiddleware[2]
      Sending file. Request path: '/fonts/roboto/97uahxiqZRoncBaCEI3aWxJtnKITppOI_IvcXXDNrsc.woff2'. Physical path: 'D:\Work\XnBoiler\3.7.0\aspnet-core\src\Xn.Web.Mvc\wwwroot\fonts\roboto\97uahxiqZRoncBaCEI3aWxJtnKITppOI_IvcXXDNrsc.woff2'
info: Microsoft.AspNetCore.Hosting.Internal.WebHost[2]
      Request finished in 8.5696ms 200 font/woff2
info: Microsoft.AspNetCore.Hosting.Internal.WebHost[1]
      Request starting HTTP/1.1 GET http://localhost:62114/fonts/roboto/PwZc-YbIL414wB9rB1IAPRJtnKITppOI_IvcXXDNrsc.woff2  
info: Microsoft.AspNetCore.StaticFiles.StaticFileMiddleware[2]
      Sending file. Request path: '/fonts/roboto/PwZc-YbIL414wB9rB1IAPRJtnKITppOI_IvcXXDNrsc.woff2'. Physical path: 'D:\Work\XnBoiler\3.7.0\aspnet-core\src\Xn.Web.Mvc\wwwroot\fonts\roboto\PwZc-YbIL414wB9rB1IAPRJtnKITppOI_IvcXXDNrsc.woff2'
info: Microsoft.AspNetCore.Hosting.Internal.WebHost[2]
      Request finished in 3.8499ms 200 font/woff2
info: Microsoft.AspNetCore.Hosting.Internal.WebHost[1]
      Request starting HTTP/1.1 GET http://localhost:62114/favicon.ico  
info: Microsoft.AspNetCore.StaticFiles.StaticFileMiddleware[2]
      Sending file. Request path: '/favicon.ico'. Physical path: 'D:\Work\XnBoiler\3.7.0\aspnet-core\src\Xn.Web.Mvc\wwwroot\favicon.ico'
info: Microsoft.AspNetCore.Hosting.Internal.WebHost[2]
      Request finished in 5.6826ms 200 image/x-icon
