info: Microsoft.AspNetCore.DataProtection.KeyManagement.XmlKeyManager[0]
      User profile is available. Using 'C:\Users\nguye\AppData\Local\ASP.NET\DataProtection-Keys' as key repository and Windows DPAPI to encrypt keys at rest.
Hosting environment: Development
Content root path: D:\Boiler\3.7.0\aspnet-core\src\Xn.Web.Mvc
Now listening on: http://localhost:19113
Application started. Press Ctrl+C to shut down.
info: Microsoft.AspNetCore.Hosting.Internal.WebHost[1]
      Request starting HTTP/1.1 GET http://localhost:62114/  
info: Microsoft.AspNetCore.Authentication.Cookies.CookieAuthenticationHandler[8]
      AuthenticationScheme: Identity.Application was successfully authenticated.
info: Microsoft.AspNetCore.Authorization.DefaultAuthorizationService[1]
      Authorization was successful.
info: Microsoft.AspNetCore.Mvc.Internal.ControllerActionInvoker[1]
      Executing action method Xn.Web.Controllers.HomeController.Index (Xn.Web.Mvc) with arguments ((null)) - ModelState is Valid
info: Microsoft.AspNetCore.Mvc.ViewFeatures.Internal.ViewResultExecutor[1]
      Executing ViewResult, running view at path /Views/Home/Index.cshtml.
info: Microsoft.AspNetCore.Mvc.Internal.ControllerActionInvoker[2]
      Executed action Xn.Web.Controllers.HomeController.Index (Xn.Web.Mvc) in 17148.3657ms
info: Microsoft.AspNetCore.Hosting.Internal.WebHost[1]
      Request starting HTTP/1.1 GET http://localhost:62114/robots.txt  
info: Microsoft.AspNetCore.Hosting.Internal.WebHost[2]
      Request finished in 22978.2541ms 200 text/html; charset=utf-8
info: Microsoft.AspNetCore.Hosting.Internal.WebHost[2]
      Request finished in 147.7073ms 404 
info: Microsoft.AspNetCore.Hosting.Internal.WebHost[1]
      Request starting HTTP/1.1 GET http://localhost:62114/scss/snackbar.css?v=Yglus7cl-9UBI3HXtOouoNDe_fC19Iybunr-R3umO94  
info: Microsoft.AspNetCore.StaticFiles.StaticFileMiddleware[6]
      The file /scss/snackbar.css was not modified
info: Microsoft.AspNetCore.Hosting.Internal.WebHost[2]
      Request finished in 182.1564ms 304 text/css
info: Microsoft.AspNetCore.Hosting.Internal.WebHost[1]
      Request starting HTTP/1.1 GET http://localhost:62114/js/tool/snackbar.js  
info: Microsoft.AspNetCore.StaticFiles.StaticFileMiddleware[6]
      The file /js/tool/snackbar.js was not modified
info: Microsoft.AspNetCore.Hosting.Internal.WebHost[2]
      Request finished in 4.1588ms 304 application/javascript
info: Microsoft.AspNetCore.Hosting.Internal.WebHost[1]
      Request starting HTTP/1.1 GET http://localhost:62114/AbpServiceProxies/GetAll?v=636629437894647315  
info: Microsoft.AspNetCore.Authentication.Cookies.CookieAuthenticationHandler[8]
      AuthenticationScheme: Identity.Application was successfully authenticated.
info: Microsoft.AspNetCore.Mvc.Internal.ControllerActionInvoker[1]
      Executing action method Abp.AspNetCore.Mvc.Proxying.AbpServiceProxiesController.GetAll (Abp.AspNetCore) with arguments (Abp.AspNetCore.Mvc.Proxying.ApiProxyGenerationModel) - ModelState is Valid
info: Microsoft.AspNetCore.Mvc.Internal.ContentResultExecutor[1]
      Executing ContentResult with HTTP Response ContentType of application/x-javascript
info: Microsoft.AspNetCore.Mvc.Internal.ControllerActionInvoker[2]
      Executed action Abp.AspNetCore.Mvc.Proxying.AbpServiceProxiesController.GetAll (Abp.AspNetCore) in 1049.1674ms
info: Microsoft.AspNetCore.Hosting.Internal.WebHost[2]
      Request finished in 1217.3609ms 200 application/x-javascript
info: Microsoft.AspNetCore.Hosting.Internal.WebHost[1]
      Request starting HTTP/1.1 GET http://localhost:62114/AbpScripts/GetScripts?v=636629437894647315  
info: Microsoft.AspNetCore.Authentication.Cookies.CookieAuthenticationHandler[8]
      AuthenticationScheme: Identity.Application was successfully authenticated.
info: Microsoft.AspNetCore.Mvc.Internal.ControllerActionInvoker[1]
      Executing action method Abp.AspNetCore.Mvc.Controllers.AbpScriptsController.GetScripts (Abp.AspNetCore) with arguments () - ModelState is Valid
info: Microsoft.AspNetCore.Mvc.Internal.ContentResultExecutor[1]
      Executing ContentResult with HTTP Response ContentType of application/x-javascript; charset=utf-8
info: Microsoft.AspNetCore.Mvc.Internal.ControllerActionInvoker[2]
      Executed action Abp.AspNetCore.Mvc.Controllers.AbpScriptsController.GetScripts (Abp.AspNetCore) in 940.3884ms
info: Microsoft.AspNetCore.Hosting.Internal.WebHost[2]
      Request finished in 1005.9874ms 200 application/x-javascript; charset=utf-8
info: Microsoft.AspNetCore.Hosting.Internal.WebHost[1]
      Request starting HTTP/1.1 GET http://localhost:62114/signalr  
info: Microsoft.AspNetCore.Authentication.Cookies.CookieAuthenticationHandler[8]
      AuthenticationScheme: Identity.Application was successfully authenticated.
info: Microsoft.AspNetCore.Sockets.Internal.Transports.WebSocketsTransport[1]
      Socket opened.
info: Microsoft.AspNetCore.SignalR.HubConnectionContext[1]
      Using HubProtocol 'json'.
info: Microsoft.AspNetCore.Hosting.Internal.WebHost[1]
      Request starting HTTP/1.1 GET http://localhost:62114/favicon.ico  
info: Microsoft.AspNetCore.StaticFiles.StaticFileMiddleware[2]
      Sending file. Request path: '/favicon.ico'. Physical path: 'D:\Boiler\3.7.0\aspnet-core\src\Xn.Web.Mvc\wwwroot\favicon.ico'
info: Microsoft.AspNetCore.Hosting.Internal.WebHost[2]
      Request finished in 72.1249ms 200 image/x-icon
info: Microsoft.AspNetCore.Hosting.Internal.WebHost[1]
      Request starting HTTP/1.1 GET http://localhost:62114/nhap  
info: Microsoft.AspNetCore.Authentication.Cookies.CookieAuthenticationHandler[8]
      AuthenticationScheme: Identity.Application was successfully authenticated.
info: Microsoft.AspNetCore.Mvc.Internal.ControllerActionInvoker[1]
      Executing action method Xn.Web.Controllers.NhapController.Index (Xn.Web.Mvc) with arguments ((null)) - ModelState is Valid
info: Microsoft.AspNetCore.Mvc.ViewFeatures.Internal.ViewResultExecutor[1]
      Executing ViewResult, running view at path /Views/Nhap/Index.cshtml.
info: Microsoft.AspNetCore.Mvc.Internal.ControllerActionInvoker[2]
      Executed action Xn.Web.Controllers.NhapController.Index (Xn.Web.Mvc) in 1738.0756ms
info: Microsoft.AspNetCore.Hosting.Internal.WebHost[2]
      Request finished in 1770.9482ms 200 text/html; charset=utf-8
info: Microsoft.AspNetCore.Sockets.Internal.Transports.WebSocketsTransport[2]
      Socket closed.
info: Microsoft.AspNetCore.Hosting.Internal.WebHost[2]
      Request finished in 10858.9009ms 101 
info: Microsoft.AspNetCore.Hosting.Internal.WebHost[1]
      Request starting HTTP/1.1 GET http://localhost:62114/Angular/NhapHang/nhap.js  
info: Microsoft.AspNetCore.StaticFiles.StaticFileMiddleware[2]
      Sending file. Request path: '/Angular/NhapHang/nhap.js'. Physical path: 'D:\Boiler\3.7.0\aspnet-core\src\Xn.Web.Mvc\wwwroot\Angular\NhapHang\nhap.js'
info: Microsoft.AspNetCore.Hosting.Internal.WebHost[2]
      Request finished in 3.5211ms 200 application/javascript
info: Microsoft.AspNetCore.Hosting.Internal.WebHost[1]
      Request starting HTTP/1.1 GET http://localhost:62114/AbpServiceProxies/GetAll?v=636629437894647315  
info: Microsoft.AspNetCore.Authentication.Cookies.CookieAuthenticationHandler[8]
      AuthenticationScheme: Identity.Application was successfully authenticated.
info: Microsoft.AspNetCore.Mvc.Internal.ControllerActionInvoker[1]
      Executing action method Abp.AspNetCore.Mvc.Proxying.AbpServiceProxiesController.GetAll (Abp.AspNetCore) with arguments (Abp.AspNetCore.Mvc.Proxying.ApiProxyGenerationModel) - ModelState is Valid
info: Microsoft.AspNetCore.Mvc.Internal.ContentResultExecutor[1]
      Executing ContentResult with HTTP Response ContentType of application/x-javascript
info: Microsoft.AspNetCore.Mvc.Internal.ControllerActionInvoker[2]
      Executed action Abp.AspNetCore.Mvc.Proxying.AbpServiceProxiesController.GetAll (Abp.AspNetCore) in 37.9798ms
info: Microsoft.AspNetCore.Hosting.Internal.WebHost[2]
      Request finished in 79.6009ms 200 application/x-javascript
info: Microsoft.AspNetCore.Hosting.Internal.WebHost[1]
      Request starting HTTP/1.1 GET http://localhost:62114/AbpScripts/GetScripts?v=636629437894647315  
info: Microsoft.AspNetCore.Authentication.Cookies.CookieAuthenticationHandler[8]
      AuthenticationScheme: Identity.Application was successfully authenticated.
info: Microsoft.AspNetCore.Mvc.Internal.ControllerActionInvoker[1]
      Executing action method Abp.AspNetCore.Mvc.Controllers.AbpScriptsController.GetScripts (Abp.AspNetCore) with arguments () - ModelState is Valid
info: Microsoft.AspNetCore.Mvc.Internal.ContentResultExecutor[1]
      Executing ContentResult with HTTP Response ContentType of application/x-javascript; charset=utf-8
info: Microsoft.AspNetCore.Mvc.Internal.ControllerActionInvoker[2]
      Executed action Abp.AspNetCore.Mvc.Controllers.AbpScriptsController.GetScripts (Abp.AspNetCore) in 211.2116ms
info: Microsoft.AspNetCore.Hosting.Internal.WebHost[2]
      Request finished in 247.3872ms 200 application/x-javascript; charset=utf-8
info: Microsoft.AspNetCore.Hosting.Internal.WebHost[1]
      Request starting HTTP/1.1 GET http://localhost:62114/signalr  
info: Microsoft.AspNetCore.Authentication.Cookies.CookieAuthenticationHandler[8]
      AuthenticationScheme: Identity.Application was successfully authenticated.
info: Microsoft.AspNetCore.Sockets.Internal.Transports.WebSocketsTransport[1]
      Socket opened.
info: Microsoft.AspNetCore.SignalR.HubConnectionContext[1]
      Using HubProtocol 'json'.
info: Microsoft.AspNetCore.Hosting.Internal.WebHost[1]
      Request starting HTTP/1.1 GET http://localhost:62114/lib/signalr-client/signalr.min.js.map  
info: Microsoft.AspNetCore.Authentication.Cookies.CookieAuthenticationHandler[8]
      AuthenticationScheme: Identity.Application was successfully authenticated.
info: Microsoft.AspNetCore.Hosting.Internal.WebHost[2]
      Request finished in 30.4124ms 404 
info: Microsoft.AspNetCore.Hosting.Internal.WebHost[1]
      Request starting HTTP/1.1 GET http://localhost:62114/nhap  
info: Microsoft.AspNetCore.Authentication.Cookies.CookieAuthenticationHandler[8]
      AuthenticationScheme: Identity.Application was successfully authenticated.
info: Microsoft.AspNetCore.Mvc.Internal.ControllerActionInvoker[1]
      Executing action method Xn.Web.Controllers.NhapController.Index (Xn.Web.Mvc) with arguments ((null)) - ModelState is Valid
info: Microsoft.AspNetCore.Mvc.ViewFeatures.Internal.ViewResultExecutor[1]
      Executing ViewResult, running view at path /Views/Nhap/Index.cshtml.
info: Microsoft.AspNetCore.Mvc.Internal.ControllerActionInvoker[2]
      Executed action Xn.Web.Controllers.NhapController.Index (Xn.Web.Mvc) in 781.4747ms
info: Microsoft.AspNetCore.Hosting.Internal.WebHost[2]
      Request finished in 805.6315ms 200 text/html; charset=utf-8
info: Microsoft.AspNetCore.Sockets.Internal.Transports.WebSocketsTransport[2]
      Socket closed.
info: Microsoft.AspNetCore.Hosting.Internal.WebHost[2]
      Request finished in 36852.2441ms 101 
info: Microsoft.AspNetCore.Hosting.Internal.WebHost[1]
      Request starting HTTP/1.1 GET http://localhost:62114/Angular/NhapHang/nhap.js  
info: Microsoft.AspNetCore.StaticFiles.StaticFileMiddleware[2]
      Sending file. Request path: '/Angular/NhapHang/nhap.js'. Physical path: 'D:\Boiler\3.7.0\aspnet-core\src\Xn.Web.Mvc\wwwroot\Angular\NhapHang\nhap.js'
info: Microsoft.AspNetCore.Hosting.Internal.WebHost[2]
      Request finished in 4.284ms 200 application/javascript
info: Microsoft.AspNetCore.Hosting.Internal.WebHost[1]
      Request starting HTTP/1.1 GET http://localhost:62114/AbpServiceProxies/GetAll?v=636629437894647315  
info: Microsoft.AspNetCore.Authentication.Cookies.CookieAuthenticationHandler[8]
      AuthenticationScheme: Identity.Application was successfully authenticated.
info: Microsoft.AspNetCore.Mvc.Internal.ControllerActionInvoker[1]
      Executing action method Abp.AspNetCore.Mvc.Proxying.AbpServiceProxiesController.GetAll (Abp.AspNetCore) with arguments (Abp.AspNetCore.Mvc.Proxying.ApiProxyGenerationModel) - ModelState is Valid
info: Microsoft.AspNetCore.Mvc.Internal.ContentResultExecutor[1]
      Executing ContentResult with HTTP Response ContentType of application/x-javascript
info: Microsoft.AspNetCore.Mvc.Internal.ControllerActionInvoker[2]
      Executed action Abp.AspNetCore.Mvc.Proxying.AbpServiceProxiesController.GetAll (Abp.AspNetCore) in 23.4299ms
info: Microsoft.AspNetCore.Hosting.Internal.WebHost[2]
      Request finished in 54.9902ms 200 application/x-javascript
info: Microsoft.AspNetCore.Hosting.Internal.WebHost[1]
      Request starting HTTP/1.1 GET http://localhost:62114/AbpScripts/GetScripts?v=636629437894647315  
info: Microsoft.AspNetCore.Authentication.Cookies.CookieAuthenticationHandler[8]
      AuthenticationScheme: Identity.Application was successfully authenticated.
info: Microsoft.AspNetCore.Mvc.Internal.ControllerActionInvoker[1]
      Executing action method Abp.AspNetCore.Mvc.Controllers.AbpScriptsController.GetScripts (Abp.AspNetCore) with arguments () - ModelState is Valid
info: Microsoft.AspNetCore.Mvc.Internal.ContentResultExecutor[1]
      Executing ContentResult with HTTP Response ContentType of application/x-javascript; charset=utf-8
info: Microsoft.AspNetCore.Mvc.Internal.ControllerActionInvoker[2]
      Executed action Abp.AspNetCore.Mvc.Controllers.AbpScriptsController.GetScripts (Abp.AspNetCore) in 154.2979ms
info: Microsoft.AspNetCore.Hosting.Internal.WebHost[2]
      Request finished in 182.6085ms 200 application/x-javascript; charset=utf-8
info: Microsoft.AspNetCore.Hosting.Internal.WebHost[1]
      Request starting HTTP/1.1 GET http://localhost:62114/js/angular.min.js.map  
info: Microsoft.AspNetCore.Authentication.Cookies.CookieAuthenticationHandler[8]
      AuthenticationScheme: Identity.Application was successfully authenticated.
info: Microsoft.AspNetCore.Hosting.Internal.WebHost[2]
      Request finished in 20.5351ms 404 
info: Microsoft.AspNetCore.Hosting.Internal.WebHost[1]
      Request starting HTTP/1.1 GET http://localhost:62114/js/angular-cookies.min.js.map  
info: Microsoft.AspNetCore.Authentication.Cookies.CookieAuthenticationHandler[8]
      AuthenticationScheme: Identity.Application was successfully authenticated.
info: Microsoft.AspNetCore.Hosting.Internal.WebHost[2]
      Request finished in 25.6197ms 404 
info: Microsoft.AspNetCore.Hosting.Internal.WebHost[1]
      Request starting HTTP/1.1 GET http://localhost:62114/lib/signalr-client/signalr.min.js.map  
info: Microsoft.AspNetCore.Hosting.Internal.WebHost[1]
      Request starting HTTP/1.1 GET http://localhost:62114/signalr  
info: Microsoft.AspNetCore.Authentication.Cookies.CookieAuthenticationHandler[8]
      AuthenticationScheme: Identity.Application was successfully authenticated.
info: Microsoft.AspNetCore.Sockets.Internal.Transports.WebSocketsTransport[1]
      Socket opened.
info: Microsoft.AspNetCore.Authentication.Cookies.CookieAuthenticationHandler[8]
      AuthenticationScheme: Identity.Application was successfully authenticated.
info: Microsoft.AspNetCore.Hosting.Internal.WebHost[2]
      Request finished in 34.0304ms 404 
info: Microsoft.AspNetCore.SignalR.HubConnectionContext[1]
      Using HubProtocol 'json'.
info: Microsoft.AspNetCore.Hosting.Internal.WebHost[1]
      Request starting HTTP/1.1 POST http://localhost:62114/Nhap/GetAll  0
info: Microsoft.AspNetCore.Authentication.Cookies.CookieAuthenticationHandler[8]
      AuthenticationScheme: Identity.Application was successfully authenticated.
info: Microsoft.AspNetCore.Mvc.Internal.ControllerActionInvoker[1]
      Executing action method Xn.Web.Controllers.NhapController.GetAll (Xn.Web.Mvc) with arguments (, , ) - ModelState is Valid
info: Microsoft.AspNetCore.Mvc.Formatters.Json.Internal.JsonResultExecutor[1]
      Executing JsonResult, writing value Abp.Web.Models.AjaxResponse.
info: Microsoft.AspNetCore.Mvc.Internal.ControllerActionInvoker[2]
      Executed action Xn.Web.Controllers.NhapController.GetAll (Xn.Web.Mvc) in 682.0945ms
info: Microsoft.AspNetCore.Hosting.Internal.WebHost[2]
      Request finished in 740.2277ms 200 application/json; charset=utf-8
info: Microsoft.AspNetCore.Hosting.Internal.WebHost[1]
      Request starting HTTP/1.1 GET http://localhost:62114/nhap  
info: Microsoft.AspNetCore.Authentication.Cookies.CookieAuthenticationHandler[8]
      AuthenticationScheme: Identity.Application was successfully authenticated.
info: Microsoft.AspNetCore.Mvc.Internal.ControllerActionInvoker[1]
      Executing action method Xn.Web.Controllers.NhapController.Index (Xn.Web.Mvc) with arguments ((null)) - ModelState is Valid
info: Microsoft.AspNetCore.Mvc.ViewFeatures.Internal.ViewResultExecutor[1]
      Executing ViewResult, running view at path /Views/Nhap/Index.cshtml.
info: Microsoft.AspNetCore.Mvc.Internal.ControllerActionInvoker[2]
      Executed action Xn.Web.Controllers.NhapController.Index (Xn.Web.Mvc) in 734.6705ms
info: Microsoft.AspNetCore.Hosting.Internal.WebHost[2]
      Request finished in 756.2117ms 200 text/html; charset=utf-8
info: Microsoft.AspNetCore.Sockets.Internal.Transports.WebSocketsTransport[2]
      Socket closed.
info: Microsoft.AspNetCore.Hosting.Internal.WebHost[2]
      Request finished in 34108.3832ms 101 
info: Microsoft.AspNetCore.Hosting.Internal.WebHost[1]
      Request starting HTTP/1.1 GET http://localhost:62114/Angular/NhapHang/nhap.js  
info: Microsoft.AspNetCore.StaticFiles.StaticFileMiddleware[2]
      Sending file. Request path: '/Angular/NhapHang/nhap.js'. Physical path: 'D:\Boiler\3.7.0\aspnet-core\src\Xn.Web.Mvc\wwwroot\Angular\NhapHang\nhap.js'
info: Microsoft.AspNetCore.Hosting.Internal.WebHost[2]
      Request finished in 3.4914ms 200 application/javascript
info: Microsoft.AspNetCore.Hosting.Internal.WebHost[1]
      Request starting HTTP/1.1 GET http://localhost:62114/AbpServiceProxies/GetAll?v=636629437894647315  
info: Microsoft.AspNetCore.Authentication.Cookies.CookieAuthenticationHandler[8]
      AuthenticationScheme: Identity.Application was successfully authenticated.
info: Microsoft.AspNetCore.Mvc.Internal.ControllerActionInvoker[1]
      Executing action method Abp.AspNetCore.Mvc.Proxying.AbpServiceProxiesController.GetAll (Abp.AspNetCore) with arguments (Abp.AspNetCore.Mvc.Proxying.ApiProxyGenerationModel) - ModelState is Valid
info: Microsoft.AspNetCore.Mvc.Internal.ContentResultExecutor[1]
      Executing ContentResult with HTTP Response ContentType of application/x-javascript
info: Microsoft.AspNetCore.Mvc.Internal.ControllerActionInvoker[2]
      Executed action Abp.AspNetCore.Mvc.Proxying.AbpServiceProxiesController.GetAll (Abp.AspNetCore) in 37.2303ms
info: Microsoft.AspNetCore.Hosting.Internal.WebHost[2]
      Request finished in 70.72ms 200 application/x-javascript
info: Microsoft.AspNetCore.Hosting.Internal.WebHost[1]
      Request starting HTTP/1.1 GET http://localhost:62114/AbpScripts/GetScripts?v=636629437894647315  
info: Microsoft.AspNetCore.Authentication.Cookies.CookieAuthenticationHandler[8]
      AuthenticationScheme: Identity.Application was successfully authenticated.
info: Microsoft.AspNetCore.Mvc.Internal.ControllerActionInvoker[1]
      Executing action method Abp.AspNetCore.Mvc.Controllers.AbpScriptsController.GetScripts (Abp.AspNetCore) with arguments () - ModelState is Valid
info: Microsoft.AspNetCore.Mvc.Internal.ContentResultExecutor[1]
      Executing ContentResult with HTTP Response ContentType of application/x-javascript; charset=utf-8
info: Microsoft.AspNetCore.Mvc.Internal.ControllerActionInvoker[2]
      Executed action Abp.AspNetCore.Mvc.Controllers.AbpScriptsController.GetScripts (Abp.AspNetCore) in 168.5812ms
info: Microsoft.AspNetCore.Hosting.Internal.WebHost[2]
      Request finished in 199.2746ms 200 application/x-javascript; charset=utf-8
info: Microsoft.AspNetCore.Hosting.Internal.WebHost[1]
      Request starting HTTP/1.1 GET http://localhost:62114/js/angular-cookies.min.js.map  
info: Microsoft.AspNetCore.Authentication.Cookies.CookieAuthenticationHandler[8]
      AuthenticationScheme: Identity.Application was successfully authenticated.
info: Microsoft.AspNetCore.Hosting.Internal.WebHost[2]
      Request finished in 19.3566ms 404 
info: Microsoft.AspNetCore.Hosting.Internal.WebHost[1]
      Request starting HTTP/1.1 GET http://localhost:62114/js/angular.min.js.map  
info: Microsoft.AspNetCore.Authentication.Cookies.CookieAuthenticationHandler[8]
      AuthenticationScheme: Identity.Application was successfully authenticated.
info: Microsoft.AspNetCore.Hosting.Internal.WebHost[2]
      Request finished in 32.2248ms 404 
info: Microsoft.AspNetCore.Hosting.Internal.WebHost[1]
      Request starting HTTP/1.1 GET http://localhost:62114/lib/signalr-client/signalr.min.js.map  
info: Microsoft.AspNetCore.Hosting.Internal.WebHost[1]
      Request starting HTTP/1.1 GET http://localhost:62114/signalr  
info: Microsoft.AspNetCore.Authentication.Cookies.CookieAuthenticationHandler[8]
      AuthenticationScheme: Identity.Application was successfully authenticated.
info: Microsoft.AspNetCore.Hosting.Internal.WebHost[2]
      Request finished in 19.4825ms 404 
info: Microsoft.AspNetCore.Authentication.Cookies.CookieAuthenticationHandler[8]
      AuthenticationScheme: Identity.Application was successfully authenticated.
info: Microsoft.AspNetCore.Sockets.Internal.Transports.WebSocketsTransport[1]
      Socket opened.
info: Microsoft.AspNetCore.SignalR.HubConnectionContext[1]
      Using HubProtocol 'json'.
info: Microsoft.AspNetCore.Hosting.Internal.WebHost[1]
      Request starting HTTP/1.1 POST http://localhost:62114/Nhap/GetAll  0
info: Microsoft.AspNetCore.Authentication.Cookies.CookieAuthenticationHandler[8]
      AuthenticationScheme: Identity.Application was successfully authenticated.
info: Microsoft.AspNetCore.Mvc.Internal.ControllerActionInvoker[1]
      Executing action method Xn.Web.Controllers.NhapController.GetAll (Xn.Web.Mvc) with arguments (, , ) - ModelState is Valid
info: Microsoft.AspNetCore.Mvc.Formatters.Json.Internal.JsonResultExecutor[1]
      Executing JsonResult, writing value Abp.Web.Models.AjaxResponse.
info: Microsoft.AspNetCore.Mvc.Internal.ControllerActionInvoker[2]
      Executed action Xn.Web.Controllers.NhapController.GetAll (Xn.Web.Mvc) in 559.4676ms
info: Microsoft.AspNetCore.Hosting.Internal.WebHost[2]
      Request finished in 614.9205ms 200 application/json; charset=utf-8
info: Microsoft.AspNetCore.Hosting.Internal.WebHost[1]
      Request starting HTTP/1.1 GET http://localhost:62114/nhap  
info: Microsoft.AspNetCore.Authentication.Cookies.CookieAuthenticationHandler[8]
      AuthenticationScheme: Identity.Application was successfully authenticated.
info: Microsoft.AspNetCore.Mvc.Internal.ControllerActionInvoker[1]
      Executing action method Xn.Web.Controllers.NhapController.Index (Xn.Web.Mvc) with arguments ((null)) - ModelState is Valid
info: Microsoft.AspNetCore.Mvc.ViewFeatures.Internal.ViewResultExecutor[1]
      Executing ViewResult, running view at path /Views/Nhap/Index.cshtml.
info: Microsoft.AspNetCore.Mvc.Internal.ControllerActionInvoker[2]
      Executed action Xn.Web.Controllers.NhapController.Index (Xn.Web.Mvc) in 436.5459ms
info: Microsoft.AspNetCore.Hosting.Internal.WebHost[2]
      Request finished in 460.1851ms 200 text/html; charset=utf-8
info: Microsoft.AspNetCore.Sockets.Internal.Transports.WebSocketsTransport[2]
      Socket closed.
info: Microsoft.AspNetCore.Hosting.Internal.WebHost[2]
      Request finished in 27099.7486ms 101 
info: Microsoft.AspNetCore.Hosting.Internal.WebHost[1]
      Request starting HTTP/1.1 GET http://localhost:62114/Angular/NhapHang/nhap.js  
info: Microsoft.AspNetCore.StaticFiles.StaticFileMiddleware[2]
      Sending file. Request path: '/Angular/NhapHang/nhap.js'. Physical path: 'D:\Boiler\3.7.0\aspnet-core\src\Xn.Web.Mvc\wwwroot\Angular\NhapHang\nhap.js'
info: Microsoft.AspNetCore.Hosting.Internal.WebHost[2]
      Request finished in 3.7004ms 200 application/javascript
info: Microsoft.AspNetCore.Hosting.Internal.WebHost[1]
      Request starting HTTP/1.1 GET http://localhost:62114/AbpServiceProxies/GetAll?v=636629437894647315  
info: Microsoft.AspNetCore.Authentication.Cookies.CookieAuthenticationHandler[8]
      AuthenticationScheme: Identity.Application was successfully authenticated.
info: Microsoft.AspNetCore.Mvc.Internal.ControllerActionInvoker[1]
      Executing action method Abp.AspNetCore.Mvc.Proxying.AbpServiceProxiesController.GetAll (Abp.AspNetCore) with arguments (Abp.AspNetCore.Mvc.Proxying.ApiProxyGenerationModel) - ModelState is Valid
info: Microsoft.AspNetCore.Mvc.Internal.ContentResultExecutor[1]
      Executing ContentResult with HTTP Response ContentType of application/x-javascript
info: Microsoft.AspNetCore.Mvc.Internal.ControllerActionInvoker[2]
      Executed action Abp.AspNetCore.Mvc.Proxying.AbpServiceProxiesController.GetAll (Abp.AspNetCore) in 20.6977ms
info: Microsoft.AspNetCore.Hosting.Internal.WebHost[2]
      Request finished in 48.3428ms 200 application/x-javascript
info: Microsoft.AspNetCore.Hosting.Internal.WebHost[1]
      Request starting HTTP/1.1 GET http://localhost:62114/AbpScripts/GetScripts?v=636629437894647315  
info: Microsoft.AspNetCore.Authentication.Cookies.CookieAuthenticationHandler[8]
      AuthenticationScheme: Identity.Application was successfully authenticated.
info: Microsoft.AspNetCore.Mvc.Internal.ControllerActionInvoker[1]
      Executing action method Abp.AspNetCore.Mvc.Controllers.AbpScriptsController.GetScripts (Abp.AspNetCore) with arguments () - ModelState is Valid
info: Microsoft.AspNetCore.Mvc.Internal.ContentResultExecutor[1]
      Executing ContentResult with HTTP Response ContentType of application/x-javascript; charset=utf-8
info: Microsoft.AspNetCore.Mvc.Internal.ControllerActionInvoker[2]
      Executed action Abp.AspNetCore.Mvc.Controllers.AbpScriptsController.GetScripts (Abp.AspNetCore) in 143.8479ms
info: Microsoft.AspNetCore.Hosting.Internal.WebHost[2]
      Request finished in 178.3226ms 200 application/x-javascript; charset=utf-8
info: Microsoft.AspNetCore.Hosting.Internal.WebHost[1]
      Request starting HTTP/1.1 GET http://localhost:62114/js/angular.min.js.map  
info: Microsoft.AspNetCore.Authentication.Cookies.CookieAuthenticationHandler[8]
      AuthenticationScheme: Identity.Application was successfully authenticated.
info: Microsoft.AspNetCore.Hosting.Internal.WebHost[2]
      Request finished in 30.905ms 404 
info: Microsoft.AspNetCore.Hosting.Internal.WebHost[1]
      Request starting HTTP/1.1 GET http://localhost:62114/js/angular-cookies.min.js.map  
info: Microsoft.AspNetCore.Authentication.Cookies.CookieAuthenticationHandler[8]
      AuthenticationScheme: Identity.Application was successfully authenticated.
info: Microsoft.AspNetCore.Hosting.Internal.WebHost[2]
      Request finished in 31.0215ms 404 
info: Microsoft.AspNetCore.Hosting.Internal.WebHost[1]
      Request starting HTTP/1.1 GET http://localhost:62114/lib/signalr-client/signalr.min.js.map  
info: Microsoft.AspNetCore.Authentication.Cookies.CookieAuthenticationHandler[8]
      AuthenticationScheme: Identity.Application was successfully authenticated.
info: Microsoft.AspNetCore.Hosting.Internal.WebHost[2]
      Request finished in 30.5308ms 404 
info: Microsoft.AspNetCore.Hosting.Internal.WebHost[1]
      Request starting HTTP/1.1 GET http://localhost:62114/signalr  
info: Microsoft.AspNetCore.Authentication.Cookies.CookieAuthenticationHandler[8]
      AuthenticationScheme: Identity.Application was successfully authenticated.
info: Microsoft.AspNetCore.Sockets.Internal.Transports.WebSocketsTransport[1]
      Socket opened.
info: Microsoft.AspNetCore.SignalR.HubConnectionContext[1]
      Using HubProtocol 'json'.
info: Microsoft.AspNetCore.Hosting.Internal.WebHost[1]
      Request starting HTTP/1.1 POST http://localhost:62114/Nhap/GetAll  0
info: Microsoft.AspNetCore.Authentication.Cookies.CookieAuthenticationHandler[8]
      AuthenticationScheme: Identity.Application was successfully authenticated.
info: Microsoft.AspNetCore.Mvc.Internal.ControllerActionInvoker[1]
      Executing action method Xn.Web.Controllers.NhapController.GetAll (Xn.Web.Mvc) with arguments (, , ) - ModelState is Valid
info: Microsoft.AspNetCore.Mvc.Formatters.Json.Internal.JsonResultExecutor[1]
      Executing JsonResult, writing value Abp.Web.Models.AjaxResponse.
info: Microsoft.AspNetCore.Mvc.Internal.ControllerActionInvoker[2]
      Executed action Xn.Web.Controllers.NhapController.GetAll (Xn.Web.Mvc) in 453.7556ms
info: Microsoft.AspNetCore.Hosting.Internal.WebHost[2]
      Request finished in 488.7494ms 200 application/json; charset=utf-8
info: Microsoft.AspNetCore.Hosting.Internal.WebHost[1]
      Request starting HTTP/1.1 GET http://localhost:62114/nhap  
info: Microsoft.AspNetCore.Authentication.Cookies.CookieAuthenticationHandler[8]
      AuthenticationScheme: Identity.Application was successfully authenticated.
info: Microsoft.AspNetCore.Mvc.Internal.ControllerActionInvoker[1]
      Executing action method Xn.Web.Controllers.NhapController.Index (Xn.Web.Mvc) with arguments ((null)) - ModelState is Valid
info: Microsoft.AspNetCore.Mvc.ViewFeatures.Internal.ViewResultExecutor[1]
      Executing ViewResult, running view at path /Views/Nhap/Index.cshtml.
info: Microsoft.AspNetCore.Mvc.Internal.ControllerActionInvoker[2]
      Executed action Xn.Web.Controllers.NhapController.Index (Xn.Web.Mvc) in 489.9588ms
info: Microsoft.AspNetCore.Hosting.Internal.WebHost[2]
      Request finished in 514.8783ms 200 text/html; charset=utf-8
info: Microsoft.AspNetCore.Sockets.Internal.Transports.WebSocketsTransport[2]
      Socket closed.
info: Microsoft.AspNetCore.Hosting.Internal.WebHost[2]
      Request finished in 37755.8269ms 101 
info: Microsoft.AspNetCore.Hosting.Internal.WebHost[1]
      Request starting HTTP/1.1 GET http://localhost:62114/Angular/NhapHang/nhap.js  
info: Microsoft.AspNetCore.StaticFiles.StaticFileMiddleware[2]
      Sending file. Request path: '/Angular/NhapHang/nhap.js'. Physical path: 'D:\Boiler\3.7.0\aspnet-core\src\Xn.Web.Mvc\wwwroot\Angular\NhapHang\nhap.js'
info: Microsoft.AspNetCore.Hosting.Internal.WebHost[2]
      Request finished in 3.9126ms 200 application/javascript
info: Microsoft.AspNetCore.Hosting.Internal.WebHost[1]
      Request starting HTTP/1.1 GET http://localhost:62114/AbpServiceProxies/GetAll?v=636629437894647315  
info: Microsoft.AspNetCore.Authentication.Cookies.CookieAuthenticationHandler[8]
      AuthenticationScheme: Identity.Application was successfully authenticated.
info: Microsoft.AspNetCore.Mvc.Internal.ControllerActionInvoker[1]
      Executing action method Abp.AspNetCore.Mvc.Proxying.AbpServiceProxiesController.GetAll (Abp.AspNetCore) with arguments (Abp.AspNetCore.Mvc.Proxying.ApiProxyGenerationModel) - ModelState is Valid
info: Microsoft.AspNetCore.Mvc.Internal.ContentResultExecutor[1]
      Executing ContentResult with HTTP Response ContentType of application/x-javascript
info: Microsoft.AspNetCore.Mvc.Internal.ControllerActionInvoker[2]
      Executed action Abp.AspNetCore.Mvc.Proxying.AbpServiceProxiesController.GetAll (Abp.AspNetCore) in 20.5569ms
info: Microsoft.AspNetCore.Hosting.Internal.WebHost[2]
      Request finished in 51.8842ms 200 application/x-javascript
info: Microsoft.AspNetCore.Hosting.Internal.WebHost[1]
      Request starting HTTP/1.1 GET http://localhost:62114/AbpScripts/GetScripts?v=636629437894647315  
info: Microsoft.AspNetCore.Authentication.Cookies.CookieAuthenticationHandler[8]
      AuthenticationScheme: Identity.Application was successfully authenticated.
info: Microsoft.AspNetCore.Mvc.Internal.ControllerActionInvoker[1]
      Executing action method Abp.AspNetCore.Mvc.Controllers.AbpScriptsController.GetScripts (Abp.AspNetCore) with arguments () - ModelState is Valid
info: Microsoft.AspNetCore.Mvc.Internal.ContentResultExecutor[1]
      Executing ContentResult with HTTP Response ContentType of application/x-javascript; charset=utf-8
info: Microsoft.AspNetCore.Mvc.Internal.ControllerActionInvoker[2]
      Executed action Abp.AspNetCore.Mvc.Controllers.AbpScriptsController.GetScripts (Abp.AspNetCore) in 199.1741ms
info: Microsoft.AspNetCore.Hosting.Internal.WebHost[2]
      Request finished in 225.2698ms 200 application/x-javascript; charset=utf-8
info: Microsoft.AspNetCore.Hosting.Internal.WebHost[1]
      Request starting HTTP/1.1 GET http://localhost:62114/js/angular-cookies.min.js.map  
info: Microsoft.AspNetCore.Authentication.Cookies.CookieAuthenticationHandler[8]
      AuthenticationScheme: Identity.Application was successfully authenticated.
info: Microsoft.AspNetCore.Hosting.Internal.WebHost[2]
      Request finished in 19.7183ms 404 
info: Microsoft.AspNetCore.Hosting.Internal.WebHost[1]
      Request starting HTTP/1.1 GET http://localhost:62114/js/angular.min.js.map  
info: Microsoft.AspNetCore.Authentication.Cookies.CookieAuthenticationHandler[8]
      AuthenticationScheme: Identity.Application was successfully authenticated.
info: Microsoft.AspNetCore.Hosting.Internal.WebHost[2]
      Request finished in 33.8889ms 404 
info: Microsoft.AspNetCore.Hosting.Internal.WebHost[1]
      Request starting HTTP/1.1 GET http://localhost:62114/lib/signalr-client/signalr.min.js.map  
info: Microsoft.AspNetCore.Authentication.Cookies.CookieAuthenticationHandler[8]
      AuthenticationScheme: Identity.Application was successfully authenticated.
info: Microsoft.AspNetCore.Hosting.Internal.WebHost[2]
      Request finished in 31.1595ms 404 
info: Microsoft.AspNetCore.Hosting.Internal.WebHost[1]
      Request starting HTTP/1.1 GET http://localhost:62114/signalr  
info: Microsoft.AspNetCore.Authentication.Cookies.CookieAuthenticationHandler[8]
      AuthenticationScheme: Identity.Application was successfully authenticated.
info: Microsoft.AspNetCore.Sockets.Internal.Transports.WebSocketsTransport[1]
      Socket opened.
info: Microsoft.AspNetCore.SignalR.HubConnectionContext[1]
      Using HubProtocol 'json'.
info: Microsoft.AspNetCore.Hosting.Internal.WebHost[1]
      Request starting HTTP/1.1 POST http://localhost:62114/Nhap/GetAll  0
info: Microsoft.AspNetCore.Authentication.Cookies.CookieAuthenticationHandler[8]
      AuthenticationScheme: Identity.Application was successfully authenticated.
info: Microsoft.AspNetCore.Mvc.Internal.ControllerActionInvoker[1]
      Executing action method Xn.Web.Controllers.NhapController.GetAll (Xn.Web.Mvc) with arguments (, , ) - ModelState is Valid
info: Microsoft.AspNetCore.Mvc.Formatters.Json.Internal.JsonResultExecutor[1]
      Executing JsonResult, writing value Abp.Web.Models.AjaxResponse.
info: Microsoft.AspNetCore.Mvc.Internal.ControllerActionInvoker[2]
      Executed action Xn.Web.Controllers.NhapController.GetAll (Xn.Web.Mvc) in 483.3775ms
info: Microsoft.AspNetCore.Hosting.Internal.WebHost[2]
      Request finished in 518.5467ms 200 application/json; charset=utf-8
info: Microsoft.AspNetCore.Hosting.Internal.WebHost[1]
      Request starting HTTP/1.1 GET http://localhost:62114/nhap  
info: Microsoft.AspNetCore.Authentication.Cookies.CookieAuthenticationHandler[8]
      AuthenticationScheme: Identity.Application was successfully authenticated.
info: Microsoft.AspNetCore.Mvc.Internal.ControllerActionInvoker[1]
      Executing action method Xn.Web.Controllers.NhapController.Index (Xn.Web.Mvc) with arguments ((null)) - ModelState is Valid
info: Microsoft.AspNetCore.Mvc.ViewFeatures.Internal.ViewResultExecutor[1]
      Executing ViewResult, running view at path /Views/Nhap/Index.cshtml.
info: Microsoft.AspNetCore.Mvc.Internal.ControllerActionInvoker[2]
      Executed action Xn.Web.Controllers.NhapController.Index (Xn.Web.Mvc) in 571.2041ms
info: Microsoft.AspNetCore.Hosting.Internal.WebHost[2]
      Request finished in 587.7546ms 200 text/html; charset=utf-8
info: Microsoft.AspNetCore.Sockets.Internal.Transports.WebSocketsTransport[2]
      Socket closed.
info: Microsoft.AspNetCore.Hosting.Internal.WebHost[2]
      Request finished in 36782.8381ms 101 
info: Microsoft.AspNetCore.Hosting.Internal.WebHost[1]
      Request starting HTTP/1.1 GET http://localhost:62114/Angular/NhapHang/nhap.js  
info: Microsoft.AspNetCore.StaticFiles.StaticFileMiddleware[2]
      Sending file. Request path: '/Angular/NhapHang/nhap.js'. Physical path: 'D:\Boiler\3.7.0\aspnet-core\src\Xn.Web.Mvc\wwwroot\Angular\NhapHang\nhap.js'
info: Microsoft.AspNetCore.Hosting.Internal.WebHost[2]
      Request finished in 13.4236ms 200 application/javascript
info: Microsoft.AspNetCore.Hosting.Internal.WebHost[1]
      Request starting HTTP/1.1 GET http://localhost:62114/AbpServiceProxies/GetAll?v=636629437894647315  
info: Microsoft.AspNetCore.Authentication.Cookies.CookieAuthenticationHandler[8]
      AuthenticationScheme: Identity.Application was successfully authenticated.
info: Microsoft.AspNetCore.Mvc.Internal.ControllerActionInvoker[1]
      Executing action method Abp.AspNetCore.Mvc.Proxying.AbpServiceProxiesController.GetAll (Abp.AspNetCore) with arguments (Abp.AspNetCore.Mvc.Proxying.ApiProxyGenerationModel) - ModelState is Valid
info: Microsoft.AspNetCore.Mvc.Internal.ContentResultExecutor[1]
      Executing ContentResult with HTTP Response ContentType of application/x-javascript
info: Microsoft.AspNetCore.Mvc.Internal.ControllerActionInvoker[2]
      Executed action Abp.AspNetCore.Mvc.Proxying.AbpServiceProxiesController.GetAll (Abp.AspNetCore) in 21.7873ms
info: Microsoft.AspNetCore.Hosting.Internal.WebHost[2]
      Request finished in 46.1345ms 200 application/x-javascript
info: Microsoft.AspNetCore.Hosting.Internal.WebHost[1]
      Request starting HTTP/1.1 GET http://localhost:62114/AbpScripts/GetScripts?v=636629437894647315  
info: Microsoft.AspNetCore.Authentication.Cookies.CookieAuthenticationHandler[8]
      AuthenticationScheme: Identity.Application was successfully authenticated.
info: Microsoft.AspNetCore.Mvc.Internal.ControllerActionInvoker[1]
      Executing action method Abp.AspNetCore.Mvc.Controllers.AbpScriptsController.GetScripts (Abp.AspNetCore) with arguments () - ModelState is Valid
info: Microsoft.AspNetCore.Mvc.Internal.ContentResultExecutor[1]
      Executing ContentResult with HTTP Response ContentType of application/x-javascript; charset=utf-8
info: Microsoft.AspNetCore.Mvc.Internal.ControllerActionInvoker[2]
      Executed action Abp.AspNetCore.Mvc.Controllers.AbpScriptsController.GetScripts (Abp.AspNetCore) in 137.9332ms
info: Microsoft.AspNetCore.Hosting.Internal.WebHost[2]
      Request finished in 171.4513ms 200 application/x-javascript; charset=utf-8
info: Microsoft.AspNetCore.Hosting.Internal.WebHost[1]
      Request starting HTTP/1.1 GET http://localhost:62114/js/angular-cookies.min.js.map  
info: Microsoft.AspNetCore.Authentication.Cookies.CookieAuthenticationHandler[8]
      AuthenticationScheme: Identity.Application was successfully authenticated.
info: Microsoft.AspNetCore.Hosting.Internal.WebHost[2]
      Request finished in 24.9563ms 404 
info: Microsoft.AspNetCore.Hosting.Internal.WebHost[1]
      Request starting HTTP/1.1 GET http://localhost:62114/js/angular.min.js.map  
info: Microsoft.AspNetCore.Authentication.Cookies.CookieAuthenticationHandler[8]
      AuthenticationScheme: Identity.Application was successfully authenticated.
info: Microsoft.AspNetCore.Hosting.Internal.WebHost[2]
      Request finished in 24.9722ms 404 
info: Microsoft.AspNetCore.Hosting.Internal.WebHost[1]
      Request starting HTTP/1.1 GET http://localhost:62114/lib/signalr-client/signalr.min.js.map  
info: Microsoft.AspNetCore.Hosting.Internal.WebHost[1]
      Request starting HTTP/1.1 GET http://localhost:62114/signalr  
info: Microsoft.AspNetCore.Authentication.Cookies.CookieAuthenticationHandler[8]
      AuthenticationScheme: Identity.Application was successfully authenticated.
info: Microsoft.AspNetCore.Hosting.Internal.WebHost[2]
      Request finished in 24.9788ms 404 
info: Microsoft.AspNetCore.Authentication.Cookies.CookieAuthenticationHandler[8]
      AuthenticationScheme: Identity.Application was successfully authenticated.
info: Microsoft.AspNetCore.Sockets.Internal.Transports.WebSocketsTransport[1]
      Socket opened.
info: Microsoft.AspNetCore.SignalR.HubConnectionContext[1]
      Using HubProtocol 'json'.
info: Microsoft.AspNetCore.Hosting.Internal.WebHost[1]
      Request starting HTTP/1.1 POST http://localhost:62114/Nhap/GetAll  0
info: Microsoft.AspNetCore.Authentication.Cookies.CookieAuthenticationHandler[8]
      AuthenticationScheme: Identity.Application was successfully authenticated.
info: Microsoft.AspNetCore.Mvc.Internal.ControllerActionInvoker[1]
      Executing action method Xn.Web.Controllers.NhapController.GetAll (Xn.Web.Mvc) with arguments (, , ) - ModelState is Valid
info: Microsoft.AspNetCore.Mvc.Formatters.Json.Internal.JsonResultExecutor[1]
      Executing JsonResult, writing value Abp.Web.Models.AjaxResponse.
info: Microsoft.AspNetCore.Mvc.Internal.ControllerActionInvoker[2]
      Executed action Xn.Web.Controllers.NhapController.GetAll (Xn.Web.Mvc) in 570.7067ms
info: Microsoft.AspNetCore.Hosting.Internal.WebHost[2]
      Request finished in 609.3149ms 200 application/json; charset=utf-8
info: Microsoft.AspNetCore.Hosting.Internal.WebHost[1]
      Request starting HTTP/1.1 GET http://localhost:62114/nhap  
info: Microsoft.AspNetCore.Authentication.Cookies.CookieAuthenticationHandler[8]
      AuthenticationScheme: Identity.Application was successfully authenticated.
info: Microsoft.AspNetCore.Mvc.Internal.ControllerActionInvoker[1]
      Executing action method Xn.Web.Controllers.NhapController.Index (Xn.Web.Mvc) with arguments ((null)) - ModelState is Valid
info: Microsoft.AspNetCore.Mvc.ViewFeatures.Internal.ViewResultExecutor[1]
      Executing ViewResult, running view at path /Views/Nhap/Index.cshtml.
info: Microsoft.AspNetCore.Mvc.Internal.ControllerActionInvoker[2]
      Executed action Xn.Web.Controllers.NhapController.Index (Xn.Web.Mvc) in 700.6914ms
info: Microsoft.AspNetCore.Hosting.Internal.WebHost[2]
      Request finished in 727.6004ms 200 text/html; charset=utf-8
info: Microsoft.AspNetCore.Sockets.Internal.Transports.WebSocketsTransport[2]
      Socket closed.
info: Microsoft.AspNetCore.Hosting.Internal.WebHost[2]
      Request finished in 30989.9653ms 101 
info: Microsoft.AspNetCore.Hosting.Internal.WebHost[1]
      Request starting HTTP/1.1 GET http://localhost:62114/Angular/NhapHang/nhap.js  
info: Microsoft.AspNetCore.StaticFiles.StaticFileMiddleware[2]
      Sending file. Request path: '/Angular/NhapHang/nhap.js'. Physical path: 'D:\Boiler\3.7.0\aspnet-core\src\Xn.Web.Mvc\wwwroot\Angular\NhapHang\nhap.js'
info: Microsoft.AspNetCore.Hosting.Internal.WebHost[2]
      Request finished in 5.2288ms 200 application/javascript
info: Microsoft.AspNetCore.Hosting.Internal.WebHost[1]
      Request starting HTTP/1.1 GET http://localhost:62114/AbpServiceProxies/GetAll?v=636629437894647315  
info: Microsoft.AspNetCore.Authentication.Cookies.CookieAuthenticationHandler[8]
      AuthenticationScheme: Identity.Application was successfully authenticated.
info: Microsoft.AspNetCore.Mvc.Internal.ControllerActionInvoker[1]
      Executing action method Abp.AspNetCore.Mvc.Proxying.AbpServiceProxiesController.GetAll (Abp.AspNetCore) with arguments (Abp.AspNetCore.Mvc.Proxying.ApiProxyGenerationModel) - ModelState is Valid
info: Microsoft.AspNetCore.Mvc.Internal.ContentResultExecutor[1]
      Executing ContentResult with HTTP Response ContentType of application/x-javascript
info: Microsoft.AspNetCore.Mvc.Internal.ControllerActionInvoker[2]
      Executed action Abp.AspNetCore.Mvc.Proxying.AbpServiceProxiesController.GetAll (Abp.AspNetCore) in 18.1952ms
info: Microsoft.AspNetCore.Hosting.Internal.WebHost[2]
      Request finished in 47.5531ms 200 application/x-javascript
info: Microsoft.AspNetCore.Hosting.Internal.WebHost[1]
      Request starting HTTP/1.1 GET http://localhost:62114/AbpScripts/GetScripts?v=636629437894647315  
info: Microsoft.AspNetCore.Authentication.Cookies.CookieAuthenticationHandler[8]
      AuthenticationScheme: Identity.Application was successfully authenticated.
info: Microsoft.AspNetCore.Mvc.Internal.ControllerActionInvoker[1]
      Executing action method Abp.AspNetCore.Mvc.Controllers.AbpScriptsController.GetScripts (Abp.AspNetCore) with arguments () - ModelState is Valid
info: Microsoft.AspNetCore.Mvc.Internal.ContentResultExecutor[1]
      Executing ContentResult with HTTP Response ContentType of application/x-javascript; charset=utf-8
info: Microsoft.AspNetCore.Mvc.Internal.ControllerActionInvoker[2]
      Executed action Abp.AspNetCore.Mvc.Controllers.AbpScriptsController.GetScripts (Abp.AspNetCore) in 151.1067ms
info: Microsoft.AspNetCore.Hosting.Internal.WebHost[2]
      Request finished in 181.3492ms 200 application/x-javascript; charset=utf-8
info: Microsoft.AspNetCore.Hosting.Internal.WebHost[1]
      Request starting HTTP/1.1 GET http://localhost:62114/js/angular-cookies.min.js.map  
info: Microsoft.AspNetCore.Hosting.Internal.WebHost[1]
      Request starting HTTP/1.1 GET http://localhost:62114/js/angular.min.js.map  
info: Microsoft.AspNetCore.Authentication.Cookies.CookieAuthenticationHandler[8]
      AuthenticationScheme: Identity.Application was successfully authenticated.
info: Microsoft.AspNetCore.Hosting.Internal.WebHost[2]
      Request finished in 21.1615ms 404 
info: Microsoft.AspNetCore.Authentication.Cookies.CookieAuthenticationHandler[8]
      AuthenticationScheme: Identity.Application was successfully authenticated.
info: Microsoft.AspNetCore.Hosting.Internal.WebHost[2]
      Request finished in 34.5353ms 404 
info: Microsoft.AspNetCore.Hosting.Internal.WebHost[1]
      Request starting HTTP/1.1 GET http://localhost:62114/lib/signalr-client/signalr.min.js.map  
info: Microsoft.AspNetCore.Authentication.Cookies.CookieAuthenticationHandler[8]
      AuthenticationScheme: Identity.Application was successfully authenticated.
info: Microsoft.AspNetCore.Hosting.Internal.WebHost[2]
      Request finished in 24.2377ms 404 
info: Microsoft.AspNetCore.Hosting.Internal.WebHost[1]
      Request starting HTTP/1.1 GET http://localhost:62114/signalr  
info: Microsoft.AspNetCore.Authentication.Cookies.CookieAuthenticationHandler[8]
      AuthenticationScheme: Identity.Application was successfully authenticated.
info: Microsoft.AspNetCore.Sockets.Internal.Transports.WebSocketsTransport[1]
      Socket opened.
info: Microsoft.AspNetCore.SignalR.HubConnectionContext[1]
      Using HubProtocol 'json'.
info: Microsoft.AspNetCore.Hosting.Internal.WebHost[1]
      Request starting HTTP/1.1 POST http://localhost:62114/Nhap/GetAll  0
info: Microsoft.AspNetCore.Authentication.Cookies.CookieAuthenticationHandler[8]
      AuthenticationScheme: Identity.Application was successfully authenticated.
info: Microsoft.AspNetCore.Mvc.Internal.ControllerActionInvoker[1]
      Executing action method Xn.Web.Controllers.NhapController.GetAll (Xn.Web.Mvc) with arguments (, , ) - ModelState is Valid
info: Microsoft.AspNetCore.Mvc.Formatters.Json.Internal.JsonResultExecutor[1]
      Executing JsonResult, writing value Abp.Web.Models.AjaxResponse.
info: Microsoft.AspNetCore.Mvc.Internal.ControllerActionInvoker[2]
      Executed action Xn.Web.Controllers.NhapController.GetAll (Xn.Web.Mvc) in 782.2846ms
info: Microsoft.AspNetCore.Hosting.Internal.WebHost[2]
      Request finished in 813.438ms 200 application/json; charset=utf-8
info: Microsoft.AspNetCore.Hosting.Internal.WebHost[1]
      Request starting HTTP/1.1 GET http://localhost:62114/nhap  
info: Microsoft.AspNetCore.Authentication.Cookies.CookieAuthenticationHandler[8]
      AuthenticationScheme: Identity.Application was successfully authenticated.
info: Microsoft.AspNetCore.Mvc.Internal.ControllerActionInvoker[1]
      Executing action method Xn.Web.Controllers.NhapController.Index (Xn.Web.Mvc) with arguments ((null)) - ModelState is Valid
info: Microsoft.AspNetCore.Mvc.ViewFeatures.Internal.ViewResultExecutor[1]
      Executing ViewResult, running view at path /Views/Nhap/Index.cshtml.
info: Microsoft.AspNetCore.Mvc.Internal.ControllerActionInvoker[2]
      Executed action Xn.Web.Controllers.NhapController.Index (Xn.Web.Mvc) in 637.3035ms
info: Microsoft.AspNetCore.Hosting.Internal.WebHost[2]
      Request finished in 658.8367ms 200 text/html; charset=utf-8
info: Microsoft.AspNetCore.Sockets.Internal.Transports.WebSocketsTransport[2]
      Socket closed.
info: Microsoft.AspNetCore.Hosting.Internal.WebHost[2]
      Request finished in 36305.6377ms 101 
info: Microsoft.AspNetCore.Hosting.Internal.WebHost[1]
      Request starting HTTP/1.1 GET http://localhost:62114/Angular/NhapHang/nhap.js  
info: Microsoft.AspNetCore.StaticFiles.StaticFileMiddleware[2]
      Sending file. Request path: '/Angular/NhapHang/nhap.js'. Physical path: 'D:\Boiler\3.7.0\aspnet-core\src\Xn.Web.Mvc\wwwroot\Angular\NhapHang\nhap.js'
info: Microsoft.AspNetCore.Hosting.Internal.WebHost[2]
      Request finished in 29.4375ms 200 application/javascript
info: Microsoft.AspNetCore.Hosting.Internal.WebHost[1]
      Request starting HTTP/1.1 GET http://localhost:62114/AbpServiceProxies/GetAll?v=636629437894647315  
info: Microsoft.AspNetCore.Authentication.Cookies.CookieAuthenticationHandler[8]
      AuthenticationScheme: Identity.Application was successfully authenticated.
info: Microsoft.AspNetCore.Mvc.Internal.ControllerActionInvoker[1]
      Executing action method Abp.AspNetCore.Mvc.Proxying.AbpServiceProxiesController.GetAll (Abp.AspNetCore) with arguments (Abp.AspNetCore.Mvc.Proxying.ApiProxyGenerationModel) - ModelState is Valid
info: Microsoft.AspNetCore.Mvc.Internal.ContentResultExecutor[1]
      Executing ContentResult with HTTP Response ContentType of application/x-javascript
info: Microsoft.AspNetCore.Mvc.Internal.ControllerActionInvoker[2]
      Executed action Abp.AspNetCore.Mvc.Proxying.AbpServiceProxiesController.GetAll (Abp.AspNetCore) in 33.6397ms
info: Microsoft.AspNetCore.Hosting.Internal.WebHost[2]
      Request finished in 72.996ms 200 application/x-javascript
info: Microsoft.AspNetCore.Hosting.Internal.WebHost[1]
      Request starting HTTP/1.1 GET http://localhost:62114/AbpScripts/GetScripts?v=636629437894647315  
info: Microsoft.AspNetCore.Authentication.Cookies.CookieAuthenticationHandler[8]
      AuthenticationScheme: Identity.Application was successfully authenticated.
info: Microsoft.AspNetCore.Mvc.Internal.ControllerActionInvoker[1]
      Executing action method Abp.AspNetCore.Mvc.Controllers.AbpScriptsController.GetScripts (Abp.AspNetCore) with arguments () - ModelState is Valid
info: Microsoft.AspNetCore.Mvc.Internal.ContentResultExecutor[1]
      Executing ContentResult with HTTP Response ContentType of application/x-javascript; charset=utf-8
info: Microsoft.AspNetCore.Mvc.Internal.ControllerActionInvoker[2]
      Executed action Abp.AspNetCore.Mvc.Controllers.AbpScriptsController.GetScripts (Abp.AspNetCore) in 207.9936ms
info: Microsoft.AspNetCore.Hosting.Internal.WebHost[2]
      Request finished in 253.5037ms 200 application/x-javascript; charset=utf-8
info: Microsoft.AspNetCore.Hosting.Internal.WebHost[1]
      Request starting HTTP/1.1 GET http://localhost:62114/js/angular-cookies.min.js.map  
info: Microsoft.AspNetCore.Authentication.Cookies.CookieAuthenticationHandler[8]
      AuthenticationScheme: Identity.Application was successfully authenticated.
info: Microsoft.AspNetCore.Hosting.Internal.WebHost[2]
      Request finished in 19.1867ms 404 
info: Microsoft.AspNetCore.Hosting.Internal.WebHost[1]
      Request starting HTTP/1.1 GET http://localhost:62114/js/angular.min.js.map  
info: Microsoft.AspNetCore.Authentication.Cookies.CookieAuthenticationHandler[8]
      AuthenticationScheme: Identity.Application was successfully authenticated.
info: Microsoft.AspNetCore.Hosting.Internal.WebHost[2]
      Request finished in 25.9755ms 404 
info: Microsoft.AspNetCore.Hosting.Internal.WebHost[1]
      Request starting HTTP/1.1 GET http://localhost:62114/signalr  
info: Microsoft.AspNetCore.Hosting.Internal.WebHost[1]
      Request starting HTTP/1.1 GET http://localhost:62114/lib/signalr-client/signalr.min.js.map  
info: Microsoft.AspNetCore.Authentication.Cookies.CookieAuthenticationHandler[8]
      AuthenticationScheme: Identity.Application was successfully authenticated.
info: Microsoft.AspNetCore.Sockets.Internal.Transports.WebSocketsTransport[1]
      Socket opened.
info: Microsoft.AspNetCore.Authentication.Cookies.CookieAuthenticationHandler[8]
      AuthenticationScheme: Identity.Application was successfully authenticated.
info: Microsoft.AspNetCore.Hosting.Internal.WebHost[2]
      Request finished in 50.846ms 404 
info: Microsoft.AspNetCore.SignalR.HubConnectionContext[1]
      Using HubProtocol 'json'.
info: Microsoft.AspNetCore.Hosting.Internal.WebHost[1]
      Request starting HTTP/1.1 POST http://localhost:62114/Nhap/GetAll  0
info: Microsoft.AspNetCore.Authentication.Cookies.CookieAuthenticationHandler[8]
      AuthenticationScheme: Identity.Application was successfully authenticated.
info: Microsoft.AspNetCore.Mvc.Internal.ControllerActionInvoker[1]
      Executing action method Xn.Web.Controllers.NhapController.GetAll (Xn.Web.Mvc) with arguments (, , ) - ModelState is Valid
info: Microsoft.AspNetCore.Mvc.Formatters.Json.Internal.JsonResultExecutor[1]
      Executing JsonResult, writing value Abp.Web.Models.AjaxResponse.
info: Microsoft.AspNetCore.Mvc.Internal.ControllerActionInvoker[2]
      Executed action Xn.Web.Controllers.NhapController.GetAll (Xn.Web.Mvc) in 470.7599ms
info: Microsoft.AspNetCore.Hosting.Internal.WebHost[2]
      Request finished in 504.5839ms 200 application/json; charset=utf-8





















