info: Microsoft.AspNetCore.DataProtection.KeyManagement.XmlKeyManager[0]
      User profile is available. Using 'C:\Users\nguye\AppData\Local\ASP.NET\DataProtection-Keys' as key repository and Windows DPAPI to encrypt keys at rest.
Hosting environment: Development
Content root path: C:\Users\nguye\Google Drive\Xn\Xn\3.7.0\aspnet-core\src\Xn.Web.Mvc
Now listening on: http://localhost:16192
Application started. Press Ctrl+C to shut down.
info: Microsoft.AspNetCore.Hosting.Internal.WebHost[1]
      Request starting HTTP/1.1 GET http://localhost:62114/company  
info: Microsoft.AspNetCore.Authentication.Cookies.CookieAuthenticationHandler[8]
      AuthenticationScheme: Identity.Application was successfully authenticated.
info: Microsoft.AspNetCore.Mvc.Internal.ControllerActionInvoker[1]
      Executing action method Xn.Web.Controllers.CompanyController.Index (Xn.Web.Mvc) with arguments ((null)) - ModelState is Valid
info: Microsoft.AspNetCore.Mvc.ViewFeatures.Internal.ViewResultExecutor[1]
      Executing ViewResult, running view at path /Views/Company/Index.cshtml.
info: Microsoft.AspNetCore.Mvc.Internal.ControllerActionInvoker[2]
      Executed action Xn.Web.Controllers.CompanyController.Index (Xn.Web.Mvc) in 17786.6992ms
info: Microsoft.AspNetCore.Hosting.Internal.WebHost[2]
      Request finished in 21583.7945ms 200 text/html; charset=utf-8
info: Microsoft.AspNetCore.Hosting.Internal.WebHost[1]
      Request starting HTTP/1.1 GET http://localhost:62114/lib/bootstrap-select/dist/css/bootstrap-select.css?v=a7N4Jki3LzSbThclvqbu4nF45twcjuc772JGFhY9qwk  
info: Microsoft.AspNetCore.Hosting.Internal.WebHost[1]
      Request starting HTTP/1.1 GET http://localhost:62114/lib/toastr/toastr.css?v=W8a9WvLyUO7CXtOC4f9LoUMwkywM7JSq-Xm5kNsYW08  
info: Microsoft.AspNetCore.Hosting.Internal.WebHost[1]
      Request starting HTTP/1.1 GET http://localhost:62114/fonts/roboto/roboto.css?v=DWPiEyLnt8XZ68WQeudmZPGSejowhmQNUUhaX8dYF1Q  
info: Microsoft.AspNetCore.Hosting.Internal.WebHost[1]
      Request starting HTTP/1.1 GET http://localhost:62114/fonts/material-icons/materialicons.css?v=2SsVsQpWRHM3EJ4D4MT4RRpiEXbEuK0vEjPxVr5P7Ek  
info: Microsoft.AspNetCore.Hosting.Internal.WebHost[1]
      Request starting HTTP/1.1 GET http://localhost:62114/lib/bootstrap/dist/css/bootstrap.css?v=fmMNkMcjSw3xcp9iuPnku_ryk9kaWgrEbfJfKmdZ45o  
info: Microsoft.AspNetCore.Hosting.Internal.WebHost[1]
      Request starting HTTP/1.1 GET http://localhost:62114/lib/famfamfam-flags/dist/sprite/famfamfam-flags.css?v=l7wu43l7XpKWzFn29hiH8AFe4I_CNzbCPmaAQivPYMg  
info: Microsoft.AspNetCore.StaticFiles.StaticFileMiddleware[6]
      The file /lib/bootstrap/dist/css/bootstrap.css was not modified
info: Microsoft.AspNetCore.StaticFiles.StaticFileMiddleware[6]
      The file /fonts/material-icons/materialicons.css was not modified
info: Microsoft.AspNetCore.StaticFiles.StaticFileMiddleware[6]
      The file /lib/toastr/toastr.css was not modified
info: Microsoft.AspNetCore.StaticFiles.StaticFileMiddleware[6]
      The file /fonts/roboto/roboto.css was not modified
info: Microsoft.AspNetCore.StaticFiles.StaticFileMiddleware[6]
      The file /lib/famfamfam-flags/dist/sprite/famfamfam-flags.css was not modified
info: Microsoft.AspNetCore.StaticFiles.StaticFileMiddleware[6]
      The file /lib/bootstrap-select/dist/css/bootstrap-select.css was not modified
info: Microsoft.AspNetCore.Hosting.Internal.WebHost[2]
      Request finished in 76.8532ms 304 text/css
info: Microsoft.AspNetCore.Hosting.Internal.WebHost[2]
      Request finished in 95.2697ms 304 text/css
info: Microsoft.AspNetCore.Hosting.Internal.WebHost[2]
      Request finished in 92.6169ms 304 text/css
info: Microsoft.AspNetCore.Hosting.Internal.WebHost[2]
      Request finished in 88.3439ms 304 text/css
info: Microsoft.AspNetCore.Hosting.Internal.WebHost[2]
      Request finished in 99.09ms 304 text/css
info: Microsoft.AspNetCore.Hosting.Internal.WebHost[2]
      Request finished in 81.0734ms 304 text/css
info: Microsoft.AspNetCore.Hosting.Internal.WebHost[1]
      Request starting HTTP/1.1 GET http://localhost:62114/lib/Waves/dist/waves.css?v=0zP86LzXedNkkBjePtKrMTAPuIy6EzHfGlyYvsmGLBw  
info: Microsoft.AspNetCore.StaticFiles.StaticFileMiddleware[6]
      The file /lib/Waves/dist/waves.css was not modified
info: Microsoft.AspNetCore.Hosting.Internal.WebHost[2]
      Request finished in 3.0126ms 304 text/css
info: Microsoft.AspNetCore.Hosting.Internal.WebHost[1]
      Request starting HTTP/1.1 GET http://localhost:62114/lib/animate.css/animate.css?v=00w68NO3TLuHjKRHJmjrrgJBDtG_6OhbJEu1gtHcsuo  
info: Microsoft.AspNetCore.StaticFiles.StaticFileMiddleware[6]
      The file /lib/animate.css/animate.css was not modified
info: Microsoft.AspNetCore.Hosting.Internal.WebHost[2]
      Request finished in 4.8009ms 304 text/css
info: Microsoft.AspNetCore.Hosting.Internal.WebHost[1]
      Request starting HTTP/1.1 GET http://localhost:62114/lib/font-awesome/css/font-awesome.css?v=NuCn4IvuZXdBaFKJOAcsU2Q3ZpwbdFisd5dux4jkQ5w  
info: Microsoft.AspNetCore.Hosting.Internal.WebHost[1]
      Request starting HTTP/1.1 GET http://localhost:62114/css/materialize.css?v=OdWlipUYj8b9Oa4RyT45njteIcxH-4pGocqe0r0V8js  
info: Microsoft.AspNetCore.StaticFiles.StaticFileMiddleware[6]
      The file /lib/font-awesome/css/font-awesome.css was not modified
info: Microsoft.AspNetCore.StaticFiles.StaticFileMiddleware[6]
      The file /css/materialize.css was not modified
info: Microsoft.AspNetCore.Hosting.Internal.WebHost[2]
      Request finished in 3.8182ms 304 text/css
info: Microsoft.AspNetCore.Hosting.Internal.WebHost[2]
      Request finished in 5.9463ms 304 text/css
info: Microsoft.AspNetCore.Hosting.Internal.WebHost[1]
      Request starting HTTP/1.1 GET http://localhost:62114/css/style.css?v=151KUrNx-cFGpjXC7QZ8WbWSo-mQTLO0htvGyBUR_i8  
info: Microsoft.AspNetCore.StaticFiles.StaticFileMiddleware[6]
      The file /css/style.css was not modified
info: Microsoft.AspNetCore.Hosting.Internal.WebHost[2]
      Request finished in 5.5134ms 304 text/css
info: Microsoft.AspNetCore.Hosting.Internal.WebHost[1]
      Request starting HTTP/1.1 GET http://localhost:62114/css/themes/all-themes.css?v=XaAlkmhL9gA6mBxpcxGYAWxggxkIpRmT9qGbKejs6eA  
info: Microsoft.AspNetCore.StaticFiles.StaticFileMiddleware[6]
      The file /css/themes/all-themes.css was not modified
info: Microsoft.AspNetCore.Hosting.Internal.WebHost[2]
      Request finished in 3.4171ms 304 text/css
info: Microsoft.AspNetCore.Hosting.Internal.WebHost[1]
      Request starting HTTP/1.1 GET http://localhost:62114/view-resources/Views/Shared/_Layout.css?v=uq7unI_U0xZr0Pbyzeu6KfbJKHVFuv0wNJ4CrrhQknw  
info: Microsoft.AspNetCore.StaticFiles.StaticFileMiddleware[6]
      The file /view-resources/Views/Shared/_Layout.css was not modified
info: Microsoft.AspNetCore.Hosting.Internal.WebHost[2]
      Request finished in 3.0818ms 304 text/css
info: Microsoft.AspNetCore.Hosting.Internal.WebHost[1]
      Request starting HTTP/1.1 GET http://localhost:62114/lib/json2/json2.js?v=EZJ68U7eUi8uSP0MRRUalYten2eOlhREE9kJOIbIeYg  
info: Microsoft.AspNetCore.StaticFiles.StaticFileMiddleware[6]
      The file /lib/json2/json2.js was not modified
info: Microsoft.AspNetCore.Hosting.Internal.WebHost[2]
      Request finished in 3.5376ms 304 application/javascript
info: Microsoft.AspNetCore.Hosting.Internal.WebHost[1]
      Request starting HTTP/1.1 GET http://localhost:62114/lib/jquery/dist/jquery.js?v=DZAnKJ_6XZ9si04Hgrsxu_8s717jcIzLy3oi35EouyE  
info: Microsoft.AspNetCore.StaticFiles.StaticFileMiddleware[6]
      The file /lib/jquery/dist/jquery.js was not modified
info: Microsoft.AspNetCore.Hosting.Internal.WebHost[2]
      Request finished in 2.6257ms 304 application/javascript
info: Microsoft.AspNetCore.Hosting.Internal.WebHost[1]
      Request starting HTTP/1.1 GET http://localhost:62114/lib/bootstrap/dist/js/bootstrap.js?v=Cr6N6zNN4bp0OwTQOZ6Z66M2r-2dpy_EwKMCyZ-SOMg  
info: Microsoft.AspNetCore.StaticFiles.StaticFileMiddleware[6]
      The file /lib/bootstrap/dist/js/bootstrap.js was not modified
info: Microsoft.AspNetCore.Hosting.Internal.WebHost[2]
      Request finished in 6.781ms 304 application/javascript
info: Microsoft.AspNetCore.Hosting.Internal.WebHost[1]
      Request starting HTTP/1.1 GET http://localhost:62114/lib/moment/min/moment-with-locales.js?v=7CN4bWPV0U57HDA4YjdCBKCAynhqdWErjNn-5rrsW_I  
info: Microsoft.AspNetCore.StaticFiles.StaticFileMiddleware[6]
      The file /lib/moment/min/moment-with-locales.js was not modified
info: Microsoft.AspNetCore.Hosting.Internal.WebHost[2]
      Request finished in 2.7253ms 304 application/javascript
info: Microsoft.AspNetCore.Hosting.Internal.WebHost[1]
      Request starting HTTP/1.1 GET http://localhost:62114/lib/jquery-validation/dist/jquery.validate.js?v=KuzD50lDGNI5jq_ipt4hwDpSJk3fhseTR1jdvaBoZLs  
info: Microsoft.AspNetCore.StaticFiles.StaticFileMiddleware[6]
      The file /lib/jquery-validation/dist/jquery.validate.js was not modified
info: Microsoft.AspNetCore.Hosting.Internal.WebHost[2]
      Request finished in 2.9049ms 304 application/javascript
info: Microsoft.AspNetCore.Hosting.Internal.WebHost[1]
      Request starting HTTP/1.1 GET http://localhost:62114/lib/blockUI/jquery.blockUI.js?v=oQaw-JJuUcJQ9QVYMcFnPxICDT-hv8-kuxT2FNzTGhc  
info: Microsoft.AspNetCore.StaticFiles.StaticFileMiddleware[6]
      The file /lib/blockUI/jquery.blockUI.js was not modified
info: Microsoft.AspNetCore.Hosting.Internal.WebHost[2]
      Request finished in 7.9641ms 304 application/javascript
info: Microsoft.AspNetCore.Hosting.Internal.WebHost[1]
      Request starting HTTP/1.1 GET http://localhost:62114/lib/toastr/toastr.js?v=C7DJ6LzTt1Hvj9fd-yRnySs3I4T2B8XmQ3TqXQjc00g  
info: Microsoft.AspNetCore.StaticFiles.StaticFileMiddleware[6]
      The file /lib/toastr/toastr.js was not modified
info: Microsoft.AspNetCore.Hosting.Internal.WebHost[2]
      Request finished in 2.806ms 304 application/javascript
info: Microsoft.AspNetCore.Hosting.Internal.WebHost[1]
      Request starting HTTP/1.1 GET http://localhost:62114/lib/sweetalert/dist/sweetalert.min.js?v=aPktydUv1rN3mouQeXoKi3ioFTIQlULuqYeoTAA2ihY  
info: Microsoft.AspNetCore.StaticFiles.StaticFileMiddleware[6]
      The file /lib/sweetalert/dist/sweetalert.min.js was not modified
info: Microsoft.AspNetCore.Hosting.Internal.WebHost[2]
      Request finished in 3.7835ms 304 application/javascript
info: Microsoft.AspNetCore.Hosting.Internal.WebHost[1]
      Request starting HTTP/1.1 GET http://localhost:62114/lib/spin.js/spin.js?v=GySbz3oZXNlwoawo5PpYy0iM38B-q3jyi_HLw00uxy0  
info: Microsoft.AspNetCore.StaticFiles.StaticFileMiddleware[6]
      The file /lib/spin.js/spin.js was not modified
info: Microsoft.AspNetCore.Hosting.Internal.WebHost[2]
      Request finished in 4.1363ms 304 application/javascript
info: Microsoft.AspNetCore.Hosting.Internal.WebHost[1]
      Request starting HTTP/1.1 GET http://localhost:62114/lib/spin.js/jquery.spin.js?v=EG38bUU5b2M64hy9cNAzu_cQBEsiBYsDifOcoHqNd2k  
info: Microsoft.AspNetCore.StaticFiles.StaticFileMiddleware[6]
      The file /lib/spin.js/jquery.spin.js was not modified
info: Microsoft.AspNetCore.Hosting.Internal.WebHost[2]
      Request finished in 10.2908ms 304 application/javascript
info: Microsoft.AspNetCore.Hosting.Internal.WebHost[1]
      Request starting HTTP/1.1 GET http://localhost:62114/lib/bootstrap-select/dist/js/bootstrap-select.js?v=_KDPX2Vvqq8sySMxlLNJxt9j6Cmb8i_xp602ozhYxzI  
info: Microsoft.AspNetCore.StaticFiles.StaticFileMiddleware[6]
      The file /lib/bootstrap-select/dist/js/bootstrap-select.js was not modified
info: Microsoft.AspNetCore.Hosting.Internal.WebHost[2]
      Request finished in 4.2136ms 304 application/javascript
info: Microsoft.AspNetCore.Hosting.Internal.WebHost[1]
      Request starting HTTP/1.1 GET http://localhost:62114/lib/jquery-slimscroll/jquery.slimscroll.js?v=4K6ZHzwMYR5_eU2SeDIaByus_qki9IFY8hmxl5U6D1Y  
info: Microsoft.AspNetCore.StaticFiles.StaticFileMiddleware[6]
      The file /lib/jquery-slimscroll/jquery.slimscroll.js was not modified
info: Microsoft.AspNetCore.Hosting.Internal.WebHost[2]
      Request finished in 4.0284ms 304 application/javascript
info: Microsoft.AspNetCore.Hosting.Internal.WebHost[1]
      Request starting HTTP/1.1 GET http://localhost:62114/lib/Waves/dist/waves.js?v=Lar7zQhqgdoUsaqhuwkgnWgsC-eRWIxHhJPV-QtrDog  
info: Microsoft.AspNetCore.StaticFiles.StaticFileMiddleware[6]
      The file /lib/Waves/dist/waves.js was not modified
info: Microsoft.AspNetCore.Hosting.Internal.WebHost[2]
      Request finished in 2.8689ms 304 application/javascript
info: Microsoft.AspNetCore.Hosting.Internal.WebHost[1]
      Request starting HTTP/1.1 GET http://localhost:62114/lib/push.js/push.js?v=HDxbpm8oBKwe1bmX9Z1SahYYA7zEbc1dk7LfopvOvoE  
info: Microsoft.AspNetCore.StaticFiles.StaticFileMiddleware[6]
      The file /lib/push.js/push.js was not modified
info: Microsoft.AspNetCore.Hosting.Internal.WebHost[2]
      Request finished in 2.6011ms 304 application/javascript
info: Microsoft.AspNetCore.Hosting.Internal.WebHost[1]
      Request starting HTTP/1.1 GET http://localhost:62114/lib/abp-web-resources/Abp/Framework/scripts/abp.js?v=FGfi3RfHf06ftjVdq2JaO16cF9CPZNPvujmuYBacXxg  
info: Microsoft.AspNetCore.StaticFiles.StaticFileMiddleware[6]
      The file /lib/abp-web-resources/Abp/Framework/scripts/abp.js was not modified
info: Microsoft.AspNetCore.Hosting.Internal.WebHost[2]
      Request finished in 3.0602ms 304 application/javascript
info: Microsoft.AspNetCore.Hosting.Internal.WebHost[1]
      Request starting HTTP/1.1 GET http://localhost:62114/lib/abp-web-resources/Abp/Framework/scripts/libs/abp.jquery.js?v=lMgLZMlGsipWDxpvEPxfKVREzRedV_ygRnTj2kvADpw  
info: Microsoft.AspNetCore.StaticFiles.StaticFileMiddleware[6]
      The file /lib/abp-web-resources/Abp/Framework/scripts/libs/abp.jquery.js was not modified
info: Microsoft.AspNetCore.Hosting.Internal.WebHost[2]
      Request finished in 2.9536ms 304 application/javascript
info: Microsoft.AspNetCore.Hosting.Internal.WebHost[1]
      Request starting HTTP/1.1 GET http://localhost:62114/lib/abp-web-resources/Abp/Framework/scripts/libs/abp.toastr.js?v=ImopdkB8alCil1HigOwW3CDqWKsLZXyplf7TXBbjRnE  
info: Microsoft.AspNetCore.StaticFiles.StaticFileMiddleware[6]
      The file /lib/abp-web-resources/Abp/Framework/scripts/libs/abp.toastr.js was not modified
info: Microsoft.AspNetCore.Hosting.Internal.WebHost[2]
      Request finished in 3.2529ms 304 application/javascript
info: Microsoft.AspNetCore.Hosting.Internal.WebHost[1]
      Request starting HTTP/1.1 GET http://localhost:62114/lib/abp-web-resources/Abp/Framework/scripts/libs/abp.blockUI.js?v=Y3zoG-hSFKmbS3BHKo_wFWRPbyzJXKoNrnF73uFdtqU  
info: Microsoft.AspNetCore.StaticFiles.StaticFileMiddleware[6]
      The file /lib/abp-web-resources/Abp/Framework/scripts/libs/abp.blockUI.js was not modified
info: Microsoft.AspNetCore.Hosting.Internal.WebHost[2]
      Request finished in 2.5149ms 304 application/javascript
info: Microsoft.AspNetCore.Hosting.Internal.WebHost[1]
      Request starting HTTP/1.1 GET http://localhost:62114/lib/abp-web-resources/Abp/Framework/scripts/libs/abp.spin.js?v=RJuGDX616JN_UziXsmKnth0alpECKCx0gtxKZVrZWxY  
info: Microsoft.AspNetCore.StaticFiles.StaticFileMiddleware[6]
      The file /lib/abp-web-resources/Abp/Framework/scripts/libs/abp.spin.js was not modified
info: Microsoft.AspNetCore.Hosting.Internal.WebHost[2]
      Request finished in 3.4784ms 304 application/javascript
info: Microsoft.AspNetCore.Hosting.Internal.WebHost[1]
      Request starting HTTP/1.1 GET http://localhost:62114/lib/abp-web-resources/Abp/Framework/scripts/libs/abp.sweet-alert.js?v=guLvtVJMvLobKpGAlQigrGWMQ1sGQo4yTL46zjGQUUY  
info: Microsoft.AspNetCore.StaticFiles.StaticFileMiddleware[6]
      The file /lib/abp-web-resources/Abp/Framework/scripts/libs/abp.sweet-alert.js was not modified
info: Microsoft.AspNetCore.Hosting.Internal.WebHost[2]
      Request finished in 2.4346ms 304 application/javascript
info: Microsoft.AspNetCore.Hosting.Internal.WebHost[1]
      Request starting HTTP/1.1 GET http://localhost:62114/js/admin.js?v=5V06MLajXmtTEFjTgOaTAo01RpO951pDAKmyUb7Dy04  
info: Microsoft.AspNetCore.StaticFiles.StaticFileMiddleware[6]
      The file /js/admin.js was not modified
info: Microsoft.AspNetCore.Hosting.Internal.WebHost[2]
      Request finished in 5.1578ms 304 application/javascript
info: Microsoft.AspNetCore.Hosting.Internal.WebHost[1]
      Request starting HTTP/1.1 GET http://localhost:62114/js/main.js?v=PYAEuwwhYiuoK7qNAUxcZVML-YMRIqy7lCKjmAr1Dns  
info: Microsoft.AspNetCore.StaticFiles.StaticFileMiddleware[6]
      The file /js/main.js was not modified
info: Microsoft.AspNetCore.Hosting.Internal.WebHost[2]
      Request finished in 2.7997ms 304 application/javascript
info: Microsoft.AspNetCore.Hosting.Internal.WebHost[1]
      Request starting HTTP/1.1 GET http://localhost:62114/view-resources/Views/Shared/_Layout.js?v=jOYc7_5N1zFKt3qTihQ-9Kc0wjSMXkAeHUXNyvn8sYo  
info: Microsoft.AspNetCore.StaticFiles.StaticFileMiddleware[6]
      The file /view-resources/Views/Shared/_Layout.js was not modified
info: Microsoft.AspNetCore.Hosting.Internal.WebHost[2]
      Request finished in 3.2522ms 304 application/javascript
info: Microsoft.AspNetCore.Hosting.Internal.WebHost[1]
      Request starting HTTP/1.1 GET http://localhost:62114/lib/chart.js/dist/Chart.min.js?v=SiHXR50l06UwJvHhFY4e5vzwq75vEHH-8fFNpkXePr0  
info: Microsoft.AspNetCore.StaticFiles.StaticFileMiddleware[6]
      The file /lib/chart.js/dist/Chart.min.js was not modified
info: Microsoft.AspNetCore.Hosting.Internal.WebHost[2]
      Request finished in 3.8522ms 304 application/javascript
info: Microsoft.AspNetCore.Hosting.Internal.WebHost[1]
      Request starting HTTP/1.1 GET http://localhost:62114/lib/signalr-client/signalr.min.js  
info: Microsoft.AspNetCore.StaticFiles.StaticFileMiddleware[6]
      The file /lib/signalr-client/signalr.min.js was not modified
info: Microsoft.AspNetCore.Hosting.Internal.WebHost[2]
      Request finished in 7.4715ms 304 application/javascript
info: Microsoft.AspNetCore.Hosting.Internal.WebHost[1]
      Request starting HTTP/1.1 GET http://localhost:62114/AbpServiceProxies/GetAll?v=636624217827190886  
info: Microsoft.AspNetCore.Authentication.Cookies.CookieAuthenticationHandler[8]
      AuthenticationScheme: Identity.Application was successfully authenticated.
info: Microsoft.AspNetCore.Hosting.Internal.WebHost[1]
      Request starting HTTP/1.1 GET http://localhost:62114/lib/abp-web-resources/Abp/Framework/scripts/libs/abp.signalr-client.js?v=SWq8UPKD6zYvx7OqzMoZg6mBFYCYXfjUts_3rgpNzT8  
info: Microsoft.AspNetCore.StaticFiles.StaticFileMiddleware[6]
      The file /lib/abp-web-resources/Abp/Framework/scripts/libs/abp.signalr-client.js was not modified
info: Microsoft.AspNetCore.Hosting.Internal.WebHost[2]
      Request finished in 2.4804ms 304 application/javascript
info: Microsoft.AspNetCore.Hosting.Internal.WebHost[1]
      Request starting HTTP/1.1 GET http://localhost:62114/lib/signalr-client/signalr.min.js?v=4QUtu5cEYybLxY00UpGeYV_M4yBce8AlBTJIFQ5bRoY  
info: Microsoft.AspNetCore.Hosting.Internal.WebHost[1]
      Request starting HTTP/1.1 GET http://localhost:62114/AbpScripts/GetScripts?v=636624217827190886  
info: Microsoft.AspNetCore.StaticFiles.StaticFileMiddleware[6]
      The file /lib/signalr-client/signalr.min.js was not modified
info: Microsoft.AspNetCore.Hosting.Internal.WebHost[2]
      Request finished in 3.1752ms 304 application/javascript
info: Microsoft.AspNetCore.Authentication.Cookies.CookieAuthenticationHandler[8]
      AuthenticationScheme: Identity.Application was successfully authenticated.
info: Microsoft.AspNetCore.Hosting.Internal.WebHost[1]
      Request starting HTTP/1.1 GET http://localhost:62114/images/user.png  
info: Microsoft.AspNetCore.StaticFiles.StaticFileMiddleware[6]
      The file /images/user.png was not modified
info: Microsoft.AspNetCore.Hosting.Internal.WebHost[2]
      Request finished in 3.7836ms 304 image/png
info: Microsoft.AspNetCore.Mvc.Internal.ControllerActionInvoker[1]
      Executing action method Abp.AspNetCore.Mvc.Controllers.AbpScriptsController.GetScripts (Abp.AspNetCore) with arguments () - ModelState is Valid
info: Microsoft.AspNetCore.Mvc.Internal.ControllerActionInvoker[1]
      Executing action method Abp.AspNetCore.Mvc.Proxying.AbpServiceProxiesController.GetAll (Abp.AspNetCore) with arguments (Abp.AspNetCore.Mvc.Proxying.ApiProxyGenerationModel) - ModelState is Valid
info: Microsoft.AspNetCore.Hosting.Internal.WebHost[1]
      Request starting HTTP/1.1 GET http://localhost:62114/lib/font-awesome/fonts/fontawesome-webfont.woff2?v=4.7.0  
info: Microsoft.AspNetCore.StaticFiles.StaticFileMiddleware[6]
      The file /lib/font-awesome/fonts/fontawesome-webfont.woff2 was not modified
info: Microsoft.AspNetCore.Hosting.Internal.WebHost[2]
      Request finished in 6.255ms 304 font/woff2
info: Microsoft.AspNetCore.Hosting.Internal.WebHost[1]
      Request starting HTTP/1.1 GET http://localhost:62114/lib/famfamfam-flags/dist/sprite/famfamfam-flags.png  
info: Microsoft.AspNetCore.Hosting.Internal.WebHost[1]
      Request starting HTTP/1.1 GET http://localhost:62114/images/user-img-background.jpg  
info: Microsoft.AspNetCore.StaticFiles.StaticFileMiddleware[6]
      The file /lib/famfamfam-flags/dist/sprite/famfamfam-flags.png was not modified
info: Microsoft.AspNetCore.Hosting.Internal.WebHost[2]
      Request finished in 2.8974ms 304 image/png
info: Microsoft.AspNetCore.StaticFiles.StaticFileMiddleware[6]
      The file /images/user-img-background.jpg was not modified
info: Microsoft.AspNetCore.Hosting.Internal.WebHost[2]
      Request finished in 2.5998ms 304 image/jpeg
info: Microsoft.AspNetCore.Hosting.Internal.WebHost[1]
      Request starting HTTP/1.1 GET http://localhost:62114/fonts/material-icons/materialicons.woff2  
info: Microsoft.AspNetCore.StaticFiles.StaticFileMiddleware[6]
      The file /fonts/material-icons/materialicons.woff2 was not modified
info: Microsoft.AspNetCore.Hosting.Internal.WebHost[2]
      Request finished in 5.5809ms 304 font/woff2
info: Microsoft.AspNetCore.Hosting.Internal.WebHost[1]
      Request starting HTTP/1.1 GET http://localhost:62114/fonts/roboto/97uahxiqZRoncBaCEI3aWxJtnKITppOI_IvcXXDNrsc.woff2  
info: Microsoft.AspNetCore.StaticFiles.StaticFileMiddleware[6]
      The file /fonts/roboto/97uahxiqZRoncBaCEI3aWxJtnKITppOI_IvcXXDNrsc.woff2 was not modified
info: Microsoft.AspNetCore.Hosting.Internal.WebHost[2]
      Request finished in 3.168ms 304 font/woff2
info: Microsoft.AspNetCore.Mvc.Internal.ContentResultExecutor[1]
      Executing ContentResult with HTTP Response ContentType of application/x-javascript; charset=utf-8
info: Microsoft.AspNetCore.Mvc.Internal.ControllerActionInvoker[2]
      Executed action Abp.AspNetCore.Mvc.Controllers.AbpScriptsController.GetScripts (Abp.AspNetCore) in 1139.2218ms
info: Microsoft.AspNetCore.Hosting.Internal.WebHost[2]
      Request finished in 1213.1398ms 200 application/x-javascript; charset=utf-8
info: Microsoft.AspNetCore.Mvc.Internal.ContentResultExecutor[1]
      Executing ContentResult with HTTP Response ContentType of application/x-javascript
info: Microsoft.AspNetCore.Mvc.Internal.ControllerActionInvoker[2]
      Executed action Abp.AspNetCore.Mvc.Proxying.AbpServiceProxiesController.GetAll (Abp.AspNetCore) in 1457.6224ms
info: Microsoft.AspNetCore.Hosting.Internal.WebHost[2]
      Request finished in 1815.255ms 200 application/x-javascript
info: Microsoft.AspNetCore.Hosting.Internal.WebHost[1]
      Request starting HTTP/1.1 GET http://localhost:62114/fonts/roboto/PwZc-YbIL414wB9rB1IAPRJtnKITppOI_IvcXXDNrsc.woff2  
info: Microsoft.AspNetCore.StaticFiles.StaticFileMiddleware[6]
      The file /fonts/roboto/PwZc-YbIL414wB9rB1IAPRJtnKITppOI_IvcXXDNrsc.woff2 was not modified
info: Microsoft.AspNetCore.Hosting.Internal.WebHost[2]
      Request finished in 9.0904ms 304 font/woff2
info: Microsoft.AspNetCore.Hosting.Internal.WebHost[1]
      Request starting HTTP/1.1 GET http://localhost:62114/signalr  
info: Microsoft.AspNetCore.Authentication.Cookies.CookieAuthenticationHandler[8]
      AuthenticationScheme: Identity.Application was successfully authenticated.
info: Microsoft.AspNetCore.Sockets.Internal.Transports.WebSocketsTransport[1]
      Socket opened.
info: Microsoft.AspNetCore.SignalR.HubConnectionContext[1]
      Using HubProtocol 'json'.

























































