info: Microsoft.AspNetCore.DataProtection.KeyManagement.XmlKeyManager[0]
      User profile is available. Using 'C:\Users\User\AppData\Local\ASP.NET\DataProtection-Keys' as key repository and Windows DPAPI to encrypt keys at rest.
Hosting environment: Development
Content root path: D:\Work\XnBoiler\3.7.0\aspnet-core\src\Xn.Web.Mvc
Now listening on: http://localhost:26516
Application started. Press Ctrl+C to shut down.
info: Microsoft.AspNetCore.Hosting.Internal.WebHost[1]
      Request starting HTTP/1.1 GET http://localhost:62114/  
info: Microsoft.AspNetCore.Hosting.Internal.WebHost[1]
      Request starting HTTP/1.1 DEBUG http://localhost:62114/  0
info: Microsoft.AspNetCore.Hosting.Internal.WebHost[1]
      Request starting HTTP/1.1 GET http://localhost:62114/signalr  
info: Microsoft.AspNetCore.Hosting.Internal.WebHost[2]
      Request finished in 113.2675ms 200 
info: Microsoft.AspNetCore.Authentication.Cookies.CookieAuthenticationHandler[8]
      AuthenticationScheme: Identity.Application was successfully authenticated.
info: Microsoft.AspNetCore.Authentication.Cookies.CookieAuthenticationHandler[8]
      AuthenticationScheme: Identity.Application was successfully authenticated.
info: Microsoft.AspNetCore.Sockets.Internal.Transports.WebSocketsTransport[1]
      Socket opened.
info: Microsoft.AspNetCore.SignalR.HubConnectionContext[1]
      Using HubProtocol 'json'.
info: Microsoft.AspNetCore.Authorization.DefaultAuthorizationService[1]
      Authorization was successful.
info: Microsoft.AspNetCore.Mvc.Internal.ControllerActionInvoker[1]
      Executing action method Xn.Web.Controllers.HomeController.Index (Xn.Web.Mvc) with arguments ((null)) - ModelState is Valid
info: Microsoft.AspNetCore.Mvc.ViewFeatures.Internal.ViewResultExecutor[1]
      Executing ViewResult, running view at path /Views/Home/Index.cshtml.
info: Microsoft.AspNetCore.Mvc.Internal.ControllerActionInvoker[2]
      Executed action Xn.Web.Controllers.HomeController.Index (Xn.Web.Mvc) in 7030.4522ms
info: Microsoft.AspNetCore.Hosting.Internal.WebHost[2]
      Request finished in 10746.9789ms 200 text/html; charset=utf-8
info: Microsoft.AspNetCore.Hosting.Internal.WebHost[1]
      Request starting HTTP/1.1 GET http://localhost:62114/AbpServiceProxies/GetAll?v=636667289363980091  
info: Microsoft.AspNetCore.Hosting.Internal.WebHost[1]
      Request starting HTTP/1.1 GET http://localhost:62114/AbpScripts/GetScripts?v=636667289363980091  
info: Microsoft.AspNetCore.Authentication.Cookies.CookieAuthenticationHandler[8]
      AuthenticationScheme: Identity.Application was successfully authenticated.
info: Microsoft.AspNetCore.Authentication.Cookies.CookieAuthenticationHandler[8]
      AuthenticationScheme: Identity.Application was successfully authenticated.
info: Microsoft.AspNetCore.Mvc.Internal.ControllerActionInvoker[1]
      Executing action method Abp.AspNetCore.Mvc.Controllers.AbpScriptsController.GetScripts (Abp.AspNetCore) with arguments () - ModelState is Valid
info: Microsoft.AspNetCore.Mvc.Internal.ControllerActionInvoker[1]
      Executing action method Abp.AspNetCore.Mvc.Proxying.AbpServiceProxiesController.GetAll (Abp.AspNetCore) with arguments (Abp.AspNetCore.Mvc.Proxying.ApiProxyGenerationModel) - ModelState is Valid
info: Microsoft.AspNetCore.Mvc.Internal.ContentResultExecutor[1]
      Executing ContentResult with HTTP Response ContentType of application/x-javascript
info: Microsoft.AspNetCore.Mvc.Internal.ControllerActionInvoker[2]
      Executed action Abp.AspNetCore.Mvc.Proxying.AbpServiceProxiesController.GetAll (Abp.AspNetCore) in 274.3347ms
info: Microsoft.AspNetCore.Hosting.Internal.WebHost[2]
      Request finished in 440.0725ms 200 application/x-javascript
info: Microsoft.AspNetCore.Mvc.Internal.ContentResultExecutor[1]
      Executing ContentResult with HTTP Response ContentType of application/x-javascript; charset=utf-8
info: Microsoft.AspNetCore.Mvc.Internal.ControllerActionInvoker[2]
      Executed action Abp.AspNetCore.Mvc.Controllers.AbpScriptsController.GetScripts (Abp.AspNetCore) in 329.3398ms
info: Microsoft.AspNetCore.Hosting.Internal.WebHost[2]
      Request finished in 481.1829ms 200 application/x-javascript; charset=utf-8
info: Microsoft.AspNetCore.Hosting.Internal.WebHost[1]
      Request starting HTTP/1.1 GET http://localhost:62114/signalr  
info: Microsoft.AspNetCore.Authentication.Cookies.CookieAuthenticationHandler[8]
      AuthenticationScheme: Identity.Application was successfully authenticated.
info: Microsoft.AspNetCore.Sockets.Internal.Transports.WebSocketsTransport[1]
      Socket opened.
info: Microsoft.AspNetCore.SignalR.HubConnectionContext[1]
      Using HubProtocol 'json'.
info: Microsoft.AspNetCore.Hosting.Internal.WebHost[1]
      Request starting HTTP/1.1 GET http://localhost:62114/nhap  
info: Microsoft.AspNetCore.Authentication.Cookies.CookieAuthenticationHandler[8]
      AuthenticationScheme: Identity.Application was successfully authenticated.
info: Microsoft.AspNetCore.Mvc.Internal.ControllerActionInvoker[1]
      Executing action method Xn.Web.Controllers.NhapController.Index (Xn.Web.Mvc) with arguments ((null)) - ModelState is Valid
info: Microsoft.AspNetCore.Mvc.ViewFeatures.Internal.ViewResultExecutor[1]
      Executing ViewResult, running view at path /Views/Nhap/Index.cshtml.
info: Microsoft.AspNetCore.Mvc.Internal.ControllerActionInvoker[2]
      Executed action Xn.Web.Controllers.NhapController.Index (Xn.Web.Mvc) in 874.6375ms
info: Microsoft.AspNetCore.Hosting.Internal.WebHost[2]
      Request finished in 903.5409ms 200 text/html; charset=utf-8
info: Microsoft.AspNetCore.Hosting.Internal.WebHost[1]
      Request starting HTTP/1.1 GET http://localhost:62114/AbpServiceProxies/GetAll?v=636667289363980091  
info: Microsoft.AspNetCore.Sockets.Internal.Transports.WebSocketsTransport[2]
      Socket closed.
info: Microsoft.AspNetCore.Authentication.Cookies.CookieAuthenticationHandler[8]
      AuthenticationScheme: Identity.Application was successfully authenticated.
info: Microsoft.AspNetCore.Hosting.Internal.WebHost[2]
      Request finished in 12023.3928ms 101 
info: Microsoft.AspNetCore.Mvc.Internal.ControllerActionInvoker[1]
      Executing action method Abp.AspNetCore.Mvc.Proxying.AbpServiceProxiesController.GetAll (Abp.AspNetCore) with arguments (Abp.AspNetCore.Mvc.Proxying.ApiProxyGenerationModel) - ModelState is Valid
info: Microsoft.AspNetCore.Hosting.Internal.WebHost[1]
      Request starting HTTP/1.1 GET http://localhost:62114/AbpScripts/GetScripts?v=636667289363980091  
info: Microsoft.AspNetCore.Authentication.Cookies.CookieAuthenticationHandler[8]
      AuthenticationScheme: Identity.Application was successfully authenticated.
info: Microsoft.AspNetCore.Mvc.Internal.ContentResultExecutor[1]
      Executing ContentResult with HTTP Response ContentType of application/x-javascript
info: Microsoft.AspNetCore.Mvc.Internal.ControllerActionInvoker[2]
      Executed action Abp.AspNetCore.Mvc.Proxying.AbpServiceProxiesController.GetAll (Abp.AspNetCore) in 84.0196ms
info: Microsoft.AspNetCore.Hosting.Internal.WebHost[2]
      Request finished in 137.6463ms 200 application/x-javascript
info: Microsoft.AspNetCore.Mvc.Internal.ControllerActionInvoker[1]
      Executing action method Abp.AspNetCore.Mvc.Controllers.AbpScriptsController.GetScripts (Abp.AspNetCore) with arguments () - ModelState is Valid
info: Microsoft.AspNetCore.Mvc.Internal.ContentResultExecutor[1]
      Executing ContentResult with HTTP Response ContentType of application/x-javascript; charset=utf-8
info: Microsoft.AspNetCore.Mvc.Internal.ControllerActionInvoker[2]
      Executed action Abp.AspNetCore.Mvc.Controllers.AbpScriptsController.GetScripts (Abp.AspNetCore) in 95.1848ms
info: Microsoft.AspNetCore.Hosting.Internal.WebHost[2]
      Request finished in 157.6178ms 200 application/x-javascript; charset=utf-8
info: Microsoft.AspNetCore.Hosting.Internal.WebHost[1]
      Request starting HTTP/1.1 GET http://localhost:62114/signalr  
info: Microsoft.AspNetCore.Authentication.Cookies.CookieAuthenticationHandler[8]
      AuthenticationScheme: Identity.Application was successfully authenticated.
info: Microsoft.AspNetCore.Sockets.Internal.Transports.WebSocketsTransport[1]
      Socket opened.
info: Microsoft.AspNetCore.Hosting.Internal.WebHost[1]
      Request starting HTTP/1.1 POST http://localhost:62114/Nhap/GetMaDh  0
info: Microsoft.AspNetCore.Hosting.Internal.WebHost[1]
      Request starting HTTP/1.1 POST http://localhost:62114/Nhap/GetAll  0
info: Microsoft.AspNetCore.SignalR.HubConnectionContext[1]
      Using HubProtocol 'json'.
info: Microsoft.AspNetCore.Hosting.Internal.WebHost[1]
      Request starting HTTP/1.1 POST http://localhost:62114/Nhap/GetTenNcc  0
info: Microsoft.AspNetCore.Hosting.Internal.WebHost[1]
      Request starting HTTP/1.1 POST http://localhost:62114/Nhap/GetNxs/  0
info: Microsoft.AspNetCore.Authentication.Cookies.CookieAuthenticationHandler[8]
      AuthenticationScheme: Identity.Application was successfully authenticated.
info: Microsoft.AspNetCore.Authentication.Cookies.CookieAuthenticationHandler[8]
      AuthenticationScheme: Identity.Application was successfully authenticated.
info: Microsoft.AspNetCore.Authentication.Cookies.CookieAuthenticationHandler[8]
      AuthenticationScheme: Identity.Application was successfully authenticated.
info: Microsoft.AspNetCore.Mvc.Internal.ControllerActionInvoker[1]
      Executing action method Xn.Web.Controllers.NhapController.GetMaDh (Xn.Web.Mvc) with arguments ((null)) - ModelState is Valid
info: Microsoft.AspNetCore.Mvc.Internal.ControllerActionInvoker[1]
      Executing action method Xn.Web.Controllers.NhapController.GetTenNcc (Xn.Web.Mvc) with arguments ((null)) - ModelState is Valid
info: Microsoft.AspNetCore.Authentication.Cookies.CookieAuthenticationHandler[8]
      AuthenticationScheme: Identity.Application was successfully authenticated.
info: Microsoft.AspNetCore.Mvc.Internal.ControllerActionInvoker[1]
      Executing action method Xn.Web.Controllers.NhapController.GetNxs (Xn.Web.Mvc) with arguments ((null)) - ModelState is Valid
info: Microsoft.AspNetCore.Mvc.Internal.ControllerActionInvoker[1]
      Executing action method Xn.Web.Controllers.NhapController.GetAll (Xn.Web.Mvc) with arguments (, , ) - ModelState is Valid
info: Microsoft.AspNetCore.Mvc.Formatters.Json.Internal.JsonResultExecutor[1]
      Executing JsonResult, writing value Abp.Web.Models.AjaxResponse.
info: Microsoft.AspNetCore.Mvc.Formatters.Json.Internal.JsonResultExecutor[1]
      Executing JsonResult, writing value Abp.Web.Models.AjaxResponse.
info: Microsoft.AspNetCore.Mvc.Formatters.Json.Internal.JsonResultExecutor[1]
      Executing JsonResult, writing value Abp.Web.Models.AjaxResponse.
info: Microsoft.AspNetCore.Mvc.Formatters.Json.Internal.JsonResultExecutor[1]
      Executing JsonResult, writing value Abp.Web.Models.AjaxResponse.
info: Microsoft.AspNetCore.Mvc.Internal.ControllerActionInvoker[2]
      Executed action Xn.Web.Controllers.NhapController.GetTenNcc (Xn.Web.Mvc) in 626.3064ms
info: Microsoft.AspNetCore.Mvc.Internal.ControllerActionInvoker[2]
      Executed action Xn.Web.Controllers.NhapController.GetMaDh (Xn.Web.Mvc) in 692.721ms
info: Microsoft.AspNetCore.Hosting.Internal.WebHost[2]
      Request finished in 874.3541ms 200 application/json; charset=utf-8
info: Microsoft.AspNetCore.Hosting.Internal.WebHost[2]
      Request finished in 972.8168ms 200 application/json; charset=utf-8
info: Microsoft.AspNetCore.Mvc.Internal.ControllerActionInvoker[2]
      Executed action Xn.Web.Controllers.NhapController.GetNxs (Xn.Web.Mvc) in 659.151ms
info: Microsoft.AspNetCore.Mvc.Internal.ControllerActionInvoker[2]
      Executed action Xn.Web.Controllers.NhapController.GetAll (Xn.Web.Mvc) in 532.205ms
info: Microsoft.AspNetCore.Hosting.Internal.WebHost[2]
      Request finished in 1103.2919ms 200 application/json; charset=utf-8
info: Microsoft.AspNetCore.Hosting.Internal.WebHost[2]
      Request finished in 1000.5033ms 200 application/json; charset=utf-8
info: Microsoft.AspNetCore.Hosting.Internal.WebHost[1]
      Request starting HTTP/1.1 POST http://localhost:62114/Nhap/Edit1?mdh=01a0718  0
info: Microsoft.AspNetCore.Authentication.Cookies.CookieAuthenticationHandler[8]
      AuthenticationScheme: Identity.Application was successfully authenticated.
info: Microsoft.AspNetCore.Mvc.Internal.ControllerActionInvoker[1]
      Executing action method Xn.Web.Controllers.NhapController.Edit1 (Xn.Web.Mvc) with arguments (01a0718) - ModelState is Valid
info: Microsoft.AspNetCore.Mvc.Formatters.Json.Internal.JsonResultExecutor[1]
      Executing JsonResult, writing value Abp.Web.Models.AjaxResponse.
info: Microsoft.AspNetCore.Mvc.Internal.ControllerActionInvoker[2]
      Executed action Xn.Web.Controllers.NhapController.Edit1 (Xn.Web.Mvc) in 12018.6914ms
info: Microsoft.AspNetCore.Hosting.Internal.WebHost[2]
      Request finished in 12049.0777ms 200 application/json; charset=utf-8
info: Microsoft.AspNetCore.Hosting.Internal.WebHost[1]
      Request starting HTTP/1.1 POST http://localhost:62114/Nhap/CreateOrEdit/ application/json;charset=UTF-8 434
info: Microsoft.AspNetCore.Authentication.Cookies.CookieAuthenticationHandler[8]
      AuthenticationScheme: Identity.Application was successfully authenticated.
info: Microsoft.AspNetCore.Mvc.Internal.ControllerActionInvoker[1]
      Executing action method Xn.Web.Controllers.NhapController.CreateOrEdit (Xn.Web.Mvc) with arguments (System.Collections.Generic.List`1[Xn.Web.Models.NhapHangEntity]) - ModelState is Valid
info: Microsoft.AspNetCore.Hosting.Internal.WebHost[1]
      Request starting HTTP/1.1 GET http://localhost:62114/signalr  
info: Microsoft.AspNetCore.Hosting.Internal.WebHost[1]
      Request starting HTTP/1.1 GET http://localhost:62114/signalr  
info: Microsoft.AspNetCore.Authentication.Cookies.CookieAuthenticationHandler[8]
      AuthenticationScheme: Identity.Application was successfully authenticated.
info: Microsoft.AspNetCore.Authentication.Cookies.CookieAuthenticationHandler[8]
      AuthenticationScheme: Identity.Application was successfully authenticated.
info: Microsoft.AspNetCore.Sockets.Internal.Transports.WebSocketsTransport[2]
      Socket closed.
info: Microsoft.AspNetCore.Sockets.Internal.Transports.WebSocketsTransport[2]
      Socket closed.
info: Microsoft.AspNetCore.Sockets.Internal.Transports.WebSocketsTransport[1]
      Socket opened.
info: Microsoft.AspNetCore.SignalR.HubConnectionContext[1]
      Using HubProtocol 'json'.
info: Microsoft.AspNetCore.Sockets.Internal.Transports.WebSocketsTransport[1]
      Socket opened.
info: Microsoft.AspNetCore.Hosting.Internal.WebHost[2]
      Request finished in 117976.3074ms 101 
info: Microsoft.AspNetCore.Hosting.Internal.WebHost[2]
      Request finished in 94269.5515ms 101 
info: Microsoft.AspNetCore.SignalR.HubConnectionContext[1]
      Using HubProtocol 'json'.
info: Microsoft.AspNetCore.Mvc.Internal.ContentResultExecutor[1]
      Executing ContentResult with HTTP Response ContentType of text/plain; charset=utf-8
info: Microsoft.AspNetCore.Mvc.Internal.ControllerActionInvoker[2]
      Executed action Xn.Web.Controllers.NhapController.CreateOrEdit (Xn.Web.Mvc) in 74533.3961ms
info: Microsoft.AspNetCore.Hosting.Internal.WebHost[2]
      Request finished in 74563.0751ms 200 text/plain; charset=utf-8
info: Microsoft.AspNetCore.Hosting.Internal.WebHost[1]
      Request starting HTTP/1.1 POST http://localhost:62114/Nhap/GetNxs/  0
info: Microsoft.AspNetCore.Authentication.Cookies.CookieAuthenticationHandler[8]
      AuthenticationScheme: Identity.Application was successfully authenticated.
info: Microsoft.AspNetCore.Mvc.Internal.ControllerActionInvoker[1]
      Executing action method Xn.Web.Controllers.NhapController.GetNxs (Xn.Web.Mvc) with arguments ((null)) - ModelState is Valid
info: Microsoft.AspNetCore.Mvc.Formatters.Json.Internal.JsonResultExecutor[1]
      Executing JsonResult, writing value Abp.Web.Models.AjaxResponse.
info: Microsoft.AspNetCore.Mvc.Internal.ControllerActionInvoker[2]
      Executed action Xn.Web.Controllers.NhapController.GetNxs (Xn.Web.Mvc) in 204.6369ms
info: Microsoft.AspNetCore.Hosting.Internal.WebHost[2]
      Request finished in 246.8043ms 200 application/json; charset=utf-8
info: Microsoft.AspNetCore.Hosting.Internal.WebHost[1]
      Request starting HTTP/1.1 POST http://localhost:62114/Nhap/CreateOrEdit/ application/json;charset=UTF-8 434
info: Microsoft.AspNetCore.Authentication.Cookies.CookieAuthenticationHandler[8]
      AuthenticationScheme: Identity.Application was successfully authenticated.
info: Microsoft.AspNetCore.Mvc.Internal.ControllerActionInvoker[1]
      Executing action method Xn.Web.Controllers.NhapController.CreateOrEdit (Xn.Web.Mvc) with arguments (System.Collections.Generic.List`1[Xn.Web.Models.NhapHangEntity]) - ModelState is Valid
info: Microsoft.AspNetCore.Mvc.Internal.ContentResultExecutor[1]
      Executing ContentResult with HTTP Response ContentType of text/plain; charset=utf-8
info: Microsoft.AspNetCore.Mvc.Internal.ControllerActionInvoker[2]
      Executed action Xn.Web.Controllers.NhapController.CreateOrEdit (Xn.Web.Mvc) in 5090.4634ms
info: Microsoft.AspNetCore.Hosting.Internal.WebHost[2]
      Request finished in 5116.0193ms 200 text/plain; charset=utf-8
info: Microsoft.AspNetCore.Hosting.Internal.WebHost[1]
      Request starting HTTP/1.1 POST http://localhost:62114/Nhap/GetNxs/  0
info: Microsoft.AspNetCore.Authentication.Cookies.CookieAuthenticationHandler[8]
      AuthenticationScheme: Identity.Application was successfully authenticated.
info: Microsoft.AspNetCore.Mvc.Internal.ControllerActionInvoker[1]
      Executing action method Xn.Web.Controllers.NhapController.GetNxs (Xn.Web.Mvc) with arguments ((null)) - ModelState is Valid
info: Microsoft.AspNetCore.Mvc.Formatters.Json.Internal.JsonResultExecutor[1]
      Executing JsonResult, writing value Abp.Web.Models.AjaxResponse.
info: Microsoft.AspNetCore.Mvc.Internal.ControllerActionInvoker[2]
      Executed action Xn.Web.Controllers.NhapController.GetNxs (Xn.Web.Mvc) in 191.7519ms
info: Microsoft.AspNetCore.Hosting.Internal.WebHost[2]
      Request finished in 210.6857ms 200 application/json; charset=utf-8
info: Microsoft.AspNetCore.Hosting.Internal.WebHost[1]
      Request starting HTTP/1.1 GET http://localhost:62114/nhap  
info: Microsoft.AspNetCore.Authentication.Cookies.CookieAuthenticationHandler[8]
      AuthenticationScheme: Identity.Application was successfully authenticated.
info: Microsoft.AspNetCore.Mvc.Internal.ControllerActionInvoker[1]
      Executing action method Xn.Web.Controllers.NhapController.Index (Xn.Web.Mvc) with arguments ((null)) - ModelState is Valid
info: Microsoft.AspNetCore.Mvc.ViewFeatures.Internal.ViewResultExecutor[1]
      Executing ViewResult, running view at path /Views/Nhap/Index.cshtml.
info: Microsoft.AspNetCore.Mvc.Internal.ControllerActionInvoker[2]
      Executed action Xn.Web.Controllers.NhapController.Index (Xn.Web.Mvc) in 159.1582ms
info: Microsoft.AspNetCore.Hosting.Internal.WebHost[2]
      Request finished in 182.4493ms 200 text/html; charset=utf-8
info: Microsoft.AspNetCore.Sockets.Internal.Transports.WebSocketsTransport[2]
      Socket closed.
info: Microsoft.AspNetCore.Hosting.Internal.WebHost[1]
      Request starting HTTP/1.1 GET http://localhost:62114/AbpScripts/GetScripts?v=636667289363980091  
info: Microsoft.AspNetCore.Hosting.Internal.WebHost[1]
      Request starting HTTP/1.1 GET http://localhost:62114/AbpServiceProxies/GetAll?v=636667289363980091  
info: Microsoft.AspNetCore.Hosting.Internal.WebHost[2]
      Request finished in 14229.7713ms 101 
info: Microsoft.AspNetCore.Authentication.Cookies.CookieAuthenticationHandler[8]
      AuthenticationScheme: Identity.Application was successfully authenticated.
info: Microsoft.AspNetCore.Authentication.Cookies.CookieAuthenticationHandler[8]
      AuthenticationScheme: Identity.Application was successfully authenticated.
info: Microsoft.AspNetCore.Mvc.Internal.ControllerActionInvoker[1]
      Executing action method Abp.AspNetCore.Mvc.Proxying.AbpServiceProxiesController.GetAll (Abp.AspNetCore) with arguments (Abp.AspNetCore.Mvc.Proxying.ApiProxyGenerationModel) - ModelState is Valid
info: Microsoft.AspNetCore.Mvc.Internal.ControllerActionInvoker[1]
      Executing action method Abp.AspNetCore.Mvc.Controllers.AbpScriptsController.GetScripts (Abp.AspNetCore) with arguments () - ModelState is Valid
info: Microsoft.AspNetCore.Mvc.Internal.ContentResultExecutor[1]
      Executing ContentResult with HTTP Response ContentType of application/x-javascript
info: Microsoft.AspNetCore.Mvc.Internal.ControllerActionInvoker[2]
      Executed action Abp.AspNetCore.Mvc.Proxying.AbpServiceProxiesController.GetAll (Abp.AspNetCore) in 172.8523ms
info: Microsoft.AspNetCore.Hosting.Internal.WebHost[2]
      Request finished in 351.9077ms 200 application/x-javascript
info: Microsoft.AspNetCore.Mvc.Internal.ContentResultExecutor[1]
      Executing ContentResult with HTTP Response ContentType of application/x-javascript; charset=utf-8
info: Microsoft.AspNetCore.Mvc.Internal.ControllerActionInvoker[2]
      Executed action Abp.AspNetCore.Mvc.Controllers.AbpScriptsController.GetScripts (Abp.AspNetCore) in 217.2185ms
info: Microsoft.AspNetCore.Hosting.Internal.WebHost[2]
      Request finished in 394.2347ms 200 application/x-javascript; charset=utf-8
info: Microsoft.AspNetCore.Hosting.Internal.WebHost[1]
      Request starting HTTP/1.1 GET http://localhost:62114/signalr  
info: Microsoft.AspNetCore.Authentication.Cookies.CookieAuthenticationHandler[8]
      AuthenticationScheme: Identity.Application was successfully authenticated.
info: Microsoft.AspNetCore.Sockets.Internal.Transports.WebSocketsTransport[1]
      Socket opened.
info: Microsoft.AspNetCore.SignalR.HubConnectionContext[1]
      Using HubProtocol 'json'.
info: Microsoft.AspNetCore.Hosting.Internal.WebHost[1]
      Request starting HTTP/1.1 POST http://localhost:62114/Nhap/GetMaDh  0
info: Microsoft.AspNetCore.Hosting.Internal.WebHost[1]
      Request starting HTTP/1.1 POST http://localhost:62114/Nhap/GetAll  0
info: Microsoft.AspNetCore.Hosting.Internal.WebHost[1]
      Request starting HTTP/1.1 POST http://localhost:62114/Nhap/GetTenNcc  0
info: Microsoft.AspNetCore.Hosting.Internal.WebHost[1]
      Request starting HTTP/1.1 POST http://localhost:62114/Nhap/GetNxs/  0
info: Microsoft.AspNetCore.Authentication.Cookies.CookieAuthenticationHandler[8]
      AuthenticationScheme: Identity.Application was successfully authenticated.
info: Microsoft.AspNetCore.Hosting.Internal.WebHost[1]
      Request starting HTTP/1.1 GET http://localhost:62114/favicon.ico  
info: Microsoft.AspNetCore.Authentication.Cookies.CookieAuthenticationHandler[8]
      AuthenticationScheme: Identity.Application was successfully authenticated.
info: Microsoft.AspNetCore.Mvc.Internal.ControllerActionInvoker[1]
      Executing action method Xn.Web.Controllers.NhapController.GetTenNcc (Xn.Web.Mvc) with arguments ((null)) - ModelState is Valid
info: Microsoft.AspNetCore.Authentication.Cookies.CookieAuthenticationHandler[8]
      AuthenticationScheme: Identity.Application was successfully authenticated.
info: Microsoft.AspNetCore.Authentication.Cookies.CookieAuthenticationHandler[8]
      AuthenticationScheme: Identity.Application was successfully authenticated.
info: Microsoft.AspNetCore.Mvc.Internal.ControllerActionInvoker[1]
      Executing action method Xn.Web.Controllers.NhapController.GetAll (Xn.Web.Mvc) with arguments (, , ) - ModelState is Valid
info: Microsoft.AspNetCore.StaticFiles.StaticFileMiddleware[2]
      Sending file. Request path: '/favicon.ico'. Physical path: 'D:\Work\XnBoiler\3.7.0\aspnet-core\src\Xn.Web.Mvc\wwwroot\favicon.ico'
info: Microsoft.AspNetCore.Mvc.Internal.ControllerActionInvoker[1]
      Executing action method Xn.Web.Controllers.NhapController.GetNxs (Xn.Web.Mvc) with arguments ((null)) - ModelState is Valid
info: Microsoft.AspNetCore.Mvc.Internal.ControllerActionInvoker[1]
      Executing action method Xn.Web.Controllers.NhapController.GetMaDh (Xn.Web.Mvc) with arguments ((null)) - ModelState is Valid
info: Microsoft.AspNetCore.Mvc.Formatters.Json.Internal.JsonResultExecutor[1]
      Executing JsonResult, writing value Abp.Web.Models.AjaxResponse.
info: Microsoft.AspNetCore.Mvc.Internal.ControllerActionInvoker[2]
      Executed action Xn.Web.Controllers.NhapController.GetTenNcc (Xn.Web.Mvc) in 580.9104ms
info: Microsoft.AspNetCore.Hosting.Internal.WebHost[2]
      Request finished in 870.9042ms 200 application/json; charset=utf-8
info: Microsoft.AspNetCore.Hosting.Internal.WebHost[2]
      Request finished in 712.7425ms 200 image/x-icon
info: Microsoft.AspNetCore.Mvc.Formatters.Json.Internal.JsonResultExecutor[1]
      Executing JsonResult, writing value Abp.Web.Models.AjaxResponse.
info: Microsoft.AspNetCore.Mvc.Formatters.Json.Internal.JsonResultExecutor[1]
      Executing JsonResult, writing value Abp.Web.Models.AjaxResponse.
info: Microsoft.AspNetCore.Mvc.Internal.ControllerActionInvoker[2]
      Executed action Xn.Web.Controllers.NhapController.GetNxs (Xn.Web.Mvc) in 498.7378ms
info: Microsoft.AspNetCore.Mvc.Internal.ControllerActionInvoker[2]
      Executed action Xn.Web.Controllers.NhapController.GetAll (Xn.Web.Mvc) in 729.0088ms
info: Microsoft.AspNetCore.Hosting.Internal.WebHost[2]
      Request finished in 1084.42ms 200 application/json; charset=utf-8
info: Microsoft.AspNetCore.Mvc.Formatters.Json.Internal.JsonResultExecutor[1]
      Executing JsonResult, writing value Abp.Web.Models.AjaxResponse.
info: Microsoft.AspNetCore.Hosting.Internal.WebHost[2]
      Request finished in 1172.6013ms 200 application/json; charset=utf-8
info: Microsoft.AspNetCore.Mvc.Internal.ControllerActionInvoker[2]
      Executed action Xn.Web.Controllers.NhapController.GetMaDh (Xn.Web.Mvc) in 595.6715ms
info: Microsoft.AspNetCore.Hosting.Internal.WebHost[2]
      Request finished in 1369.4184ms 200 application/json; charset=utf-8
