info: Microsoft.AspNetCore.DataProtection.KeyManagement.XmlKeyManager[0]
      User profile is available. Using 'C:\Users\User\AppData\Local\ASP.NET\DataProtection-Keys' as key repository and Windows DPAPI to encrypt keys at rest.
Hosting environment: Development
Content root path: D:\DMT\Boiler\3.7.0\aspnet-core\src\Xn.Web.Mvc
Now listening on: http://localhost:31193
Application started. Press Ctrl+C to shut down.
info: Microsoft.AspNetCore.Hosting.Internal.WebHost[1]
      Request starting HTTP/1.1 GET http://localhost:62114/signalr  
info: Microsoft.AspNetCore.Hosting.Internal.WebHost[1]
      Request starting HTTP/1.1 GET http://localhost:62114/  
info: Microsoft.AspNetCore.Authentication.Cookies.CookieAuthenticationHandler[8]
      AuthenticationScheme: Identity.Application was successfully authenticated.
info: Microsoft.AspNetCore.Sockets.Internal.Transports.WebSocketsTransport[1]
      Socket opened.
info: Microsoft.AspNetCore.Mvc.Internal.ControllerActionInvoker[3]
      Authorization failed for the request at filter 'Abp.AspNetCore.Mvc.Authorization.AbpAuthorizationFilter'.
info: Microsoft.AspNetCore.Mvc.ChallengeResult[1]
      Executing ChallengeResult with authentication schemes ().
info: Microsoft.AspNetCore.Authentication.Cookies.CookieAuthenticationHandler[12]
      AuthenticationScheme: Identity.Application was challenged.
info: Microsoft.AspNetCore.Mvc.Internal.ControllerActionInvoker[2]
      Executed action Xn.Web.Controllers.HomeController.Index (Xn.Web.Mvc) in 556.6621ms
info: Microsoft.AspNetCore.Hosting.Internal.WebHost[2]
      Request finished in 3771.1402ms 302 
info: Microsoft.AspNetCore.SignalR.HubConnectionContext[1]
      Using HubProtocol 'json'.
info: Microsoft.AspNetCore.Hosting.Internal.WebHost[1]
      Request starting HTTP/1.1 GET http://localhost:62114/Account/Login?ReturnUrl=%2F  
info: Microsoft.AspNetCore.Mvc.Internal.ControllerActionInvoker[1]
      Executing action method Xn.Web.Controllers.AccountController.Login (Xn.Web.Mvc) with arguments (, /, ) - ModelState is Valid
info: Microsoft.AspNetCore.Mvc.ViewFeatures.Internal.ViewResultExecutor[1]
      Executing ViewResult, running view at path /Views/Account/Login.cshtml.
info: Microsoft.AspNetCore.Mvc.Internal.ControllerActionInvoker[2]
      Executed action Xn.Web.Controllers.AccountController.Login (Xn.Web.Mvc) in 6888.934ms
info: Microsoft.AspNetCore.Hosting.Internal.WebHost[2]
      Request finished in 7020.7898ms 200 text/html; charset=utf-8
info: Microsoft.AspNetCore.Hosting.Internal.WebHost[1]
      Request starting HTTP/1.1 GET http://localhost:62114/view-resources/Views/Shared/Components/TenantChange/Default.js?v=636626073839544820  
info: Microsoft.AspNetCore.Hosting.Internal.WebHost[1]
      Request starting HTTP/1.1 GET http://localhost:62114/AbpScripts/GetScripts?v=636626073693556019  
info: Microsoft.AspNetCore.Hosting.Internal.WebHost[1]
      Request starting HTTP/1.1 GET http://localhost:62114/AbpServiceProxies/GetAll?v=636626073693556019  
info: Microsoft.AspNetCore.StaticFiles.StaticFileMiddleware[2]
      Sending file. Request path: '/view-resources/Views/Shared/Components/TenantChange/Default.js'. Physical path: 'D:\DMT\Boiler\3.7.0\aspnet-core\src\Xn.Web.Mvc\wwwroot\view-resources\Views\Shared\Components\TenantChange\Default.js'
info: Microsoft.AspNetCore.Mvc.Internal.ControllerActionInvoker[1]
      Executing action method Abp.AspNetCore.Mvc.Controllers.AbpScriptsController.GetScripts (Abp.AspNetCore) with arguments () - ModelState is Valid
info: Microsoft.AspNetCore.Hosting.Internal.WebHost[2]
      Request finished in 224.0161ms 200 application/javascript
info: Microsoft.AspNetCore.Mvc.Internal.ControllerActionInvoker[1]
      Executing action method Abp.AspNetCore.Mvc.Proxying.AbpServiceProxiesController.GetAll (Abp.AspNetCore) with arguments (Abp.AspNetCore.Mvc.Proxying.ApiProxyGenerationModel) - ModelState is Valid
info: Microsoft.AspNetCore.Mvc.Internal.ContentResultExecutor[1]
      Executing ContentResult with HTTP Response ContentType of application/x-javascript; charset=utf-8
info: Microsoft.AspNetCore.Mvc.Internal.ControllerActionInvoker[2]
      Executed action Abp.AspNetCore.Mvc.Controllers.AbpScriptsController.GetScripts (Abp.AspNetCore) in 385.0451ms
info: Microsoft.AspNetCore.Hosting.Internal.WebHost[2]
      Request finished in 480.0502ms 200 application/x-javascript; charset=utf-8
info: Microsoft.AspNetCore.Mvc.Internal.ContentResultExecutor[1]
      Executing ContentResult with HTTP Response ContentType of application/x-javascript
info: Microsoft.AspNetCore.Mvc.Internal.ControllerActionInvoker[2]
      Executed action Abp.AspNetCore.Mvc.Proxying.AbpServiceProxiesController.GetAll (Abp.AspNetCore) in 326.0116ms
info: Microsoft.AspNetCore.Hosting.Internal.WebHost[2]
      Request finished in 498.4766ms 200 application/x-javascript
info: Microsoft.AspNetCore.Hosting.Internal.WebHost[1]
      Request starting HTTP/1.1 POST http://localhost:62114/Account/Login application/x-www-form-urlencoded 258
info: Microsoft.AspNetCore.Mvc.Internal.ControllerActionInvoker[1]
      Executing action method Xn.Web.Controllers.AccountController.Login (Xn.Web.Mvc) with arguments (Xn.Web.Models.Account.LoginViewModel, /, ) - ModelState is Valid
info: Microsoft.AspNetCore.Authentication.Cookies.CookieAuthenticationHandler[10]
      AuthenticationScheme: Identity.Application signed in.
info: Microsoft.AspNetCore.Mvc.Formatters.Json.Internal.JsonResultExecutor[1]
      Executing JsonResult, writing value Abp.Web.Models.AjaxResponse.
info: Microsoft.AspNetCore.Mvc.Internal.ControllerActionInvoker[2]
      Executed action Xn.Web.Controllers.AccountController.Login (Xn.Web.Mvc) in 1667.4159ms
info: Microsoft.AspNetCore.Hosting.Internal.WebHost[2]
      Request finished in 1698.1756ms 200 application/json; charset=utf-8
info: Microsoft.AspNetCore.Hosting.Internal.WebHost[1]
      Request starting HTTP/1.1 GET http://localhost:62114/  
info: Microsoft.AspNetCore.Authentication.Cookies.CookieAuthenticationHandler[8]
      AuthenticationScheme: Identity.Application was successfully authenticated.
info: Microsoft.AspNetCore.Authorization.DefaultAuthorizationService[1]
      Authorization was successful.
info: Microsoft.AspNetCore.Mvc.Internal.ControllerActionInvoker[1]
      Executing action method Xn.Web.Controllers.HomeController.Index (Xn.Web.Mvc) with arguments ((null)) - ModelState is Valid
info: Microsoft.AspNetCore.Mvc.ViewFeatures.Internal.ViewResultExecutor[1]
      Executing ViewResult, running view at path /Views/Home/Index.cshtml.
info: Microsoft.AspNetCore.Mvc.Internal.ControllerActionInvoker[2]
      Executed action Xn.Web.Controllers.HomeController.Index (Xn.Web.Mvc) in 2959.2977ms
info: Microsoft.AspNetCore.Hosting.Internal.WebHost[2]
      Request finished in 3036.026ms 200 text/html; charset=utf-8
info: Microsoft.AspNetCore.Hosting.Internal.WebHost[1]
      Request starting HTTP/1.1 GET http://localhost:62114/AbpServiceProxies/GetAll?v=636626073693556019  
info: Microsoft.AspNetCore.Authentication.Cookies.CookieAuthenticationHandler[8]
      AuthenticationScheme: Identity.Application was successfully authenticated.
info: Microsoft.AspNetCore.Mvc.Internal.ControllerActionInvoker[1]
      Executing action method Abp.AspNetCore.Mvc.Proxying.AbpServiceProxiesController.GetAll (Abp.AspNetCore) with arguments (Abp.AspNetCore.Mvc.Proxying.ApiProxyGenerationModel) - ModelState is Valid
info: Microsoft.AspNetCore.Mvc.Internal.ContentResultExecutor[1]
      Executing ContentResult with HTTP Response ContentType of application/x-javascript
info: Microsoft.AspNetCore.Mvc.Internal.ControllerActionInvoker[2]
      Executed action Abp.AspNetCore.Mvc.Proxying.AbpServiceProxiesController.GetAll (Abp.AspNetCore) in 72.8303ms
info: Microsoft.AspNetCore.Hosting.Internal.WebHost[1]
      Request starting HTTP/1.1 GET http://localhost:62114/AbpScripts/GetScripts?v=636626073693556019  
info: Microsoft.AspNetCore.Hosting.Internal.WebHost[2]
      Request finished in 128.9133ms 200 application/x-javascript
info: Microsoft.AspNetCore.Authentication.Cookies.CookieAuthenticationHandler[8]
      AuthenticationScheme: Identity.Application was successfully authenticated.
info: Microsoft.AspNetCore.Mvc.Internal.ControllerActionInvoker[1]
      Executing action method Abp.AspNetCore.Mvc.Controllers.AbpScriptsController.GetScripts (Abp.AspNetCore) with arguments () - ModelState is Valid
info: Microsoft.AspNetCore.Mvc.Internal.ContentResultExecutor[1]
      Executing ContentResult with HTTP Response ContentType of application/x-javascript; charset=utf-8
info: Microsoft.AspNetCore.Mvc.Internal.ControllerActionInvoker[2]
      Executed action Abp.AspNetCore.Mvc.Controllers.AbpScriptsController.GetScripts (Abp.AspNetCore) in 99.2805ms
info: Microsoft.AspNetCore.Hosting.Internal.WebHost[2]
      Request finished in 180.242ms 200 application/x-javascript; charset=utf-8
info: Microsoft.AspNetCore.Hosting.Internal.WebHost[1]
      Request starting HTTP/1.1 GET http://localhost:62114/signalr  
info: Microsoft.AspNetCore.Authentication.Cookies.CookieAuthenticationHandler[8]
      AuthenticationScheme: Identity.Application was successfully authenticated.
info: Microsoft.AspNetCore.Sockets.Internal.Transports.WebSocketsTransport[1]
      Socket opened.
info: Microsoft.AspNetCore.SignalR.HubConnectionContext[1]
      Using HubProtocol 'json'.
info: Microsoft.AspNetCore.Hosting.Internal.WebHost[1]
      Request starting HTTP/1.1 GET http://localhost:62114/ncc  
info: Microsoft.AspNetCore.Authentication.Cookies.CookieAuthenticationHandler[8]
      AuthenticationScheme: Identity.Application was successfully authenticated.
info: Microsoft.AspNetCore.Mvc.Internal.ControllerActionInvoker[1]
      Executing action method Xn.Web.Controllers.NccController.Index (Xn.Web.Mvc) with arguments ((null)) - ModelState is Valid
info: Microsoft.AspNetCore.Mvc.ViewFeatures.Internal.ViewResultExecutor[1]
      Executing ViewResult, running view at path /Views/Ncc/Index.cshtml.
info: Microsoft.AspNetCore.Mvc.Internal.ControllerActionInvoker[2]
      Executed action Xn.Web.Controllers.NccController.Index (Xn.Web.Mvc) in 354.2542ms
info: Microsoft.AspNetCore.Hosting.Internal.WebHost[2]
      Request finished in 383.1497ms 200 text/html; charset=utf-8
info: Microsoft.AspNetCore.Hosting.Internal.WebHost[1]
      Request starting HTTP/1.1 GET http://localhost:62114/Angular/Ncc/ncc.js  
info: Microsoft.AspNetCore.StaticFiles.StaticFileMiddleware[2]
      Sending file. Request path: '/Angular/Ncc/ncc.js'. Physical path: 'D:\DMT\Boiler\3.7.0\aspnet-core\src\Xn.Web.Mvc\wwwroot\Angular\Ncc\ncc.js'
info: Microsoft.AspNetCore.Hosting.Internal.WebHost[2]
      Request finished in 73.6292ms 200 application/javascript
info: Microsoft.AspNetCore.Hosting.Internal.WebHost[1]
      Request starting HTTP/1.1 GET http://localhost:62114/AbpServiceProxies/GetAll?v=636626073693556019  
info: Microsoft.AspNetCore.Authentication.Cookies.CookieAuthenticationHandler[8]
      AuthenticationScheme: Identity.Application was successfully authenticated.
info: Microsoft.AspNetCore.Mvc.Internal.ControllerActionInvoker[1]
      Executing action method Abp.AspNetCore.Mvc.Proxying.AbpServiceProxiesController.GetAll (Abp.AspNetCore) with arguments (Abp.AspNetCore.Mvc.Proxying.ApiProxyGenerationModel) - ModelState is Valid
info: Microsoft.AspNetCore.Mvc.Internal.ContentResultExecutor[1]
      Executing ContentResult with HTTP Response ContentType of application/x-javascript
info: Microsoft.AspNetCore.Mvc.Internal.ControllerActionInvoker[2]
      Executed action Abp.AspNetCore.Mvc.Proxying.AbpServiceProxiesController.GetAll (Abp.AspNetCore) in 62.7963ms
info: Microsoft.AspNetCore.Sockets.Internal.Transports.WebSocketsTransport[2]
      Socket closed.
info: Microsoft.AspNetCore.Hosting.Internal.WebHost[1]
      Request starting HTTP/1.1 GET http://localhost:62114/AbpScripts/GetScripts?v=636626073693556019  
info: Microsoft.AspNetCore.Hosting.Internal.WebHost[2]
      Request finished in 195.9273ms 200 application/x-javascript
info: Microsoft.AspNetCore.Authentication.Cookies.CookieAuthenticationHandler[8]
      AuthenticationScheme: Identity.Application was successfully authenticated.
info: Microsoft.AspNetCore.Hosting.Internal.WebHost[2]
      Request finished in 3491.0835ms 101 
info: Microsoft.AspNetCore.Mvc.Internal.ControllerActionInvoker[1]
      Executing action method Abp.AspNetCore.Mvc.Controllers.AbpScriptsController.GetScripts (Abp.AspNetCore) with arguments () - ModelState is Valid
info: Microsoft.AspNetCore.Mvc.Internal.ContentResultExecutor[1]
      Executing ContentResult with HTTP Response ContentType of application/x-javascript; charset=utf-8
info: Microsoft.AspNetCore.Mvc.Internal.ControllerActionInvoker[2]
      Executed action Abp.AspNetCore.Mvc.Controllers.AbpScriptsController.GetScripts (Abp.AspNetCore) in 95.7101ms
info: Microsoft.AspNetCore.Hosting.Internal.WebHost[2]
      Request finished in 282.4034ms 200 application/x-javascript; charset=utf-8
info: Microsoft.AspNetCore.Hosting.Internal.WebHost[1]
      Request starting HTTP/1.1 GET http://localhost:62114/signalr  
info: Microsoft.AspNetCore.Authentication.Cookies.CookieAuthenticationHandler[8]
      AuthenticationScheme: Identity.Application was successfully authenticated.
info: Microsoft.AspNetCore.Sockets.Internal.Transports.WebSocketsTransport[1]
      Socket opened.
info: Microsoft.AspNetCore.Hosting.Internal.WebHost[1]
      Request starting HTTP/1.1 POST http://localhost:62114/Ncc/GetAll  0
info: Microsoft.AspNetCore.Authentication.Cookies.CookieAuthenticationHandler[8]
      AuthenticationScheme: Identity.Application was successfully authenticated.
info: Microsoft.AspNetCore.Hosting.Internal.WebHost[1]
      Request starting HTTP/1.1 GET http://localhost:62114/js/images/sort_both.png  
info: Microsoft.AspNetCore.StaticFiles.StaticFileMiddleware[2]
      Sending file. Request path: '/js/images/sort_both.png'. Physical path: 'D:\DMT\Boiler\3.7.0\aspnet-core\src\Xn.Web.Mvc\wwwroot\js\images\sort_both.png'
info: Microsoft.AspNetCore.SignalR.HubConnectionContext[1]
      Using HubProtocol 'json'.
info: Microsoft.AspNetCore.Mvc.Internal.ControllerActionInvoker[1]
      Executing action method Xn.Web.Controllers.NccController.GetAll (Xn.Web.Mvc) with arguments ((null)) - ModelState is Valid
info: Microsoft.AspNetCore.Hosting.Internal.WebHost[1]
      Request starting HTTP/1.1 GET http://localhost:62114/js/images/sort_asc.png  
info: Microsoft.AspNetCore.Hosting.Internal.WebHost[2]
      Request finished in 135.1919ms 200 image/png
info: Microsoft.AspNetCore.StaticFiles.StaticFileMiddleware[2]
      Sending file. Request path: '/js/images/sort_asc.png'. Physical path: 'D:\DMT\Boiler\3.7.0\aspnet-core\src\Xn.Web.Mvc\wwwroot\js\images\sort_asc.png'
info: Microsoft.AspNetCore.Hosting.Internal.WebHost[2]
      Request finished in 8006.5379ms 200 image/png
info: Microsoft.AspNetCore.Mvc.Formatters.Json.Internal.JsonResultExecutor[1]
      Executing JsonResult, writing value Abp.Web.Models.AjaxResponse.
info: Microsoft.AspNetCore.Mvc.Internal.ControllerActionInvoker[2]
      Executed action Xn.Web.Controllers.NccController.GetAll (Xn.Web.Mvc) in 12733.185ms
info: Microsoft.AspNetCore.Hosting.Internal.WebHost[2]
      Request finished in 12756.1325ms 200 application/json; charset=utf-8
info: Microsoft.AspNetCore.Hosting.Internal.WebHost[1]
      Request starting HTTP/1.1 GET http://localhost:62114/js/angular-cookies.min.js.map  
info: Microsoft.AspNetCore.Hosting.Internal.WebHost[1]
      Request starting HTTP/1.1 GET http://localhost:62114/js/angular.min.js.map  
info: Microsoft.AspNetCore.Hosting.Internal.WebHost[1]
      Request starting HTTP/1.1 GET http://localhost:62114/lib/signalr-client/signalr.min.js.map  
info: Microsoft.AspNetCore.Hosting.Internal.WebHost[1]
      Request starting HTTP/1.1 GET http://localhost:62114/scss/snackbar.css.map  
info: Microsoft.AspNetCore.Authentication.Cookies.CookieAuthenticationHandler[8]
      AuthenticationScheme: Identity.Application was successfully authenticated.
info: Microsoft.AspNetCore.Authentication.Cookies.CookieAuthenticationHandler[8]
      AuthenticationScheme: Identity.Application was successfully authenticated.
info: Microsoft.AspNetCore.Hosting.Internal.WebHost[2]
      Request finished in 142.1579ms 404 
info: Microsoft.AspNetCore.Hosting.Internal.WebHost[2]
      Request finished in 165.1965ms 404 
info: Microsoft.AspNetCore.StaticFiles.StaticFileMiddleware[6]
      The file /scss/snackbar.css.map was not modified
info: Microsoft.AspNetCore.Hosting.Internal.WebHost[2]
      Request finished in 198.9135ms 304 text/plain
info: Microsoft.AspNetCore.Authentication.Cookies.CookieAuthenticationHandler[8]
      AuthenticationScheme: Identity.Application was successfully authenticated.
info: Microsoft.AspNetCore.Hosting.Internal.WebHost[2]
      Request finished in 232.5772ms 404 
info: Microsoft.AspNetCore.Hosting.Internal.WebHost[1]
      Request starting HTTP/1.1 GET http://localhost:62114/ncc  
info: Microsoft.AspNetCore.Authentication.Cookies.CookieAuthenticationHandler[8]
      AuthenticationScheme: Identity.Application was successfully authenticated.
info: Microsoft.AspNetCore.Mvc.Internal.ControllerActionInvoker[1]
      Executing action method Xn.Web.Controllers.NccController.Index (Xn.Web.Mvc) with arguments ((null)) - ModelState is Valid
info: Microsoft.AspNetCore.Mvc.ViewFeatures.Internal.ViewResultExecutor[1]
      Executing ViewResult, running view at path /Views/Ncc/Index.cshtml.
info: Microsoft.AspNetCore.Mvc.Internal.ControllerActionInvoker[2]
      Executed action Xn.Web.Controllers.NccController.Index (Xn.Web.Mvc) in 178.667ms
info: Microsoft.AspNetCore.Hosting.Internal.WebHost[2]
      Request finished in 208.9561ms 200 text/html; charset=utf-8
info: Microsoft.AspNetCore.Hosting.Internal.WebHost[1]
      Request starting HTTP/1.1 GET http://localhost:62114/Angular/Ncc/ncc.js  
info: Microsoft.AspNetCore.StaticFiles.StaticFileMiddleware[2]
      Sending file. Request path: '/Angular/Ncc/ncc.js'. Physical path: 'D:\DMT\Boiler\3.7.0\aspnet-core\src\Xn.Web.Mvc\wwwroot\Angular\Ncc\ncc.js'
info: Microsoft.AspNetCore.Hosting.Internal.WebHost[2]
      Request finished in 63.2462ms 200 application/javascript
info: Microsoft.AspNetCore.Hosting.Internal.WebHost[1]
      Request starting HTTP/1.1 GET http://localhost:62114/AbpServiceProxies/GetAll?v=636626073693556019  
info: Microsoft.AspNetCore.Sockets.Internal.Transports.WebSocketsTransport[2]
      Socket closed.
info: Microsoft.AspNetCore.Authentication.Cookies.CookieAuthenticationHandler[8]
      AuthenticationScheme: Identity.Application was successfully authenticated.
info: Microsoft.AspNetCore.Hosting.Internal.WebHost[2]
      Request finished in 35983.3724ms 101 
info: Microsoft.AspNetCore.Mvc.Internal.ControllerActionInvoker[1]
      Executing action method Abp.AspNetCore.Mvc.Proxying.AbpServiceProxiesController.GetAll (Abp.AspNetCore) with arguments (Abp.AspNetCore.Mvc.Proxying.ApiProxyGenerationModel) - ModelState is Valid
info: Microsoft.AspNetCore.Hosting.Internal.WebHost[1]
      Request starting HTTP/1.1 GET http://localhost:62114/AbpScripts/GetScripts?v=636626073693556019  
info: Microsoft.AspNetCore.Hosting.Internal.WebHost[1]
      Request starting HTTP/1.1 GET http://localhost:62114/js/angular-cookies.min.js.map  
info: Microsoft.AspNetCore.Hosting.Internal.WebHost[1]
      Request starting HTTP/1.1 GET http://localhost:62114/js/angular.min.js.map  
info: Microsoft.AspNetCore.Hosting.Internal.WebHost[1]
      Request starting HTTP/1.1 GET http://localhost:62114/lib/signalr-client/signalr.min.js.map  
info: Microsoft.AspNetCore.Mvc.Internal.ContentResultExecutor[1]
      Executing ContentResult with HTTP Response ContentType of application/x-javascript
info: Microsoft.AspNetCore.Authentication.Cookies.CookieAuthenticationHandler[8]
      AuthenticationScheme: Identity.Application was successfully authenticated.
info: Microsoft.AspNetCore.Authentication.Cookies.CookieAuthenticationHandler[8]
      AuthenticationScheme: Identity.Application was successfully authenticated.
info: Microsoft.AspNetCore.Authentication.Cookies.CookieAuthenticationHandler[8]
      AuthenticationScheme: Identity.Application was successfully authenticated.
info: Microsoft.AspNetCore.Authentication.Cookies.CookieAuthenticationHandler[8]
      AuthenticationScheme: Identity.Application was successfully authenticated.
info: Microsoft.AspNetCore.Mvc.Internal.ControllerActionInvoker[2]
      Executed action Abp.AspNetCore.Mvc.Proxying.AbpServiceProxiesController.GetAll (Abp.AspNetCore) in 192.9205ms
info: Microsoft.AspNetCore.Hosting.Internal.WebHost[2]
      Request finished in 112.4343ms 404 
info: Microsoft.AspNetCore.Hosting.Internal.WebHost[2]
      Request finished in 412.983ms 200 application/x-javascript
info: Microsoft.AspNetCore.Hosting.Internal.WebHost[2]
      Request finished in 190.1298ms 404 
info: Microsoft.AspNetCore.Hosting.Internal.WebHost[2]
      Request finished in 267.867ms 404 
info: Microsoft.AspNetCore.Mvc.Internal.ControllerActionInvoker[1]
      Executing action method Abp.AspNetCore.Mvc.Controllers.AbpScriptsController.GetScripts (Abp.AspNetCore) with arguments () - ModelState is Valid
info: Microsoft.AspNetCore.Mvc.Internal.ContentResultExecutor[1]
      Executing ContentResult with HTTP Response ContentType of application/x-javascript; charset=utf-8
info: Microsoft.AspNetCore.Mvc.Internal.ControllerActionInvoker[2]
      Executed action Abp.AspNetCore.Mvc.Controllers.AbpScriptsController.GetScripts (Abp.AspNetCore) in 66.1033ms
info: Microsoft.AspNetCore.Hosting.Internal.WebHost[2]
      Request finished in 424.4466ms 200 application/x-javascript; charset=utf-8
info: Microsoft.AspNetCore.Hosting.Internal.WebHost[1]
      Request starting HTTP/1.1 GET http://localhost:62114/lib/signalr-client/signalr.min.js.map  
info: Microsoft.AspNetCore.Hosting.Internal.WebHost[1]
      Request starting HTTP/1.1 GET http://localhost:62114/signalr  
info: Microsoft.AspNetCore.Authentication.Cookies.CookieAuthenticationHandler[8]
      AuthenticationScheme: Identity.Application was successfully authenticated.
info: Microsoft.AspNetCore.Sockets.Internal.Transports.WebSocketsTransport[1]
      Socket opened.
info: Microsoft.AspNetCore.Hosting.Internal.WebHost[1]
      Request starting HTTP/1.1 POST http://localhost:62114/Ncc/GetAll  0
info: Microsoft.AspNetCore.SignalR.HubConnectionContext[1]
      Using HubProtocol 'json'.
info: Microsoft.AspNetCore.Authentication.Cookies.CookieAuthenticationHandler[8]
      AuthenticationScheme: Identity.Application was successfully authenticated.
info: Microsoft.AspNetCore.Hosting.Internal.WebHost[2]
      Request finished in 151.8678ms 404 
info: Microsoft.AspNetCore.Authentication.Cookies.CookieAuthenticationHandler[8]
      AuthenticationScheme: Identity.Application was successfully authenticated.
info: Microsoft.AspNetCore.Mvc.Internal.ControllerActionInvoker[1]
      Executing action method Xn.Web.Controllers.NccController.GetAll (Xn.Web.Mvc) with arguments ((null)) - ModelState is Valid
info: Microsoft.AspNetCore.Mvc.Formatters.Json.Internal.JsonResultExecutor[1]
      Executing JsonResult, writing value Abp.Web.Models.AjaxResponse.
info: Microsoft.AspNetCore.Mvc.Internal.ControllerActionInvoker[2]
      Executed action Xn.Web.Controllers.NccController.GetAll (Xn.Web.Mvc) in 184.6501ms
info: Microsoft.AspNetCore.Hosting.Internal.WebHost[2]
      Request finished in 331.5718ms 200 application/json; charset=utf-8
