info: Microsoft.AspNetCore.DataProtection.KeyManagement.XmlKeyManager[0]
      User profile is available. Using 'C:\Users\nguye\AppData\Local\ASP.NET\DataProtection-Keys' as key repository and Windows DPAPI to encrypt keys at rest.
Hosting environment: Development
Content root path: C:\Users\nguye\Google Drive\Xn\Xn\3.7.0\aspnet-core\src\Xn.Web.Mvc
Now listening on: http://localhost:22594
Application started. Press Ctrl+C to shut down.
info: Microsoft.AspNetCore.Hosting.Internal.WebHost[1]
      Request starting HTTP/1.1 GET http://localhost:62114/  
info: Microsoft.AspNetCore.Mvc.Internal.ControllerActionInvoker[3]
      Authorization failed for the request at filter 'Abp.AspNetCore.Mvc.Authorization.AbpAuthorizationFilter'.
info: Microsoft.AspNetCore.Mvc.ChallengeResult[1]
      Executing ChallengeResult with authentication schemes ().
info: Microsoft.AspNetCore.Authentication.Cookies.CookieAuthenticationHandler[12]
      AuthenticationScheme: Identity.Application was challenged.
info: Microsoft.AspNetCore.Mvc.Internal.ControllerActionInvoker[2]
      Executed action Xn.Web.Controllers.HomeController.Index (Xn.Web.Mvc) in 1766.2091ms
info: Microsoft.AspNetCore.Hosting.Internal.WebHost[2]
      Request finished in 6663.8808ms 302 
info: Microsoft.AspNetCore.Hosting.Internal.WebHost[1]
      Request starting HTTP/1.1 GET http://localhost:62114/Account/Login?ReturnUrl=%2F  
info: Microsoft.AspNetCore.Mvc.Internal.ControllerActionInvoker[1]
      Executing action method Xn.Web.Controllers.AccountController.Login (Xn.Web.Mvc) with arguments (, /, ) - ModelState is Valid
info: Microsoft.AspNetCore.Mvc.ViewFeatures.Internal.ViewResultExecutor[1]
      Executing ViewResult, running view at path /Views/Account/Login.cshtml.
info: Microsoft.AspNetCore.Mvc.Internal.ControllerActionInvoker[2]
      Executed action Xn.Web.Controllers.AccountController.Login (Xn.Web.Mvc) in 25813.2274ms
info: Microsoft.AspNetCore.Hosting.Internal.WebHost[1]
      Request starting HTTP/1.1 GET http://localhost:62114/lib/bootstrap/dist/css/bootstrap.css?v=fmMNkMcjSw3xcp9iuPnku_ryk9kaWgrEbfJfKmdZ45o  
info: Microsoft.AspNetCore.Hosting.Internal.WebHost[2]
      Request finished in 26081.6535ms 200 text/html; charset=utf-8
info: Microsoft.AspNetCore.Hosting.Internal.WebHost[1]
      Request starting HTTP/1.1 GET http://localhost:62114/fonts/roboto/roboto.css?v=DWPiEyLnt8XZ68WQeudmZPGSejowhmQNUUhaX8dYF1Q  
info: Microsoft.AspNetCore.Hosting.Internal.WebHost[1]
      Request starting HTTP/1.1 GET http://localhost:62114/fonts/material-icons/materialicons.css?v=2SsVsQpWRHM3EJ4D4MT4RRpiEXbEuK0vEjPxVr5P7Ek  
info: Microsoft.AspNetCore.Hosting.Internal.WebHost[1]
      Request starting HTTP/1.1 GET http://localhost:62114/lib/toastr/toastr.css?v=W8a9WvLyUO7CXtOC4f9LoUMwkywM7JSq-Xm5kNsYW08  
info: Microsoft.AspNetCore.StaticFiles.StaticFileMiddleware[2]
      Sending file. Request path: '/lib/toastr/toastr.css'. Physical path: 'C:\Users\nguye\Google Drive\Xn\Xn\3.7.0\aspnet-core\src\Xn.Web.Mvc\wwwroot\lib\toastr\toastr.css'
info: Microsoft.AspNetCore.StaticFiles.StaticFileMiddleware[2]
      Sending file. Request path: '/fonts/material-icons/materialicons.css'. Physical path: 'C:\Users\nguye\Google Drive\Xn\Xn\3.7.0\aspnet-core\src\Xn.Web.Mvc\wwwroot\fonts\material-icons\materialicons.css'
info: Microsoft.AspNetCore.StaticFiles.StaticFileMiddleware[2]
      Sending file. Request path: '/fonts/roboto/roboto.css'. Physical path: 'C:\Users\nguye\Google Drive\Xn\Xn\3.7.0\aspnet-core\src\Xn.Web.Mvc\wwwroot\fonts\roboto\roboto.css'
info: Microsoft.AspNetCore.StaticFiles.StaticFileMiddleware[2]
      Sending file. Request path: '/lib/bootstrap/dist/css/bootstrap.css'. Physical path: 'C:\Users\nguye\Google Drive\Xn\Xn\3.7.0\aspnet-core\src\Xn.Web.Mvc\wwwroot\lib\bootstrap\dist\css\bootstrap.css'
info: Microsoft.AspNetCore.Hosting.Internal.WebHost[2]
      Request finished in 78.4899ms 200 text/css
info: Microsoft.AspNetCore.Hosting.Internal.WebHost[1]
      Request starting HTTP/1.1 GET http://localhost:62114/lib/famfamfam-flags/dist/sprite/famfamfam-flags.css?v=l7wu43l7XpKWzFn29hiH8AFe4I_CNzbCPmaAQivPYMg  
info: Microsoft.AspNetCore.StaticFiles.StaticFileMiddleware[2]
      Sending file. Request path: '/lib/famfamfam-flags/dist/sprite/famfamfam-flags.css'. Physical path: 'C:\Users\nguye\Google Drive\Xn\Xn\3.7.0\aspnet-core\src\Xn.Web.Mvc\wwwroot\lib\famfamfam-flags\dist\sprite\famfamfam-flags.css'
info: Microsoft.AspNetCore.Hosting.Internal.WebHost[2]
      Request finished in 96.6532ms 200 text/css
info: Microsoft.AspNetCore.Hosting.Internal.WebHost[2]
      Request finished in 78.0279ms 200 text/css
info: Microsoft.AspNetCore.Hosting.Internal.WebHost[1]
      Request starting HTTP/1.1 GET http://localhost:62114/lib/font-awesome/css/font-awesome.css?v=NuCn4IvuZXdBaFKJOAcsU2Q3ZpwbdFisd5dux4jkQ5w  
info: Microsoft.AspNetCore.StaticFiles.StaticFileMiddleware[2]
      Sending file. Request path: '/lib/font-awesome/css/font-awesome.css'. Physical path: 'C:\Users\nguye\Google Drive\Xn\Xn\3.7.0\aspnet-core\src\Xn.Web.Mvc\wwwroot\lib\font-awesome\css\font-awesome.css'
info: Microsoft.AspNetCore.Hosting.Internal.WebHost[2]
      Request finished in 6.2505ms 200 text/css
info: Microsoft.AspNetCore.Hosting.Internal.WebHost[2]
      Request finished in 3.4651ms 200 text/css
info: Microsoft.AspNetCore.Hosting.Internal.WebHost[2]
      Request finished in 137.569ms 200 text/css
info: Microsoft.AspNetCore.Hosting.Internal.WebHost[1]
      Request starting HTTP/1.1 GET http://localhost:62114/lib/animate.css/animate.css?v=00w68NO3TLuHjKRHJmjrrgJBDtG_6OhbJEu1gtHcsuo  
info: Microsoft.AspNetCore.StaticFiles.StaticFileMiddleware[2]
      Sending file. Request path: '/lib/animate.css/animate.css'. Physical path: 'C:\Users\nguye\Google Drive\Xn\Xn\3.7.0\aspnet-core\src\Xn.Web.Mvc\wwwroot\lib\animate.css\animate.css'
info: Microsoft.AspNetCore.Hosting.Internal.WebHost[2]
      Request finished in 3.7155ms 200 text/css
info: Microsoft.AspNetCore.Hosting.Internal.WebHost[1]
      Request starting HTTP/1.1 GET http://localhost:62114/lib/Waves/dist/waves.css?v=0zP86LzXedNkkBjePtKrMTAPuIy6EzHfGlyYvsmGLBw  
info: Microsoft.AspNetCore.Hosting.Internal.WebHost[1]
      Request starting HTTP/1.1 GET http://localhost:62114/css/materialize.css?v=OdWlipUYj8b9Oa4RyT45njteIcxH-4pGocqe0r0V8js  
info: Microsoft.AspNetCore.Hosting.Internal.WebHost[1]
      Request starting HTTP/1.1 GET http://localhost:62114/view-resources/Views/Account/Login.css?v=j_16MTiQNlUrKdjTrCjLCSGkIIjHvt8tFUyucW02Vqw  
info: Microsoft.AspNetCore.StaticFiles.StaticFileMiddleware[2]
      Sending file. Request path: '/lib/Waves/dist/waves.css'. Physical path: 'C:\Users\nguye\Google Drive\Xn\Xn\3.7.0\aspnet-core\src\Xn.Web.Mvc\wwwroot\lib\Waves\dist\waves.css'
info: Microsoft.AspNetCore.StaticFiles.StaticFileMiddleware[2]
      Sending file. Request path: '/css/materialize.css'. Physical path: 'C:\Users\nguye\Google Drive\Xn\Xn\3.7.0\aspnet-core\src\Xn.Web.Mvc\wwwroot\css\materialize.css'
info: Microsoft.AspNetCore.StaticFiles.StaticFileMiddleware[2]
      Sending file. Request path: '/view-resources/Views/Account/Login.css'. Physical path: 'C:\Users\nguye\Google Drive\Xn\Xn\3.7.0\aspnet-core\src\Xn.Web.Mvc\wwwroot\view-resources\Views\Account\Login.css'
info: Microsoft.AspNetCore.Hosting.Internal.WebHost[2]
      Request finished in 5.3787ms 200 text/css
info: Microsoft.AspNetCore.Hosting.Internal.WebHost[2]
      Request finished in 4.7186ms 200 text/css
info: Microsoft.AspNetCore.Hosting.Internal.WebHost[2]
      Request finished in 5.1057ms 200 text/css
info: Microsoft.AspNetCore.Hosting.Internal.WebHost[1]
      Request starting HTTP/1.1 GET http://localhost:62114/lib/json2/json2.js?v=EZJ68U7eUi8uSP0MRRUalYten2eOlhREE9kJOIbIeYg  
info: Microsoft.AspNetCore.StaticFiles.StaticFileMiddleware[2]
      Sending file. Request path: '/lib/json2/json2.js'. Physical path: 'C:\Users\nguye\Google Drive\Xn\Xn\3.7.0\aspnet-core\src\Xn.Web.Mvc\wwwroot\lib\json2\json2.js'
info: Microsoft.AspNetCore.Hosting.Internal.WebHost[2]
      Request finished in 7.7558ms 200 application/javascript
info: Microsoft.AspNetCore.Hosting.Internal.WebHost[1]
      Request starting HTTP/1.1 GET http://localhost:62114/lib/jquery/dist/jquery.js?v=DZAnKJ_6XZ9si04Hgrsxu_8s717jcIzLy3oi35EouyE  
info: Microsoft.AspNetCore.StaticFiles.StaticFileMiddleware[2]
      Sending file. Request path: '/lib/jquery/dist/jquery.js'. Physical path: 'C:\Users\nguye\Google Drive\Xn\Xn\3.7.0\aspnet-core\src\Xn.Web.Mvc\wwwroot\lib\jquery\dist\jquery.js'
info: Microsoft.AspNetCore.Hosting.Internal.WebHost[2]
      Request finished in 21.2349ms 200 application/javascript
info: Microsoft.AspNetCore.Hosting.Internal.WebHost[1]
      Request starting HTTP/1.1 GET http://localhost:62114/lib/bootstrap/dist/js/bootstrap.js?v=Cr6N6zNN4bp0OwTQOZ6Z66M2r-2dpy_EwKMCyZ-SOMg  
info: Microsoft.AspNetCore.StaticFiles.StaticFileMiddleware[2]
      Sending file. Request path: '/lib/bootstrap/dist/js/bootstrap.js'. Physical path: 'C:\Users\nguye\Google Drive\Xn\Xn\3.7.0\aspnet-core\src\Xn.Web.Mvc\wwwroot\lib\bootstrap\dist\js\bootstrap.js'
info: Microsoft.AspNetCore.Hosting.Internal.WebHost[2]
      Request finished in 11.7121ms 200 application/javascript
info: Microsoft.AspNetCore.Hosting.Internal.WebHost[1]
      Request starting HTTP/1.1 GET http://localhost:62114/view-resources/Views/Account/_Layout.css?v=vIEtxnpR3ZrYbYcueRr_mJ9XuJJzDprh4sMCwvRBcqk  
info: Microsoft.AspNetCore.StaticFiles.StaticFileMiddleware[2]
      Sending file. Request path: '/view-resources/Views/Account/_Layout.css'. Physical path: 'C:\Users\nguye\Google Drive\Xn\Xn\3.7.0\aspnet-core\src\Xn.Web.Mvc\wwwroot\view-resources\Views\Account\_Layout.css'
info: Microsoft.AspNetCore.Hosting.Internal.WebHost[2]
      Request finished in 6.0325ms 200 text/css
info: Microsoft.AspNetCore.Hosting.Internal.WebHost[1]
      Request starting HTTP/1.1 GET http://localhost:62114/lib/jquery-validation/dist/jquery.validate.js?v=KuzD50lDGNI5jq_ipt4hwDpSJk3fhseTR1jdvaBoZLs  
info: Microsoft.AspNetCore.StaticFiles.StaticFileMiddleware[2]
      Sending file. Request path: '/lib/jquery-validation/dist/jquery.validate.js'. Physical path: 'C:\Users\nguye\Google Drive\Xn\Xn\3.7.0\aspnet-core\src\Xn.Web.Mvc\wwwroot\lib\jquery-validation\dist\jquery.validate.js'
info: Microsoft.AspNetCore.Hosting.Internal.WebHost[2]
      Request finished in 30.3348ms 200 application/javascript
info: Microsoft.AspNetCore.Hosting.Internal.WebHost[1]
      Request starting HTTP/1.1 GET http://localhost:62114/lib/toastr/toastr.js?v=C7DJ6LzTt1Hvj9fd-yRnySs3I4T2B8XmQ3TqXQjc00g  
info: Microsoft.AspNetCore.StaticFiles.StaticFileMiddleware[2]
      Sending file. Request path: '/lib/toastr/toastr.js'. Physical path: 'C:\Users\nguye\Google Drive\Xn\Xn\3.7.0\aspnet-core\src\Xn.Web.Mvc\wwwroot\lib\toastr\toastr.js'
info: Microsoft.AspNetCore.Hosting.Internal.WebHost[2]
      Request finished in 5.6944ms 200 application/javascript
info: Microsoft.AspNetCore.Hosting.Internal.WebHost[1]
      Request starting HTTP/1.1 GET http://localhost:62114/css/style.css?v=151KUrNx-cFGpjXC7QZ8WbWSo-mQTLO0htvGyBUR_i8  
info: Microsoft.AspNetCore.Hosting.Internal.WebHost[1]
      Request starting HTTP/1.1 GET http://localhost:62114/lib/sweetalert/dist/sweetalert.min.js?v=aPktydUv1rN3mouQeXoKi3ioFTIQlULuqYeoTAA2ihY  
info: Microsoft.AspNetCore.Hosting.Internal.WebHost[1]
      Request starting HTTP/1.1 GET http://localhost:62114/lib/blockUI/jquery.blockUI.js?v=oQaw-JJuUcJQ9QVYMcFnPxICDT-hv8-kuxT2FNzTGhc  
info: Microsoft.AspNetCore.StaticFiles.StaticFileMiddleware[2]
      Sending file. Request path: '/css/style.css'. Physical path: 'C:\Users\nguye\Google Drive\Xn\Xn\3.7.0\aspnet-core\src\Xn.Web.Mvc\wwwroot\css\style.css'
info: Microsoft.AspNetCore.StaticFiles.StaticFileMiddleware[2]
      Sending file. Request path: '/lib/blockUI/jquery.blockUI.js'. Physical path: 'C:\Users\nguye\Google Drive\Xn\Xn\3.7.0\aspnet-core\src\Xn.Web.Mvc\wwwroot\lib\blockUI\jquery.blockUI.js'
info: Microsoft.AspNetCore.StaticFiles.StaticFileMiddleware[2]
      Sending file. Request path: '/lib/sweetalert/dist/sweetalert.min.js'. Physical path: 'C:\Users\nguye\Google Drive\Xn\Xn\3.7.0\aspnet-core\src\Xn.Web.Mvc\wwwroot\lib\sweetalert\dist\sweetalert.min.js'
info: Microsoft.AspNetCore.Hosting.Internal.WebHost[1]
      Request starting HTTP/1.1 GET http://localhost:62114/lib/moment/min/moment-with-locales.js?v=7CN4bWPV0U57HDA4YjdCBKCAynhqdWErjNn-5rrsW_I  
info: Microsoft.AspNetCore.StaticFiles.StaticFileMiddleware[2]
      Sending file. Request path: '/lib/moment/min/moment-with-locales.js'. Physical path: 'C:\Users\nguye\Google Drive\Xn\Xn\3.7.0\aspnet-core\src\Xn.Web.Mvc\wwwroot\lib\moment\min\moment-with-locales.js'
info: Microsoft.AspNetCore.Hosting.Internal.WebHost[2]
      Request finished in 4.8073ms 200 application/javascript
info: Microsoft.AspNetCore.Hosting.Internal.WebHost[2]
      Request finished in 17.962ms 200 application/javascript
info: Microsoft.AspNetCore.Hosting.Internal.WebHost[2]
      Request finished in 17.8837ms 200 text/css
info: Microsoft.AspNetCore.Hosting.Internal.WebHost[2]
      Request finished in 23.1206ms 200 application/javascript
info: Microsoft.AspNetCore.Hosting.Internal.WebHost[1]
      Request starting HTTP/1.1 GET http://localhost:62114/lib/spin.js/jquery.spin.js?v=EG38bUU5b2M64hy9cNAzu_cQBEsiBYsDifOcoHqNd2k  
info: Microsoft.AspNetCore.StaticFiles.StaticFileMiddleware[2]
      Sending file. Request path: '/lib/spin.js/jquery.spin.js'. Physical path: 'C:\Users\nguye\Google Drive\Xn\Xn\3.7.0\aspnet-core\src\Xn.Web.Mvc\wwwroot\lib\spin.js\jquery.spin.js'
info: Microsoft.AspNetCore.Hosting.Internal.WebHost[2]
      Request finished in 14.807ms 200 application/javascript
info: Microsoft.AspNetCore.Hosting.Internal.WebHost[1]
      Request starting HTTP/1.1 GET http://localhost:62114/lib/abp-web-resources/Abp/Framework/scripts/libs/abp.sweet-alert.js?v=guLvtVJMvLobKpGAlQigrGWMQ1sGQo4yTL46zjGQUUY  
info: Microsoft.AspNetCore.StaticFiles.StaticFileMiddleware[2]
      Sending file. Request path: '/lib/abp-web-resources/Abp/Framework/scripts/libs/abp.sweet-alert.js'. Physical path: 'C:\Users\nguye\Google Drive\Xn\Xn\3.7.0\aspnet-core\src\Xn.Web.Mvc\wwwroot\lib\abp-web-resources\Abp\Framework\scripts\libs\abp.sweet-alert.js'
info: Microsoft.AspNetCore.Hosting.Internal.WebHost[2]
      Request finished in 6.6231ms 200 application/javascript
info: Microsoft.AspNetCore.Hosting.Internal.WebHost[1]
      Request starting HTTP/1.1 GET http://localhost:62114/lib/abp-web-resources/Abp/Framework/scripts/libs/abp.spin.js?v=RJuGDX616JN_UziXsmKnth0alpECKCx0gtxKZVrZWxY  
info: Microsoft.AspNetCore.StaticFiles.StaticFileMiddleware[2]
      Sending file. Request path: '/lib/abp-web-resources/Abp/Framework/scripts/libs/abp.spin.js'. Physical path: 'C:\Users\nguye\Google Drive\Xn\Xn\3.7.0\aspnet-core\src\Xn.Web.Mvc\wwwroot\lib\abp-web-resources\Abp\Framework\scripts\libs\abp.spin.js'
info: Microsoft.AspNetCore.Hosting.Internal.WebHost[2]
      Request finished in 5.0686ms 200 application/javascript
info: Microsoft.AspNetCore.Hosting.Internal.WebHost[1]
      Request starting HTTP/1.1 GET http://localhost:62114/lib/abp-web-resources/Abp/Framework/scripts/libs/abp.blockUI.js?v=Y3zoG-hSFKmbS3BHKo_wFWRPbyzJXKoNrnF73uFdtqU  
info: Microsoft.AspNetCore.StaticFiles.StaticFileMiddleware[2]
      Sending file. Request path: '/lib/abp-web-resources/Abp/Framework/scripts/libs/abp.blockUI.js'. Physical path: 'C:\Users\nguye\Google Drive\Xn\Xn\3.7.0\aspnet-core\src\Xn.Web.Mvc\wwwroot\lib\abp-web-resources\Abp\Framework\scripts\libs\abp.blockUI.js'
info: Microsoft.AspNetCore.Hosting.Internal.WebHost[2]
      Request finished in 6.2928ms 200 application/javascript
info: Microsoft.AspNetCore.Hosting.Internal.WebHost[1]
      Request starting HTTP/1.1 GET http://localhost:62114/lib/Waves/dist/waves.js?v=Lar7zQhqgdoUsaqhuwkgnWgsC-eRWIxHhJPV-QtrDog  
info: Microsoft.AspNetCore.StaticFiles.StaticFileMiddleware[2]
      Sending file. Request path: '/lib/Waves/dist/waves.js'. Physical path: 'C:\Users\nguye\Google Drive\Xn\Xn\3.7.0\aspnet-core\src\Xn.Web.Mvc\wwwroot\lib\Waves\dist\waves.js'
info: Microsoft.AspNetCore.Hosting.Internal.WebHost[2]
      Request finished in 4.2098ms 200 application/javascript
info: Microsoft.AspNetCore.Hosting.Internal.WebHost[1]
      Request starting HTTP/1.1 GET http://localhost:62114/lib/abp-web-resources/Abp/Framework/scripts/abp.js?v=FGfi3RfHf06ftjVdq2JaO16cF9CPZNPvujmuYBacXxg  
info: Microsoft.AspNetCore.StaticFiles.StaticFileMiddleware[2]
      Sending file. Request path: '/lib/abp-web-resources/Abp/Framework/scripts/abp.js'. Physical path: 'C:\Users\nguye\Google Drive\Xn\Xn\3.7.0\aspnet-core\src\Xn.Web.Mvc\wwwroot\lib\abp-web-resources\Abp\Framework\scripts\abp.js'
info: Microsoft.AspNetCore.Hosting.Internal.WebHost[2]
      Request finished in 3.5236ms 200 application/javascript
info: Microsoft.AspNetCore.Hosting.Internal.WebHost[1]
      Request starting HTTP/1.1 GET http://localhost:62114/js/admin.js?v=EVe7kfOaz9IIbzAxojHn8QU2lv1sAlpN_v_9R5MU9mg  
info: Microsoft.AspNetCore.StaticFiles.StaticFileMiddleware[2]
      Sending file. Request path: '/js/admin.js'. Physical path: 'C:\Users\nguye\Google Drive\Xn\Xn\3.7.0\aspnet-core\src\Xn.Web.Mvc\wwwroot\js\admin.js'
info: Microsoft.AspNetCore.Hosting.Internal.WebHost[2]
      Request finished in 6.6329ms 200 application/javascript
info: Microsoft.AspNetCore.Hosting.Internal.WebHost[1]
      Request starting HTTP/1.1 GET http://localhost:62114/AbpScripts/GetScripts?v=636623106303066227  
info: Microsoft.AspNetCore.Hosting.Internal.WebHost[1]
      Request starting HTTP/1.1 GET http://localhost:62114/js/main.js?v=PYAEuwwhYiuoK7qNAUxcZVML-YMRIqy7lCKjmAr1Dns  
info: Microsoft.AspNetCore.StaticFiles.StaticFileMiddleware[2]
      Sending file. Request path: '/js/main.js'. Physical path: 'C:\Users\nguye\Google Drive\Xn\Xn\3.7.0\aspnet-core\src\Xn.Web.Mvc\wwwroot\js\main.js'
info: Microsoft.AspNetCore.Hosting.Internal.WebHost[2]
      Request finished in 2.5579ms 200 application/javascript
info: Microsoft.AspNetCore.Hosting.Internal.WebHost[1]
      Request starting HTTP/1.1 GET http://localhost:62114/AbpServiceProxies/GetAll?v=636623106303066227  
info: Microsoft.AspNetCore.Hosting.Internal.WebHost[1]
      Request starting HTTP/1.1 GET http://localhost:62114/view-resources/Views/Account/Login.js?v=o2PUQBkwW7VjtzD5RNxKPa3oShr3fMFHds_2dwIAV5M  
info: Microsoft.AspNetCore.Hosting.Internal.WebHost[1]
      Request starting HTTP/1.1 GET http://localhost:62114/lib/spin.js/spin.js?v=GySbz3oZXNlwoawo5PpYy0iM38B-q3jyi_HLw00uxy0  
info: Microsoft.AspNetCore.StaticFiles.StaticFileMiddleware[2]
      Sending file. Request path: '/view-resources/Views/Account/Login.js'. Physical path: 'C:\Users\nguye\Google Drive\Xn\Xn\3.7.0\aspnet-core\src\Xn.Web.Mvc\wwwroot\view-resources\Views\Account\Login.js'
info: Microsoft.AspNetCore.StaticFiles.StaticFileMiddleware[2]
      Sending file. Request path: '/lib/spin.js/spin.js'. Physical path: 'C:\Users\nguye\Google Drive\Xn\Xn\3.7.0\aspnet-core\src\Xn.Web.Mvc\wwwroot\lib\spin.js\spin.js'
info: Microsoft.AspNetCore.Hosting.Internal.WebHost[2]
      Request finished in 2.9331ms 200 application/javascript
info: Microsoft.AspNetCore.Hosting.Internal.WebHost[2]
      Request finished in 2.4123ms 200 application/javascript
info: Microsoft.AspNetCore.Mvc.Internal.ControllerActionInvoker[1]
      Executing action method Abp.AspNetCore.Mvc.Controllers.AbpScriptsController.GetScripts (Abp.AspNetCore) with arguments () - ModelState is Valid
info: Microsoft.AspNetCore.Hosting.Internal.WebHost[1]
      Request starting HTTP/1.1 GET http://localhost:62114/view-resources/Views/Shared/Components/TenantChange/Default.js?v=636623106798210596  
info: Microsoft.AspNetCore.StaticFiles.StaticFileMiddleware[2]
      Sending file. Request path: '/view-resources/Views/Shared/Components/TenantChange/Default.js'. Physical path: 'C:\Users\nguye\Google Drive\Xn\Xn\3.7.0\aspnet-core\src\Xn.Web.Mvc\wwwroot\view-resources\Views\Shared\Components\TenantChange\Default.js'
info: Microsoft.AspNetCore.Hosting.Internal.WebHost[2]
      Request finished in 3.3067ms 200 application/javascript
info: Microsoft.AspNetCore.Hosting.Internal.WebHost[1]
      Request starting HTTP/1.1 GET http://localhost:62114/lib/abp-web-resources/Abp/Framework/scripts/libs/abp.jquery.js?v=lMgLZMlGsipWDxpvEPxfKVREzRedV_ygRnTj2kvADpw  
info: Microsoft.AspNetCore.StaticFiles.StaticFileMiddleware[2]
      Sending file. Request path: '/lib/abp-web-resources/Abp/Framework/scripts/libs/abp.jquery.js'. Physical path: 'C:\Users\nguye\Google Drive\Xn\Xn\3.7.0\aspnet-core\src\Xn.Web.Mvc\wwwroot\lib\abp-web-resources\Abp\Framework\scripts\libs\abp.jquery.js'
info: Microsoft.AspNetCore.Hosting.Internal.WebHost[2]
      Request finished in 3.5798ms 200 application/javascript
info: Microsoft.AspNetCore.Hosting.Internal.WebHost[1]
      Request starting HTTP/1.1 GET http://localhost:62114/fonts/roboto/CWB0XYA8bzo0kSThX0UTuA.woff2  
info: Microsoft.AspNetCore.Hosting.Internal.WebHost[1]
      Request starting HTTP/1.1 GET http://localhost:62114/lib/abp-web-resources/Abp/Framework/scripts/libs/abp.toastr.js?v=ImopdkB8alCil1HigOwW3CDqWKsLZXyplf7TXBbjRnE  
info: Microsoft.AspNetCore.StaticFiles.StaticFileMiddleware[2]
      Sending file. Request path: '/fonts/roboto/CWB0XYA8bzo0kSThX0UTuA.woff2'. Physical path: 'C:\Users\nguye\Google Drive\Xn\Xn\3.7.0\aspnet-core\src\Xn.Web.Mvc\wwwroot\fonts\roboto\CWB0XYA8bzo0kSThX0UTuA.woff2'
info: Microsoft.AspNetCore.StaticFiles.StaticFileMiddleware[2]
      Sending file. Request path: '/lib/abp-web-resources/Abp/Framework/scripts/libs/abp.toastr.js'. Physical path: 'C:\Users\nguye\Google Drive\Xn\Xn\3.7.0\aspnet-core\src\Xn.Web.Mvc\wwwroot\lib\abp-web-resources\Abp\Framework\scripts\libs\abp.toastr.js'
info: Microsoft.AspNetCore.Hosting.Internal.WebHost[2]
      Request finished in 8.264ms 200 application/javascript
info: Microsoft.AspNetCore.Hosting.Internal.WebHost[2]
      Request finished in 50.1168ms 200 font/woff2
info: Microsoft.AspNetCore.Mvc.Internal.ControllerActionInvoker[1]
      Executing action method Abp.AspNetCore.Mvc.Proxying.AbpServiceProxiesController.GetAll (Abp.AspNetCore) with arguments (Abp.AspNetCore.Mvc.Proxying.ApiProxyGenerationModel) - ModelState is Valid
info: Microsoft.AspNetCore.Hosting.Internal.WebHost[1]
      Request starting HTTP/1.1 GET http://localhost:62114/fonts/material-icons/materialicons.woff2  
info: Microsoft.AspNetCore.Hosting.Internal.WebHost[1]
      Request starting HTTP/1.1 GET http://localhost:62114/fonts/roboto/d-6IYplOFocCacKzxwXSOFtXRa8TVwTICgirnJhmVJw.woff2  
info: Microsoft.AspNetCore.StaticFiles.StaticFileMiddleware[2]
      Sending file. Request path: '/fonts/material-icons/materialicons.woff2'. Physical path: 'C:\Users\nguye\Google Drive\Xn\Xn\3.7.0\aspnet-core\src\Xn.Web.Mvc\wwwroot\fonts\material-icons\materialicons.woff2'
info: Microsoft.AspNetCore.StaticFiles.StaticFileMiddleware[2]
      Sending file. Request path: '/fonts/roboto/d-6IYplOFocCacKzxwXSOFtXRa8TVwTICgirnJhmVJw.woff2'. Physical path: 'C:\Users\nguye\Google Drive\Xn\Xn\3.7.0\aspnet-core\src\Xn.Web.Mvc\wwwroot\fonts\roboto\d-6IYplOFocCacKzxwXSOFtXRa8TVwTICgirnJhmVJw.woff2'
info: Microsoft.AspNetCore.Hosting.Internal.WebHost[1]
      Request starting HTTP/1.1 GET http://localhost:62114/lib/famfamfam-flags/dist/sprite/famfamfam-flags.png  
info: Microsoft.AspNetCore.StaticFiles.StaticFileMiddleware[2]
      Sending file. Request path: '/lib/famfamfam-flags/dist/sprite/famfamfam-flags.png'. Physical path: 'C:\Users\nguye\Google Drive\Xn\Xn\3.7.0\aspnet-core\src\Xn.Web.Mvc\wwwroot\lib\famfamfam-flags\dist\sprite\famfamfam-flags.png'
info: Microsoft.AspNetCore.Hosting.Internal.WebHost[2]
      Request finished in 34.725ms 200 image/png
info: Microsoft.AspNetCore.Hosting.Internal.WebHost[2]
      Request finished in 126.3695ms 200 font/woff2
info: Microsoft.AspNetCore.Hosting.Internal.WebHost[2]
      Request finished in 133.9516ms 200 font/woff2
info: Microsoft.AspNetCore.Mvc.Internal.ContentResultExecutor[1]
      Executing ContentResult with HTTP Response ContentType of application/x-javascript; charset=utf-8
info: Microsoft.AspNetCore.Mvc.Internal.ControllerActionInvoker[2]
      Executed action Abp.AspNetCore.Mvc.Controllers.AbpScriptsController.GetScripts (Abp.AspNetCore) in 767.6605ms
info: Microsoft.AspNetCore.Hosting.Internal.WebHost[2]
      Request finished in 855.4504ms 200 application/x-javascript; charset=utf-8
info: Microsoft.AspNetCore.Mvc.Internal.ContentResultExecutor[1]
      Executing ContentResult with HTTP Response ContentType of application/x-javascript
info: Microsoft.AspNetCore.Mvc.Internal.ControllerActionInvoker[2]
      Executed action Abp.AspNetCore.Mvc.Proxying.AbpServiceProxiesController.GetAll (Abp.AspNetCore) in 891.8968ms
info: Microsoft.AspNetCore.Hosting.Internal.WebHost[2]
      Request finished in 1057.6053ms 200 application/x-javascript
info: Microsoft.AspNetCore.Hosting.Internal.WebHost[1]
      Request starting HTTP/1.1 POST http://localhost:62114/Account/Login application/x-www-form-urlencoded 272
info: Microsoft.AspNetCore.Mvc.Internal.ControllerActionInvoker[1]
      Executing action method Xn.Web.Controllers.AccountController.Login (Xn.Web.Mvc) with arguments (Xn.Web.Models.Account.LoginViewModel, /, ) - ModelState is Valid
info: Microsoft.AspNetCore.Authentication.Cookies.CookieAuthenticationHandler[10]
      AuthenticationScheme: Identity.Application signed in.
info: Microsoft.AspNetCore.Mvc.Formatters.Json.Internal.JsonResultExecutor[1]
      Executing JsonResult, writing value Abp.Web.Models.AjaxResponse.
info: Microsoft.AspNetCore.Mvc.Internal.ControllerActionInvoker[2]
      Executed action Xn.Web.Controllers.AccountController.Login (Xn.Web.Mvc) in 2919.912ms
info: Microsoft.AspNetCore.Hosting.Internal.WebHost[2]
      Request finished in 2960.3238ms 200 application/json; charset=utf-8
info: Microsoft.AspNetCore.Hosting.Internal.WebHost[1]
      Request starting HTTP/1.1 GET http://localhost:62114/  
info: Microsoft.AspNetCore.Authentication.Cookies.CookieAuthenticationHandler[8]
      AuthenticationScheme: Identity.Application was successfully authenticated.
info: Microsoft.AspNetCore.Authorization.DefaultAuthorizationService[1]
      Authorization was successful.
info: Microsoft.AspNetCore.Mvc.Internal.ControllerActionInvoker[1]
      Executing action method Xn.Web.Controllers.HomeController.Index (Xn.Web.Mvc) with arguments ((null)) - ModelState is Valid
info: Microsoft.AspNetCore.Mvc.ViewFeatures.Internal.ViewResultExecutor[1]
      Executing ViewResult, running view at path /Views/Home/Index.cshtml.
info: Microsoft.AspNetCore.Mvc.Internal.ControllerActionInvoker[2]
      Executed action Xn.Web.Controllers.HomeController.Index (Xn.Web.Mvc) in 5949.3232ms
info: Microsoft.AspNetCore.Hosting.Internal.WebHost[2]
      Request finished in 6078.9109ms 200 text/html; charset=utf-8
info: Microsoft.AspNetCore.Hosting.Internal.WebHost[1]
      Request starting HTTP/1.1 GET http://localhost:62114/lib/bootstrap-select/dist/css/bootstrap-select.css?v=a7N4Jki3LzSbThclvqbu4nF45twcjuc772JGFhY9qwk  
info: Microsoft.AspNetCore.StaticFiles.StaticFileMiddleware[2]
      Sending file. Request path: '/lib/bootstrap-select/dist/css/bootstrap-select.css'. Physical path: 'C:\Users\nguye\Google Drive\Xn\Xn\3.7.0\aspnet-core\src\Xn.Web.Mvc\wwwroot\lib\bootstrap-select\dist\css\bootstrap-select.css'
info: Microsoft.AspNetCore.Hosting.Internal.WebHost[2]
      Request finished in 19.4778ms 200 text/css
info: Microsoft.AspNetCore.Hosting.Internal.WebHost[1]
      Request starting HTTP/1.1 GET http://localhost:62114/images/user.png  
info: Microsoft.AspNetCore.Hosting.Internal.WebHost[1]
      Request starting HTTP/1.1 GET http://localhost:62114/view-resources/Views/Shared/_Layout.css?v=uq7unI_U0xZr0Pbyzeu6KfbJKHVFuv0wNJ4CrrhQknw  
info: Microsoft.AspNetCore.StaticFiles.StaticFileMiddleware[2]
      Sending file. Request path: '/view-resources/Views/Shared/_Layout.css'. Physical path: 'C:\Users\nguye\Google Drive\Xn\Xn\3.7.0\aspnet-core\src\Xn.Web.Mvc\wwwroot\view-resources\Views\Shared\_Layout.css'
info: Microsoft.AspNetCore.StaticFiles.StaticFileMiddleware[2]
      Sending file. Request path: '/images/user.png'. Physical path: 'C:\Users\nguye\Google Drive\Xn\Xn\3.7.0\aspnet-core\src\Xn.Web.Mvc\wwwroot\images\user.png'
info: Microsoft.AspNetCore.Hosting.Internal.WebHost[2]
      Request finished in 2.4007ms 200 text/css
info: Microsoft.AspNetCore.Hosting.Internal.WebHost[1]
      Request starting HTTP/1.1 GET http://localhost:62114/css/themes/all-themes.css?v=XaAlkmhL9gA6mBxpcxGYAWxggxkIpRmT9qGbKejs6eA  
info: Microsoft.AspNetCore.StaticFiles.StaticFileMiddleware[2]
      Sending file. Request path: '/css/themes/all-themes.css'. Physical path: 'C:\Users\nguye\Google Drive\Xn\Xn\3.7.0\aspnet-core\src\Xn.Web.Mvc\wwwroot\css\themes\all-themes.css'
info: Microsoft.AspNetCore.Hosting.Internal.WebHost[2]
      Request finished in 35.1967ms 200 text/css
info: Microsoft.AspNetCore.Hosting.Internal.WebHost[1]
      Request starting HTTP/1.1 GET http://localhost:62114/lib/morris.js/morris.css?v=szHusaozbQctTn4FX-3l5E0A5zoxz7-ne4fr8NgWJlw  
info: Microsoft.AspNetCore.StaticFiles.StaticFileMiddleware[2]
      Sending file. Request path: '/lib/morris.js/morris.css'. Physical path: 'C:\Users\nguye\Google Drive\Xn\Xn\3.7.0\aspnet-core\src\Xn.Web.Mvc\wwwroot\lib\morris.js\morris.css'
info: Microsoft.AspNetCore.Hosting.Internal.WebHost[2]
      Request finished in 3.906ms 200 text/css
info: Microsoft.AspNetCore.Hosting.Internal.WebHost[2]
      Request finished in 64.4892ms 200 image/png
info: Microsoft.AspNetCore.Hosting.Internal.WebHost[1]
      Request starting HTTP/1.1 GET http://localhost:62114/js/table-angularjs/jquery.dataTables.min.css?v=YY1izqyhIj4W3iyJOaGWOpXDSwrHWFL4Nfk-W0LyCHE  
info: Microsoft.AspNetCore.StaticFiles.StaticFileMiddleware[2]
      Sending file. Request path: '/js/table-angularjs/jquery.dataTables.min.css'. Physical path: 'C:\Users\nguye\Google Drive\Xn\Xn\3.7.0\aspnet-core\src\Xn.Web.Mvc\wwwroot\js\table-angularjs\jquery.dataTables.min.css'
info: Microsoft.AspNetCore.Hosting.Internal.WebHost[1]
      Request starting HTTP/1.1 GET http://localhost:62114/lib/jquery-slimscroll/jquery.slimscroll.js?v=4K6ZHzwMYR5_eU2SeDIaByus_qki9IFY8hmxl5U6D1Y  
info: Microsoft.AspNetCore.StaticFiles.StaticFileMiddleware[2]
      Sending file. Request path: '/lib/jquery-slimscroll/jquery.slimscroll.js'. Physical path: 'C:\Users\nguye\Google Drive\Xn\Xn\3.7.0\aspnet-core\src\Xn.Web.Mvc\wwwroot\lib\jquery-slimscroll\jquery.slimscroll.js'
info: Microsoft.AspNetCore.Hosting.Internal.WebHost[2]
      Request finished in 8.5473ms 200 application/javascript
info: Microsoft.AspNetCore.Hosting.Internal.WebHost[2]
      Request finished in 22.3526ms 200 text/css
info: Microsoft.AspNetCore.Hosting.Internal.WebHost[1]
      Request starting HTTP/1.1 GET http://localhost:62114/lib/bootstrap-select/dist/js/bootstrap-select.js?v=_KDPX2Vvqq8sySMxlLNJxt9j6Cmb8i_xp602ozhYxzI  
info: Microsoft.AspNetCore.StaticFiles.StaticFileMiddleware[2]
      Sending file. Request path: '/lib/bootstrap-select/dist/js/bootstrap-select.js'. Physical path: 'C:\Users\nguye\Google Drive\Xn\Xn\3.7.0\aspnet-core\src\Xn.Web.Mvc\wwwroot\lib\bootstrap-select\dist\js\bootstrap-select.js'
info: Microsoft.AspNetCore.Hosting.Internal.WebHost[2]
      Request finished in 12.1962ms 200 application/javascript
info: Microsoft.AspNetCore.Hosting.Internal.WebHost[1]
      Request starting HTTP/1.1 GET http://localhost:62114/lib/push.js/push.js?v=HDxbpm8oBKwe1bmX9Z1SahYYA7zEbc1dk7LfopvOvoE  
info: Microsoft.AspNetCore.StaticFiles.StaticFileMiddleware[2]
      Sending file. Request path: '/lib/push.js/push.js'. Physical path: 'C:\Users\nguye\Google Drive\Xn\Xn\3.7.0\aspnet-core\src\Xn.Web.Mvc\wwwroot\lib\push.js\push.js'
info: Microsoft.AspNetCore.Hosting.Internal.WebHost[2]
      Request finished in 3.4371ms 200 application/javascript
info: Microsoft.AspNetCore.Hosting.Internal.WebHost[1]
      Request starting HTTP/1.1 GET http://localhost:62114/view-resources/Views/Shared/_Layout.js?v=jOYc7_5N1zFKt3qTihQ-9Kc0wjSMXkAeHUXNyvn8sYo  
info: Microsoft.AspNetCore.StaticFiles.StaticFileMiddleware[2]
      Sending file. Request path: '/view-resources/Views/Shared/_Layout.js'. Physical path: 'C:\Users\nguye\Google Drive\Xn\Xn\3.7.0\aspnet-core\src\Xn.Web.Mvc\wwwroot\view-resources\Views\Shared\_Layout.js'
info: Microsoft.AspNetCore.Hosting.Internal.WebHost[1]
      Request starting HTTP/1.1 GET http://localhost:62114/js/angular.min.js?v=sk9OZF24HqebsmeR4sKCxeMatokA7KtIK4hHO60qm54  
info: Microsoft.AspNetCore.Hosting.Internal.WebHost[2]
      Request finished in 4.458ms 200 application/javascript
info: Microsoft.AspNetCore.StaticFiles.StaticFileMiddleware[2]
      Sending file. Request path: '/js/angular.min.js'. Physical path: 'C:\Users\nguye\Google Drive\Xn\Xn\3.7.0\aspnet-core\src\Xn.Web.Mvc\wwwroot\js\angular.min.js'
info: Microsoft.AspNetCore.Hosting.Internal.WebHost[2]
      Request finished in 24.8442ms 200 application/javascript
info: Microsoft.AspNetCore.Hosting.Internal.WebHost[1]
      Request starting HTTP/1.1 GET http://localhost:62114/js/angular-cookies.min.js?v=poOROwWtFl7F5sosEgrVsRiWCW5M6ZgaJNfML_XEuHY  
info: Microsoft.AspNetCore.StaticFiles.StaticFileMiddleware[2]
      Sending file. Request path: '/js/angular-cookies.min.js'. Physical path: 'C:\Users\nguye\Google Drive\Xn\Xn\3.7.0\aspnet-core\src\Xn.Web.Mvc\wwwroot\js\angular-cookies.min.js'
info: Microsoft.AspNetCore.Hosting.Internal.WebHost[1]
      Request starting HTTP/1.1 GET http://localhost:62114/js/highcharts.js?v=4qC1FQHiGHSV8ujobkeVKamIjkdPAKRVWYr1Of2ud-k  
info: Microsoft.AspNetCore.StaticFiles.StaticFileMiddleware[2]
      Sending file. Request path: '/js/highcharts.js'. Physical path: 'C:\Users\nguye\Google Drive\Xn\Xn\3.7.0\aspnet-core\src\Xn.Web.Mvc\wwwroot\js\highcharts.js'
info: Microsoft.AspNetCore.Hosting.Internal.WebHost[2]
      Request finished in 50.5146ms 200 application/javascript
info: Microsoft.AspNetCore.Hosting.Internal.WebHost[2]
      Request finished in 32.2823ms 200 application/javascript
info: Microsoft.AspNetCore.Hosting.Internal.WebHost[1]
      Request starting HTTP/1.1 GET http://localhost:62114/Angular/main.js?v=Ue52SqR6UH3ONaDXcC3BIBBnromtRS4orAR0aB1kbkw  
info: Microsoft.AspNetCore.StaticFiles.StaticFileMiddleware[2]
      Sending file. Request path: '/Angular/main.js'. Physical path: 'C:\Users\nguye\Google Drive\Xn\Xn\3.7.0\aspnet-core\src\Xn.Web.Mvc\wwwroot\Angular\main.js'
info: Microsoft.AspNetCore.Hosting.Internal.WebHost[2]
      Request finished in 10.0065ms 200 application/javascript
info: Microsoft.AspNetCore.Hosting.Internal.WebHost[1]
      Request starting HTTP/1.1 GET http://localhost:62114/lib/chart.js/dist/Chart.min.js?v=SiHXR50l06UwJvHhFY4e5vzwq75vEHH-8fFNpkXePr0  
info: Microsoft.AspNetCore.StaticFiles.StaticFileMiddleware[2]
      Sending file. Request path: '/lib/chart.js/dist/Chart.min.js'. Physical path: 'C:\Users\nguye\Google Drive\Xn\Xn\3.7.0\aspnet-core\src\Xn.Web.Mvc\wwwroot\lib\chart.js\dist\Chart.min.js'
info: Microsoft.AspNetCore.Hosting.Internal.WebHost[1]
      Request starting HTTP/1.1 GET http://localhost:62114/js/table-angularjs/jquery.dataTables.min.js  
info: Microsoft.AspNetCore.Hosting.Internal.WebHost[1]
      Request starting HTTP/1.1 GET http://localhost:62114/Angular/app.js?v=iiqlDz4ZRUrmKbB8FeWN-D_bL7wYOjr8CSqNNhKgygY  
info: Microsoft.AspNetCore.StaticFiles.StaticFileMiddleware[2]
      Sending file. Request path: '/Angular/app.js'. Physical path: 'C:\Users\nguye\Google Drive\Xn\Xn\3.7.0\aspnet-core\src\Xn.Web.Mvc\wwwroot\Angular\app.js'
info: Microsoft.AspNetCore.StaticFiles.StaticFileMiddleware[2]
      Sending file. Request path: '/js/table-angularjs/jquery.dataTables.min.js'. Physical path: 'C:\Users\nguye\Google Drive\Xn\Xn\3.7.0\aspnet-core\src\Xn.Web.Mvc\wwwroot\js\table-angularjs\jquery.dataTables.min.js'
info: Microsoft.AspNetCore.Hosting.Internal.WebHost[2]
      Request finished in 2.257ms 200 application/javascript
info: Microsoft.AspNetCore.Hosting.Internal.WebHost[2]
      Request finished in 48.9527ms 200 application/javascript
info: Microsoft.AspNetCore.Hosting.Internal.WebHost[1]
      Request starting HTTP/1.1 GET http://localhost:62114/lib/signalr-client/signalr.min.js  
info: Microsoft.AspNetCore.StaticFiles.StaticFileMiddleware[2]
      Sending file. Request path: '/lib/signalr-client/signalr.min.js'. Physical path: 'C:\Users\nguye\Google Drive\Xn\Xn\3.7.0\aspnet-core\src\Xn.Web.Mvc\wwwroot\lib\signalr-client\signalr.min.js'
info: Microsoft.AspNetCore.Hosting.Internal.WebHost[2]
      Request finished in 11.6886ms 200 application/javascript
info: Microsoft.AspNetCore.Hosting.Internal.WebHost[1]
      Request starting HTTP/1.1 GET http://localhost:62114/js/table-angularjs/angular-datatables.min.js  
info: Microsoft.AspNetCore.StaticFiles.StaticFileMiddleware[2]
      Sending file. Request path: '/js/table-angularjs/angular-datatables.min.js'. Physical path: 'C:\Users\nguye\Google Drive\Xn\Xn\3.7.0\aspnet-core\src\Xn.Web.Mvc\wwwroot\js\table-angularjs\angular-datatables.min.js'
info: Microsoft.AspNetCore.Hosting.Internal.WebHost[1]
      Request starting HTTP/1.1 GET http://localhost:62114/js/angular-chart.js/angular-chart.js?v=ybd6a1g-flGV6atsxZAtJxFWeE9EM25G0-YiVNTPW8I  
info: Microsoft.AspNetCore.StaticFiles.StaticFileMiddleware[2]
      Sending file. Request path: '/js/angular-chart.js/angular-chart.js'. Physical path: 'C:\Users\nguye\Google Drive\Xn\Xn\3.7.0\aspnet-core\src\Xn.Web.Mvc\wwwroot\js\angular-chart.js\angular-chart.js'
info: Microsoft.AspNetCore.Hosting.Internal.WebHost[2]
      Request finished in 6.2965ms 200 application/javascript
info: Microsoft.AspNetCore.Hosting.Internal.WebHost[1]
      Request starting HTTP/1.1 GET http://localhost:62114/AbpServiceProxies/GetAll?v=636623106303066227  
info: Microsoft.AspNetCore.Hosting.Internal.WebHost[1]
      Request starting HTTP/1.1 GET http://localhost:62114/lib/signalr-client/signalr.min.js?v=4QUtu5cEYybLxY00UpGeYV_M4yBce8AlBTJIFQ5bRoY  
info: Microsoft.AspNetCore.StaticFiles.StaticFileMiddleware[2]
      Sending file. Request path: '/lib/signalr-client/signalr.min.js'. Physical path: 'C:\Users\nguye\Google Drive\Xn\Xn\3.7.0\aspnet-core\src\Xn.Web.Mvc\wwwroot\lib\signalr-client\signalr.min.js'
info: Microsoft.AspNetCore.Hosting.Internal.WebHost[2]
      Request finished in 7.201ms 200 application/javascript
info: Microsoft.AspNetCore.Hosting.Internal.WebHost[1]
      Request starting HTTP/1.1 GET http://localhost:62114/AbpScripts/GetScripts?v=636623106303066227  
info: Microsoft.AspNetCore.Authentication.Cookies.CookieAuthenticationHandler[8]
      AuthenticationScheme: Identity.Application was successfully authenticated.
info: Microsoft.AspNetCore.Mvc.Internal.ControllerActionInvoker[1]
      Executing action method Abp.AspNetCore.Mvc.Proxying.AbpServiceProxiesController.GetAll (Abp.AspNetCore) with arguments (Abp.AspNetCore.Mvc.Proxying.ApiProxyGenerationModel) - ModelState is Valid
info: Microsoft.AspNetCore.Hosting.Internal.WebHost[2]
      Request finished in 85.5275ms 200 application/javascript
info: Microsoft.AspNetCore.Authentication.Cookies.CookieAuthenticationHandler[8]
      AuthenticationScheme: Identity.Application was successfully authenticated.
info: Microsoft.AspNetCore.Mvc.Internal.ControllerActionInvoker[1]
      Executing action method Abp.AspNetCore.Mvc.Controllers.AbpScriptsController.GetScripts (Abp.AspNetCore) with arguments () - ModelState is Valid
info: Microsoft.AspNetCore.Mvc.Internal.ContentResultExecutor[1]
      Executing ContentResult with HTTP Response ContentType of application/x-javascript
info: Microsoft.AspNetCore.Mvc.Internal.ControllerActionInvoker[2]
      Executed action Abp.AspNetCore.Mvc.Proxying.AbpServiceProxiesController.GetAll (Abp.AspNetCore) in 34.4631ms
info: Microsoft.AspNetCore.Hosting.Internal.WebHost[2]
      Request finished in 77.6371ms 200 application/x-javascript
info: Microsoft.AspNetCore.Hosting.Internal.WebHost[1]
      Request starting HTTP/1.1 GET http://localhost:62114/lib/jquery-countTo/jquery.countTo.js?v=AGGYFLOyVnIKn_2UCDl9D_5VWf8wHWCOtm9YU0P9g6I  
info: Microsoft.AspNetCore.StaticFiles.StaticFileMiddleware[2]
      Sending file. Request path: '/lib/jquery-countTo/jquery.countTo.js'. Physical path: 'C:\Users\nguye\Google Drive\Xn\Xn\3.7.0\aspnet-core\src\Xn.Web.Mvc\wwwroot\lib\jquery-countTo\jquery.countTo.js'
info: Microsoft.AspNetCore.Hosting.Internal.WebHost[2]
      Request finished in 180.1077ms 200 application/javascript
info: Microsoft.AspNetCore.Hosting.Internal.WebHost[2]
      Request finished in 8.5065ms 200 application/javascript
info: Microsoft.AspNetCore.Hosting.Internal.WebHost[1]
      Request starting HTTP/1.1 GET http://localhost:62114/lib/abp-web-resources/Abp/Framework/scripts/libs/abp.signalr-client.js?v=SWq8UPKD6zYvx7OqzMoZg6mBFYCYXfjUts_3rgpNzT8  
info: Microsoft.AspNetCore.StaticFiles.StaticFileMiddleware[2]
      Sending file. Request path: '/lib/abp-web-resources/Abp/Framework/scripts/libs/abp.signalr-client.js'. Physical path: 'C:\Users\nguye\Google Drive\Xn\Xn\3.7.0\aspnet-core\src\Xn.Web.Mvc\wwwroot\lib\abp-web-resources\Abp\Framework\scripts\libs\abp.signalr-client.js'
info: Microsoft.AspNetCore.Hosting.Internal.WebHost[1]
      Request starting HTTP/1.1 GET http://localhost:62114/lib/raphael/raphael.js?v=MPXjTSEImVJI1834JAHubdK7Lts1VTUPJmCQ9zKAjyA  
info: Microsoft.AspNetCore.StaticFiles.StaticFileMiddleware[2]
      Sending file. Request path: '/lib/raphael/raphael.js'. Physical path: 'C:\Users\nguye\Google Drive\Xn\Xn\3.7.0\aspnet-core\src\Xn.Web.Mvc\wwwroot\lib\raphael\raphael.js'
info: Microsoft.AspNetCore.Hosting.Internal.WebHost[2]
      Request finished in 5.9356ms 200 application/javascript
info: Microsoft.AspNetCore.Hosting.Internal.WebHost[2]
      Request finished in 12.8778ms 200 application/javascript
info: Microsoft.AspNetCore.Hosting.Internal.WebHost[1]
      Request starting HTTP/1.1 GET http://localhost:62114/lib/morris.js/morris.js?v=cQB75DEaDbn4oSiaWgdoh3TuZCHSO-kYdD_Ehka48Ro  
info: Microsoft.AspNetCore.StaticFiles.StaticFileMiddleware[2]
      Sending file. Request path: '/lib/morris.js/morris.js'. Physical path: 'C:\Users\nguye\Google Drive\Xn\Xn\3.7.0\aspnet-core\src\Xn.Web.Mvc\wwwroot\lib\morris.js\morris.js'
info: Microsoft.AspNetCore.Hosting.Internal.WebHost[2]
      Request finished in 18.417ms 200 application/javascript
info: Microsoft.AspNetCore.Hosting.Internal.WebHost[1]
      Request starting HTTP/1.1 GET http://localhost:62114/lib/Flot/jquery.flot.js?v=t7kx8nPDixJ3ucbB9OBcTsCYhaSHvdrzJ54tfkmjjhI  
info: Microsoft.AspNetCore.StaticFiles.StaticFileMiddleware[2]
      Sending file. Request path: '/lib/Flot/jquery.flot.js'. Physical path: 'C:\Users\nguye\Google Drive\Xn\Xn\3.7.0\aspnet-core\src\Xn.Web.Mvc\wwwroot\lib\Flot\jquery.flot.js'
info: Microsoft.AspNetCore.Hosting.Internal.WebHost[1]
      Request starting HTTP/1.1 GET http://localhost:62114/lib/chart.js/dist/Chart.bundle.js?v=TQAtDUIU_0XtXZLNjMBV8noK8jNSngwHlgtC_PvsRAk  
info: Microsoft.AspNetCore.Hosting.Internal.WebHost[2]
      Request finished in 16.9807ms 200 application/javascript
info: Microsoft.AspNetCore.StaticFiles.StaticFileMiddleware[2]
      Sending file. Request path: '/lib/chart.js/dist/Chart.bundle.js'. Physical path: 'C:\Users\nguye\Google Drive\Xn\Xn\3.7.0\aspnet-core\src\Xn.Web.Mvc\wwwroot\lib\chart.js\dist\Chart.bundle.js'
info: Microsoft.AspNetCore.Mvc.Internal.ContentResultExecutor[1]
      Executing ContentResult with HTTP Response ContentType of application/x-javascript; charset=utf-8
info: Microsoft.AspNetCore.Mvc.Internal.ControllerActionInvoker[2]
      Executed action Abp.AspNetCore.Mvc.Controllers.AbpScriptsController.GetScripts (Abp.AspNetCore) in 363.6854ms
info: Microsoft.AspNetCore.Hosting.Internal.WebHost[2]
      Request finished in 397.4412ms 200 application/x-javascript; charset=utf-8
info: Microsoft.AspNetCore.Hosting.Internal.WebHost[1]
      Request starting HTTP/1.1 GET http://localhost:62114/lib/Flot/jquery.flot.resize.js?v=i59RRvMkqw-28mDu6YRzKo77gmM7k9aPZMtcw45wgu4  
info: Microsoft.AspNetCore.StaticFiles.StaticFileMiddleware[2]
      Sending file. Request path: '/lib/Flot/jquery.flot.resize.js'. Physical path: 'C:\Users\nguye\Google Drive\Xn\Xn\3.7.0\aspnet-core\src\Xn.Web.Mvc\wwwroot\lib\Flot\jquery.flot.resize.js'
info: Microsoft.AspNetCore.Hosting.Internal.WebHost[2]
      Request finished in 5.8966ms 200 application/javascript
info: Microsoft.AspNetCore.Hosting.Internal.WebHost[2]
      Request finished in 40.132ms 200 application/javascript
info: Microsoft.AspNetCore.Hosting.Internal.WebHost[1]
      Request starting HTTP/1.1 GET http://localhost:62114/lib/Flot/jquery.flot.time.js?v=pYLIMq3HE4prBar2HxbrrCdHAfG-Sv6nfnOaHDS5xBo  
info: Microsoft.AspNetCore.Hosting.Internal.WebHost[1]
      Request starting HTTP/1.1 GET http://localhost:62114/lib/jquery-sparkline/dist/jquery.sparkline.js?v=k0LZZpXY4vJp6vbA5CL5bb20Ou0IO3Shz-J6U6Vq56c  
info: Microsoft.AspNetCore.StaticFiles.StaticFileMiddleware[2]
      Sending file. Request path: '/lib/Flot/jquery.flot.time.js'. Physical path: 'C:\Users\nguye\Google Drive\Xn\Xn\3.7.0\aspnet-core\src\Xn.Web.Mvc\wwwroot\lib\Flot\jquery.flot.time.js'
info: Microsoft.AspNetCore.StaticFiles.StaticFileMiddleware[2]
      Sending file. Request path: '/lib/jquery-sparkline/dist/jquery.sparkline.js'. Physical path: 'C:\Users\nguye\Google Drive\Xn\Xn\3.7.0\aspnet-core\src\Xn.Web.Mvc\wwwroot\lib\jquery-sparkline\dist\jquery.sparkline.js'
info: Microsoft.AspNetCore.Hosting.Internal.WebHost[2]
      Request finished in 4.7991ms 200 application/javascript
info: Microsoft.AspNetCore.Hosting.Internal.WebHost[2]
      Request finished in 8.2824ms 200 application/javascript
info: Microsoft.AspNetCore.Hosting.Internal.WebHost[1]
      Request starting HTTP/1.1 GET http://localhost:62114/lib/Flot/jquery.flot.categories.js?v=boFmSyjqeVxzSQb0qhVhRkCnWsf705mn-5CEBAaYNRo  
info: Microsoft.AspNetCore.StaticFiles.StaticFileMiddleware[2]
      Sending file. Request path: '/lib/Flot/jquery.flot.categories.js'. Physical path: 'C:\Users\nguye\Google Drive\Xn\Xn\3.7.0\aspnet-core\src\Xn.Web.Mvc\wwwroot\lib\Flot\jquery.flot.categories.js'
info: Microsoft.AspNetCore.Hosting.Internal.WebHost[2]
      Request finished in 9.1458ms 200 application/javascript
info: Microsoft.AspNetCore.Hosting.Internal.WebHost[1]
      Request starting HTTP/1.1 GET http://localhost:62114/view-resources/Views/Home/Index.js?v=tRGDdqeVjO63iaO1qvGPpKF2NuT2riEOyYovlY_otk0  
info: Microsoft.AspNetCore.StaticFiles.StaticFileMiddleware[2]
      Sending file. Request path: '/view-resources/Views/Home/Index.js'. Physical path: 'C:\Users\nguye\Google Drive\Xn\Xn\3.7.0\aspnet-core\src\Xn.Web.Mvc\wwwroot\view-resources\Views\Home\Index.js'
info: Microsoft.AspNetCore.Hosting.Internal.WebHost[2]
      Request finished in 2.9363ms 200 application/javascript
info: Microsoft.AspNetCore.Hosting.Internal.WebHost[1]
      Request starting HTTP/1.1 GET http://localhost:62114/lib/Flot/jquery.flot.pie.js?v=RsEWYd9gdLG1bCIcU8j59Rkvf_1O7HtzoD1TRUs22cU  
info: Microsoft.AspNetCore.StaticFiles.StaticFileMiddleware[2]
      Sending file. Request path: '/lib/Flot/jquery.flot.pie.js'. Physical path: 'C:\Users\nguye\Google Drive\Xn\Xn\3.7.0\aspnet-core\src\Xn.Web.Mvc\wwwroot\lib\Flot\jquery.flot.pie.js'
info: Microsoft.AspNetCore.Hosting.Internal.WebHost[2]
      Request finished in 11.7139ms 200 application/javascript
info: Microsoft.AspNetCore.Hosting.Internal.WebHost[1]
      Request starting HTTP/1.1 GET http://localhost:62114/signalr  
info: Microsoft.AspNetCore.Authentication.Cookies.CookieAuthenticationHandler[8]
      AuthenticationScheme: Identity.Application was successfully authenticated.
info: Microsoft.AspNetCore.Hosting.Internal.WebHost[1]
      Request starting HTTP/1.1 GET http://localhost:62114/fonts/roboto/PwZc-YbIL414wB9rB1IAPRJtnKITppOI_IvcXXDNrsc.woff2  
info: Microsoft.AspNetCore.Hosting.Internal.WebHost[1]
      Request starting HTTP/1.1 GET http://localhost:62114/fonts/roboto/97uahxiqZRoncBaCEI3aWxJtnKITppOI_IvcXXDNrsc.woff2  
info: Microsoft.AspNetCore.StaticFiles.StaticFileMiddleware[2]
      Sending file. Request path: '/fonts/roboto/PwZc-YbIL414wB9rB1IAPRJtnKITppOI_IvcXXDNrsc.woff2'. Physical path: 'C:\Users\nguye\Google Drive\Xn\Xn\3.7.0\aspnet-core\src\Xn.Web.Mvc\wwwroot\fonts\roboto\PwZc-YbIL414wB9rB1IAPRJtnKITppOI_IvcXXDNrsc.woff2'
info: Microsoft.AspNetCore.StaticFiles.StaticFileMiddleware[2]
      Sending file. Request path: '/fonts/roboto/97uahxiqZRoncBaCEI3aWxJtnKITppOI_IvcXXDNrsc.woff2'. Physical path: 'C:\Users\nguye\Google Drive\Xn\Xn\3.7.0\aspnet-core\src\Xn.Web.Mvc\wwwroot\fonts\roboto\97uahxiqZRoncBaCEI3aWxJtnKITppOI_IvcXXDNrsc.woff2'
info: Microsoft.AspNetCore.Hosting.Internal.WebHost[1]
      Request starting HTTP/1.1 GET http://localhost:62114/lib/font-awesome/fonts/fontawesome-webfont.woff2?v=4.7.0  
info: Microsoft.AspNetCore.StaticFiles.StaticFileMiddleware[2]
      Sending file. Request path: '/lib/font-awesome/fonts/fontawesome-webfont.woff2'. Physical path: 'C:\Users\nguye\Google Drive\Xn\Xn\3.7.0\aspnet-core\src\Xn.Web.Mvc\wwwroot\lib\font-awesome\fonts\fontawesome-webfont.woff2'
info: Microsoft.AspNetCore.Hosting.Internal.WebHost[1]
      Request starting HTTP/1.1 GET http://localhost:62114/images/user-img-background.jpg  
info: Microsoft.AspNetCore.Hosting.Internal.WebHost[2]
      Request finished in 5.5428ms 200 font/woff2
info: Microsoft.AspNetCore.StaticFiles.StaticFileMiddleware[2]
      Sending file. Request path: '/images/user-img-background.jpg'. Physical path: 'C:\Users\nguye\Google Drive\Xn\Xn\3.7.0\aspnet-core\src\Xn.Web.Mvc\wwwroot\images\user-img-background.jpg'
info: Microsoft.AspNetCore.Hosting.Internal.WebHost[2]
      Request finished in 50.4631ms 200 image/jpeg
info: Microsoft.AspNetCore.Hosting.Internal.WebHost[2]
      Request finished in 67.5112ms 200 font/woff2
info: Microsoft.AspNetCore.Hosting.Internal.WebHost[2]
      Request finished in 88.5672ms 200 font/woff2
info: Microsoft.AspNetCore.Sockets.Internal.Transports.WebSocketsTransport[1]
      Socket opened.
info: Microsoft.AspNetCore.SignalR.HubConnectionContext[1]
      Using HubProtocol 'json'.
info: Microsoft.AspNetCore.Hosting.Internal.WebHost[1]
      Request starting HTTP/1.1 GET http://localhost:62114/angular  
info: Microsoft.AspNetCore.Authentication.Cookies.CookieAuthenticationHandler[8]
      AuthenticationScheme: Identity.Application was successfully authenticated.
info: Microsoft.AspNetCore.Mvc.Internal.ControllerActionInvoker[1]
      Executing action method Xn.Web.Controllers.AngularController.Index (Xn.Web.Mvc) with arguments ((null)) - ModelState is Valid
info: Microsoft.AspNetCore.Mvc.ViewFeatures.Internal.ViewResultExecutor[1]
      Executing ViewResult, running view at path /Views/Angular/Index.cshtml.
info: Microsoft.AspNetCore.Mvc.Internal.ControllerActionInvoker[2]
      Executed action Xn.Web.Controllers.AngularController.Index (Xn.Web.Mvc) in 738.881ms
info: Microsoft.AspNetCore.Hosting.Internal.WebHost[2]
      Request finished in 806.0322ms 200 text/html; charset=utf-8
info: Microsoft.AspNetCore.Hosting.Internal.WebHost[1]
      Request starting HTTP/1.1 GET http://localhost:62114/AbpScripts/GetScripts?v=636623106303066227  
info: Microsoft.AspNetCore.Hosting.Internal.WebHost[1]
      Request starting HTTP/1.1 GET http://localhost:62114/AbpServiceProxies/GetAll?v=636623106303066227  
info: Microsoft.AspNetCore.Authentication.Cookies.CookieAuthenticationHandler[8]
      AuthenticationScheme: Identity.Application was successfully authenticated.
info: Microsoft.AspNetCore.Mvc.Internal.ControllerActionInvoker[1]
      Executing action method Abp.AspNetCore.Mvc.Controllers.AbpScriptsController.GetScripts (Abp.AspNetCore) with arguments () - ModelState is Valid
info: Microsoft.AspNetCore.Authentication.Cookies.CookieAuthenticationHandler[8]
      AuthenticationScheme: Identity.Application was successfully authenticated.
info: Microsoft.AspNetCore.Mvc.Internal.ControllerActionInvoker[1]
      Executing action method Abp.AspNetCore.Mvc.Proxying.AbpServiceProxiesController.GetAll (Abp.AspNetCore) with arguments (Abp.AspNetCore.Mvc.Proxying.ApiProxyGenerationModel) - ModelState is Valid
info: Microsoft.AspNetCore.Mvc.Internal.ContentResultExecutor[1]
      Executing ContentResult with HTTP Response ContentType of application/x-javascript
info: Microsoft.AspNetCore.Mvc.Internal.ControllerActionInvoker[2]
      Executed action Abp.AspNetCore.Mvc.Proxying.AbpServiceProxiesController.GetAll (Abp.AspNetCore) in 33.9619ms
info: Microsoft.AspNetCore.Hosting.Internal.WebHost[2]
      Request finished in 122.3159ms 200 application/x-javascript
info: Microsoft.AspNetCore.Sockets.Internal.Transports.WebSocketsTransport[2]
      Socket closed.
info: Microsoft.AspNetCore.Hosting.Internal.WebHost[2]
      Request finished in 6547.0158ms 101 
info: Microsoft.AspNetCore.Mvc.Internal.ContentResultExecutor[1]
      Executing ContentResult with HTTP Response ContentType of application/x-javascript; charset=utf-8
info: Microsoft.AspNetCore.Mvc.Internal.ControllerActionInvoker[2]
      Executed action Abp.AspNetCore.Mvc.Controllers.AbpScriptsController.GetScripts (Abp.AspNetCore) in 321.0299ms
info: Microsoft.AspNetCore.Hosting.Internal.WebHost[2]
      Request finished in 343.4183ms 200 application/x-javascript; charset=utf-8
info: Microsoft.AspNetCore.Hosting.Internal.WebHost[1]
      Request starting HTTP/1.1 GET http://localhost:62114/signalr  
info: Microsoft.AspNetCore.Authentication.Cookies.CookieAuthenticationHandler[8]
      AuthenticationScheme: Identity.Application was successfully authenticated.
info: Microsoft.AspNetCore.Sockets.Internal.Transports.WebSocketsTransport[1]
      Socket opened.
info: Microsoft.AspNetCore.SignalR.HubConnectionContext[1]
      Using HubProtocol 'json'.
info: Microsoft.AspNetCore.Hosting.Internal.WebHost[1]
      Request starting HTTP/1.1 GET http://localhost:62114/js/images/sort_asc.png  
info: Microsoft.AspNetCore.Hosting.Internal.WebHost[1]
      Request starting HTTP/1.1 GET http://localhost:62114/js/images/sort_both.png  
info: Microsoft.AspNetCore.StaticFiles.StaticFileMiddleware[2]
      Sending file. Request path: '/js/images/sort_both.png'. Physical path: 'C:\Users\nguye\Google Drive\Xn\Xn\3.7.0\aspnet-core\src\Xn.Web.Mvc\wwwroot\js\images\sort_both.png'
info: Microsoft.AspNetCore.StaticFiles.StaticFileMiddleware[2]
      Sending file. Request path: '/js/images/sort_asc.png'. Physical path: 'C:\Users\nguye\Google Drive\Xn\Xn\3.7.0\aspnet-core\src\Xn.Web.Mvc\wwwroot\js\images\sort_asc.png'
info: Microsoft.AspNetCore.Hosting.Internal.WebHost[2]
      Request finished in 21.5237ms 200 image/png
info: Microsoft.AspNetCore.Hosting.Internal.WebHost[2]
      Request finished in 21.1175ms 200 image/png
info: Microsoft.AspNetCore.Hosting.Internal.WebHost[1]
      Request starting HTTP/1.1 GET http://localhost:62114/js/images/sort_desc.png  
info: Microsoft.AspNetCore.StaticFiles.StaticFileMiddleware[2]
      Sending file. Request path: '/js/images/sort_desc.png'. Physical path: 'C:\Users\nguye\Google Drive\Xn\Xn\3.7.0\aspnet-core\src\Xn.Web.Mvc\wwwroot\js\images\sort_desc.png'
info: Microsoft.AspNetCore.Hosting.Internal.WebHost[2]
      Request finished in 9.4625ms 200 image/png
info: Microsoft.AspNetCore.Hosting.Internal.WebHost[1]
      Request starting HTTP/1.1 GET http://localhost:62114/company  
info: Microsoft.AspNetCore.Authentication.Cookies.CookieAuthenticationHandler[8]
      AuthenticationScheme: Identity.Application was successfully authenticated.
info: Microsoft.AspNetCore.Mvc.Internal.ControllerActionInvoker[1]
      Executing action method Xn.Web.Controllers.CompanyController.Index (Xn.Web.Mvc) with arguments ((null)) - ModelState is Valid
info: Microsoft.AspNetCore.Mvc.ViewFeatures.Internal.ViewResultExecutor[1]
      Executing ViewResult, running view at path /Views/Company/Index.cshtml.
info: Microsoft.AspNetCore.Mvc.Internal.ControllerActionInvoker[2]
      Executed action Xn.Web.Controllers.CompanyController.Index (Xn.Web.Mvc) in 1235.2147ms
info: Microsoft.AspNetCore.Hosting.Internal.WebHost[2]
      Request finished in 1263.5624ms 200 text/html; charset=utf-8
info: Microsoft.AspNetCore.Sockets.Internal.Transports.WebSocketsTransport[2]
      Socket closed.
info: Microsoft.AspNetCore.Hosting.Internal.WebHost[2]
      Request finished in 11925.7626ms 101 
info: Microsoft.AspNetCore.Hosting.Internal.WebHost[1]
      Request starting HTTP/1.1 GET http://localhost:62114/AbpScripts/GetScripts?v=636623106303066227  
info: Microsoft.AspNetCore.Hosting.Internal.WebHost[1]
      Request starting HTTP/1.1 GET http://localhost:62114/AbpServiceProxies/GetAll?v=636623106303066227  
info: Microsoft.AspNetCore.Authentication.Cookies.CookieAuthenticationHandler[8]
      AuthenticationScheme: Identity.Application was successfully authenticated.
info: Microsoft.AspNetCore.Authentication.Cookies.CookieAuthenticationHandler[8]
      AuthenticationScheme: Identity.Application was successfully authenticated.
info: Microsoft.AspNetCore.Mvc.Internal.ControllerActionInvoker[1]
      Executing action method Abp.AspNetCore.Mvc.Controllers.AbpScriptsController.GetScripts (Abp.AspNetCore) with arguments () - ModelState is Valid
info: Microsoft.AspNetCore.Mvc.Internal.ControllerActionInvoker[1]
      Executing action method Abp.AspNetCore.Mvc.Proxying.AbpServiceProxiesController.GetAll (Abp.AspNetCore) with arguments (Abp.AspNetCore.Mvc.Proxying.ApiProxyGenerationModel) - ModelState is Valid
info: Microsoft.AspNetCore.Mvc.Internal.ContentResultExecutor[1]
      Executing ContentResult with HTTP Response ContentType of application/x-javascript
info: Microsoft.AspNetCore.Mvc.Internal.ControllerActionInvoker[2]
      Executed action Abp.AspNetCore.Mvc.Proxying.AbpServiceProxiesController.GetAll (Abp.AspNetCore) in 28.8332ms
info: Microsoft.AspNetCore.Hosting.Internal.WebHost[2]
      Request finished in 79.5166ms 200 application/x-javascript
info: Microsoft.AspNetCore.Mvc.Internal.ContentResultExecutor[1]
      Executing ContentResult with HTTP Response ContentType of application/x-javascript; charset=utf-8
info: Microsoft.AspNetCore.Mvc.Internal.ControllerActionInvoker[2]
      Executed action Abp.AspNetCore.Mvc.Controllers.AbpScriptsController.GetScripts (Abp.AspNetCore) in 377.7546ms
info: Microsoft.AspNetCore.Hosting.Internal.WebHost[2]
      Request finished in 417.204ms 200 application/x-javascript; charset=utf-8
info: Microsoft.AspNetCore.Hosting.Internal.WebHost[1]
      Request starting HTTP/1.1 GET http://localhost:62114/signalr  
info: Microsoft.AspNetCore.Authentication.Cookies.CookieAuthenticationHandler[8]
      AuthenticationScheme: Identity.Application was successfully authenticated.
info: Microsoft.AspNetCore.Sockets.Internal.Transports.WebSocketsTransport[1]
      Socket opened.
info: Microsoft.AspNetCore.SignalR.HubConnectionContext[1]
      Using HubProtocol 'json'.
info: Microsoft.AspNetCore.Hosting.Internal.WebHost[1]
      Request starting HTTP/1.1 GET http://localhost:62114/Company/Create  
info: Microsoft.AspNetCore.Authentication.Cookies.CookieAuthenticationHandler[8]
      AuthenticationScheme: Identity.Application was successfully authenticated.
info: Microsoft.AspNetCore.Mvc.Internal.ControllerActionInvoker[1]
      Executing action method Xn.Web.Controllers.CompanyController.Create (Xn.Web.Mvc) with arguments ((null)) - ModelState is Valid
info: Microsoft.AspNetCore.Mvc.ViewFeatures.Internal.ViewResultExecutor[1]
      Executing ViewResult, running view at path /Views/Company/Create.cshtml.
info: Microsoft.AspNetCore.Sockets.Internal.Transports.WebSocketsTransport[2]
      Socket closed.
info: Microsoft.AspNetCore.Hosting.Internal.WebHost[2]
      Request finished in 4619.1489ms 101 
info: Microsoft.AspNetCore.Mvc.Internal.ControllerActionInvoker[2]
      Executed action Xn.Web.Controllers.CompanyController.Create (Xn.Web.Mvc) in 3133.9332ms
info: Microsoft.AspNetCore.Hosting.Internal.WebHost[2]
      Request finished in 3161.7294ms 200 text/html; charset=utf-8
info: Microsoft.AspNetCore.Hosting.Internal.WebHost[1]
      Request starting HTTP/1.1 GET http://localhost:62114/AbpServiceProxies/GetAll?v=636623106303066227  
info: Microsoft.AspNetCore.Hosting.Internal.WebHost[1]
      Request starting HTTP/1.1 GET http://localhost:62114/AbpScripts/GetScripts?v=636623106303066227  
info: Microsoft.AspNetCore.Authentication.Cookies.CookieAuthenticationHandler[8]
      AuthenticationScheme: Identity.Application was successfully authenticated.
info: Microsoft.AspNetCore.Mvc.Internal.ControllerActionInvoker[1]
      Executing action method Abp.AspNetCore.Mvc.Proxying.AbpServiceProxiesController.GetAll (Abp.AspNetCore) with arguments (Abp.AspNetCore.Mvc.Proxying.ApiProxyGenerationModel) - ModelState is Valid
info: Microsoft.AspNetCore.Authentication.Cookies.CookieAuthenticationHandler[8]
      AuthenticationScheme: Identity.Application was successfully authenticated.
info: Microsoft.AspNetCore.Mvc.Internal.ControllerActionInvoker[1]
      Executing action method Abp.AspNetCore.Mvc.Controllers.AbpScriptsController.GetScripts (Abp.AspNetCore) with arguments () - ModelState is Valid
info: Microsoft.AspNetCore.Mvc.Internal.ContentResultExecutor[1]
      Executing ContentResult with HTTP Response ContentType of application/x-javascript
info: Microsoft.AspNetCore.Mvc.Internal.ControllerActionInvoker[2]
      Executed action Abp.AspNetCore.Mvc.Proxying.AbpServiceProxiesController.GetAll (Abp.AspNetCore) in 31.9757ms
info: Microsoft.AspNetCore.Hosting.Internal.WebHost[2]
      Request finished in 52.6831ms 200 application/x-javascript
info: Microsoft.AspNetCore.Mvc.Internal.ContentResultExecutor[1]
      Executing ContentResult with HTTP Response ContentType of application/x-javascript; charset=utf-8
info: Microsoft.AspNetCore.Mvc.Internal.ControllerActionInvoker[2]
      Executed action Abp.AspNetCore.Mvc.Controllers.AbpScriptsController.GetScripts (Abp.AspNetCore) in 174.0717ms
info: Microsoft.AspNetCore.Hosting.Internal.WebHost[2]
      Request finished in 212.1814ms 200 application/x-javascript; charset=utf-8
info: Microsoft.AspNetCore.Hosting.Internal.WebHost[1]
      Request starting HTTP/1.1 GET http://localhost:62114/fonts/roboto/Fcx7Wwv8OzT71A3E1XOAjvesZW2xOQ-xsNqO47m55DA.woff2  
info: Microsoft.AspNetCore.StaticFiles.StaticFileMiddleware[2]
      Sending file. Request path: '/fonts/roboto/Fcx7Wwv8OzT71A3E1XOAjvesZW2xOQ-xsNqO47m55DA.woff2'. Physical path: 'C:\Users\nguye\Google Drive\Xn\Xn\3.7.0\aspnet-core\src\Xn.Web.Mvc\wwwroot\fonts\roboto\Fcx7Wwv8OzT71A3E1XOAjvesZW2xOQ-xsNqO47m55DA.woff2'
info: Microsoft.AspNetCore.Hosting.Internal.WebHost[1]
      Request starting HTTP/1.1 GET http://localhost:62114/fonts/roboto/NdF9MtnOpLzo-noMoG0miPesZW2xOQ-xsNqO47m55DA.woff2  
info: Microsoft.AspNetCore.StaticFiles.StaticFileMiddleware[2]
      Sending file. Request path: '/fonts/roboto/NdF9MtnOpLzo-noMoG0miPesZW2xOQ-xsNqO47m55DA.woff2'. Physical path: 'C:\Users\nguye\Google Drive\Xn\Xn\3.7.0\aspnet-core\src\Xn.Web.Mvc\wwwroot\fonts\roboto\NdF9MtnOpLzo-noMoG0miPesZW2xOQ-xsNqO47m55DA.woff2'
info: Microsoft.AspNetCore.Hosting.Internal.WebHost[2]
      Request finished in 47.6177ms 200 font/woff2
info: Microsoft.AspNetCore.Hosting.Internal.WebHost[2]
      Request finished in 66.4411ms 200 font/woff2
info: Microsoft.AspNetCore.Hosting.Internal.WebHost[1]
      Request starting HTTP/1.1 GET http://localhost:62114/signalr  
info: Microsoft.AspNetCore.Authentication.Cookies.CookieAuthenticationHandler[8]
      AuthenticationScheme: Identity.Application was successfully authenticated.
info: Microsoft.AspNetCore.Sockets.Internal.Transports.WebSocketsTransport[1]
      Socket opened.
info: Microsoft.AspNetCore.SignalR.HubConnectionContext[1]
      Using HubProtocol 'json'.
info: Microsoft.AspNetCore.Sockets.Internal.Transports.WebSocketsTransport[2]
      Socket closed.
info: Microsoft.AspNetCore.Hosting.Internal.WebHost[2]
      Request finished in 556064.0093ms 101 
info: Microsoft.AspNetCore.Hosting.Internal.WebHost[1]
      Request starting HTTP/1.1 GET http://localhost:62114/Company/Create  
info: Microsoft.AspNetCore.Authentication.Cookies.CookieAuthenticationHandler[8]
      AuthenticationScheme: Identity.Application was successfully authenticated.
info: Microsoft.AspNetCore.Mvc.Internal.ControllerActionInvoker[1]
      Executing action method Xn.Web.Controllers.CompanyController.Create (Xn.Web.Mvc) with arguments ((null)) - ModelState is Valid
info: Microsoft.AspNetCore.Mvc.ViewFeatures.Internal.ViewResultExecutor[1]
      Executing ViewResult, running view at path /Views/Company/Create.cshtml.
info: Microsoft.AspNetCore.Mvc.Internal.ControllerActionInvoker[2]
      Executed action Xn.Web.Controllers.CompanyController.Create (Xn.Web.Mvc) in 1631.6234ms
info: Microsoft.AspNetCore.Hosting.Internal.WebHost[2]
      Request finished in 1672.8667ms 200 text/html; charset=utf-8
info: Microsoft.AspNetCore.Hosting.Internal.WebHost[1]
      Request starting HTTP/1.1 GET http://localhost:62114/fonts/roboto/roboto.css?v=DWPiEyLnt8XZ68WQeudmZPGSejowhmQNUUhaX8dYF1Q  
info: Microsoft.AspNetCore.Hosting.Internal.WebHost[1]
      Request starting HTTP/1.1 GET http://localhost:62114/lib/famfamfam-flags/dist/sprite/famfamfam-flags.css?v=l7wu43l7XpKWzFn29hiH8AFe4I_CNzbCPmaAQivPYMg  
info: Microsoft.AspNetCore.Hosting.Internal.WebHost[1]
      Request starting HTTP/1.1 GET http://localhost:62114/fonts/material-icons/materialicons.css?v=2SsVsQpWRHM3EJ4D4MT4RRpiEXbEuK0vEjPxVr5P7Ek  
info: Microsoft.AspNetCore.StaticFiles.StaticFileMiddleware[6]
      The file /fonts/roboto/roboto.css was not modified
info: Microsoft.AspNetCore.StaticFiles.StaticFileMiddleware[6]
      The file /fonts/material-icons/materialicons.css was not modified
info: Microsoft.AspNetCore.StaticFiles.StaticFileMiddleware[6]
      The file /lib/famfamfam-flags/dist/sprite/famfamfam-flags.css was not modified
info: Microsoft.AspNetCore.Hosting.Internal.WebHost[2]
      Request finished in 28.9801ms 304 text/css
info: Microsoft.AspNetCore.Hosting.Internal.WebHost[2]
      Request finished in 15.6845ms 304 text/css
info: Microsoft.AspNetCore.Hosting.Internal.WebHost[2]
      Request finished in 15.4199ms 304 text/css
info: Microsoft.AspNetCore.Hosting.Internal.WebHost[1]
      Request starting HTTP/1.1 GET http://localhost:62114/lib/Waves/dist/waves.css?v=0zP86LzXedNkkBjePtKrMTAPuIy6EzHfGlyYvsmGLBw  
info: Microsoft.AspNetCore.StaticFiles.StaticFileMiddleware[6]
      The file /lib/Waves/dist/waves.css was not modified
info: Microsoft.AspNetCore.Hosting.Internal.WebHost[2]
      Request finished in 2.777ms 304 text/css
info: Microsoft.AspNetCore.Hosting.Internal.WebHost[1]
      Request starting HTTP/1.1 GET http://localhost:62114/lib/font-awesome/css/font-awesome.css?v=NuCn4IvuZXdBaFKJOAcsU2Q3ZpwbdFisd5dux4jkQ5w  
info: Microsoft.AspNetCore.StaticFiles.StaticFileMiddleware[6]
      The file /lib/font-awesome/css/font-awesome.css was not modified
info: Microsoft.AspNetCore.Hosting.Internal.WebHost[2]
      Request finished in 2.4197ms 304 text/css
info: Microsoft.AspNetCore.Hosting.Internal.WebHost[1]
      Request starting HTTP/1.1 GET http://localhost:62114/lib/animate.css/animate.css?v=00w68NO3TLuHjKRHJmjrrgJBDtG_6OhbJEu1gtHcsuo  
info: Microsoft.AspNetCore.StaticFiles.StaticFileMiddleware[6]
      The file /lib/animate.css/animate.css was not modified
info: Microsoft.AspNetCore.Hosting.Internal.WebHost[2]
      Request finished in 3.892ms 304 text/css
info: Microsoft.AspNetCore.Hosting.Internal.WebHost[1]
      Request starting HTTP/1.1 GET http://localhost:62114/lib/toastr/toastr.css?v=W8a9WvLyUO7CXtOC4f9LoUMwkywM7JSq-Xm5kNsYW08  
info: Microsoft.AspNetCore.StaticFiles.StaticFileMiddleware[6]
      The file /lib/toastr/toastr.css was not modified
info: Microsoft.AspNetCore.Hosting.Internal.WebHost[2]
      Request finished in 2.2716ms 304 text/css
info: Microsoft.AspNetCore.Hosting.Internal.WebHost[1]
      Request starting HTTP/1.1 GET http://localhost:62114/css/style.css?v=151KUrNx-cFGpjXC7QZ8WbWSo-mQTLO0htvGyBUR_i8  
info: Microsoft.AspNetCore.StaticFiles.StaticFileMiddleware[6]
      The file /css/style.css was not modified
info: Microsoft.AspNetCore.Hosting.Internal.WebHost[2]
      Request finished in 5.4826ms 304 text/css
info: Microsoft.AspNetCore.Hosting.Internal.WebHost[1]
      Request starting HTTP/1.1 GET http://localhost:62114/lib/bootstrap/dist/css/bootstrap.css?v=fmMNkMcjSw3xcp9iuPnku_ryk9kaWgrEbfJfKmdZ45o  
info: Microsoft.AspNetCore.StaticFiles.StaticFileMiddleware[6]
      The file /lib/bootstrap/dist/css/bootstrap.css was not modified
info: Microsoft.AspNetCore.Hosting.Internal.WebHost[2]
      Request finished in 2.2184ms 304 text/css
info: Microsoft.AspNetCore.Hosting.Internal.WebHost[1]
      Request starting HTTP/1.1 GET http://localhost:62114/css/materialize.css?v=OdWlipUYj8b9Oa4RyT45njteIcxH-4pGocqe0r0V8js  
info: Microsoft.AspNetCore.StaticFiles.StaticFileMiddleware[6]
      The file /css/materialize.css was not modified
info: Microsoft.AspNetCore.Hosting.Internal.WebHost[2]
      Request finished in 4.2046ms 304 text/css
info: Microsoft.AspNetCore.Hosting.Internal.WebHost[1]
      Request starting HTTP/1.1 GET http://localhost:62114/css/themes/all-themes.css?v=XaAlkmhL9gA6mBxpcxGYAWxggxkIpRmT9qGbKejs6eA  
info: Microsoft.AspNetCore.StaticFiles.StaticFileMiddleware[6]
      The file /css/themes/all-themes.css was not modified
info: Microsoft.AspNetCore.Hosting.Internal.WebHost[2]
      Request finished in 2.4158ms 304 text/css
info: Microsoft.AspNetCore.Hosting.Internal.WebHost[1]
      Request starting HTTP/1.1 GET http://localhost:62114/lib/bootstrap-select/dist/css/bootstrap-select.css?v=a7N4Jki3LzSbThclvqbu4nF45twcjuc772JGFhY9qwk  
info: Microsoft.AspNetCore.StaticFiles.StaticFileMiddleware[6]
      The file /lib/bootstrap-select/dist/css/bootstrap-select.css was not modified
info: Microsoft.AspNetCore.Hosting.Internal.WebHost[2]
      Request finished in 5.1098ms 304 text/css
info: Microsoft.AspNetCore.Hosting.Internal.WebHost[1]
      Request starting HTTP/1.1 GET http://localhost:62114/view-resources/Views/Shared/_Layout.css?v=uq7unI_U0xZr0Pbyzeu6KfbJKHVFuv0wNJ4CrrhQknw  
info: Microsoft.AspNetCore.StaticFiles.StaticFileMiddleware[6]
      The file /view-resources/Views/Shared/_Layout.css was not modified
info: Microsoft.AspNetCore.Hosting.Internal.WebHost[2]
      Request finished in 5.2047ms 304 text/css
info: Microsoft.AspNetCore.Hosting.Internal.WebHost[1]
      Request starting HTTP/1.1 GET http://localhost:62114/js/table-angularjs/jquery.dataTables.min.css?v=YY1izqyhIj4W3iyJOaGWOpXDSwrHWFL4Nfk-W0LyCHE  
info: Microsoft.AspNetCore.Hosting.Internal.WebHost[1]
      Request starting HTTP/1.1 GET http://localhost:62114/images/user.png  
info: Microsoft.AspNetCore.StaticFiles.StaticFileMiddleware[6]
      The file /js/table-angularjs/jquery.dataTables.min.css was not modified
info: Microsoft.AspNetCore.StaticFiles.StaticFileMiddleware[6]
      The file /images/user.png was not modified
info: Microsoft.AspNetCore.Hosting.Internal.WebHost[2]
      Request finished in 3.599ms 304 text/css
info: Microsoft.AspNetCore.Hosting.Internal.WebHost[2]
      Request finished in 3.2722ms 304 image/png
info: Microsoft.AspNetCore.Hosting.Internal.WebHost[1]
      Request starting HTTP/1.1 GET http://localhost:62114/lib/bootstrap/dist/js/bootstrap.js?v=Cr6N6zNN4bp0OwTQOZ6Z66M2r-2dpy_EwKMCyZ-SOMg  
info: Microsoft.AspNetCore.StaticFiles.StaticFileMiddleware[6]
      The file /lib/bootstrap/dist/js/bootstrap.js was not modified
info: Microsoft.AspNetCore.Hosting.Internal.WebHost[2]
      Request finished in 4.1804ms 304 application/javascript
info: Microsoft.AspNetCore.Hosting.Internal.WebHost[1]
      Request starting HTTP/1.1 GET http://localhost:62114/lib/jquery-validation/dist/jquery.validate.js?v=KuzD50lDGNI5jq_ipt4hwDpSJk3fhseTR1jdvaBoZLs  
info: Microsoft.AspNetCore.StaticFiles.StaticFileMiddleware[6]
      The file /lib/jquery-validation/dist/jquery.validate.js was not modified
info: Microsoft.AspNetCore.Hosting.Internal.WebHost[2]
      Request finished in 2.6168ms 304 application/javascript
info: Microsoft.AspNetCore.Hosting.Internal.WebHost[1]
      Request starting HTTP/1.1 GET http://localhost:62114/lib/blockUI/jquery.blockUI.js?v=oQaw-JJuUcJQ9QVYMcFnPxICDT-hv8-kuxT2FNzTGhc  
info: Microsoft.AspNetCore.StaticFiles.StaticFileMiddleware[6]
      The file /lib/blockUI/jquery.blockUI.js was not modified
info: Microsoft.AspNetCore.Hosting.Internal.WebHost[2]
      Request finished in 4.5251ms 304 application/javascript
info: Microsoft.AspNetCore.Hosting.Internal.WebHost[1]
      Request starting HTTP/1.1 GET http://localhost:62114/lib/toastr/toastr.js?v=C7DJ6LzTt1Hvj9fd-yRnySs3I4T2B8XmQ3TqXQjc00g  
info: Microsoft.AspNetCore.StaticFiles.StaticFileMiddleware[6]
      The file /lib/toastr/toastr.js was not modified
info: Microsoft.AspNetCore.Hosting.Internal.WebHost[2]
      Request finished in 8.9927ms 304 application/javascript
info: Microsoft.AspNetCore.Hosting.Internal.WebHost[1]
      Request starting HTTP/1.1 GET http://localhost:62114/lib/jquery/dist/jquery.js?v=DZAnKJ_6XZ9si04Hgrsxu_8s717jcIzLy3oi35EouyE  
info: Microsoft.AspNetCore.StaticFiles.StaticFileMiddleware[6]
      The file /lib/jquery/dist/jquery.js was not modified
info: Microsoft.AspNetCore.Hosting.Internal.WebHost[2]
      Request finished in 3.7889ms 304 application/javascript
info: Microsoft.AspNetCore.Hosting.Internal.WebHost[1]
      Request starting HTTP/1.1 GET http://localhost:62114/lib/json2/json2.js?v=EZJ68U7eUi8uSP0MRRUalYten2eOlhREE9kJOIbIeYg  
info: Microsoft.AspNetCore.StaticFiles.StaticFileMiddleware[6]
      The file /lib/json2/json2.js was not modified
info: Microsoft.AspNetCore.Hosting.Internal.WebHost[2]
      Request finished in 2.4596ms 304 application/javascript
info: Microsoft.AspNetCore.Hosting.Internal.WebHost[1]
      Request starting HTTP/1.1 GET http://localhost:62114/lib/moment/min/moment-with-locales.js?v=7CN4bWPV0U57HDA4YjdCBKCAynhqdWErjNn-5rrsW_I  
info: Microsoft.AspNetCore.StaticFiles.StaticFileMiddleware[6]
      The file /lib/moment/min/moment-with-locales.js was not modified
info: Microsoft.AspNetCore.Hosting.Internal.WebHost[2]
      Request finished in 2.2737ms 304 application/javascript
info: Microsoft.AspNetCore.Hosting.Internal.WebHost[1]
      Request starting HTTP/1.1 GET http://localhost:62114/lib/spin.js/jquery.spin.js?v=EG38bUU5b2M64hy9cNAzu_cQBEsiBYsDifOcoHqNd2k  
info: Microsoft.AspNetCore.StaticFiles.StaticFileMiddleware[6]
      The file /lib/spin.js/jquery.spin.js was not modified
info: Microsoft.AspNetCore.Hosting.Internal.WebHost[2]
      Request finished in 3.181ms 304 application/javascript
info: Microsoft.AspNetCore.Hosting.Internal.WebHost[1]
      Request starting HTTP/1.1 GET http://localhost:62114/lib/sweetalert/dist/sweetalert.min.js?v=aPktydUv1rN3mouQeXoKi3ioFTIQlULuqYeoTAA2ihY  
info: Microsoft.AspNetCore.StaticFiles.StaticFileMiddleware[6]
      The file /lib/sweetalert/dist/sweetalert.min.js was not modified
info: Microsoft.AspNetCore.Hosting.Internal.WebHost[2]
      Request finished in 2.5944ms 304 application/javascript
info: Microsoft.AspNetCore.Hosting.Internal.WebHost[1]
      Request starting HTTP/1.1 GET http://localhost:62114/lib/bootstrap-select/dist/js/bootstrap-select.js?v=_KDPX2Vvqq8sySMxlLNJxt9j6Cmb8i_xp602ozhYxzI  
info: Microsoft.AspNetCore.StaticFiles.StaticFileMiddleware[6]
      The file /lib/bootstrap-select/dist/js/bootstrap-select.js was not modified
info: Microsoft.AspNetCore.Hosting.Internal.WebHost[2]
      Request finished in 4.2203ms 304 application/javascript
info: Microsoft.AspNetCore.Hosting.Internal.WebHost[1]
      Request starting HTTP/1.1 GET http://localhost:62114/lib/push.js/push.js?v=HDxbpm8oBKwe1bmX9Z1SahYYA7zEbc1dk7LfopvOvoE  
info: Microsoft.AspNetCore.StaticFiles.StaticFileMiddleware[6]
      The file /lib/push.js/push.js was not modified
info: Microsoft.AspNetCore.Hosting.Internal.WebHost[2]
      Request finished in 2.8927ms 304 application/javascript
info: Microsoft.AspNetCore.Hosting.Internal.WebHost[1]
      Request starting HTTP/1.1 GET http://localhost:62114/lib/abp-web-resources/Abp/Framework/scripts/libs/abp.jquery.js?v=lMgLZMlGsipWDxpvEPxfKVREzRedV_ygRnTj2kvADpw  
info: Microsoft.AspNetCore.StaticFiles.StaticFileMiddleware[6]
      The file /lib/abp-web-resources/Abp/Framework/scripts/libs/abp.jquery.js was not modified
info: Microsoft.AspNetCore.Hosting.Internal.WebHost[2]
      Request finished in 3.4125ms 304 application/javascript
info: Microsoft.AspNetCore.Hosting.Internal.WebHost[1]
      Request starting HTTP/1.1 GET http://localhost:62114/lib/abp-web-resources/Abp/Framework/scripts/abp.js?v=FGfi3RfHf06ftjVdq2JaO16cF9CPZNPvujmuYBacXxg  
info: Microsoft.AspNetCore.Hosting.Internal.WebHost[1]
      Request starting HTTP/1.1 GET http://localhost:62114/lib/abp-web-resources/Abp/Framework/scripts/libs/abp.toastr.js?v=ImopdkB8alCil1HigOwW3CDqWKsLZXyplf7TXBbjRnE  
info: Microsoft.AspNetCore.StaticFiles.StaticFileMiddleware[6]
      The file /lib/abp-web-resources/Abp/Framework/scripts/abp.js was not modified
info: Microsoft.AspNetCore.StaticFiles.StaticFileMiddleware[6]
      The file /lib/abp-web-resources/Abp/Framework/scripts/libs/abp.toastr.js was not modified
info: Microsoft.AspNetCore.Hosting.Internal.WebHost[2]
      Request finished in 2.1895ms 304 application/javascript
info: Microsoft.AspNetCore.Hosting.Internal.WebHost[2]
      Request finished in 2.6061ms 304 application/javascript
info: Microsoft.AspNetCore.Hosting.Internal.WebHost[1]
      Request starting HTTP/1.1 GET http://localhost:62114/js/admin.js?v=EVe7kfOaz9IIbzAxojHn8QU2lv1sAlpN_v_9R5MU9mg  
info: Microsoft.AspNetCore.StaticFiles.StaticFileMiddleware[6]
      The file /js/admin.js was not modified
info: Microsoft.AspNetCore.Hosting.Internal.WebHost[2]
      Request finished in 2.2461ms 304 application/javascript
info: Microsoft.AspNetCore.Hosting.Internal.WebHost[1]
      Request starting HTTP/1.1 GET http://localhost:62114/lib/abp-web-resources/Abp/Framework/scripts/libs/abp.spin.js?v=RJuGDX616JN_UziXsmKnth0alpECKCx0gtxKZVrZWxY  
info: Microsoft.AspNetCore.StaticFiles.StaticFileMiddleware[6]
      The file /lib/abp-web-resources/Abp/Framework/scripts/libs/abp.spin.js was not modified
info: Microsoft.AspNetCore.Hosting.Internal.WebHost[2]
      Request finished in 3.331ms 304 application/javascript
info: Microsoft.AspNetCore.Hosting.Internal.WebHost[1]
      Request starting HTTP/1.1 GET http://localhost:62114/lib/abp-web-resources/Abp/Framework/scripts/libs/abp.blockUI.js?v=Y3zoG-hSFKmbS3BHKo_wFWRPbyzJXKoNrnF73uFdtqU  
info: Microsoft.AspNetCore.StaticFiles.StaticFileMiddleware[6]
      The file /lib/abp-web-resources/Abp/Framework/scripts/libs/abp.blockUI.js was not modified
info: Microsoft.AspNetCore.Hosting.Internal.WebHost[2]
      Request finished in 3.1364ms 304 application/javascript
info: Microsoft.AspNetCore.Hosting.Internal.WebHost[1]
      Request starting HTTP/1.1 GET http://localhost:62114/lib/abp-web-resources/Abp/Framework/scripts/libs/abp.sweet-alert.js?v=guLvtVJMvLobKpGAlQigrGWMQ1sGQo4yTL46zjGQUUY  
info: Microsoft.AspNetCore.StaticFiles.StaticFileMiddleware[6]
      The file /lib/abp-web-resources/Abp/Framework/scripts/libs/abp.sweet-alert.js was not modified
info: Microsoft.AspNetCore.Hosting.Internal.WebHost[2]
      Request finished in 2.9472ms 304 application/javascript
info: Microsoft.AspNetCore.Hosting.Internal.WebHost[1]
      Request starting HTTP/1.1 GET http://localhost:62114/js/main.js?v=PYAEuwwhYiuoK7qNAUxcZVML-YMRIqy7lCKjmAr1Dns  
info: Microsoft.AspNetCore.StaticFiles.StaticFileMiddleware[6]
      The file /js/main.js was not modified
info: Microsoft.AspNetCore.Hosting.Internal.WebHost[2]
      Request finished in 3.0176ms 304 application/javascript
info: Microsoft.AspNetCore.Hosting.Internal.WebHost[1]
      Request starting HTTP/1.1 GET http://localhost:62114/view-resources/Views/Shared/_Layout.js?v=jOYc7_5N1zFKt3qTihQ-9Kc0wjSMXkAeHUXNyvn8sYo  
info: Microsoft.AspNetCore.StaticFiles.StaticFileMiddleware[6]
      The file /view-resources/Views/Shared/_Layout.js was not modified
info: Microsoft.AspNetCore.Hosting.Internal.WebHost[2]
      Request finished in 3.1171ms 304 application/javascript
info: Microsoft.AspNetCore.Hosting.Internal.WebHost[1]
      Request starting HTTP/1.1 GET http://localhost:62114/js/angular.min.js?v=sk9OZF24HqebsmeR4sKCxeMatokA7KtIK4hHO60qm54  
info: Microsoft.AspNetCore.StaticFiles.StaticFileMiddleware[6]
      The file /js/angular.min.js was not modified
info: Microsoft.AspNetCore.Hosting.Internal.WebHost[2]
      Request finished in 6.2381ms 304 application/javascript
info: Microsoft.AspNetCore.Hosting.Internal.WebHost[1]
      Request starting HTTP/1.1 GET http://localhost:62114/js/highcharts.js?v=4qC1FQHiGHSV8ujobkeVKamIjkdPAKRVWYr1Of2ud-k  
info: Microsoft.AspNetCore.StaticFiles.StaticFileMiddleware[6]
      The file /js/highcharts.js was not modified
info: Microsoft.AspNetCore.Hosting.Internal.WebHost[2]
      Request finished in 2.8068ms 304 application/javascript
info: Microsoft.AspNetCore.Hosting.Internal.WebHost[1]
      Request starting HTTP/1.1 GET http://localhost:62114/js/table-angularjs/jquery.dataTables.min.js  
info: Microsoft.AspNetCore.StaticFiles.StaticFileMiddleware[6]
      The file /js/table-angularjs/jquery.dataTables.min.js was not modified
info: Microsoft.AspNetCore.Hosting.Internal.WebHost[2]
      Request finished in 11.0262ms 304 application/javascript
info: Microsoft.AspNetCore.Hosting.Internal.WebHost[1]
      Request starting HTTP/1.1 GET http://localhost:62114/lib/spin.js/spin.js?v=GySbz3oZXNlwoawo5PpYy0iM38B-q3jyi_HLw00uxy0  
info: Microsoft.AspNetCore.StaticFiles.StaticFileMiddleware[6]
      The file /lib/spin.js/spin.js was not modified
info: Microsoft.AspNetCore.Hosting.Internal.WebHost[2]
      Request finished in 3.3447ms 304 application/javascript
info: Microsoft.AspNetCore.Hosting.Internal.WebHost[1]
      Request starting HTTP/1.1 GET http://localhost:62114/js/angular-chart.js/angular-chart.js?v=ybd6a1g-flGV6atsxZAtJxFWeE9EM25G0-YiVNTPW8I  
info: Microsoft.AspNetCore.StaticFiles.StaticFileMiddleware[6]
      The file /js/angular-chart.js/angular-chart.js was not modified
info: Microsoft.AspNetCore.Hosting.Internal.WebHost[2]
      Request finished in 2.7438ms 304 application/javascript
info: Microsoft.AspNetCore.Hosting.Internal.WebHost[1]
      Request starting HTTP/1.1 GET http://localhost:62114/js/angular-cookies.min.js?v=poOROwWtFl7F5sosEgrVsRiWCW5M6ZgaJNfML_XEuHY  
info: Microsoft.AspNetCore.StaticFiles.StaticFileMiddleware[6]
      The file /js/angular-cookies.min.js was not modified
info: Microsoft.AspNetCore.Hosting.Internal.WebHost[2]
      Request finished in 4.7428ms 304 application/javascript
info: Microsoft.AspNetCore.Hosting.Internal.WebHost[1]
      Request starting HTTP/1.1 GET http://localhost:62114/AbpServiceProxies/GetAll?v=636623106303066227  
info: Microsoft.AspNetCore.Authentication.Cookies.CookieAuthenticationHandler[8]
      AuthenticationScheme: Identity.Application was successfully authenticated.
info: Microsoft.AspNetCore.Mvc.Internal.ControllerActionInvoker[1]
      Executing action method Abp.AspNetCore.Mvc.Proxying.AbpServiceProxiesController.GetAll (Abp.AspNetCore) with arguments (Abp.AspNetCore.Mvc.Proxying.ApiProxyGenerationModel) - ModelState is Valid
info: Microsoft.AspNetCore.Hosting.Internal.WebHost[1]
      Request starting HTTP/1.1 GET http://localhost:62114/AbpScripts/GetScripts?v=636623106303066227  
info: Microsoft.AspNetCore.Authentication.Cookies.CookieAuthenticationHandler[8]
      AuthenticationScheme: Identity.Application was successfully authenticated.
info: Microsoft.AspNetCore.Mvc.Internal.ControllerActionInvoker[1]
      Executing action method Abp.AspNetCore.Mvc.Controllers.AbpScriptsController.GetScripts (Abp.AspNetCore) with arguments () - ModelState is Valid
info: Microsoft.AspNetCore.Hosting.Internal.WebHost[1]
      Request starting HTTP/1.1 GET http://localhost:62114/lib/chart.js/dist/Chart.min.js?v=SiHXR50l06UwJvHhFY4e5vzwq75vEHH-8fFNpkXePr0  
info: Microsoft.AspNetCore.StaticFiles.StaticFileMiddleware[6]
      The file /lib/chart.js/dist/Chart.min.js was not modified
info: Microsoft.AspNetCore.Hosting.Internal.WebHost[2]
      Request finished in 4.0569ms 304 application/javascript
info: Microsoft.AspNetCore.Mvc.Internal.ContentResultExecutor[1]
      Executing ContentResult with HTTP Response ContentType of application/x-javascript
info: Microsoft.AspNetCore.Mvc.Internal.ControllerActionInvoker[2]
      Executed action Abp.AspNetCore.Mvc.Proxying.AbpServiceProxiesController.GetAll (Abp.AspNetCore) in 69.4493ms
info: Microsoft.AspNetCore.Hosting.Internal.WebHost[2]
      Request finished in 101.8047ms 200 application/x-javascript
info: Microsoft.AspNetCore.Hosting.Internal.WebHost[1]
      Request starting HTTP/1.1 GET http://localhost:62114/lib/Waves/dist/waves.js?v=Lar7zQhqgdoUsaqhuwkgnWgsC-eRWIxHhJPV-QtrDog  
info: Microsoft.AspNetCore.StaticFiles.StaticFileMiddleware[6]
      The file /lib/Waves/dist/waves.js was not modified
info: Microsoft.AspNetCore.Hosting.Internal.WebHost[2]
      Request finished in 5.1801ms 304 application/javascript
info: Microsoft.AspNetCore.Hosting.Internal.WebHost[1]
      Request starting HTTP/1.1 GET http://localhost:62114/lib/jquery-slimscroll/jquery.slimscroll.js?v=4K6ZHzwMYR5_eU2SeDIaByus_qki9IFY8hmxl5U6D1Y  
info: Microsoft.AspNetCore.StaticFiles.StaticFileMiddleware[6]
      The file /lib/jquery-slimscroll/jquery.slimscroll.js was not modified
info: Microsoft.AspNetCore.Hosting.Internal.WebHost[2]
      Request finished in 2.5138ms 304 application/javascript
info: Microsoft.AspNetCore.Hosting.Internal.WebHost[1]
      Request starting HTTP/1.1 GET http://localhost:62114/lib/signalr-client/signalr.min.js  
info: Microsoft.AspNetCore.StaticFiles.StaticFileMiddleware[6]
      The file /lib/signalr-client/signalr.min.js was not modified
info: Microsoft.AspNetCore.Hosting.Internal.WebHost[2]
      Request finished in 4.5354ms 304 application/javascript
info: Microsoft.AspNetCore.Hosting.Internal.WebHost[1]
      Request starting HTTP/1.1 GET http://localhost:62114/Angular/main.js?v=Ue52SqR6UH3ONaDXcC3BIBBnromtRS4orAR0aB1kbkw  
info: Microsoft.AspNetCore.StaticFiles.StaticFileMiddleware[6]
      The file /Angular/main.js was not modified
info: Microsoft.AspNetCore.Hosting.Internal.WebHost[2]
      Request finished in 2.841ms 304 application/javascript
info: Microsoft.AspNetCore.Hosting.Internal.WebHost[1]
      Request starting HTTP/1.1 GET http://localhost:62114/js/table-angularjs/angular-datatables.min.js  
info: Microsoft.AspNetCore.StaticFiles.StaticFileMiddleware[6]
      The file /js/table-angularjs/angular-datatables.min.js was not modified
info: Microsoft.AspNetCore.Hosting.Internal.WebHost[2]
      Request finished in 6.3999ms 304 application/javascript
info: Microsoft.AspNetCore.Mvc.Internal.ContentResultExecutor[1]
      Executing ContentResult with HTTP Response ContentType of application/x-javascript; charset=utf-8
info: Microsoft.AspNetCore.Mvc.Internal.ControllerActionInvoker[2]
      Executed action Abp.AspNetCore.Mvc.Controllers.AbpScriptsController.GetScripts (Abp.AspNetCore) in 214.6434ms
info: Microsoft.AspNetCore.Hosting.Internal.WebHost[2]
      Request finished in 248.4609ms 200 application/x-javascript; charset=utf-8
info: Microsoft.AspNetCore.Hosting.Internal.WebHost[1]
      Request starting HTTP/1.1 GET http://localhost:62114/Angular/app.js?v=iiqlDz4ZRUrmKbB8FeWN-D_bL7wYOjr8CSqNNhKgygY  
info: Microsoft.AspNetCore.Hosting.Internal.WebHost[1]
      Request starting HTTP/1.1 GET http://localhost:62114/lib/abp-web-resources/Abp/Framework/scripts/libs/abp.signalr-client.js?v=SWq8UPKD6zYvx7OqzMoZg6mBFYCYXfjUts_3rgpNzT8  
info: Microsoft.AspNetCore.StaticFiles.StaticFileMiddleware[6]
      The file /lib/abp-web-resources/Abp/Framework/scripts/libs/abp.signalr-client.js was not modified
info: Microsoft.AspNetCore.Hosting.Internal.WebHost[2]
      Request finished in 2.3382ms 304 application/javascript
info: Microsoft.AspNetCore.StaticFiles.StaticFileMiddleware[6]
      The file /Angular/app.js was not modified
info: Microsoft.AspNetCore.Hosting.Internal.WebHost[2]
      Request finished in 25.1548ms 304 application/javascript
info: Microsoft.AspNetCore.Hosting.Internal.WebHost[1]
      Request starting HTTP/1.1 GET http://localhost:62114/lib/signalr-client/signalr.min.js?v=4QUtu5cEYybLxY00UpGeYV_M4yBce8AlBTJIFQ5bRoY  
info: Microsoft.AspNetCore.StaticFiles.StaticFileMiddleware[6]
      The file /lib/signalr-client/signalr.min.js was not modified
info: Microsoft.AspNetCore.Hosting.Internal.WebHost[2]
      Request finished in 6.279ms 304 application/javascript
info: Microsoft.AspNetCore.Hosting.Internal.WebHost[1]
      Request starting HTTP/1.1 GET http://localhost:62114/images/user-img-background.jpg  
info: Microsoft.AspNetCore.StaticFiles.StaticFileMiddleware[6]
      The file /images/user-img-background.jpg was not modified
info: Microsoft.AspNetCore.Hosting.Internal.WebHost[2]
      Request finished in 9.1845ms 304 image/jpeg
info: Microsoft.AspNetCore.Hosting.Internal.WebHost[1]
      Request starting HTTP/1.1 GET http://localhost:62114/lib/famfamfam-flags/dist/sprite/famfamfam-flags.png  
info: Microsoft.AspNetCore.StaticFiles.StaticFileMiddleware[6]
      The file /lib/famfamfam-flags/dist/sprite/famfamfam-flags.png was not modified
info: Microsoft.AspNetCore.Hosting.Internal.WebHost[2]
      Request finished in 5.774ms 304 image/png
info: Microsoft.AspNetCore.Hosting.Internal.WebHost[1]
      Request starting HTTP/1.1 GET http://localhost:62114/signalr  
info: Microsoft.AspNetCore.Authentication.Cookies.CookieAuthenticationHandler[8]
      AuthenticationScheme: Identity.Application was successfully authenticated.
info: Microsoft.AspNetCore.Sockets.Internal.Transports.WebSocketsTransport[1]
      Socket opened.
info: Microsoft.AspNetCore.SignalR.HubConnectionContext[1]
      Using HubProtocol 'json'.
