info: Microsoft.AspNetCore.DataProtection.KeyManagement.XmlKeyManager[0]
      User profile is available. Using 'C:\Users\nguye\AppData\Local\ASP.NET\DataProtection-Keys' as key repository and Windows DPAPI to encrypt keys at rest.
Hosting environment: Development
Content root path: D:\Work\XnBoiler\aspnet-core\src\Xn.Web.Mvc
Now listening on: http://localhost:10983
Application started. Press Ctrl+C to shut down.
info: Microsoft.AspNetCore.Hosting.Internal.WebHost[1]
      Request starting HTTP/1.1 GET http://localhost:62114/  
info: Microsoft.AspNetCore.Authentication.Cookies.CookieAuthenticationHandler[8]
      AuthenticationScheme: Identity.Application was successfully authenticated.
info: Microsoft.AspNetCore.Authorization.DefaultAuthorizationService[1]
      Authorization was successful.
info: Microsoft.AspNetCore.Mvc.Internal.ControllerActionInvoker[1]
      Executing action method Xn.Web.Controllers.HomeController.Index (Xn.Web.Mvc) with arguments ((null)) - ModelState is Valid
info: Microsoft.AspNetCore.Mvc.ViewFeatures.Internal.ViewResultExecutor[1]
      Executing ViewResult, running view at path /Views/Home/Index.cshtml.
info: Microsoft.AspNetCore.Mvc.Internal.ControllerActionInvoker[2]
      Executed action Xn.Web.Controllers.HomeController.Index (Xn.Web.Mvc) in 8096.0346ms
info: Microsoft.AspNetCore.Hosting.Internal.WebHost[2]
      Request finished in 10111.389ms 200 text/html; charset=utf-8
info: Microsoft.AspNetCore.Hosting.Internal.WebHost[1]
      Request starting HTTP/1.1 GET http://localhost:62114/lib/bootstrap/dist/css/bootstrap.css?v=opI27tVP8lfzTdiKv9Wi8UuRkNhIAvZwMVLWtOpRHKk  
info: Microsoft.AspNetCore.Hosting.Internal.WebHost[1]
      Request starting HTTP/1.1 GET http://localhost:62114/fonts/roboto/roboto.css?v=53F8z0aw8DRnG9ou9x1tuKMPbNjRZWM-VBHl3B0s9-o  
info: Microsoft.AspNetCore.Hosting.Internal.WebHost[1]
      Request starting HTTP/1.1 GET http://localhost:62114/fonts/material-icons/materialicons.css?v=8pEJ8MWsFzHRDLY0NI5rssf6T6vankxrJDPnnZxOGrg  
info: Microsoft.AspNetCore.StaticFiles.StaticFileMiddleware[2]
      Sending file. Request path: '/fonts/material-icons/materialicons.css'. Physical path: 'D:\Work\XnBoiler\aspnet-core\src\Xn.Web.Mvc\wwwroot\fonts\material-icons\materialicons.css'
info: Microsoft.AspNetCore.StaticFiles.StaticFileMiddleware[2]
      Sending file. Request path: '/fonts/roboto/roboto.css'. Physical path: 'D:\Work\XnBoiler\aspnet-core\src\Xn.Web.Mvc\wwwroot\fonts\roboto\roboto.css'
info: Microsoft.AspNetCore.StaticFiles.StaticFileMiddleware[2]
      Sending file. Request path: '/lib/bootstrap/dist/css/bootstrap.css'. Physical path: 'D:\Work\XnBoiler\aspnet-core\src\Xn.Web.Mvc\wwwroot\lib\bootstrap\dist\css\bootstrap.css'
info: Microsoft.AspNetCore.Hosting.Internal.WebHost[1]
      Request starting HTTP/1.1 GET http://localhost:62114/lib/bootstrap-select/dist/css/bootstrap-select.css?v=DeY2lH0e0tmNnO9XZ-gGVOGk6_YoWlZ49y7CnD3ST00  
info: Microsoft.AspNetCore.StaticFiles.StaticFileMiddleware[2]
      Sending file. Request path: '/lib/bootstrap-select/dist/css/bootstrap-select.css'. Physical path: 'D:\Work\XnBoiler\aspnet-core\src\Xn.Web.Mvc\wwwroot\lib\bootstrap-select\dist\css\bootstrap-select.css'
info: Microsoft.AspNetCore.Hosting.Internal.WebHost[1]
      Request starting HTTP/1.1 GET http://localhost:62114/robots.txt  
info: Microsoft.AspNetCore.Hosting.Internal.WebHost[2]
      Request finished in 117.8583ms 200 text/css
info: Microsoft.AspNetCore.Hosting.Internal.WebHost[2]
      Request finished in 21.6041ms 200 text/css
info: Microsoft.AspNetCore.Hosting.Internal.WebHost[2]
      Request finished in 61.1588ms 404 
info: Microsoft.AspNetCore.Hosting.Internal.WebHost[1]
      Request starting HTTP/1.1 GET http://localhost:62114/lib/toastr/toastr.css?v=kKePN_CyxTiMEgsSDu_7z21ru07YOZtR-0UV0JOkt5o  
info: Microsoft.AspNetCore.StaticFiles.StaticFileMiddleware[2]
      Sending file. Request path: '/lib/toastr/toastr.css'. Physical path: 'D:\Work\XnBoiler\aspnet-core\src\Xn.Web.Mvc\wwwroot\lib\toastr\toastr.css'
info: Microsoft.AspNetCore.Hosting.Internal.WebHost[2]
      Request finished in 2.7494ms 200 text/css
info: Microsoft.AspNetCore.Hosting.Internal.WebHost[2]
      Request finished in 218.6157ms 200 text/css
info: Microsoft.AspNetCore.Hosting.Internal.WebHost[1]
      Request starting HTTP/1.1 GET http://localhost:62114/lib/famfamfam-flags/dist/sprite/famfamfam-flags.css?v=JVJiF3s2_kk99xQHfYhfxo_-Dd52ZIruDMOILwPkqv0  
info: Microsoft.AspNetCore.StaticFiles.StaticFileMiddleware[2]
      Sending file. Request path: '/lib/famfamfam-flags/dist/sprite/famfamfam-flags.css'. Physical path: 'D:\Work\XnBoiler\aspnet-core\src\Xn.Web.Mvc\wwwroot\lib\famfamfam-flags\dist\sprite\famfamfam-flags.css'
info: Microsoft.AspNetCore.Hosting.Internal.WebHost[2]
      Request finished in 2.6365ms 200 text/css
info: Microsoft.AspNetCore.Hosting.Internal.WebHost[2]
      Request finished in 246.3853ms 200 text/css
info: Microsoft.AspNetCore.Hosting.Internal.WebHost[1]
      Request starting HTTP/1.1 GET http://localhost:62114/lib/animate.css/animate.css?v=IT6GQizZpVcaM1_L_mIiNAYVvZErMgfwewf1GGWXG_I  
info: Microsoft.AspNetCore.StaticFiles.StaticFileMiddleware[2]
      Sending file. Request path: '/lib/animate.css/animate.css'. Physical path: 'D:\Work\XnBoiler\aspnet-core\src\Xn.Web.Mvc\wwwroot\lib\animate.css\animate.css'
info: Microsoft.AspNetCore.Hosting.Internal.WebHost[2]
      Request finished in 3.7124ms 200 text/css
info: Microsoft.AspNetCore.Hosting.Internal.WebHost[1]
      Request starting HTTP/1.1 GET http://localhost:62114/css/materialize.css?v=ey-J3xahkqficOYUHVX3jexmzvRFrge9bmux4CQr1DQ  
info: Microsoft.AspNetCore.StaticFiles.StaticFileMiddleware[2]
      Sending file. Request path: '/css/materialize.css'. Physical path: 'D:\Work\XnBoiler\aspnet-core\src\Xn.Web.Mvc\wwwroot\css\materialize.css'
info: Microsoft.AspNetCore.Hosting.Internal.WebHost[2]
      Request finished in 4.5466ms 200 text/css
info: Microsoft.AspNetCore.Hosting.Internal.WebHost[1]
      Request starting HTTP/1.1 GET http://localhost:62114/lib/font-awesome/css/font-awesome.css?v=YIHlqxkiJtENTMuzIHC9EfZaB5RniGr7kF7juUQJUuc  
info: Microsoft.AspNetCore.StaticFiles.StaticFileMiddleware[2]
      Sending file. Request path: '/lib/font-awesome/css/font-awesome.css'. Physical path: 'D:\Work\XnBoiler\aspnet-core\src\Xn.Web.Mvc\wwwroot\lib\font-awesome\css\font-awesome.css'
info: Microsoft.AspNetCore.Hosting.Internal.WebHost[2]
      Request finished in 5.2616ms 200 text/css
info: Microsoft.AspNetCore.Hosting.Internal.WebHost[1]
      Request starting HTTP/1.1 GET http://localhost:62114/lib/Waves/dist/waves.css?v=nd3hxjNg6DhkuFIz5IbxLK8Xw2ac0blsDQpF4pkJxUc  
info: Microsoft.AspNetCore.StaticFiles.StaticFileMiddleware[2]
      Sending file. Request path: '/lib/Waves/dist/waves.css'. Physical path: 'D:\Work\XnBoiler\aspnet-core\src\Xn.Web.Mvc\wwwroot\lib\Waves\dist\waves.css'
info: Microsoft.AspNetCore.Hosting.Internal.WebHost[2]
      Request finished in 4.3368ms 200 text/css
info: Microsoft.AspNetCore.Hosting.Internal.WebHost[1]
      Request starting HTTP/1.1 GET http://localhost:62114/css/style.css?v=Hmj_hRbtMwZt6Iov-5Sm2qe6D6y7PFUTQRDdUyYreE4  
info: Microsoft.AspNetCore.Hosting.Internal.WebHost[1]
      Request starting HTTP/1.1 GET http://localhost:62114/css/themes/all-themes.css?v=eGSl5zNTWrXYfUx_EJW9ksC3CUTUUxvxmPiA3aQDtQo  
info: Microsoft.AspNetCore.StaticFiles.StaticFileMiddleware[2]
      Sending file. Request path: '/css/style.css'. Physical path: 'D:\Work\XnBoiler\aspnet-core\src\Xn.Web.Mvc\wwwroot\css\style.css'
info: Microsoft.AspNetCore.StaticFiles.StaticFileMiddleware[2]
      Sending file. Request path: '/css/themes/all-themes.css'. Physical path: 'D:\Work\XnBoiler\aspnet-core\src\Xn.Web.Mvc\wwwroot\css\themes\all-themes.css'
info: Microsoft.AspNetCore.Hosting.Internal.WebHost[2]
      Request finished in 3.6788ms 200 text/css
info: Microsoft.AspNetCore.Hosting.Internal.WebHost[2]
      Request finished in 5.1538ms 200 text/css
info: Microsoft.AspNetCore.Hosting.Internal.WebHost[1]
      Request starting HTTP/1.1 GET http://localhost:62114/view-resources/Views/Shared/_Layout.css?v=BLxBuNISlF2O5EBHWdsX039NvnIHy-GtcqeI_MbyIc0  
info: Microsoft.AspNetCore.StaticFiles.StaticFileMiddleware[2]
      Sending file. Request path: '/view-resources/Views/Shared/_Layout.css'. Physical path: 'D:\Work\XnBoiler\aspnet-core\src\Xn.Web.Mvc\wwwroot\view-resources\Views\Shared\_Layout.css'
info: Microsoft.AspNetCore.Hosting.Internal.WebHost[2]
      Request finished in 2.4768ms 200 text/css
info: Microsoft.AspNetCore.Hosting.Internal.WebHost[1]
      Request starting HTTP/1.1 GET http://localhost:62114/scss/snackbar.css?v=Yglus7cl-9UBI3HXtOouoNDe_fC19Iybunr-R3umO94  
info: Microsoft.AspNetCore.StaticFiles.StaticFileMiddleware[2]
      Sending file. Request path: '/scss/snackbar.css'. Physical path: 'D:\Work\XnBoiler\aspnet-core\src\Xn.Web.Mvc\wwwroot\scss\snackbar.css'
info: Microsoft.AspNetCore.Hosting.Internal.WebHost[2]
      Request finished in 5.2165ms 200 text/css
info: Microsoft.AspNetCore.Hosting.Internal.WebHost[1]
      Request starting HTTP/1.1 GET http://localhost:62114/js/table-angularjs/jquery.dataTables.min.css?v=9O_T5LPKP99EDR1kSSkzCf4-dZO8xrTY1TpWeVVIfk4  
info: Microsoft.AspNetCore.StaticFiles.StaticFileMiddleware[2]
      Sending file. Request path: '/js/table-angularjs/jquery.dataTables.min.css'. Physical path: 'D:\Work\XnBoiler\aspnet-core\src\Xn.Web.Mvc\wwwroot\js\table-angularjs\jquery.dataTables.min.css'
info: Microsoft.AspNetCore.Hosting.Internal.WebHost[2]
      Request finished in 3.8031ms 200 text/css
info: Microsoft.AspNetCore.Hosting.Internal.WebHost[1]
      Request starting HTTP/1.1 GET http://localhost:62114/lib/json2/json2.js?v=w3DjWhUtDqy3bSJKv285C-2kagUtW9F64T9z3xRah8g  
info: Microsoft.AspNetCore.StaticFiles.StaticFileMiddleware[2]
      Sending file. Request path: '/lib/json2/json2.js'. Physical path: 'D:\Work\XnBoiler\aspnet-core\src\Xn.Web.Mvc\wwwroot\lib\json2\json2.js'
info: Microsoft.AspNetCore.Hosting.Internal.WebHost[2]
      Request finished in 3.7415ms 200 application/javascript
info: Microsoft.AspNetCore.Hosting.Internal.WebHost[1]
      Request starting HTTP/1.1 GET http://localhost:62114/lib/morris.js/morris.css?v=YM2mAT6Z3Bl89X14nBvhOgTo5bZeRXMimN62teEck84  
info: Microsoft.AspNetCore.StaticFiles.StaticFileMiddleware[2]
      Sending file. Request path: '/lib/morris.js/morris.css'. Physical path: 'D:\Work\XnBoiler\aspnet-core\src\Xn.Web.Mvc\wwwroot\lib\morris.js\morris.css'
info: Microsoft.AspNetCore.Hosting.Internal.WebHost[2]
      Request finished in 2.7448ms 200 text/css
info: Microsoft.AspNetCore.Hosting.Internal.WebHost[1]
      Request starting HTTP/1.1 GET http://localhost:62114/lib/jquery/dist/jquery.js?v=GcL_g4TBRVIQSi96WoMK71EGaYN9ZfsMIKm-50nlS4s  
info: Microsoft.AspNetCore.StaticFiles.StaticFileMiddleware[2]
      Sending file. Request path: '/lib/jquery/dist/jquery.js'. Physical path: 'D:\Work\XnBoiler\aspnet-core\src\Xn.Web.Mvc\wwwroot\lib\jquery\dist\jquery.js'
info: Microsoft.AspNetCore.Hosting.Internal.WebHost[2]
      Request finished in 12.4938ms 200 application/javascript
info: Microsoft.AspNetCore.Hosting.Internal.WebHost[1]
      Request starting HTTP/1.1 GET http://localhost:62114/lib/moment/min/moment-with-locales.js?v=5f0RFtuChrGi6osDzegxXWf5yOkmx45i7J9fM1p6P5w  
info: Microsoft.AspNetCore.StaticFiles.StaticFileMiddleware[2]
      Sending file. Request path: '/lib/moment/min/moment-with-locales.js'. Physical path: 'D:\Work\XnBoiler\aspnet-core\src\Xn.Web.Mvc\wwwroot\lib\moment\min\moment-with-locales.js'
info: Microsoft.AspNetCore.Hosting.Internal.WebHost[1]
      Request starting HTTP/1.1 GET http://localhost:62114/lib/bootstrap/dist/js/bootstrap.js?v=1fo3W6qowq4PinpCsKshaVqewExoFmzrRBGKbSdAVEk  
info: Microsoft.AspNetCore.StaticFiles.StaticFileMiddleware[2]
      Sending file. Request path: '/lib/bootstrap/dist/js/bootstrap.js'. Physical path: 'D:\Work\XnBoiler\aspnet-core\src\Xn.Web.Mvc\wwwroot\lib\bootstrap\dist\js\bootstrap.js'
info: Microsoft.AspNetCore.Hosting.Internal.WebHost[2]
      Request finished in 10.5346ms 200 application/javascript
info: Microsoft.AspNetCore.Hosting.Internal.WebHost[2]
      Request finished in 4.5472ms 200 application/javascript
info: Microsoft.AspNetCore.Hosting.Internal.WebHost[1]
      Request starting HTTP/1.1 GET http://localhost:62114/lib/jquery-validation/dist/jquery.validate.js?v=ZDzsHzuLAtqQVxXwbgRtfAPXQ7UAoJRXBAUDvc9G9CI  
info: Microsoft.AspNetCore.StaticFiles.StaticFileMiddleware[2]
      Sending file. Request path: '/lib/jquery-validation/dist/jquery.validate.js'. Physical path: 'D:\Work\XnBoiler\aspnet-core\src\Xn.Web.Mvc\wwwroot\lib\jquery-validation\dist\jquery.validate.js'
info: Microsoft.AspNetCore.Hosting.Internal.WebHost[1]
      Request starting HTTP/1.1 GET http://localhost:62114/lib/toastr/toastr.js?v=prO6YeBrp6FzpE6glX7_GlSoPssvH4_OmY6Z3YJ2c6c  
info: Microsoft.AspNetCore.StaticFiles.StaticFileMiddleware[2]
      Sending file. Request path: '/lib/toastr/toastr.js'. Physical path: 'D:\Work\XnBoiler\aspnet-core\src\Xn.Web.Mvc\wwwroot\lib\toastr\toastr.js'
info: Microsoft.AspNetCore.Hosting.Internal.WebHost[2]
      Request finished in 6.8313ms 200 application/javascript
info: Microsoft.AspNetCore.Hosting.Internal.WebHost[2]
      Request finished in 4.5671ms 200 application/javascript
info: Microsoft.AspNetCore.Hosting.Internal.WebHost[1]
      Request starting HTTP/1.1 GET http://localhost:62114/lib/blockUI/jquery.blockUI.js?v=KKcUNqwNyTLaXzvuMyFk6JisiQq6Hk7ZtrciXnEf3Z0  
info: Microsoft.AspNetCore.StaticFiles.StaticFileMiddleware[2]
      Sending file. Request path: '/lib/blockUI/jquery.blockUI.js'. Physical path: 'D:\Work\XnBoiler\aspnet-core\src\Xn.Web.Mvc\wwwroot\lib\blockUI\jquery.blockUI.js'
info: Microsoft.AspNetCore.Hosting.Internal.WebHost[2]
      Request finished in 2.6946ms 200 application/javascript
info: Microsoft.AspNetCore.Hosting.Internal.WebHost[1]
      Request starting HTTP/1.1 GET http://localhost:62114/lib/sweetalert/dist/sweetalert.min.js?v=aPktydUv1rN3mouQeXoKi3ioFTIQlULuqYeoTAA2ihY  
info: Microsoft.AspNetCore.StaticFiles.StaticFileMiddleware[2]
      Sending file. Request path: '/lib/sweetalert/dist/sweetalert.min.js'. Physical path: 'D:\Work\XnBoiler\aspnet-core\src\Xn.Web.Mvc\wwwroot\lib\sweetalert\dist\sweetalert.min.js'
info: Microsoft.AspNetCore.Hosting.Internal.WebHost[2]
      Request finished in 4.1526ms 200 application/javascript
info: Microsoft.AspNetCore.Hosting.Internal.WebHost[1]
      Request starting HTTP/1.1 GET http://localhost:62114/lib/spin.js/spin.js?v=b1plKpQIB-XuGyjWec42MhmhpPzEPzFI3OC8Ia0XIoc  
info: Microsoft.AspNetCore.StaticFiles.StaticFileMiddleware[2]
      Sending file. Request path: '/lib/spin.js/spin.js'. Physical path: 'D:\Work\XnBoiler\aspnet-core\src\Xn.Web.Mvc\wwwroot\lib\spin.js\spin.js'
info: Microsoft.AspNetCore.Hosting.Internal.WebHost[2]
      Request finished in 4.6059ms 200 application/javascript
info: Microsoft.AspNetCore.Hosting.Internal.WebHost[1]
      Request starting HTTP/1.1 GET http://localhost:62114/lib/spin.js/jquery.spin.js?v=i7H7HL08ldqUANgfQInE7LlU2uWUdQMCJ-Q7-_zLutY  
info: Microsoft.AspNetCore.StaticFiles.StaticFileMiddleware[2]
      Sending file. Request path: '/lib/spin.js/jquery.spin.js'. Physical path: 'D:\Work\XnBoiler\aspnet-core\src\Xn.Web.Mvc\wwwroot\lib\spin.js\jquery.spin.js'
info: Microsoft.AspNetCore.Hosting.Internal.WebHost[2]
      Request finished in 24.097ms 200 application/javascript
info: Microsoft.AspNetCore.Hosting.Internal.WebHost[1]
      Request starting HTTP/1.1 GET http://localhost:62114/lib/bootstrap-select/dist/js/bootstrap-select.js?v=tXulJKckrq2j2wo8a9hvmXLDEQwhGviPTIYmEzy1dNI  
info: Microsoft.AspNetCore.StaticFiles.StaticFileMiddleware[2]
      Sending file. Request path: '/lib/bootstrap-select/dist/js/bootstrap-select.js'. Physical path: 'D:\Work\XnBoiler\aspnet-core\src\Xn.Web.Mvc\wwwroot\lib\bootstrap-select\dist\js\bootstrap-select.js'
info: Microsoft.AspNetCore.Hosting.Internal.WebHost[1]
      Request starting HTTP/1.1 GET http://localhost:62114/lib/Waves/dist/waves.js?v=ZOMv1vwqpT_ezNZGhvr9jJTr_jqu3lYHB7vmpxD7HmA  
info: Microsoft.AspNetCore.Hosting.Internal.WebHost[1]
      Request starting HTTP/1.1 GET http://localhost:62114/lib/jquery-slimscroll/jquery.slimscroll.js?v=ESVSX4dkOxamaRoYfcqPM2FfErhgfxS60fp1Fa8ou1w  
info: Microsoft.AspNetCore.Hosting.Internal.WebHost[2]
      Request finished in 19.7733ms 200 application/javascript
info: Microsoft.AspNetCore.StaticFiles.StaticFileMiddleware[2]
      Sending file. Request path: '/lib/jquery-slimscroll/jquery.slimscroll.js'. Physical path: 'D:\Work\XnBoiler\aspnet-core\src\Xn.Web.Mvc\wwwroot\lib\jquery-slimscroll\jquery.slimscroll.js'
info: Microsoft.AspNetCore.Hosting.Internal.WebHost[2]
      Request finished in 2.442ms 200 application/javascript
info: Microsoft.AspNetCore.StaticFiles.StaticFileMiddleware[2]
      Sending file. Request path: '/lib/Waves/dist/waves.js'. Physical path: 'D:\Work\XnBoiler\aspnet-core\src\Xn.Web.Mvc\wwwroot\lib\Waves\dist\waves.js'
info: Microsoft.AspNetCore.Hosting.Internal.WebHost[2]
      Request finished in 8.7215ms 200 application/javascript
info: Microsoft.AspNetCore.Hosting.Internal.WebHost[1]
      Request starting HTTP/1.1 GET http://localhost:62114/lib/abp-web-resources/Abp/Framework/scripts/abp.js?v=EjNSmvtPSqCVK_xG_aTvOp8hmVM_7vwyd3hg45CAMGk  
info: Microsoft.AspNetCore.StaticFiles.StaticFileMiddleware[2]
      Sending file. Request path: '/lib/abp-web-resources/Abp/Framework/scripts/abp.js'. Physical path: 'D:\Work\XnBoiler\aspnet-core\src\Xn.Web.Mvc\wwwroot\lib\abp-web-resources\Abp\Framework\scripts\abp.js'
info: Microsoft.AspNetCore.Hosting.Internal.WebHost[2]
      Request finished in 4.2507ms 200 application/javascript
info: Microsoft.AspNetCore.Hosting.Internal.WebHost[1]
      Request starting HTTP/1.1 GET http://localhost:62114/lib/push.js/push.js?v=w347yqiscLjM_TxUKpqeUA1LDR3w5vshQpxpTsgkLhE  
info: Microsoft.AspNetCore.StaticFiles.StaticFileMiddleware[2]
      Sending file. Request path: '/lib/push.js/push.js'. Physical path: 'D:\Work\XnBoiler\aspnet-core\src\Xn.Web.Mvc\wwwroot\lib\push.js\push.js'
info: Microsoft.AspNetCore.Hosting.Internal.WebHost[2]
      Request finished in 3.169ms 200 application/javascript
info: Microsoft.AspNetCore.Hosting.Internal.WebHost[1]
      Request starting HTTP/1.1 GET http://localhost:62114/lib/abp-web-resources/Abp/Framework/scripts/libs/abp.toastr.js?v=QiSp17ew3zyFmdlcKq4HCIOw7UaqE8MC46Ekv50GzPs  
info: Microsoft.AspNetCore.StaticFiles.StaticFileMiddleware[2]
      Sending file. Request path: '/lib/abp-web-resources/Abp/Framework/scripts/libs/abp.toastr.js'. Physical path: 'D:\Work\XnBoiler\aspnet-core\src\Xn.Web.Mvc\wwwroot\lib\abp-web-resources\Abp\Framework\scripts\libs\abp.toastr.js'
info: Microsoft.AspNetCore.Hosting.Internal.WebHost[1]
      Request starting HTTP/1.1 GET http://localhost:62114/lib/abp-web-resources/Abp/Framework/scripts/libs/abp.jquery.js?v=XEXcdRYb4eN3XoQCbnM-BSR6UifHRLsXYDIVFZ7Oc6Q  
info: Microsoft.AspNetCore.StaticFiles.StaticFileMiddleware[2]
      Sending file. Request path: '/lib/abp-web-resources/Abp/Framework/scripts/libs/abp.jquery.js'. Physical path: 'D:\Work\XnBoiler\aspnet-core\src\Xn.Web.Mvc\wwwroot\lib\abp-web-resources\Abp\Framework\scripts\libs\abp.jquery.js'
info: Microsoft.AspNetCore.Hosting.Internal.WebHost[2]
      Request finished in 4.8015ms 200 application/javascript
info: Microsoft.AspNetCore.Hosting.Internal.WebHost[2]
      Request finished in 2.21ms 200 application/javascript
info: Microsoft.AspNetCore.Hosting.Internal.WebHost[1]
      Request starting HTTP/1.1 GET http://localhost:62114/lib/abp-web-resources/Abp/Framework/scripts/libs/abp.blockUI.js?v=vMuHbqHh635SKL2RG2qsGGCDyHg1yFeGqhPKpS34g4k  
info: Microsoft.AspNetCore.StaticFiles.StaticFileMiddleware[2]
      Sending file. Request path: '/lib/abp-web-resources/Abp/Framework/scripts/libs/abp.blockUI.js'. Physical path: 'D:\Work\XnBoiler\aspnet-core\src\Xn.Web.Mvc\wwwroot\lib\abp-web-resources\Abp\Framework\scripts\libs\abp.blockUI.js'
info: Microsoft.AspNetCore.Hosting.Internal.WebHost[2]
      Request finished in 2.2003ms 200 application/javascript
info: Microsoft.AspNetCore.Hosting.Internal.WebHost[1]
      Request starting HTTP/1.1 GET http://localhost:62114/lib/abp-web-resources/Abp/Framework/scripts/libs/abp.spin.js?v=djoKib6ssm5DDzbXLe5pD7ayfFg3siaoEk-BFYzQlvI  
info: Microsoft.AspNetCore.StaticFiles.StaticFileMiddleware[2]
      Sending file. Request path: '/lib/abp-web-resources/Abp/Framework/scripts/libs/abp.spin.js'. Physical path: 'D:\Work\XnBoiler\aspnet-core\src\Xn.Web.Mvc\wwwroot\lib\abp-web-resources\Abp\Framework\scripts\libs\abp.spin.js'
info: Microsoft.AspNetCore.Hosting.Internal.WebHost[2]
      Request finished in 6.9659ms 200 application/javascript
info: Microsoft.AspNetCore.Hosting.Internal.WebHost[1]
      Request starting HTTP/1.1 GET http://localhost:62114/lib/abp-web-resources/Abp/Framework/scripts/libs/abp.sweet-alert.js?v=fPp3O_ILaqD0UHiR721w1i4iBtxo3NH7yfldI5dg0_I  
info: Microsoft.AspNetCore.StaticFiles.StaticFileMiddleware[2]
      Sending file. Request path: '/lib/abp-web-resources/Abp/Framework/scripts/libs/abp.sweet-alert.js'. Physical path: 'D:\Work\XnBoiler\aspnet-core\src\Xn.Web.Mvc\wwwroot\lib\abp-web-resources\Abp\Framework\scripts\libs\abp.sweet-alert.js'
info: Microsoft.AspNetCore.Hosting.Internal.WebHost[2]
      Request finished in 3.4667ms 200 application/javascript
info: Microsoft.AspNetCore.Hosting.Internal.WebHost[1]
      Request starting HTTP/1.1 GET http://localhost:62114/js/admin.js?v=WEbXcDZFgBBPThaOToUlWSMiegAQQnrVuInpjkdxUTs  
info: Microsoft.AspNetCore.Hosting.Internal.WebHost[1]
      Request starting HTTP/1.1 GET http://localhost:62114/js/main.js?v=TQh7CPs0Nabw-VbuWNS1myxE1OoyWIOPMY95C0Yg5m8  
info: Microsoft.AspNetCore.StaticFiles.StaticFileMiddleware[2]
      Sending file. Request path: '/js/admin.js'. Physical path: 'D:\Work\XnBoiler\aspnet-core\src\Xn.Web.Mvc\wwwroot\js\admin.js'
info: Microsoft.AspNetCore.Hosting.Internal.WebHost[2]
      Request finished in 2.1279ms 200 application/javascript
info: Microsoft.AspNetCore.StaticFiles.StaticFileMiddleware[2]
      Sending file. Request path: '/js/main.js'. Physical path: 'D:\Work\XnBoiler\aspnet-core\src\Xn.Web.Mvc\wwwroot\js\main.js'
info: Microsoft.AspNetCore.Hosting.Internal.WebHost[2]
      Request finished in 2.7984ms 200 application/javascript
info: Microsoft.AspNetCore.Hosting.Internal.WebHost[1]
      Request starting HTTP/1.1 GET http://localhost:62114/view-resources/Views/Shared/_Layout.js?v=RQruqClWPSu7O6l9-bzesJOrIOxROTb3CPVyIIqP_cw  
info: Microsoft.AspNetCore.StaticFiles.StaticFileMiddleware[2]
      Sending file. Request path: '/view-resources/Views/Shared/_Layout.js'. Physical path: 'D:\Work\XnBoiler\aspnet-core\src\Xn.Web.Mvc\wwwroot\view-resources\Views\Shared\_Layout.js'
info: Microsoft.AspNetCore.Hosting.Internal.WebHost[2]
      Request finished in 3.4307ms 200 application/javascript
info: Microsoft.AspNetCore.Hosting.Internal.WebHost[1]
      Request starting HTTP/1.1 GET http://localhost:62114/js/angular-cookies.min.js?v=IMIUOvO8muR9HMwZbNUQ7IA_rLQ7ysa55ufXHbzODvQ  
info: Microsoft.AspNetCore.StaticFiles.StaticFileMiddleware[2]
      Sending file. Request path: '/js/angular-cookies.min.js'. Physical path: 'D:\Work\XnBoiler\aspnet-core\src\Xn.Web.Mvc\wwwroot\js\angular-cookies.min.js'
info: Microsoft.AspNetCore.Hosting.Internal.WebHost[2]
      Request finished in 2.9649ms 200 application/javascript
info: Microsoft.AspNetCore.Hosting.Internal.WebHost[1]
      Request starting HTTP/1.1 GET http://localhost:62114/js/angular.min.js?v=tGWNuGTw_SVi2ca2TqZK6YI1m3TiuRGcz-65l15CxMc  
info: Microsoft.AspNetCore.StaticFiles.StaticFileMiddleware[2]
      Sending file. Request path: '/js/angular.min.js'. Physical path: 'D:\Work\XnBoiler\aspnet-core\src\Xn.Web.Mvc\wwwroot\js\angular.min.js'
info: Microsoft.AspNetCore.Hosting.Internal.WebHost[2]
      Request finished in 11.2456ms 200 application/javascript
info: Microsoft.AspNetCore.Hosting.Internal.WebHost[1]
      Request starting HTTP/1.1 GET http://localhost:62114/lib/chart.js/dist/Chart.min.js?v=06oWrFH0H6oTY_MutCZ8H3sihgnUZBqYYfoahtpe22w  
info: Microsoft.AspNetCore.StaticFiles.StaticFileMiddleware[2]
      Sending file. Request path: '/lib/chart.js/dist/Chart.min.js'. Physical path: 'D:\Work\XnBoiler\aspnet-core\src\Xn.Web.Mvc\wwwroot\lib\chart.js\dist\Chart.min.js'
info: Microsoft.AspNetCore.Hosting.Internal.WebHost[1]
      Request starting HTTP/1.1 GET http://localhost:62114/js/highcharts.js?v=4qC1FQHiGHSV8ujobkeVKamIjkdPAKRVWYr1Of2ud-k  
info: Microsoft.AspNetCore.StaticFiles.StaticFileMiddleware[2]
      Sending file. Request path: '/js/highcharts.js'. Physical path: 'D:\Work\XnBoiler\aspnet-core\src\Xn.Web.Mvc\wwwroot\js\highcharts.js'
info: Microsoft.AspNetCore.Hosting.Internal.WebHost[1]
      Request starting HTTP/1.1 GET http://localhost:62114/js/angular-chart.js/angular-chart.min.js?v=FkPzwnbSiuVVHZD4J83FAdhkV97V_43ud2S-55ge2Yw  
info: Microsoft.AspNetCore.StaticFiles.StaticFileMiddleware[2]
      Sending file. Request path: '/js/angular-chart.js/angular-chart.min.js'. Physical path: 'D:\Work\XnBoiler\aspnet-core\src\Xn.Web.Mvc\wwwroot\js\angular-chart.js\angular-chart.min.js'
info: Microsoft.AspNetCore.Hosting.Internal.WebHost[2]
      Request finished in 4.7125ms 200 application/javascript
info: Microsoft.AspNetCore.Hosting.Internal.WebHost[1]
      Request starting HTTP/1.1 GET http://localhost:62114/js/table-angularjs/jquery.dataTables.min.js  
info: Microsoft.AspNetCore.StaticFiles.StaticFileMiddleware[2]
      Sending file. Request path: '/js/table-angularjs/jquery.dataTables.min.js'. Physical path: 'D:\Work\XnBoiler\aspnet-core\src\Xn.Web.Mvc\wwwroot\js\table-angularjs\jquery.dataTables.min.js'
info: Microsoft.AspNetCore.Hosting.Internal.WebHost[2]
      Request finished in 16.5404ms 200 application/javascript
info: Microsoft.AspNetCore.Hosting.Internal.WebHost[2]
      Request finished in 26.1228ms 200 application/javascript
info: Microsoft.AspNetCore.Hosting.Internal.WebHost[1]
      Request starting HTTP/1.1 GET http://localhost:62114/js/angular-chart.js/angular-chart.js?v=NKhewWt6iaCS3y0o_dWoKeG7yXSkKLZT3QpVKOC6A5o  
info: Microsoft.AspNetCore.StaticFiles.StaticFileMiddleware[2]
      Sending file. Request path: '/js/angular-chart.js/angular-chart.js'. Physical path: 'D:\Work\XnBoiler\aspnet-core\src\Xn.Web.Mvc\wwwroot\js\angular-chart.js\angular-chart.js'
info: Microsoft.AspNetCore.Hosting.Internal.WebHost[2]
      Request finished in 2.5817ms 200 application/javascript
info: Microsoft.AspNetCore.Hosting.Internal.WebHost[1]
      Request starting HTTP/1.1 GET http://localhost:62114/js/table-angularjs/angular-datatables.min.js  
info: Microsoft.AspNetCore.StaticFiles.StaticFileMiddleware[2]
      Sending file. Request path: '/js/table-angularjs/angular-datatables.min.js'. Physical path: 'D:\Work\XnBoiler\aspnet-core\src\Xn.Web.Mvc\wwwroot\js\table-angularjs\angular-datatables.min.js'
info: Microsoft.AspNetCore.Hosting.Internal.WebHost[1]
      Request starting HTTP/1.1 GET http://localhost:62114/Angular/app.js?v=o1Qn-dBjlpA1w57-dp1ORHih9mQUTl6VnCW9IAbKbzM  
info: Microsoft.AspNetCore.StaticFiles.StaticFileMiddleware[2]
      Sending file. Request path: '/Angular/app.js'. Physical path: 'D:\Work\XnBoiler\aspnet-core\src\Xn.Web.Mvc\wwwroot\Angular\app.js'
info: Microsoft.AspNetCore.Hosting.Internal.WebHost[2]
      Request finished in 3.9028ms 200 application/javascript
info: Microsoft.AspNetCore.Hosting.Internal.WebHost[2]
      Request finished in 90.8265ms 200 application/javascript
info: Microsoft.AspNetCore.Hosting.Internal.WebHost[1]
      Request starting HTTP/1.1 GET http://localhost:62114/Angular/main.js?v=N7ImJxyWfG8M6P86xDHHeq40E_AQ5rBRxjdRqRR5YIA  
info: Microsoft.AspNetCore.Hosting.Internal.WebHost[2]
      Request finished in 67.5409ms 200 application/javascript
info: Microsoft.AspNetCore.StaticFiles.StaticFileMiddleware[2]
      Sending file. Request path: '/Angular/main.js'. Physical path: 'D:\Work\XnBoiler\aspnet-core\src\Xn.Web.Mvc\wwwroot\Angular\main.js'
info: Microsoft.AspNetCore.Hosting.Internal.WebHost[2]
      Request finished in 2.925ms 200 application/javascript
info: Microsoft.AspNetCore.Hosting.Internal.WebHost[1]
      Request starting HTTP/1.1 GET http://localhost:62114/Angular/filter.js?v=Hpvq1BG2HlPFJjYyoEg2H1jV2H-fWTO0lVYcq_nrU_M  
info: Microsoft.AspNetCore.StaticFiles.StaticFileMiddleware[2]
      Sending file. Request path: '/Angular/filter.js'. Physical path: 'D:\Work\XnBoiler\aspnet-core\src\Xn.Web.Mvc\wwwroot\Angular\filter.js'
info: Microsoft.AspNetCore.Hosting.Internal.WebHost[1]
      Request starting HTTP/1.1 GET http://localhost:62114/Angular/service.js?v=PTYBv2pAqopT-4IdDswNsTmt8056lpJ6WqxHVoovSxc  
info: Microsoft.AspNetCore.Hosting.Internal.WebHost[2]
      Request finished in 5.4155ms 200 application/javascript
info: Microsoft.AspNetCore.StaticFiles.StaticFileMiddleware[2]
      Sending file. Request path: '/Angular/service.js'. Physical path: 'D:\Work\XnBoiler\aspnet-core\src\Xn.Web.Mvc\wwwroot\Angular\service.js'
info: Microsoft.AspNetCore.Hosting.Internal.WebHost[2]
      Request finished in 3.2745ms 200 application/javascript
info: Microsoft.AspNetCore.Hosting.Internal.WebHost[1]
      Request starting HTTP/1.1 GET http://localhost:62114/js/tool/snackbar.js?v=O2eIPSxn9BC93tdOuHGMstXVK4kIblLZbVjxWKpG0EQ  
info: Microsoft.AspNetCore.StaticFiles.StaticFileMiddleware[2]
      Sending file. Request path: '/js/tool/snackbar.js'. Physical path: 'D:\Work\XnBoiler\aspnet-core\src\Xn.Web.Mvc\wwwroot\js\tool\snackbar.js'
info: Microsoft.AspNetCore.Hosting.Internal.WebHost[2]
      Request finished in 4.3362ms 200 application/javascript
info: Microsoft.AspNetCore.Hosting.Internal.WebHost[1]
      Request starting HTTP/1.1 GET http://localhost:62114/images/user.png  
info: Microsoft.AspNetCore.StaticFiles.StaticFileMiddleware[2]
      Sending file. Request path: '/images/user.png'. Physical path: 'D:\Work\XnBoiler\aspnet-core\src\Xn.Web.Mvc\wwwroot\images\user.png'
info: Microsoft.AspNetCore.Hosting.Internal.WebHost[2]
      Request finished in 5.7212ms 200 image/png
info: Microsoft.AspNetCore.Hosting.Internal.WebHost[1]
      Request starting HTTP/1.1 GET http://localhost:62114/lib/signalr-client/signalr.min.js  
info: Microsoft.AspNetCore.StaticFiles.StaticFileMiddleware[2]
      Sending file. Request path: '/lib/signalr-client/signalr.min.js'. Physical path: 'D:\Work\XnBoiler\aspnet-core\src\Xn.Web.Mvc\wwwroot\lib\signalr-client\signalr.min.js'
info: Microsoft.AspNetCore.Hosting.Internal.WebHost[1]
      Request starting HTTP/1.1 GET http://localhost:62114/AbpServiceProxies/GetAll?v=636677092503546126  
info: Microsoft.AspNetCore.Hosting.Internal.WebHost[2]
      Request finished in 2.4569ms 200 application/javascript
info: Microsoft.AspNetCore.Authentication.Cookies.CookieAuthenticationHandler[8]
      AuthenticationScheme: Identity.Application was successfully authenticated.
info: Microsoft.AspNetCore.Hosting.Internal.WebHost[1]
      Request starting HTTP/1.1 GET http://localhost:62114/AbpScripts/GetScripts?v=636677092503546126  
info: Microsoft.AspNetCore.Authentication.Cookies.CookieAuthenticationHandler[8]
      AuthenticationScheme: Identity.Application was successfully authenticated.
info: Microsoft.AspNetCore.Mvc.Internal.ControllerActionInvoker[1]
      Executing action method Abp.AspNetCore.Mvc.Controllers.AbpScriptsController.GetScripts (Abp.AspNetCore) with arguments () - ModelState is Valid
info: Microsoft.AspNetCore.Mvc.Internal.ControllerActionInvoker[1]
      Executing action method Abp.AspNetCore.Mvc.Proxying.AbpServiceProxiesController.GetAll (Abp.AspNetCore) with arguments (Abp.AspNetCore.Mvc.Proxying.ApiProxyGenerationModel) - ModelState is Valid
info: Microsoft.AspNetCore.Mvc.Internal.ContentResultExecutor[1]
      Executing ContentResult with HTTP Response ContentType of application/x-javascript
info: Microsoft.AspNetCore.Mvc.Internal.ControllerActionInvoker[2]
      Executed action Abp.AspNetCore.Mvc.Proxying.AbpServiceProxiesController.GetAll (Abp.AspNetCore) in 595.7546ms
info: Microsoft.AspNetCore.Hosting.Internal.WebHost[2]
      Request finished in 698.1929ms 200 application/x-javascript
info: Microsoft.AspNetCore.Hosting.Internal.WebHost[1]
      Request starting HTTP/1.1 GET http://localhost:62114/lib/jquery-countTo/jquery.countTo.js?v=CkgjYx6n1TnvjY7LLp6BcdXQVatpxCq2zyfWEskUzfM  
info: Microsoft.AspNetCore.Hosting.Internal.WebHost[1]
      Request starting HTTP/1.1 GET http://localhost:62114/lib/signalr-client/signalr.min.js?v=858YikO1iFWNvg_uLuCuwTzpVWSTKR0dNgE9e1-YGCo  
info: Microsoft.AspNetCore.StaticFiles.StaticFileMiddleware[2]
      Sending file. Request path: '/lib/jquery-countTo/jquery.countTo.js'. Physical path: 'D:\Work\XnBoiler\aspnet-core\src\Xn.Web.Mvc\wwwroot\lib\jquery-countTo\jquery.countTo.js'
info: Microsoft.AspNetCore.Hosting.Internal.WebHost[2]
      Request finished in 2.2351ms 200 application/javascript
info: Microsoft.AspNetCore.Hosting.Internal.WebHost[1]
      Request starting HTTP/1.1 GET http://localhost:62114/lib/abp-web-resources/Abp/Framework/scripts/libs/abp.signalr-client.js?v=e67Bv052Laju1Shwa7IODGzQs7CAHRD2ov373oMBoIw  
info: Microsoft.AspNetCore.StaticFiles.StaticFileMiddleware[2]
      Sending file. Request path: '/lib/abp-web-resources/Abp/Framework/scripts/libs/abp.signalr-client.js'. Physical path: 'D:\Work\XnBoiler\aspnet-core\src\Xn.Web.Mvc\wwwroot\lib\abp-web-resources\Abp\Framework\scripts\libs\abp.signalr-client.js'
info: Microsoft.AspNetCore.Hosting.Internal.WebHost[2]
      Request finished in 3.096ms 200 application/javascript
info: Microsoft.AspNetCore.StaticFiles.StaticFileMiddleware[2]
      Sending file. Request path: '/lib/signalr-client/signalr.min.js'. Physical path: 'D:\Work\XnBoiler\aspnet-core\src\Xn.Web.Mvc\wwwroot\lib\signalr-client\signalr.min.js'
info: Microsoft.AspNetCore.Hosting.Internal.WebHost[2]
      Request finished in 18.0667ms 200 application/javascript
info: Microsoft.AspNetCore.Mvc.Internal.ContentResultExecutor[1]
      Executing ContentResult with HTTP Response ContentType of application/x-javascript; charset=utf-8
info: Microsoft.AspNetCore.Mvc.Internal.ControllerActionInvoker[2]
      Executed action Abp.AspNetCore.Mvc.Controllers.AbpScriptsController.GetScripts (Abp.AspNetCore) in 654.4691ms
info: Microsoft.AspNetCore.Hosting.Internal.WebHost[2]
      Request finished in 698.5858ms 200 application/x-javascript; charset=utf-8
info: Microsoft.AspNetCore.Hosting.Internal.WebHost[1]
      Request starting HTTP/1.1 GET http://localhost:62114/lib/raphael/raphael.js?v=29sBFLQqLjO75nJ0LYS7Pbb2F-CpSMccw55qO82J2YU  
info: Microsoft.AspNetCore.StaticFiles.StaticFileMiddleware[2]
      Sending file. Request path: '/lib/raphael/raphael.js'. Physical path: 'D:\Work\XnBoiler\aspnet-core\src\Xn.Web.Mvc\wwwroot\lib\raphael\raphael.js'
info: Microsoft.AspNetCore.Hosting.Internal.WebHost[2]
      Request finished in 19.4796ms 200 application/javascript
info: Microsoft.AspNetCore.Hosting.Internal.WebHost[1]
      Request starting HTTP/1.1 GET http://localhost:62114/lib/morris.js/morris.js?v=O7ZH97JawAgmG1Seh_Y5I3SYWYihlR9ImDKGQvqOngg  
info: Microsoft.AspNetCore.StaticFiles.StaticFileMiddleware[2]
      Sending file. Request path: '/lib/morris.js/morris.js'. Physical path: 'D:\Work\XnBoiler\aspnet-core\src\Xn.Web.Mvc\wwwroot\lib\morris.js\morris.js'
info: Microsoft.AspNetCore.Hosting.Internal.WebHost[2]
      Request finished in 9.0242ms 200 application/javascript
info: Microsoft.AspNetCore.Hosting.Internal.WebHost[1]
      Request starting HTTP/1.1 GET http://localhost:62114/lib/chart.js/dist/Chart.bundle.js?v=HWknRmQ2zusqaWuzrej93naq1OoycPq7LXRXB54NpN0  
info: Microsoft.AspNetCore.StaticFiles.StaticFileMiddleware[2]
      Sending file. Request path: '/lib/chart.js/dist/Chart.bundle.js'. Physical path: 'D:\Work\XnBoiler\aspnet-core\src\Xn.Web.Mvc\wwwroot\lib\chart.js\dist\Chart.bundle.js'
info: Microsoft.AspNetCore.Hosting.Internal.WebHost[1]
      Request starting HTTP/1.1 GET http://localhost:62114/lib/Flot/jquery.flot.resize.js?v=frd2m6PMZSVLif63yR1wZLQh51vHKpU2-VClBasvXE0  
info: Microsoft.AspNetCore.StaticFiles.StaticFileMiddleware[2]
      Sending file. Request path: '/lib/Flot/jquery.flot.resize.js'. Physical path: 'D:\Work\XnBoiler\aspnet-core\src\Xn.Web.Mvc\wwwroot\lib\Flot\jquery.flot.resize.js'
info: Microsoft.AspNetCore.Hosting.Internal.WebHost[2]
      Request finished in 4.0579ms 200 application/javascript
info: Microsoft.AspNetCore.Hosting.Internal.WebHost[2]
      Request finished in 22.216ms 200 application/javascript
info: Microsoft.AspNetCore.Hosting.Internal.WebHost[1]
      Request starting HTTP/1.1 GET http://localhost:62114/lib/Flot/jquery.flot.js?v=wslWsV-vfGziuMBzzhupFof-18pfuz4OQgquvDcQbFs  
info: Microsoft.AspNetCore.StaticFiles.StaticFileMiddleware[2]
      Sending file. Request path: '/lib/Flot/jquery.flot.js'. Physical path: 'D:\Work\XnBoiler\aspnet-core\src\Xn.Web.Mvc\wwwroot\lib\Flot\jquery.flot.js'
info: Microsoft.AspNetCore.Hosting.Internal.WebHost[2]
      Request finished in 4.1606ms 200 application/javascript
info: Microsoft.AspNetCore.Hosting.Internal.WebHost[1]
      Request starting HTTP/1.1 GET http://localhost:62114/fonts/material-icons/materialicons.woff2  
info: Microsoft.AspNetCore.StaticFiles.StaticFileMiddleware[2]
      Sending file. Request path: '/fonts/material-icons/materialicons.woff2'. Physical path: 'D:\Work\XnBoiler\aspnet-core\src\Xn.Web.Mvc\wwwroot\fonts\material-icons\materialicons.woff2'
info: Microsoft.AspNetCore.Hosting.Internal.WebHost[1]
      Request starting HTTP/1.1 GET http://localhost:62114/fonts/roboto/d-6IYplOFocCacKzxwXSOFtXRa8TVwTICgirnJhmVJw.woff2  
info: Microsoft.AspNetCore.StaticFiles.StaticFileMiddleware[2]
      Sending file. Request path: '/fonts/roboto/d-6IYplOFocCacKzxwXSOFtXRa8TVwTICgirnJhmVJw.woff2'. Physical path: 'D:\Work\XnBoiler\aspnet-core\src\Xn.Web.Mvc\wwwroot\fonts\roboto\d-6IYplOFocCacKzxwXSOFtXRa8TVwTICgirnJhmVJw.woff2'
info: Microsoft.AspNetCore.Hosting.Internal.WebHost[2]
      Request finished in 28.0181ms 200 font/woff2
info: Microsoft.AspNetCore.Hosting.Internal.WebHost[2]
      Request finished in 23.6557ms 200 font/woff2
info: Microsoft.AspNetCore.Hosting.Internal.WebHost[1]
      Request starting HTTP/1.1 GET http://localhost:62114/fonts/roboto/CWB0XYA8bzo0kSThX0UTuA.woff2  
info: Microsoft.AspNetCore.StaticFiles.StaticFileMiddleware[2]
      Sending file. Request path: '/fonts/roboto/CWB0XYA8bzo0kSThX0UTuA.woff2'. Physical path: 'D:\Work\XnBoiler\aspnet-core\src\Xn.Web.Mvc\wwwroot\fonts\roboto\CWB0XYA8bzo0kSThX0UTuA.woff2'
info: Microsoft.AspNetCore.Hosting.Internal.WebHost[1]
      Request starting HTTP/1.1 GET http://localhost:62114/lib/font-awesome/fonts/fontawesome-webfont.woff2?v=4.7.0  
info: Microsoft.AspNetCore.StaticFiles.StaticFileMiddleware[2]
      Sending file. Request path: '/lib/font-awesome/fonts/fontawesome-webfont.woff2'. Physical path: 'D:\Work\XnBoiler\aspnet-core\src\Xn.Web.Mvc\wwwroot\lib\font-awesome\fonts\fontawesome-webfont.woff2'
info: Microsoft.AspNetCore.Hosting.Internal.WebHost[2]
      Request finished in 31.2282ms 200 font/woff2
info: Microsoft.AspNetCore.Hosting.Internal.WebHost[2]
      Request finished in 27.8841ms 200 font/woff2
info: Microsoft.AspNetCore.Hosting.Internal.WebHost[1]
      Request starting HTTP/1.1 GET http://localhost:62114/lib/Flot/jquery.flot.pie.js?v=bqatUhcViEOX7SnfTMWPfDOvlLd8aATcUx0PJ8W9Ig8  
info: Microsoft.AspNetCore.StaticFiles.StaticFileMiddleware[2]
      Sending file. Request path: '/lib/Flot/jquery.flot.pie.js'. Physical path: 'D:\Work\XnBoiler\aspnet-core\src\Xn.Web.Mvc\wwwroot\lib\Flot\jquery.flot.pie.js'
info: Microsoft.AspNetCore.Hosting.Internal.WebHost[2]
      Request finished in 5.7206ms 200 application/javascript
info: Microsoft.AspNetCore.Hosting.Internal.WebHost[1]
      Request starting HTTP/1.1 GET http://localhost:62114/lib/Flot/jquery.flot.time.js?v=hMx2p_NtbIUcWOmiEdzS204TaDthln32OZp_8bP4DgU  
info: Microsoft.AspNetCore.StaticFiles.StaticFileMiddleware[2]
      Sending file. Request path: '/lib/Flot/jquery.flot.time.js'. Physical path: 'D:\Work\XnBoiler\aspnet-core\src\Xn.Web.Mvc\wwwroot\lib\Flot\jquery.flot.time.js'
info: Microsoft.AspNetCore.Hosting.Internal.WebHost[2]
      Request finished in 3.6269ms 200 application/javascript
info: Microsoft.AspNetCore.Hosting.Internal.WebHost[1]
      Request starting HTTP/1.1 GET http://localhost:62114/lib/Flot/jquery.flot.categories.js?v=_4iveHXfwKkb3inuYFqzqLOwZNGzuOQ9UT8MRGQZygM  
info: Microsoft.AspNetCore.StaticFiles.StaticFileMiddleware[2]
      Sending file. Request path: '/lib/Flot/jquery.flot.categories.js'. Physical path: 'D:\Work\XnBoiler\aspnet-core\src\Xn.Web.Mvc\wwwroot\lib\Flot\jquery.flot.categories.js'
info: Microsoft.AspNetCore.Hosting.Internal.WebHost[2]
      Request finished in 3.0413ms 200 application/javascript
info: Microsoft.AspNetCore.Hosting.Internal.WebHost[1]
      Request starting HTTP/1.1 GET http://localhost:62114/fonts/roboto/97uahxiqZRoncBaCEI3aWxJtnKITppOI_IvcXXDNrsc.woff2  
info: Microsoft.AspNetCore.StaticFiles.StaticFileMiddleware[2]
      Sending file. Request path: '/fonts/roboto/97uahxiqZRoncBaCEI3aWxJtnKITppOI_IvcXXDNrsc.woff2'. Physical path: 'D:\Work\XnBoiler\aspnet-core\src\Xn.Web.Mvc\wwwroot\fonts\roboto\97uahxiqZRoncBaCEI3aWxJtnKITppOI_IvcXXDNrsc.woff2'
info: Microsoft.AspNetCore.Hosting.Internal.WebHost[1]
      Request starting HTTP/1.1 GET http://localhost:62114/signalr  
info: Microsoft.AspNetCore.Hosting.Internal.WebHost[2]
      Request finished in 38.1622ms 200 font/woff2
info: Microsoft.AspNetCore.Hosting.Internal.WebHost[1]
      Request starting HTTP/1.1 GET http://localhost:62114/lib/famfamfam-flags/dist/sprite/famfamfam-flags.png  
info: Microsoft.AspNetCore.Hosting.Internal.WebHost[1]
      Request starting HTTP/1.1 GET http://localhost:62114/images/user-img-background.jpg  
info: Microsoft.AspNetCore.StaticFiles.StaticFileMiddleware[2]
      Sending file. Request path: '/lib/famfamfam-flags/dist/sprite/famfamfam-flags.png'. Physical path: 'D:\Work\XnBoiler\aspnet-core\src\Xn.Web.Mvc\wwwroot\lib\famfamfam-flags\dist\sprite\famfamfam-flags.png'
info: Microsoft.AspNetCore.StaticFiles.StaticFileMiddleware[2]
      Sending file. Request path: '/images/user-img-background.jpg'. Physical path: 'D:\Work\XnBoiler\aspnet-core\src\Xn.Web.Mvc\wwwroot\images\user-img-background.jpg'
info: Microsoft.AspNetCore.Authentication.Cookies.CookieAuthenticationHandler[8]
      AuthenticationScheme: Identity.Application was successfully authenticated.
info: Microsoft.AspNetCore.Hosting.Internal.WebHost[1]
      Request starting HTTP/1.1 GET http://localhost:62114/lib/jquery-sparkline/dist/jquery.sparkline.js?v=9IaxiwEOUe_4hqw9rGjxHR4fkZkw0aWMq5oZphlhlJ8  
info: Microsoft.AspNetCore.StaticFiles.StaticFileMiddleware[2]
      Sending file. Request path: '/lib/jquery-sparkline/dist/jquery.sparkline.js'. Physical path: 'D:\Work\XnBoiler\aspnet-core\src\Xn.Web.Mvc\wwwroot\lib\jquery-sparkline\dist\jquery.sparkline.js'
info: Microsoft.AspNetCore.Hosting.Internal.WebHost[2]
      Request finished in 4.5432ms 200 application/javascript
info: Microsoft.AspNetCore.Hosting.Internal.WebHost[2]
      Request finished in 32.3766ms 200 image/png
info: Microsoft.AspNetCore.Hosting.Internal.WebHost[2]
      Request finished in 32.3669ms 200 image/jpeg
info: Microsoft.AspNetCore.Hosting.Internal.WebHost[1]
      Request starting HTTP/1.1 GET http://localhost:62114/view-resources/Views/Home/Index.js?v=twS7CJxF-FbYFNy9f72Cew5eZT5iZ6GayXqk_w59fLw  
info: Microsoft.AspNetCore.StaticFiles.StaticFileMiddleware[2]
      Sending file. Request path: '/view-resources/Views/Home/Index.js'. Physical path: 'D:\Work\XnBoiler\aspnet-core\src\Xn.Web.Mvc\wwwroot\view-resources\Views\Home\Index.js'
info: Microsoft.AspNetCore.Hosting.Internal.WebHost[2]
      Request finished in 3.7654ms 200 application/javascript
info: Microsoft.AspNetCore.Hosting.Internal.WebHost[1]
      Request starting HTTP/1.1 GET http://localhost:62114/fonts/roboto/PwZc-YbIL414wB9rB1IAPRJtnKITppOI_IvcXXDNrsc.woff2  
info: Microsoft.AspNetCore.StaticFiles.StaticFileMiddleware[2]
      Sending file. Request path: '/fonts/roboto/PwZc-YbIL414wB9rB1IAPRJtnKITppOI_IvcXXDNrsc.woff2'. Physical path: 'D:\Work\XnBoiler\aspnet-core\src\Xn.Web.Mvc\wwwroot\fonts\roboto\PwZc-YbIL414wB9rB1IAPRJtnKITppOI_IvcXXDNrsc.woff2'
info: Microsoft.AspNetCore.Hosting.Internal.WebHost[2]
      Request finished in 23.4846ms 200 font/woff2
info: Microsoft.AspNetCore.Sockets.Internal.Transports.WebSocketsTransport[1]
      Socket opened.
info: Microsoft.AspNetCore.SignalR.HubConnectionContext[1]
      Using HubProtocol 'json'.
info: Microsoft.AspNetCore.Hosting.Internal.WebHost[1]
      Request starting HTTP/1.1 GET http://localhost:62114/nhap  
info: Microsoft.AspNetCore.Authentication.Cookies.CookieAuthenticationHandler[8]
      AuthenticationScheme: Identity.Application was successfully authenticated.
info: Microsoft.AspNetCore.Mvc.Internal.ControllerActionInvoker[1]
      Executing action method Xn.Web.Controllers.NhapController.Index (Xn.Web.Mvc) with arguments ((null)) - ModelState is Valid
info: Microsoft.AspNetCore.Mvc.ViewFeatures.Internal.ViewResultExecutor[1]
      Executing ViewResult, running view at path /Views/Nhap/Index.cshtml.
info: Microsoft.AspNetCore.Mvc.Internal.ControllerActionInvoker[2]
      Executed action Xn.Web.Controllers.NhapController.Index (Xn.Web.Mvc) in 1004.229ms
info: Microsoft.AspNetCore.Hosting.Internal.WebHost[2]
      Request finished in 1023.7178ms 200 text/html; charset=utf-8
info: Microsoft.AspNetCore.Sockets.Internal.Transports.WebSocketsTransport[2]
      Socket closed.
info: Microsoft.AspNetCore.Hosting.Internal.WebHost[2]
      Request finished in 16681.161ms 101 
info: Microsoft.AspNetCore.Hosting.Internal.WebHost[1]
      Request starting HTTP/1.1 GET http://localhost:62114/Angular/NhapHang/nhap.js  
info: Microsoft.AspNetCore.StaticFiles.StaticFileMiddleware[2]
      Sending file. Request path: '/Angular/NhapHang/nhap.js'. Physical path: 'D:\Work\XnBoiler\aspnet-core\src\Xn.Web.Mvc\wwwroot\Angular\NhapHang\nhap.js'
info: Microsoft.AspNetCore.Hosting.Internal.WebHost[2]
      Request finished in 3.5773ms 200 application/javascript
info: Microsoft.AspNetCore.Hosting.Internal.WebHost[1]
      Request starting HTTP/1.1 GET http://localhost:62114/AbpServiceProxies/GetAll?v=636677092503546126  
info: Microsoft.AspNetCore.Hosting.Internal.WebHost[1]
      Request starting HTTP/1.1 GET http://localhost:62114/AbpScripts/GetScripts?v=636677092503546126  
info: Microsoft.AspNetCore.Authentication.Cookies.CookieAuthenticationHandler[8]
      AuthenticationScheme: Identity.Application was successfully authenticated.
info: Microsoft.AspNetCore.Mvc.Internal.ControllerActionInvoker[1]
      Executing action method Abp.AspNetCore.Mvc.Proxying.AbpServiceProxiesController.GetAll (Abp.AspNetCore) with arguments (Abp.AspNetCore.Mvc.Proxying.ApiProxyGenerationModel) - ModelState is Valid
info: Microsoft.AspNetCore.Authentication.Cookies.CookieAuthenticationHandler[8]
      AuthenticationScheme: Identity.Application was successfully authenticated.
info: Microsoft.AspNetCore.Mvc.Internal.ContentResultExecutor[1]
      Executing ContentResult with HTTP Response ContentType of application/x-javascript
info: Microsoft.AspNetCore.Mvc.Internal.ControllerActionInvoker[2]
      Executed action Abp.AspNetCore.Mvc.Proxying.AbpServiceProxiesController.GetAll (Abp.AspNetCore) in 13.6284ms
info: Microsoft.AspNetCore.Hosting.Internal.WebHost[2]
      Request finished in 31.7619ms 200 application/x-javascript
info: Microsoft.AspNetCore.Mvc.Internal.ControllerActionInvoker[1]
      Executing action method Abp.AspNetCore.Mvc.Controllers.AbpScriptsController.GetScripts (Abp.AspNetCore) with arguments () - ModelState is Valid
info: Microsoft.AspNetCore.Mvc.Internal.ContentResultExecutor[1]
      Executing ContentResult with HTTP Response ContentType of application/x-javascript; charset=utf-8
info: Microsoft.AspNetCore.Mvc.Internal.ControllerActionInvoker[2]
      Executed action Abp.AspNetCore.Mvc.Controllers.AbpScriptsController.GetScripts (Abp.AspNetCore) in 95.1548ms
info: Microsoft.AspNetCore.Hosting.Internal.WebHost[2]
      Request finished in 111.3172ms 200 application/x-javascript; charset=utf-8
info: Microsoft.AspNetCore.Hosting.Internal.WebHost[1]
      Request starting HTTP/1.1 GET http://localhost:62114/fonts/roboto/Fcx7Wwv8OzT71A3E1XOAjvesZW2xOQ-xsNqO47m55DA.woff2  
info: Microsoft.AspNetCore.StaticFiles.StaticFileMiddleware[2]
      Sending file. Request path: '/fonts/roboto/Fcx7Wwv8OzT71A3E1XOAjvesZW2xOQ-xsNqO47m55DA.woff2'. Physical path: 'D:\Work\XnBoiler\aspnet-core\src\Xn.Web.Mvc\wwwroot\fonts\roboto\Fcx7Wwv8OzT71A3E1XOAjvesZW2xOQ-xsNqO47m55DA.woff2'
info: Microsoft.AspNetCore.Hosting.Internal.WebHost[2]
      Request finished in 10.842ms 200 font/woff2
info: Microsoft.AspNetCore.Hosting.Internal.WebHost[1]
      Request starting HTTP/1.1 GET http://localhost:62114/signalr  
info: Microsoft.AspNetCore.Authentication.Cookies.CookieAuthenticationHandler[8]
      AuthenticationScheme: Identity.Application was successfully authenticated.
info: Microsoft.AspNetCore.Sockets.Internal.Transports.WebSocketsTransport[1]
      Socket opened.
info: Microsoft.AspNetCore.Hosting.Internal.WebHost[1]
      Request starting HTTP/1.1 GET http://localhost:62114/fonts/roboto/NdF9MtnOpLzo-noMoG0miPesZW2xOQ-xsNqO47m55DA.woff2  
info: Microsoft.AspNetCore.StaticFiles.StaticFileMiddleware[2]
      Sending file. Request path: '/fonts/roboto/NdF9MtnOpLzo-noMoG0miPesZW2xOQ-xsNqO47m55DA.woff2'. Physical path: 'D:\Work\XnBoiler\aspnet-core\src\Xn.Web.Mvc\wwwroot\fonts\roboto\NdF9MtnOpLzo-noMoG0miPesZW2xOQ-xsNqO47m55DA.woff2'
info: Microsoft.AspNetCore.Hosting.Internal.WebHost[2]
      Request finished in 9.2118ms 200 font/woff2
info: Microsoft.AspNetCore.SignalR.HubConnectionContext[1]
      Using HubProtocol 'json'.
info: Microsoft.AspNetCore.Hosting.Internal.WebHost[1]
      Request starting HTTP/1.1 POST http://localhost:62114/Nhap/GetMaDh  0
info: Microsoft.AspNetCore.Hosting.Internal.WebHost[1]
      Request starting HTTP/1.1 POST http://localhost:62114/Nhap/GetAll  0
info: Microsoft.AspNetCore.Hosting.Internal.WebHost[1]
      Request starting HTTP/1.1 POST http://localhost:62114/Nhap/GetNxs/  0
info: Microsoft.AspNetCore.Authentication.Cookies.CookieAuthenticationHandler[8]
      AuthenticationScheme: Identity.Application was successfully authenticated.
info: Microsoft.AspNetCore.Authentication.Cookies.CookieAuthenticationHandler[8]
      AuthenticationScheme: Identity.Application was successfully authenticated.
info: Microsoft.AspNetCore.Authentication.Cookies.CookieAuthenticationHandler[8]
      AuthenticationScheme: Identity.Application was successfully authenticated.
info: Microsoft.AspNetCore.Mvc.Internal.ControllerActionInvoker[1]
      Executing action method Xn.Web.Controllers.NhapController.GetMaDh (Xn.Web.Mvc) with arguments ((null)) - ModelState is Valid
info: Microsoft.AspNetCore.Mvc.Internal.ControllerActionInvoker[1]
      Executing action method Xn.Web.Controllers.NhapController.GetAll (Xn.Web.Mvc) with arguments (, , ) - ModelState is Valid
info: Microsoft.AspNetCore.Hosting.Internal.WebHost[1]
      Request starting HTTP/1.1 POST http://localhost:62114/Nhap/Dvts  0
info: Microsoft.AspNetCore.Mvc.Internal.ControllerActionInvoker[1]
      Executing action method Xn.Web.Controllers.NhapController.GetNxs (Xn.Web.Mvc) with arguments ((null)) - ModelState is Valid
info: Microsoft.AspNetCore.Hosting.Internal.WebHost[1]
      Request starting HTTP/1.1 POST http://localhost:62114/Nhap/GetTenNcc  0
info: Microsoft.AspNetCore.Authentication.Cookies.CookieAuthenticationHandler[8]
      AuthenticationScheme: Identity.Application was successfully authenticated.
info: Microsoft.AspNetCore.Authentication.Cookies.CookieAuthenticationHandler[8]
      AuthenticationScheme: Identity.Application was successfully authenticated.
info: Microsoft.AspNetCore.Mvc.Internal.ControllerActionInvoker[1]
      Executing action method Xn.Web.Controllers.NhapController.Dvts (Xn.Web.Mvc) with arguments ((null)) - ModelState is Valid
info: Microsoft.AspNetCore.Mvc.Internal.ControllerActionInvoker[1]
      Executing action method Xn.Web.Controllers.NhapController.GetTenNcc (Xn.Web.Mvc) with arguments ((null)) - ModelState is Valid
info: Microsoft.AspNetCore.Hosting.Internal.WebHost[1]
      Request starting HTTP/1.1 POST http://localhost:62114/Nhap/GetTenHang  0
info: Microsoft.AspNetCore.Mvc.Formatters.Json.Internal.JsonResultExecutor[1]
      Executing JsonResult, writing value Abp.Web.Models.AjaxResponse.
info: Microsoft.AspNetCore.Authentication.Cookies.CookieAuthenticationHandler[8]
      AuthenticationScheme: Identity.Application was successfully authenticated.
info: Microsoft.AspNetCore.Mvc.Internal.ControllerActionInvoker[1]
      Executing action method Xn.Web.Controllers.NhapController.GetTenHang (Xn.Web.Mvc) with arguments ((null)) - ModelState is Valid
info: Microsoft.AspNetCore.Mvc.Internal.ControllerActionInvoker[2]
      Executed action Xn.Web.Controllers.NhapController.GetAll (Xn.Web.Mvc) in 301.8623ms
info: Microsoft.AspNetCore.Hosting.Internal.WebHost[2]
      Request finished in 324.5823ms 200 application/json; charset=utf-8
info: Microsoft.AspNetCore.Mvc.Formatters.Json.Internal.JsonResultExecutor[1]
      Executing JsonResult, writing value Abp.Web.Models.AjaxResponse.
info: Microsoft.AspNetCore.Mvc.Internal.ControllerActionInvoker[2]
      Executed action Xn.Web.Controllers.NhapController.GetTenNcc (Xn.Web.Mvc) in 260.4061ms
info: Microsoft.AspNetCore.Hosting.Internal.WebHost[2]
      Request finished in 291.2113ms 200 application/json; charset=utf-8
info: Microsoft.AspNetCore.Mvc.Formatters.Json.Internal.JsonResultExecutor[1]
      Executing JsonResult, writing value Abp.Web.Models.AjaxResponse.
info: Microsoft.AspNetCore.Mvc.Internal.ControllerActionInvoker[2]
      Executed action Xn.Web.Controllers.NhapController.GetMaDh (Xn.Web.Mvc) in 325.9297ms
info: Microsoft.AspNetCore.Hosting.Internal.WebHost[2]
      Request finished in 348.0687ms 200 application/json; charset=utf-8
info: Microsoft.AspNetCore.Hosting.Internal.WebHost[1]
      Request starting HTTP/1.1 GET http://localhost:62114/js/images/sort_both.png  
info: Microsoft.AspNetCore.StaticFiles.StaticFileMiddleware[2]
      Sending file. Request path: '/js/images/sort_both.png'. Physical path: 'D:\Work\XnBoiler\aspnet-core\src\Xn.Web.Mvc\wwwroot\js\images\sort_both.png'
info: Microsoft.AspNetCore.Mvc.Formatters.Json.Internal.JsonResultExecutor[1]
      Executing JsonResult, writing value Abp.Web.Models.AjaxResponse.
info: Microsoft.AspNetCore.Mvc.Internal.ControllerActionInvoker[2]
      Executed action Xn.Web.Controllers.NhapController.Dvts (Xn.Web.Mvc) in 289.9278ms
info: Microsoft.AspNetCore.Hosting.Internal.WebHost[2]
      Request finished in 329.8018ms 200 application/json; charset=utf-8
info: Microsoft.AspNetCore.Hosting.Internal.WebHost[2]
      Request finished in 12.2406ms 200 image/png
info: Microsoft.AspNetCore.Hosting.Internal.WebHost[1]
      Request starting HTTP/1.1 GET http://localhost:62114/js/images/sort_asc.png  
info: Microsoft.AspNetCore.StaticFiles.StaticFileMiddleware[2]
      Sending file. Request path: '/js/images/sort_asc.png'. Physical path: 'D:\Work\XnBoiler\aspnet-core\src\Xn.Web.Mvc\wwwroot\js\images\sort_asc.png'
info: Microsoft.AspNetCore.Hosting.Internal.WebHost[2]
      Request finished in 20.1314ms 200 image/png
info: Microsoft.AspNetCore.Mvc.Formatters.Json.Internal.JsonResultExecutor[1]
      Executing JsonResult, writing value Abp.Web.Models.AjaxResponse.
info: Microsoft.AspNetCore.Mvc.Internal.ControllerActionInvoker[2]
      Executed action Xn.Web.Controllers.NhapController.GetNxs (Xn.Web.Mvc) in 441.9326ms
info: Microsoft.AspNetCore.Hosting.Internal.WebHost[2]
      Request finished in 460.8672ms 200 application/json; charset=utf-8
info: Microsoft.AspNetCore.Mvc.Formatters.Json.Internal.JsonResultExecutor[1]
      Executing JsonResult, writing value Abp.Web.Models.AjaxResponse.
info: Microsoft.AspNetCore.Mvc.Internal.ControllerActionInvoker[2]
      Executed action Xn.Web.Controllers.NhapController.GetTenHang (Xn.Web.Mvc) in 170.7928ms
info: Microsoft.AspNetCore.Hosting.Internal.WebHost[2]
      Request finished in 190.1773ms 200 application/json; charset=utf-8
info: Microsoft.AspNetCore.Hosting.Internal.WebHost[1]
      Request starting HTTP/1.1 POST http://localhost:62114/Report/Index?mdh=03A0718  0
info: Microsoft.AspNetCore.Authentication.Cookies.CookieAuthenticationHandler[8]
      AuthenticationScheme: Identity.Application was successfully authenticated.
info: Microsoft.AspNetCore.Mvc.Internal.ControllerActionInvoker[1]
      Executing action method Xn.Web.Controllers.ReportController.Index (Xn.Web.Mvc) with arguments (03A0718) - ModelState is Valid
info: Microsoft.AspNetCore.Mvc.ViewFeatures.Internal.ViewResultExecutor[1]
      Executing ViewResult, running view at path /Views/Report/Index.cshtml.
info: Microsoft.AspNetCore.Mvc.Internal.ControllerActionInvoker[2]
      Executed action Xn.Web.Controllers.ReportController.Index (Xn.Web.Mvc) in 510.123ms
info: Microsoft.AspNetCore.Hosting.Internal.WebHost[2]
      Request finished in 534.1139ms 200 text/html; charset=utf-8
info: Microsoft.AspNetCore.Hosting.Internal.WebHost[1]
      Request starting HTTP/1.1 GET http://localhost:62114/Report  
info: Microsoft.AspNetCore.Authentication.Cookies.CookieAuthenticationHandler[8]
      AuthenticationScheme: Identity.Application was successfully authenticated.
info: Microsoft.AspNetCore.Mvc.Internal.ControllerActionInvoker[1]
      Executing action method Xn.Web.Controllers.ReportController.Index (Xn.Web.Mvc) with arguments ((null)) - ModelState is Valid
info: Microsoft.AspNetCore.Mvc.ViewFeatures.Internal.ViewResultExecutor[1]
      Executing ViewResult, running view at path /Views/Report/Index.cshtml.
info: Microsoft.AspNetCore.Mvc.Internal.ControllerActionInvoker[2]
      Executed action Xn.Web.Controllers.ReportController.Index (Xn.Web.Mvc) in 90.0904ms
info: Microsoft.AspNetCore.Hosting.Internal.WebHost[2]
      Request finished in 111.6633ms 200 text/html; charset=utf-8
info: Microsoft.AspNetCore.Sockets.Internal.Transports.WebSocketsTransport[2]
      Socket closed.
info: Microsoft.AspNetCore.Hosting.Internal.WebHost[2]
      Request finished in 4997.2186ms 101 
info: Microsoft.AspNetCore.Hosting.Internal.WebHost[1]
      Request starting HTTP/1.1 GET http://localhost:62114/AbpServiceProxies/GetAll?v=636677092503546126  
info: Microsoft.AspNetCore.Hosting.Internal.WebHost[1]
      Request starting HTTP/1.1 GET http://localhost:62114/Angular/Report/report.js  
info: Microsoft.AspNetCore.StaticFiles.StaticFileMiddleware[2]
      Sending file. Request path: '/Angular/Report/report.js'. Physical path: 'D:\Work\XnBoiler\aspnet-core\src\Xn.Web.Mvc\wwwroot\Angular\Report\report.js'
info: Microsoft.AspNetCore.Hosting.Internal.WebHost[2]
      Request finished in 3.461ms 200 application/javascript
info: Microsoft.AspNetCore.Authentication.Cookies.CookieAuthenticationHandler[8]
      AuthenticationScheme: Identity.Application was successfully authenticated.
info: Microsoft.AspNetCore.Mvc.Internal.ControllerActionInvoker[1]
      Executing action method Abp.AspNetCore.Mvc.Proxying.AbpServiceProxiesController.GetAll (Abp.AspNetCore) with arguments (Abp.AspNetCore.Mvc.Proxying.ApiProxyGenerationModel) - ModelState is Valid
info: Microsoft.AspNetCore.Mvc.Internal.ContentResultExecutor[1]
      Executing ContentResult with HTTP Response ContentType of application/x-javascript
info: Microsoft.AspNetCore.Mvc.Internal.ControllerActionInvoker[2]
      Executed action Abp.AspNetCore.Mvc.Proxying.AbpServiceProxiesController.GetAll (Abp.AspNetCore) in 17.1755ms
info: Microsoft.AspNetCore.Hosting.Internal.WebHost[2]
      Request finished in 38.2192ms 200 application/x-javascript
info: Microsoft.AspNetCore.Hosting.Internal.WebHost[1]
      Request starting HTTP/1.1 GET http://localhost:62114/AbpScripts/GetScripts?v=636677092503546126  
info: Microsoft.AspNetCore.Authentication.Cookies.CookieAuthenticationHandler[8]
      AuthenticationScheme: Identity.Application was successfully authenticated.
info: Microsoft.AspNetCore.Mvc.Internal.ControllerActionInvoker[1]
      Executing action method Abp.AspNetCore.Mvc.Controllers.AbpScriptsController.GetScripts (Abp.AspNetCore) with arguments () - ModelState is Valid
info: Microsoft.AspNetCore.Mvc.Internal.ContentResultExecutor[1]
      Executing ContentResult with HTTP Response ContentType of application/x-javascript; charset=utf-8
info: Microsoft.AspNetCore.Mvc.Internal.ControllerActionInvoker[2]
      Executed action Abp.AspNetCore.Mvc.Controllers.AbpScriptsController.GetScripts (Abp.AspNetCore) in 79.3379ms
info: Microsoft.AspNetCore.Hosting.Internal.WebHost[2]
      Request finished in 94.1484ms 200 application/x-javascript; charset=utf-8
info: Microsoft.AspNetCore.Hosting.Internal.WebHost[1]
      Request starting HTTP/1.1 GET http://localhost:62114/signalr  
info: Microsoft.AspNetCore.Authentication.Cookies.CookieAuthenticationHandler[8]
      AuthenticationScheme: Identity.Application was successfully authenticated.
info: Microsoft.AspNetCore.Sockets.Internal.Transports.WebSocketsTransport[1]
      Socket opened.
info: Microsoft.AspNetCore.SignalR.HubConnectionContext[1]
      Using HubProtocol 'json'.
info: Microsoft.AspNetCore.Hosting.Internal.WebHost[1]
      Request starting HTTP/1.1 POST http://localhost:62114/Report/Ins?mdh=03A0718  0
info: Microsoft.AspNetCore.Authentication.Cookies.CookieAuthenticationHandler[8]
      AuthenticationScheme: Identity.Application was successfully authenticated.
info: Microsoft.AspNetCore.Mvc.Internal.ControllerActionInvoker[1]
      Executing action method Xn.Web.Controllers.ReportController.Ins (Xn.Web.Mvc) with arguments (03A0718) - ModelState is Valid
info: Microsoft.AspNetCore.Hosting.Internal.WebHost[1]
      Request starting HTTP/1.1 GET http://localhost:62114/Angular/Report/nhaphang.html  
info: Microsoft.AspNetCore.StaticFiles.StaticFileMiddleware[2]
      Sending file. Request path: '/Angular/Report/nhaphang.html'. Physical path: 'D:\Work\XnBoiler\aspnet-core\src\Xn.Web.Mvc\wwwroot\Angular\Report\nhaphang.html'
info: Microsoft.AspNetCore.Hosting.Internal.WebHost[2]
      Request finished in 2.5008ms 200 text/html
info: Microsoft.AspNetCore.Mvc.Formatters.Json.Internal.JsonResultExecutor[1]
      Executing JsonResult, writing value Abp.Web.Models.AjaxResponse.
info: Microsoft.AspNetCore.Mvc.Internal.ControllerActionInvoker[2]
      Executed action Xn.Web.Controllers.ReportController.Ins (Xn.Web.Mvc) in 134.0492ms
info: Microsoft.AspNetCore.Hosting.Internal.WebHost[2]
      Request finished in 160.2496ms 200 application/json; charset=utf-8
info: Microsoft.AspNetCore.Hosting.Internal.WebHost[1]
      Request starting HTTP/1.1 POST http://localhost:62114/Report/OnPostExport?filename=khung  0
info: Microsoft.AspNetCore.Authentication.Cookies.CookieAuthenticationHandler[8]
      AuthenticationScheme: Identity.Application was successfully authenticated.
info: Microsoft.AspNetCore.Mvc.Internal.ControllerActionInvoker[1]
      Executing action method Xn.Web.Controllers.ReportController.OnPostExport (Xn.Web.Mvc) with arguments (khung) - ModelState is Valid
info: Microsoft.AspNetCore.Mvc.Internal.ContentResultExecutor[1]
      Executing ContentResult with HTTP Response ContentType of text/plain; charset=utf-8
info: Microsoft.AspNetCore.Mvc.Internal.ControllerActionInvoker[2]
      Executed action Xn.Web.Controllers.ReportController.OnPostExport (Xn.Web.Mvc) in 1320.1828ms
info: Microsoft.AspNetCore.Hosting.Internal.WebHost[2]
      Request finished in 1344.3357ms 200 text/plain; charset=utf-8
info: Microsoft.AspNetCore.Hosting.Internal.WebHost[1]
      Request starting HTTP/1.1 GET http://localhost:62114/Download/khung.xlsx  
info: Microsoft.AspNetCore.StaticFiles.StaticFileMiddleware[2]
      Sending file. Request path: '/Download/khung.xlsx'. Physical path: 'D:\Work\XnBoiler\aspnet-core\src\Xn.Web.Mvc\wwwroot\Download\khung.xlsx'
info: Microsoft.AspNetCore.Hosting.Internal.WebHost[2]
      Request finished in 14.6605ms 200 application/vnd.openxmlformats-officedocument.spreadsheetml.sheet














































































































































































