info: Microsoft.AspNetCore.DataProtection.KeyManagement.XmlKeyManager[0]
      User profile is available. Using 'C:\Users\User\AppData\Local\ASP.NET\DataProtection-Keys' as key repository and Windows DPAPI to encrypt keys at rest.
Hosting environment: Development
Content root path: D:\Work\XnBoiler\XnBoiler\aspnet-core\src\Xn.Web.Mvc
Now listening on: http://localhost:15695
Application started. Press Ctrl+C to shut down.
info: Microsoft.AspNetCore.Hosting.Internal.WebHost[1]
      Request starting HTTP/1.1 GET http://localhost:62114/  
info: Microsoft.AspNetCore.Authentication.Cookies.CookieAuthenticationHandler[8]
      AuthenticationScheme: Identity.Application was successfully authenticated.
info: Microsoft.AspNetCore.Authorization.DefaultAuthorizationService[1]
      Authorization was successful.
info: Microsoft.AspNetCore.Mvc.Internal.ControllerActionInvoker[1]
      Executing action method Xn.Web.Controllers.HomeController.Index (Xn.Web.Mvc) with arguments ((null)) - ModelState is Valid
info: Microsoft.AspNetCore.Mvc.ViewFeatures.Internal.ViewResultExecutor[1]
      Executing ViewResult, running view at path /Views/Home/Index.cshtml.
info: Microsoft.AspNetCore.Mvc.Internal.ControllerActionInvoker[2]
      Executed action Xn.Web.Controllers.HomeController.Index (Xn.Web.Mvc) in 5169.0157ms
info: Microsoft.AspNetCore.Hosting.Internal.WebHost[2]
      Request finished in 6330.5797ms 200 text/html; charset=utf-8
info: Microsoft.AspNetCore.Hosting.Internal.WebHost[1]
      Request starting HTTP/1.1 GET http://localhost:62114/AbpServiceProxies/GetAll?v=636676882326877255  
info: Microsoft.AspNetCore.Hosting.Internal.WebHost[1]
      Request starting HTTP/1.1 GET http://localhost:62114/AbpScripts/GetScripts?v=636676882326877255  
info: Microsoft.AspNetCore.Authentication.Cookies.CookieAuthenticationHandler[8]
      AuthenticationScheme: Identity.Application was successfully authenticated.
info: Microsoft.AspNetCore.Authentication.Cookies.CookieAuthenticationHandler[8]
      AuthenticationScheme: Identity.Application was successfully authenticated.
info: Microsoft.AspNetCore.Mvc.Internal.ControllerActionInvoker[1]
      Executing action method Abp.AspNetCore.Mvc.Controllers.AbpScriptsController.GetScripts (Abp.AspNetCore) with arguments () - ModelState is Valid
info: Microsoft.AspNetCore.Mvc.Internal.ControllerActionInvoker[1]
      Executing action method Abp.AspNetCore.Mvc.Proxying.AbpServiceProxiesController.GetAll (Abp.AspNetCore) with arguments (Abp.AspNetCore.Mvc.Proxying.ApiProxyGenerationModel) - ModelState is Valid
info: Microsoft.AspNetCore.Mvc.Internal.ContentResultExecutor[1]
      Executing ContentResult with HTTP Response ContentType of application/x-javascript
info: Microsoft.AspNetCore.Mvc.Internal.ControllerActionInvoker[2]
      Executed action Abp.AspNetCore.Mvc.Proxying.AbpServiceProxiesController.GetAll (Abp.AspNetCore) in 179.522ms
info: Microsoft.AspNetCore.Hosting.Internal.WebHost[2]
      Request finished in 219.7173ms 200 application/x-javascript
info: Microsoft.AspNetCore.Mvc.Internal.ContentResultExecutor[1]
      Executing ContentResult with HTTP Response ContentType of application/x-javascript; charset=utf-8
info: Microsoft.AspNetCore.Mvc.Internal.ControllerActionInvoker[2]
      Executed action Abp.AspNetCore.Mvc.Controllers.AbpScriptsController.GetScripts (Abp.AspNetCore) in 194.3371ms
info: Microsoft.AspNetCore.Hosting.Internal.WebHost[2]
      Request finished in 221.5484ms 200 application/x-javascript; charset=utf-8
info: Microsoft.AspNetCore.Hosting.Internal.WebHost[1]
      Request starting HTTP/1.1 GET http://localhost:62114/signalr  
info: Microsoft.AspNetCore.Authentication.Cookies.CookieAuthenticationHandler[8]
      AuthenticationScheme: Identity.Application was successfully authenticated.
info: Microsoft.AspNetCore.Sockets.Internal.Transports.WebSocketsTransport[1]
      Socket opened.
info: Microsoft.AspNetCore.SignalR.HubConnectionContext[1]
      Using HubProtocol 'json'.
info: Microsoft.AspNetCore.Hosting.Internal.WebHost[1]
      Request starting HTTP/1.1 GET http://localhost:62114/report  
info: Microsoft.AspNetCore.Authentication.Cookies.CookieAuthenticationHandler[8]
      AuthenticationScheme: Identity.Application was successfully authenticated.
info: Microsoft.AspNetCore.Mvc.Internal.ControllerActionInvoker[1]
      Executing action method Xn.Web.Controllers.ReportController.Index (Xn.Web.Mvc) with arguments ((null)) - ModelState is Valid
info: Microsoft.AspNetCore.Mvc.ViewFeatures.Internal.ViewResultExecutor[1]
      Executing ViewResult, running view at path /Views/Report/Index.cshtml.
info: Microsoft.AspNetCore.Mvc.Internal.ControllerActionInvoker[2]
      Executed action Xn.Web.Controllers.ReportController.Index (Xn.Web.Mvc) in 270.0634ms
info: Microsoft.AspNetCore.Hosting.Internal.WebHost[2]
      Request finished in 290.5164ms 200 text/html; charset=utf-8
info: Microsoft.AspNetCore.Sockets.Internal.Transports.WebSocketsTransport[2]
      Socket closed.
info: Microsoft.AspNetCore.Hosting.Internal.WebHost[2]
      Request finished in 10585.4164ms 101 
info: Microsoft.AspNetCore.Hosting.Internal.WebHost[1]
      Request starting HTTP/1.1 GET http://localhost:62114/Angular/Report/report.js  
info: Microsoft.AspNetCore.StaticFiles.StaticFileMiddleware[6]
      The file /Angular/Report/report.js was not modified
info: Microsoft.AspNetCore.Hosting.Internal.WebHost[2]
      Request finished in 25.3274ms 304 application/javascript
info: Microsoft.AspNetCore.Hosting.Internal.WebHost[1]
      Request starting HTTP/1.1 GET http://localhost:62114/AbpServiceProxies/GetAll?v=636676882326877255  
info: Microsoft.AspNetCore.Authentication.Cookies.CookieAuthenticationHandler[8]
      AuthenticationScheme: Identity.Application was successfully authenticated.
info: Microsoft.AspNetCore.Mvc.Internal.ControllerActionInvoker[1]
      Executing action method Abp.AspNetCore.Mvc.Proxying.AbpServiceProxiesController.GetAll (Abp.AspNetCore) with arguments (Abp.AspNetCore.Mvc.Proxying.ApiProxyGenerationModel) - ModelState is Valid
info: Microsoft.AspNetCore.Hosting.Internal.WebHost[1]
      Request starting HTTP/1.1 GET http://localhost:62114/AbpScripts/GetScripts?v=636676882326877255  
info: Microsoft.AspNetCore.Mvc.Internal.ContentResultExecutor[1]
      Executing ContentResult with HTTP Response ContentType of application/x-javascript
info: Microsoft.AspNetCore.Mvc.Internal.ControllerActionInvoker[2]
      Executed action Abp.AspNetCore.Mvc.Proxying.AbpServiceProxiesController.GetAll (Abp.AspNetCore) in 14.7844ms
info: Microsoft.AspNetCore.Hosting.Internal.WebHost[2]
      Request finished in 25.0282ms 200 application/x-javascript
info: Microsoft.AspNetCore.Authentication.Cookies.CookieAuthenticationHandler[8]
      AuthenticationScheme: Identity.Application was successfully authenticated.
info: Microsoft.AspNetCore.Mvc.Internal.ControllerActionInvoker[1]
      Executing action method Abp.AspNetCore.Mvc.Controllers.AbpScriptsController.GetScripts (Abp.AspNetCore) with arguments () - ModelState is Valid
info: Microsoft.AspNetCore.Mvc.Internal.ContentResultExecutor[1]
      Executing ContentResult with HTTP Response ContentType of application/x-javascript; charset=utf-8
info: Microsoft.AspNetCore.Mvc.Internal.ControllerActionInvoker[2]
      Executed action Abp.AspNetCore.Mvc.Controllers.AbpScriptsController.GetScripts (Abp.AspNetCore) in 49.1321ms
info: Microsoft.AspNetCore.Hosting.Internal.WebHost[2]
      Request finished in 62.5709ms 200 application/x-javascript; charset=utf-8
info: Microsoft.AspNetCore.Hosting.Internal.WebHost[1]
      Request starting HTTP/1.1 GET http://localhost:62114/signalr  
info: Microsoft.AspNetCore.Authentication.Cookies.CookieAuthenticationHandler[8]
      AuthenticationScheme: Identity.Application was successfully authenticated.
info: Microsoft.AspNetCore.Sockets.Internal.Transports.WebSocketsTransport[1]
      Socket opened.
info: Microsoft.AspNetCore.SignalR.HubConnectionContext[1]
      Using HubProtocol 'json'.
info: Microsoft.AspNetCore.Hosting.Internal.WebHost[1]
      Request starting HTTP/1.1 POST http://localhost:62114/Report/Ins  0
info: Microsoft.AspNetCore.Authentication.Cookies.CookieAuthenticationHandler[8]
      AuthenticationScheme: Identity.Application was successfully authenticated.
info: Microsoft.AspNetCore.Mvc.Internal.ControllerActionInvoker[1]
      Executing action method Xn.Web.Controllers.ReportController.Ins (Xn.Web.Mvc) with arguments () - ModelState is Valid
info: Microsoft.AspNetCore.Mvc.Formatters.Json.Internal.JsonResultExecutor[1]
      Executing JsonResult, writing value Abp.Web.Models.AjaxResponse.
info: Microsoft.AspNetCore.Mvc.Internal.ControllerActionInvoker[2]
      Executed action Xn.Web.Controllers.ReportController.Ins (Xn.Web.Mvc) in 193.592ms
info: Microsoft.AspNetCore.Hosting.Internal.WebHost[2]
      Request finished in 206.8535ms 200 application/json; charset=utf-8
info: Microsoft.AspNetCore.Hosting.Internal.WebHost[1]
      Request starting HTTP/1.1 POST http://localhost:62114/Report/OnPostExport  0
info: Microsoft.AspNetCore.Authentication.Cookies.CookieAuthenticationHandler[8]
      AuthenticationScheme: Identity.Application was successfully authenticated.
info: Microsoft.AspNetCore.Mvc.Internal.ControllerActionInvoker[1]
      Executing action method Xn.Web.Controllers.ReportController.OnPostExport (Xn.Web.Mvc) with arguments ((null)) - ModelState is Valid
info: Microsoft.AspNetCore.Mvc.Internal.ControllerActionInvoker[2]
      Executed action Xn.Web.Controllers.ReportController.OnPostExport (Xn.Web.Mvc) in 61.5641ms
fail: Microsoft.AspNetCore.Diagnostics.DeveloperExceptionPageMiddleware[0]
      An unhandled exception has occurred while executing the request
System.IO.DirectoryNotFoundException: Could not find a part of the path 'D:\Work\XnBoiler\XnBoiler\aspnet-core\src\Xn.Web.Mvc\bin\Debug\netcoreapp2.0\'.
   at System.IO.FileStream.OpenHandle(FileMode mode, FileShare share, FileOptions options)
   at System.IO.FileStream..ctor(String path, FileMode mode, FileAccess access, FileShare share, Int32 bufferSize, FileOptions options)
   at System.IO.FileStream..ctor(String path, FileMode mode, FileAccess access)
   at Xn.Web.Controllers.ReportController.<OnPostExport>d__8.MoveNext() in D:\Work\XnBoiler\XnBoiler\aspnet-core\src\Xn.Web.Mvc\Controllers\ReportController.cs:line 94
--- End of stack trace from previous location where exception was thrown ---
   at System.Runtime.ExceptionServices.ExceptionDispatchInfo.Throw()
   at System.Runtime.CompilerServices.TaskAwaiter.HandleNonSuccessAndDebuggerNotification(Task task)
   at System.Runtime.CompilerServices.TaskAwaiter`1.GetResult()
   at Microsoft.AspNetCore.Mvc.Internal.ControllerActionInvoker.<InvokeActionMethodAsync>d__12.MoveNext()
--- End of stack trace from previous location where exception was thrown ---
   at System.Runtime.ExceptionServices.ExceptionDispatchInfo.Throw()
   at System.Runtime.CompilerServices.TaskAwaiter.HandleNonSuccessAndDebuggerNotification(Task task)
   at Microsoft.AspNetCore.Mvc.Internal.ControllerActionInvoker.<InvokeNextActionFilterAsync>d__10.MoveNext()
--- End of stack trace from previous location where exception was thrown ---
   at System.Runtime.ExceptionServices.ExceptionDispatchInfo.Throw()
   at Microsoft.AspNetCore.Mvc.Internal.ControllerActionInvoker.Rethrow(ActionExecutedContext context)
   at Microsoft.AspNetCore.Mvc.Internal.ControllerActionInvoker.Next(State& next, Scope& scope, Object& state, Boolean& isCompleted)
   at Microsoft.AspNetCore.Mvc.Internal.ControllerActionInvoker.<InvokeInnerFilterAsync>d__14.MoveNext()
--- End of stack trace from previous location where exception was thrown ---
   at System.Runtime.ExceptionServices.ExceptionDispatchInfo.Throw()
   at System.Runtime.CompilerServices.TaskAwaiter.HandleNonSuccessAndDebuggerNotification(Task task)
   at Microsoft.AspNetCore.Mvc.Internal.ResourceInvoker.<InvokeNextExceptionFilterAsync>d__23.MoveNext()
--- End of stack trace from previous location where exception was thrown ---
   at System.Runtime.ExceptionServices.ExceptionDispatchInfo.Throw()
   at Microsoft.AspNetCore.Mvc.Internal.ResourceInvoker.Rethrow(ExceptionContext context)
   at Microsoft.AspNetCore.Mvc.Internal.ResourceInvoker.Next(State& next, Scope& scope, Object& state, Boolean& isCompleted)
   at Microsoft.AspNetCore.Mvc.Internal.ResourceInvoker.<InvokeNextResourceFilter>d__22.MoveNext()
--- End of stack trace from previous location where exception was thrown ---
   at System.Runtime.ExceptionServices.ExceptionDispatchInfo.Throw()
   at Microsoft.AspNetCore.Mvc.Internal.ResourceInvoker.Rethrow(ResourceExecutedContext context)
   at Microsoft.AspNetCore.Mvc.Internal.ResourceInvoker.Next(State& next, Scope& scope, Object& state, Boolean& isCompleted)
   at Microsoft.AspNetCore.Mvc.Internal.ResourceInvoker.<InvokeFilterPipelineAsync>d__17.MoveNext()
--- End of stack trace from previous location where exception was thrown ---
   at System.Runtime.ExceptionServices.ExceptionDispatchInfo.Throw()
   at System.Runtime.CompilerServices.TaskAwaiter.HandleNonSuccessAndDebuggerNotification(Task task)
   at Microsoft.AspNetCore.Mvc.Internal.ResourceInvoker.<InvokeAsync>d__15.MoveNext()
--- End of stack trace from previous location where exception was thrown ---
   at System.Runtime.ExceptionServices.ExceptionDispatchInfo.Throw()
   at System.Runtime.CompilerServices.TaskAwaiter.HandleNonSuccessAndDebuggerNotification(Task task)
   at Microsoft.AspNetCore.Builder.RouterMiddleware.<Invoke>d__4.MoveNext()
--- End of stack trace from previous location where exception was thrown ---
   at System.Runtime.ExceptionServices.ExceptionDispatchInfo.Throw()
   at System.Runtime.CompilerServices.TaskAwaiter.HandleNonSuccessAndDebuggerNotification(Task task)
   at Microsoft.AspNetCore.Builder.RouterMiddleware.<Invoke>d__4.MoveNext()
--- End of stack trace from previous location where exception was thrown ---
   at System.Runtime.ExceptionServices.ExceptionDispatchInfo.Throw()
   at System.Runtime.CompilerServices.TaskAwaiter.HandleNonSuccessAndDebuggerNotification(Task task)
   at Xn.Authentication.JwtBearer.JwtTokenMiddleware.<>c__DisplayClass0_0.<<UseJwtTokenMiddleware>b__0>d.MoveNext() in D:\Work\XnBoiler\XnBoiler\aspnet-core\src\Xn.Web.Core\Authentication\JwtBearer\JwtTokenMiddleware.cs:line 22
--- End of stack trace from previous location where exception was thrown ---
   at System.Runtime.ExceptionServices.ExceptionDispatchInfo.Throw()
   at System.Runtime.CompilerServices.TaskAwaiter.HandleNonSuccessAndDebuggerNotification(Task task)
   at Microsoft.AspNetCore.Authentication.AuthenticationMiddleware.<Invoke>d__6.MoveNext()
--- End of stack trace from previous location where exception was thrown ---
   at System.Runtime.ExceptionServices.ExceptionDispatchInfo.Throw()
   at System.Runtime.CompilerServices.TaskAwaiter.HandleNonSuccessAndDebuggerNotification(Task task)
   at Microsoft.AspNetCore.Diagnostics.DeveloperExceptionPageMiddleware.<Invoke>d__7.MoveNext()
info: Microsoft.AspNetCore.Hosting.Internal.WebHost[2]
      Request finished in 162.4297ms 500 text/html; charset=utf-8
info: Microsoft.AspNetCore.Hosting.Internal.WebHost[1]
      Request starting HTTP/1.1 POST http://localhost:62114/Report/OnPostExport  0
info: Microsoft.AspNetCore.Authentication.Cookies.CookieAuthenticationHandler[8]
      AuthenticationScheme: Identity.Application was successfully authenticated.
info: Microsoft.AspNetCore.Mvc.Internal.ControllerActionInvoker[1]
      Executing action method Xn.Web.Controllers.ReportController.OnPostExport (Xn.Web.Mvc) with arguments ((null)) - ModelState is Valid
info: Microsoft.AspNetCore.Mvc.Internal.ControllerActionInvoker[2]
      Executed action Xn.Web.Controllers.ReportController.OnPostExport (Xn.Web.Mvc) in 11.4165ms
fail: Microsoft.AspNetCore.Diagnostics.DeveloperExceptionPageMiddleware[0]
      An unhandled exception has occurred while executing the request
System.IO.DirectoryNotFoundException: Could not find a part of the path 'D:\Work\XnBoiler\XnBoiler\aspnet-core\src\Xn.Web.Mvc\bin\Debug\netcoreapp2.0\'.
   at System.IO.FileStream.OpenHandle(FileMode mode, FileShare share, FileOptions options)
   at System.IO.FileStream..ctor(String path, FileMode mode, FileAccess access, FileShare share, Int32 bufferSize, FileOptions options)
   at System.IO.FileStream..ctor(String path, FileMode mode, FileAccess access)
   at Xn.Web.Controllers.ReportController.<OnPostExport>d__8.MoveNext() in D:\Work\XnBoiler\XnBoiler\aspnet-core\src\Xn.Web.Mvc\Controllers\ReportController.cs:line 94
--- End of stack trace from previous location where exception was thrown ---
   at System.Runtime.ExceptionServices.ExceptionDispatchInfo.Throw()
   at System.Runtime.CompilerServices.TaskAwaiter.HandleNonSuccessAndDebuggerNotification(Task task)
   at System.Runtime.CompilerServices.TaskAwaiter`1.GetResult()
   at Microsoft.AspNetCore.Mvc.Internal.ControllerActionInvoker.<InvokeActionMethodAsync>d__12.MoveNext()
--- End of stack trace from previous location where exception was thrown ---
   at System.Runtime.ExceptionServices.ExceptionDispatchInfo.Throw()
   at System.Runtime.CompilerServices.TaskAwaiter.HandleNonSuccessAndDebuggerNotification(Task task)
   at Microsoft.AspNetCore.Mvc.Internal.ControllerActionInvoker.<InvokeNextActionFilterAsync>d__10.MoveNext()
--- End of stack trace from previous location where exception was thrown ---
   at System.Runtime.ExceptionServices.ExceptionDispatchInfo.Throw()
   at Microsoft.AspNetCore.Mvc.Internal.ControllerActionInvoker.Rethrow(ActionExecutedContext context)
   at Microsoft.AspNetCore.Mvc.Internal.ControllerActionInvoker.Next(State& next, Scope& scope, Object& state, Boolean& isCompleted)
   at Microsoft.AspNetCore.Mvc.Internal.ControllerActionInvoker.<InvokeInnerFilterAsync>d__14.MoveNext()
--- End of stack trace from previous location where exception was thrown ---
   at System.Runtime.ExceptionServices.ExceptionDispatchInfo.Throw()
   at System.Runtime.CompilerServices.TaskAwaiter.HandleNonSuccessAndDebuggerNotification(Task task)
   at Microsoft.AspNetCore.Mvc.Internal.ResourceInvoker.<InvokeNextExceptionFilterAsync>d__23.MoveNext()
--- End of stack trace from previous location where exception was thrown ---
   at System.Runtime.ExceptionServices.ExceptionDispatchInfo.Throw()
   at Microsoft.AspNetCore.Mvc.Internal.ResourceInvoker.Rethrow(ExceptionContext context)
   at Microsoft.AspNetCore.Mvc.Internal.ResourceInvoker.Next(State& next, Scope& scope, Object& state, Boolean& isCompleted)
   at Microsoft.AspNetCore.Mvc.Internal.ResourceInvoker.<InvokeNextResourceFilter>d__22.MoveNext()
--- End of stack trace from previous location where exception was thrown ---
   at System.Runtime.ExceptionServices.ExceptionDispatchInfo.Throw()
   at Microsoft.AspNetCore.Mvc.Internal.ResourceInvoker.Rethrow(ResourceExecutedContext context)
   at Microsoft.AspNetCore.Mvc.Internal.ResourceInvoker.Next(State& next, Scope& scope, Object& state, Boolean& isCompleted)
   at Microsoft.AspNetCore.Mvc.Internal.ResourceInvoker.<InvokeFilterPipelineAsync>d__17.MoveNext()
--- End of stack trace from previous location where exception was thrown ---
   at System.Runtime.ExceptionServices.ExceptionDispatchInfo.Throw()
   at System.Runtime.CompilerServices.TaskAwaiter.HandleNonSuccessAndDebuggerNotification(Task task)
   at Microsoft.AspNetCore.Mvc.Internal.ResourceInvoker.<InvokeAsync>d__15.MoveNext()
--- End of stack trace from previous location where exception was thrown ---
   at System.Runtime.ExceptionServices.ExceptionDispatchInfo.Throw()
   at System.Runtime.CompilerServices.TaskAwaiter.HandleNonSuccessAndDebuggerNotification(Task task)
   at Microsoft.AspNetCore.Builder.RouterMiddleware.<Invoke>d__4.MoveNext()
--- End of stack trace from previous location where exception was thrown ---
   at System.Runtime.ExceptionServices.ExceptionDispatchInfo.Throw()
   at System.Runtime.CompilerServices.TaskAwaiter.HandleNonSuccessAndDebuggerNotification(Task task)
   at Microsoft.AspNetCore.Builder.RouterMiddleware.<Invoke>d__4.MoveNext()
--- End of stack trace from previous location where exception was thrown ---
   at System.Runtime.ExceptionServices.ExceptionDispatchInfo.Throw()
   at System.Runtime.CompilerServices.TaskAwaiter.HandleNonSuccessAndDebuggerNotification(Task task)
   at Xn.Authentication.JwtBearer.JwtTokenMiddleware.<>c__DisplayClass0_0.<<UseJwtTokenMiddleware>b__0>d.MoveNext() in D:\Work\XnBoiler\XnBoiler\aspnet-core\src\Xn.Web.Core\Authentication\JwtBearer\JwtTokenMiddleware.cs:line 22
--- End of stack trace from previous location where exception was thrown ---
   at System.Runtime.ExceptionServices.ExceptionDispatchInfo.Throw()
   at System.Runtime.CompilerServices.TaskAwaiter.HandleNonSuccessAndDebuggerNotification(Task task)
   at Microsoft.AspNetCore.Authentication.AuthenticationMiddleware.<Invoke>d__6.MoveNext()
--- End of stack trace from previous location where exception was thrown ---
   at System.Runtime.ExceptionServices.ExceptionDispatchInfo.Throw()
   at System.Runtime.CompilerServices.TaskAwaiter.HandleNonSuccessAndDebuggerNotification(Task task)
   at Microsoft.AspNetCore.Diagnostics.DeveloperExceptionPageMiddleware.<Invoke>d__7.MoveNext()
info: Microsoft.AspNetCore.Hosting.Internal.WebHost[2]
      Request finished in 65.3957ms 500 text/html; charset=utf-8
info: Microsoft.AspNetCore.Hosting.Internal.WebHost[1]
      Request starting HTTP/1.1 GET http://localhost:62114/js/angular.min.js.map  
info: Microsoft.AspNetCore.Authentication.Cookies.CookieAuthenticationHandler[8]
      AuthenticationScheme: Identity.Application was successfully authenticated.
info: Microsoft.AspNetCore.Hosting.Internal.WebHost[2]
      Request finished in 7.0662ms 404 
info: Microsoft.AspNetCore.Hosting.Internal.WebHost[1]
      Request starting HTTP/1.1 GET http://localhost:62114/lib/signalr-client/signalr.min.js.map  
info: Microsoft.AspNetCore.Authentication.Cookies.CookieAuthenticationHandler[8]
      AuthenticationScheme: Identity.Application was successfully authenticated.
info: Microsoft.AspNetCore.Hosting.Internal.WebHost[2]
      Request finished in 7.2739ms 404 
info: Microsoft.AspNetCore.Hosting.Internal.WebHost[1]
      Request starting HTTP/1.1 GET http://localhost:62114/js/angular-cookies.min.js.map  
info: Microsoft.AspNetCore.Authentication.Cookies.CookieAuthenticationHandler[8]
      AuthenticationScheme: Identity.Application was successfully authenticated.
info: Microsoft.AspNetCore.Hosting.Internal.WebHost[2]
      Request finished in 5.5232ms 404 
info: Microsoft.AspNetCore.Hosting.Internal.WebHost[1]
      Request starting HTTP/1.1 GET http://localhost:62114/report  
info: Microsoft.AspNetCore.Authentication.Cookies.CookieAuthenticationHandler[8]
      AuthenticationScheme: Identity.Application was successfully authenticated.
info: Microsoft.AspNetCore.Mvc.Internal.ControllerActionInvoker[1]
      Executing action method Xn.Web.Controllers.ReportController.Index (Xn.Web.Mvc) with arguments ((null)) - ModelState is Valid
info: Microsoft.AspNetCore.Mvc.ViewFeatures.Internal.ViewResultExecutor[1]
      Executing ViewResult, running view at path /Views/Report/Index.cshtml.
info: Microsoft.AspNetCore.Mvc.Internal.ControllerActionInvoker[2]
      Executed action Xn.Web.Controllers.ReportController.Index (Xn.Web.Mvc) in 50.5201ms
info: Microsoft.AspNetCore.Hosting.Internal.WebHost[2]
      Request finished in 57.0949ms 200 text/html; charset=utf-8
info: Microsoft.AspNetCore.Sockets.Internal.Transports.WebSocketsTransport[2]
      Socket closed.
info: Microsoft.AspNetCore.Hosting.Internal.WebHost[2]
      Request finished in 30683.5046ms 101 
info: Microsoft.AspNetCore.Hosting.Internal.WebHost[1]
      Request starting HTTP/1.1 GET http://localhost:62114/fonts/roboto/roboto.css?v=53F8z0aw8DRnG9ou9x1tuKMPbNjRZWM-VBHl3B0s9-o  
info: Microsoft.AspNetCore.StaticFiles.StaticFileMiddleware[2]
      Sending file. Request path: '/fonts/roboto/roboto.css'. Physical path: 'D:\Work\XnBoiler\XnBoiler\aspnet-core\src\Xn.Web.Mvc\wwwroot\fonts\roboto\roboto.css'
info: Microsoft.AspNetCore.Hosting.Internal.WebHost[2]
      Request finished in 21.0947ms 200 text/css
info: Microsoft.AspNetCore.Hosting.Internal.WebHost[1]
      Request starting HTTP/1.1 GET http://localhost:62114/lib/bootstrap/dist/css/bootstrap.css?v=opI27tVP8lfzTdiKv9Wi8UuRkNhIAvZwMVLWtOpRHKk  
info: Microsoft.AspNetCore.StaticFiles.StaticFileMiddleware[2]
      Sending file. Request path: '/lib/bootstrap/dist/css/bootstrap.css'. Physical path: 'D:\Work\XnBoiler\XnBoiler\aspnet-core\src\Xn.Web.Mvc\wwwroot\lib\bootstrap\dist\css\bootstrap.css'
info: Microsoft.AspNetCore.Hosting.Internal.WebHost[1]
      Request starting HTTP/1.1 GET http://localhost:62114/lib/famfamfam-flags/dist/sprite/famfamfam-flags.css?v=JVJiF3s2_kk99xQHfYhfxo_-Dd52ZIruDMOILwPkqv0  
info: Microsoft.AspNetCore.StaticFiles.StaticFileMiddleware[2]
      Sending file. Request path: '/lib/famfamfam-flags/dist/sprite/famfamfam-flags.css'. Physical path: 'D:\Work\XnBoiler\XnBoiler\aspnet-core\src\Xn.Web.Mvc\wwwroot\lib\famfamfam-flags\dist\sprite\famfamfam-flags.css'
info: Microsoft.AspNetCore.Hosting.Internal.WebHost[2]
      Request finished in 14.3277ms 200 text/css
info: Microsoft.AspNetCore.Hosting.Internal.WebHost[2]
      Request finished in 9.0295ms 200 text/css
info: Microsoft.AspNetCore.Hosting.Internal.WebHost[1]
      Request starting HTTP/1.1 GET http://localhost:62114/lib/toastr/toastr.css?v=kKePN_CyxTiMEgsSDu_7z21ru07YOZtR-0UV0JOkt5o  
info: Microsoft.AspNetCore.StaticFiles.StaticFileMiddleware[2]
      Sending file. Request path: '/lib/toastr/toastr.css'. Physical path: 'D:\Work\XnBoiler\XnBoiler\aspnet-core\src\Xn.Web.Mvc\wwwroot\lib\toastr\toastr.css'
info: Microsoft.AspNetCore.Hosting.Internal.WebHost[2]
      Request finished in 2.5495ms 200 text/css
info: Microsoft.AspNetCore.Hosting.Internal.WebHost[1]
      Request starting HTTP/1.1 GET http://localhost:62114/lib/bootstrap-select/dist/css/bootstrap-select.css?v=DeY2lH0e0tmNnO9XZ-gGVOGk6_YoWlZ49y7CnD3ST00  
info: Microsoft.AspNetCore.StaticFiles.StaticFileMiddleware[2]
      Sending file. Request path: '/lib/bootstrap-select/dist/css/bootstrap-select.css'. Physical path: 'D:\Work\XnBoiler\XnBoiler\aspnet-core\src\Xn.Web.Mvc\wwwroot\lib\bootstrap-select\dist\css\bootstrap-select.css'
info: Microsoft.AspNetCore.Hosting.Internal.WebHost[1]
      Request starting HTTP/1.1 GET http://localhost:62114/fonts/material-icons/materialicons.css?v=8pEJ8MWsFzHRDLY0NI5rssf6T6vankxrJDPnnZxOGrg  
info: Microsoft.AspNetCore.StaticFiles.StaticFileMiddleware[2]
      Sending file. Request path: '/fonts/material-icons/materialicons.css'. Physical path: 'D:\Work\XnBoiler\XnBoiler\aspnet-core\src\Xn.Web.Mvc\wwwroot\fonts\material-icons\materialicons.css'
info: Microsoft.AspNetCore.Hosting.Internal.WebHost[2]
      Request finished in 3.1633ms 200 text/css
info: Microsoft.AspNetCore.Hosting.Internal.WebHost[2]
      Request finished in 1.8622ms 200 text/css
info: Microsoft.AspNetCore.Hosting.Internal.WebHost[1]
      Request starting HTTP/1.1 GET http://localhost:62114/lib/font-awesome/css/font-awesome.css?v=YIHlqxkiJtENTMuzIHC9EfZaB5RniGr7kF7juUQJUuc  
info: Microsoft.AspNetCore.StaticFiles.StaticFileMiddleware[2]
      Sending file. Request path: '/lib/font-awesome/css/font-awesome.css'. Physical path: 'D:\Work\XnBoiler\XnBoiler\aspnet-core\src\Xn.Web.Mvc\wwwroot\lib\font-awesome\css\font-awesome.css'
info: Microsoft.AspNetCore.Hosting.Internal.WebHost[2]
      Request finished in 1.9178ms 200 text/css
info: Microsoft.AspNetCore.Hosting.Internal.WebHost[1]
      Request starting HTTP/1.1 GET http://localhost:62114/lib/Waves/dist/waves.css?v=nd3hxjNg6DhkuFIz5IbxLK8Xw2ac0blsDQpF4pkJxUc  
info: Microsoft.AspNetCore.StaticFiles.StaticFileMiddleware[2]
      Sending file. Request path: '/lib/Waves/dist/waves.css'. Physical path: 'D:\Work\XnBoiler\XnBoiler\aspnet-core\src\Xn.Web.Mvc\wwwroot\lib\Waves\dist\waves.css'
info: Microsoft.AspNetCore.Hosting.Internal.WebHost[2]
      Request finished in 4.9777ms 200 text/css
info: Microsoft.AspNetCore.Hosting.Internal.WebHost[1]
      Request starting HTTP/1.1 GET http://localhost:62114/lib/animate.css/animate.css?v=IT6GQizZpVcaM1_L_mIiNAYVvZErMgfwewf1GGWXG_I  
info: Microsoft.AspNetCore.StaticFiles.StaticFileMiddleware[2]
      Sending file. Request path: '/lib/animate.css/animate.css'. Physical path: 'D:\Work\XnBoiler\XnBoiler\aspnet-core\src\Xn.Web.Mvc\wwwroot\lib\animate.css\animate.css'
info: Microsoft.AspNetCore.Hosting.Internal.WebHost[2]
      Request finished in 5.9717ms 200 text/css
info: Microsoft.AspNetCore.Hosting.Internal.WebHost[1]
      Request starting HTTP/1.1 GET http://localhost:62114/css/materialize.css?v=ey-J3xahkqficOYUHVX3jexmzvRFrge9bmux4CQr1DQ  
info: Microsoft.AspNetCore.StaticFiles.StaticFileMiddleware[2]
      Sending file. Request path: '/css/materialize.css'. Physical path: 'D:\Work\XnBoiler\XnBoiler\aspnet-core\src\Xn.Web.Mvc\wwwroot\css\materialize.css'
info: Microsoft.AspNetCore.Hosting.Internal.WebHost[2]
      Request finished in 3.9166ms 200 text/css
info: Microsoft.AspNetCore.Hosting.Internal.WebHost[1]
      Request starting HTTP/1.1 GET http://localhost:62114/js/table-angularjs/jquery.dataTables.min.css?v=9O_T5LPKP99EDR1kSSkzCf4-dZO8xrTY1TpWeVVIfk4  
info: Microsoft.AspNetCore.StaticFiles.StaticFileMiddleware[2]
      Sending file. Request path: '/js/table-angularjs/jquery.dataTables.min.css'. Physical path: 'D:\Work\XnBoiler\XnBoiler\aspnet-core\src\Xn.Web.Mvc\wwwroot\js\table-angularjs\jquery.dataTables.min.css'
info: Microsoft.AspNetCore.Hosting.Internal.WebHost[2]
      Request finished in 5.0706ms 200 text/css
info: Microsoft.AspNetCore.Hosting.Internal.WebHost[1]
      Request starting HTTP/1.1 GET http://localhost:62114/view-resources/Views/Shared/_Layout.css?v=BLxBuNISlF2O5EBHWdsX039NvnIHy-GtcqeI_MbyIc0  
info: Microsoft.AspNetCore.StaticFiles.StaticFileMiddleware[2]
      Sending file. Request path: '/view-resources/Views/Shared/_Layout.css'. Physical path: 'D:\Work\XnBoiler\XnBoiler\aspnet-core\src\Xn.Web.Mvc\wwwroot\view-resources\Views\Shared\_Layout.css'
info: Microsoft.AspNetCore.Hosting.Internal.WebHost[2]
      Request finished in 4.9493ms 200 text/css
info: Microsoft.AspNetCore.Hosting.Internal.WebHost[1]
      Request starting HTTP/1.1 GET http://localhost:62114/css/themes/all-themes.css?v=eGSl5zNTWrXYfUx_EJW9ksC3CUTUUxvxmPiA3aQDtQo  
info: Microsoft.AspNetCore.Hosting.Internal.WebHost[1]
      Request starting HTTP/1.1 GET http://localhost:62114/css/style.css?v=Hmj_hRbtMwZt6Iov-5Sm2qe6D6y7PFUTQRDdUyYreE4  
info: Microsoft.AspNetCore.StaticFiles.StaticFileMiddleware[2]
      Sending file. Request path: '/css/style.css'. Physical path: 'D:\Work\XnBoiler\XnBoiler\aspnet-core\src\Xn.Web.Mvc\wwwroot\css\style.css'
info: Microsoft.AspNetCore.StaticFiles.StaticFileMiddleware[2]
      Sending file. Request path: '/css/themes/all-themes.css'. Physical path: 'D:\Work\XnBoiler\XnBoiler\aspnet-core\src\Xn.Web.Mvc\wwwroot\css\themes\all-themes.css'
info: Microsoft.AspNetCore.Hosting.Internal.WebHost[2]
      Request finished in 2.127ms 200 text/css
info: Microsoft.AspNetCore.Hosting.Internal.WebHost[2]
      Request finished in 3.1714ms 200 text/css
info: Microsoft.AspNetCore.Hosting.Internal.WebHost[1]
      Request starting HTTP/1.1 GET http://localhost:62114/scss/snackbar.css?v=Yglus7cl-9UBI3HXtOouoNDe_fC19Iybunr-R3umO94  
info: Microsoft.AspNetCore.Hosting.Internal.WebHost[1]
      Request starting HTTP/1.1 GET http://localhost:62114/lib/json2/json2.js?v=w3DjWhUtDqy3bSJKv285C-2kagUtW9F64T9z3xRah8g  
info: Microsoft.AspNetCore.StaticFiles.StaticFileMiddleware[2]
      Sending file. Request path: '/scss/snackbar.css'. Physical path: 'D:\Work\XnBoiler\XnBoiler\aspnet-core\src\Xn.Web.Mvc\wwwroot\scss\snackbar.css'
info: Microsoft.AspNetCore.StaticFiles.StaticFileMiddleware[2]
      Sending file. Request path: '/lib/json2/json2.js'. Physical path: 'D:\Work\XnBoiler\XnBoiler\aspnet-core\src\Xn.Web.Mvc\wwwroot\lib\json2\json2.js'
info: Microsoft.AspNetCore.Hosting.Internal.WebHost[2]
      Request finished in 3.6199ms 200 text/css
info: Microsoft.AspNetCore.Hosting.Internal.WebHost[2]
      Request finished in 1.6909ms 200 application/javascript
info: Microsoft.AspNetCore.Hosting.Internal.WebHost[1]
      Request starting HTTP/1.1 GET http://localhost:62114/lib/jquery/dist/jquery.js?v=GcL_g4TBRVIQSi96WoMK71EGaYN9ZfsMIKm-50nlS4s  
info: Microsoft.AspNetCore.StaticFiles.StaticFileMiddleware[2]
      Sending file. Request path: '/lib/jquery/dist/jquery.js'. Physical path: 'D:\Work\XnBoiler\XnBoiler\aspnet-core\src\Xn.Web.Mvc\wwwroot\lib\jquery\dist\jquery.js'
info: Microsoft.AspNetCore.Hosting.Internal.WebHost[1]
      Request starting HTTP/1.1 GET http://localhost:62114/lib/moment/min/moment-with-locales.js?v=5f0RFtuChrGi6osDzegxXWf5yOkmx45i7J9fM1p6P5w  
info: Microsoft.AspNetCore.Hosting.Internal.WebHost[1]
      Request starting HTTP/1.1 GET http://localhost:62114/lib/bootstrap/dist/js/bootstrap.js?v=1fo3W6qowq4PinpCsKshaVqewExoFmzrRBGKbSdAVEk  
info: Microsoft.AspNetCore.StaticFiles.StaticFileMiddleware[2]
      Sending file. Request path: '/lib/bootstrap/dist/js/bootstrap.js'. Physical path: 'D:\Work\XnBoiler\XnBoiler\aspnet-core\src\Xn.Web.Mvc\wwwroot\lib\bootstrap\dist\js\bootstrap.js'
info: Microsoft.AspNetCore.StaticFiles.StaticFileMiddleware[2]
      Sending file. Request path: '/lib/moment/min/moment-with-locales.js'. Physical path: 'D:\Work\XnBoiler\XnBoiler\aspnet-core\src\Xn.Web.Mvc\wwwroot\lib\moment\min\moment-with-locales.js'
info: Microsoft.AspNetCore.Hosting.Internal.WebHost[2]
      Request finished in 6.5025ms 200 application/javascript
info: Microsoft.AspNetCore.Hosting.Internal.WebHost[2]
      Request finished in 10.7001ms 200 application/javascript
info: Microsoft.AspNetCore.Hosting.Internal.WebHost[1]
      Request starting HTTP/1.1 GET http://localhost:62114/lib/jquery-validation/dist/jquery.validate.js?v=ZDzsHzuLAtqQVxXwbgRtfAPXQ7UAoJRXBAUDvc9G9CI  
info: Microsoft.AspNetCore.Hosting.Internal.WebHost[2]
      Request finished in 13.2694ms 200 application/javascript
info: Microsoft.AspNetCore.StaticFiles.StaticFileMiddleware[2]
      Sending file. Request path: '/lib/jquery-validation/dist/jquery.validate.js'. Physical path: 'D:\Work\XnBoiler\XnBoiler\aspnet-core\src\Xn.Web.Mvc\wwwroot\lib\jquery-validation\dist\jquery.validate.js'
info: Microsoft.AspNetCore.Hosting.Internal.WebHost[2]
      Request finished in 2.0227ms 200 application/javascript
info: Microsoft.AspNetCore.Hosting.Internal.WebHost[1]
      Request starting HTTP/1.1 GET http://localhost:62114/lib/toastr/toastr.js?v=prO6YeBrp6FzpE6glX7_GlSoPssvH4_OmY6Z3YJ2c6c  
info: Microsoft.AspNetCore.Hosting.Internal.WebHost[1]
      Request starting HTTP/1.1 GET http://localhost:62114/lib/blockUI/jquery.blockUI.js?v=KKcUNqwNyTLaXzvuMyFk6JisiQq6Hk7ZtrciXnEf3Z0  
info: Microsoft.AspNetCore.StaticFiles.StaticFileMiddleware[2]
      Sending file. Request path: '/lib/blockUI/jquery.blockUI.js'. Physical path: 'D:\Work\XnBoiler\XnBoiler\aspnet-core\src\Xn.Web.Mvc\wwwroot\lib\blockUI\jquery.blockUI.js'
info: Microsoft.AspNetCore.Hosting.Internal.WebHost[2]
      Request finished in 1.832ms 200 application/javascript
info: Microsoft.AspNetCore.StaticFiles.StaticFileMiddleware[2]
      Sending file. Request path: '/lib/toastr/toastr.js'. Physical path: 'D:\Work\XnBoiler\XnBoiler\aspnet-core\src\Xn.Web.Mvc\wwwroot\lib\toastr\toastr.js'
info: Microsoft.AspNetCore.Hosting.Internal.WebHost[2]
      Request finished in 3.4021ms 200 application/javascript
info: Microsoft.AspNetCore.Hosting.Internal.WebHost[1]
      Request starting HTTP/1.1 GET http://localhost:62114/lib/spin.js/spin.js?v=b1plKpQIB-XuGyjWec42MhmhpPzEPzFI3OC8Ia0XIoc  
info: Microsoft.AspNetCore.Hosting.Internal.WebHost[1]
      Request starting HTTP/1.1 GET http://localhost:62114/lib/sweetalert/dist/sweetalert.min.js?v=aPktydUv1rN3mouQeXoKi3ioFTIQlULuqYeoTAA2ihY  
info: Microsoft.AspNetCore.StaticFiles.StaticFileMiddleware[2]
      Sending file. Request path: '/lib/spin.js/spin.js'. Physical path: 'D:\Work\XnBoiler\XnBoiler\aspnet-core\src\Xn.Web.Mvc\wwwroot\lib\spin.js\spin.js'
info: Microsoft.AspNetCore.Hosting.Internal.WebHost[2]
      Request finished in 2.5848ms 200 application/javascript
info: Microsoft.AspNetCore.StaticFiles.StaticFileMiddleware[2]
      Sending file. Request path: '/lib/sweetalert/dist/sweetalert.min.js'. Physical path: 'D:\Work\XnBoiler\XnBoiler\aspnet-core\src\Xn.Web.Mvc\wwwroot\lib\sweetalert\dist\sweetalert.min.js'
info: Microsoft.AspNetCore.Hosting.Internal.WebHost[2]
      Request finished in 7.9903ms 200 application/javascript
info: Microsoft.AspNetCore.Hosting.Internal.WebHost[1]
      Request starting HTTP/1.1 GET http://localhost:62114/lib/jquery-slimscroll/jquery.slimscroll.js?v=ESVSX4dkOxamaRoYfcqPM2FfErhgfxS60fp1Fa8ou1w  
info: Microsoft.AspNetCore.StaticFiles.StaticFileMiddleware[2]
      Sending file. Request path: '/lib/jquery-slimscroll/jquery.slimscroll.js'. Physical path: 'D:\Work\XnBoiler\XnBoiler\aspnet-core\src\Xn.Web.Mvc\wwwroot\lib\jquery-slimscroll\jquery.slimscroll.js'
info: Microsoft.AspNetCore.Hosting.Internal.WebHost[2]
      Request finished in 1.3128ms 200 application/javascript
info: Microsoft.AspNetCore.Hosting.Internal.WebHost[1]
      Request starting HTTP/1.1 GET http://localhost:62114/lib/spin.js/jquery.spin.js?v=i7H7HL08ldqUANgfQInE7LlU2uWUdQMCJ-Q7-_zLutY  
info: Microsoft.AspNetCore.StaticFiles.StaticFileMiddleware[2]
      Sending file. Request path: '/lib/spin.js/jquery.spin.js'. Physical path: 'D:\Work\XnBoiler\XnBoiler\aspnet-core\src\Xn.Web.Mvc\wwwroot\lib\spin.js\jquery.spin.js'
info: Microsoft.AspNetCore.Hosting.Internal.WebHost[2]
      Request finished in 3.2565ms 200 application/javascript
info: Microsoft.AspNetCore.Hosting.Internal.WebHost[1]
      Request starting HTTP/1.1 GET http://localhost:62114/lib/bootstrap-select/dist/js/bootstrap-select.js?v=tXulJKckrq2j2wo8a9hvmXLDEQwhGviPTIYmEzy1dNI  
info: Microsoft.AspNetCore.StaticFiles.StaticFileMiddleware[2]
      Sending file. Request path: '/lib/bootstrap-select/dist/js/bootstrap-select.js'. Physical path: 'D:\Work\XnBoiler\XnBoiler\aspnet-core\src\Xn.Web.Mvc\wwwroot\lib\bootstrap-select\dist\js\bootstrap-select.js'
info: Microsoft.AspNetCore.Hosting.Internal.WebHost[2]
      Request finished in 10.6225ms 200 application/javascript
info: Microsoft.AspNetCore.Hosting.Internal.WebHost[1]
      Request starting HTTP/1.1 GET http://localhost:62114/lib/push.js/push.js?v=w347yqiscLjM_TxUKpqeUA1LDR3w5vshQpxpTsgkLhE  
info: Microsoft.AspNetCore.StaticFiles.StaticFileMiddleware[2]
      Sending file. Request path: '/lib/push.js/push.js'. Physical path: 'D:\Work\XnBoiler\XnBoiler\aspnet-core\src\Xn.Web.Mvc\wwwroot\lib\push.js\push.js'
info: Microsoft.AspNetCore.Hosting.Internal.WebHost[2]
      Request finished in 2.3097ms 200 application/javascript
info: Microsoft.AspNetCore.Hosting.Internal.WebHost[1]
      Request starting HTTP/1.1 GET http://localhost:62114/lib/abp-web-resources/Abp/Framework/scripts/libs/abp.jquery.js?v=XEXcdRYb4eN3XoQCbnM-BSR6UifHRLsXYDIVFZ7Oc6Q  
info: Microsoft.AspNetCore.Hosting.Internal.WebHost[1]
      Request starting HTTP/1.1 GET http://localhost:62114/lib/Waves/dist/waves.js?v=ZOMv1vwqpT_ezNZGhvr9jJTr_jqu3lYHB7vmpxD7HmA  
info: Microsoft.AspNetCore.StaticFiles.StaticFileMiddleware[2]
      Sending file. Request path: '/lib/abp-web-resources/Abp/Framework/scripts/libs/abp.jquery.js'. Physical path: 'D:\Work\XnBoiler\XnBoiler\aspnet-core\src\Xn.Web.Mvc\wwwroot\lib\abp-web-resources\Abp\Framework\scripts\libs\abp.jquery.js'
info: Microsoft.AspNetCore.Hosting.Internal.WebHost[1]
      Request starting HTTP/1.1 GET http://localhost:62114/lib/abp-web-resources/Abp/Framework/scripts/libs/abp.toastr.js?v=QiSp17ew3zyFmdlcKq4HCIOw7UaqE8MC46Ekv50GzPs  
info: Microsoft.AspNetCore.Hosting.Internal.WebHost[2]
      Request finished in 1.8446ms 200 application/javascript
info: Microsoft.AspNetCore.StaticFiles.StaticFileMiddleware[2]
      Sending file. Request path: '/lib/Waves/dist/waves.js'. Physical path: 'D:\Work\XnBoiler\XnBoiler\aspnet-core\src\Xn.Web.Mvc\wwwroot\lib\Waves\dist\waves.js'
info: Microsoft.AspNetCore.Hosting.Internal.WebHost[2]
      Request finished in 2.1169ms 200 application/javascript
info: Microsoft.AspNetCore.StaticFiles.StaticFileMiddleware[2]
      Sending file. Request path: '/lib/abp-web-resources/Abp/Framework/scripts/libs/abp.toastr.js'. Physical path: 'D:\Work\XnBoiler\XnBoiler\aspnet-core\src\Xn.Web.Mvc\wwwroot\lib\abp-web-resources\Abp\Framework\scripts\libs\abp.toastr.js'
info: Microsoft.AspNetCore.Hosting.Internal.WebHost[2]
      Request finished in 2.6099ms 200 application/javascript
info: Microsoft.AspNetCore.Hosting.Internal.WebHost[1]
      Request starting HTTP/1.1 GET http://localhost:62114/lib/abp-web-resources/Abp/Framework/scripts/abp.js?v=EjNSmvtPSqCVK_xG_aTvOp8hmVM_7vwyd3hg45CAMGk  
info: Microsoft.AspNetCore.StaticFiles.StaticFileMiddleware[2]
      Sending file. Request path: '/lib/abp-web-resources/Abp/Framework/scripts/abp.js'. Physical path: 'D:\Work\XnBoiler\XnBoiler\aspnet-core\src\Xn.Web.Mvc\wwwroot\lib\abp-web-resources\Abp\Framework\scripts\abp.js'
info: Microsoft.AspNetCore.Hosting.Internal.WebHost[2]
      Request finished in 3.3643ms 200 application/javascript
info: Microsoft.AspNetCore.Hosting.Internal.WebHost[1]
      Request starting HTTP/1.1 GET http://localhost:62114/lib/abp-web-resources/Abp/Framework/scripts/libs/abp.blockUI.js?v=vMuHbqHh635SKL2RG2qsGGCDyHg1yFeGqhPKpS34g4k  
info: Microsoft.AspNetCore.StaticFiles.StaticFileMiddleware[2]
      Sending file. Request path: '/lib/abp-web-resources/Abp/Framework/scripts/libs/abp.blockUI.js'. Physical path: 'D:\Work\XnBoiler\XnBoiler\aspnet-core\src\Xn.Web.Mvc\wwwroot\lib\abp-web-resources\Abp\Framework\scripts\libs\abp.blockUI.js'
info: Microsoft.AspNetCore.Hosting.Internal.WebHost[1]
      Request starting HTTP/1.1 GET http://localhost:62114/lib/abp-web-resources/Abp/Framework/scripts/libs/abp.spin.js?v=djoKib6ssm5DDzbXLe5pD7ayfFg3siaoEk-BFYzQlvI  
info: Microsoft.AspNetCore.Hosting.Internal.WebHost[2]
      Request finished in 1.4512ms 200 application/javascript
info: Microsoft.AspNetCore.StaticFiles.StaticFileMiddleware[2]
      Sending file. Request path: '/lib/abp-web-resources/Abp/Framework/scripts/libs/abp.spin.js'. Physical path: 'D:\Work\XnBoiler\XnBoiler\aspnet-core\src\Xn.Web.Mvc\wwwroot\lib\abp-web-resources\Abp\Framework\scripts\libs\abp.spin.js'
info: Microsoft.AspNetCore.Hosting.Internal.WebHost[2]
      Request finished in 1.5662ms 200 application/javascript
info: Microsoft.AspNetCore.Hosting.Internal.WebHost[1]
      Request starting HTTP/1.1 GET http://localhost:62114/lib/abp-web-resources/Abp/Framework/scripts/libs/abp.sweet-alert.js?v=fPp3O_ILaqD0UHiR721w1i4iBtxo3NH7yfldI5dg0_I  
info: Microsoft.AspNetCore.StaticFiles.StaticFileMiddleware[2]
      Sending file. Request path: '/lib/abp-web-resources/Abp/Framework/scripts/libs/abp.sweet-alert.js'. Physical path: 'D:\Work\XnBoiler\XnBoiler\aspnet-core\src\Xn.Web.Mvc\wwwroot\lib\abp-web-resources\Abp\Framework\scripts\libs\abp.sweet-alert.js'
info: Microsoft.AspNetCore.Hosting.Internal.WebHost[2]
      Request finished in 1.3728ms 200 application/javascript
info: Microsoft.AspNetCore.Hosting.Internal.WebHost[1]
      Request starting HTTP/1.1 GET http://localhost:62114/js/main.js?v=TQh7CPs0Nabw-VbuWNS1myxE1OoyWIOPMY95C0Yg5m8  
info: Microsoft.AspNetCore.Hosting.Internal.WebHost[1]
      Request starting HTTP/1.1 GET http://localhost:62114/view-resources/Views/Shared/_Layout.js?v=RQruqClWPSu7O6l9-bzesJOrIOxROTb3CPVyIIqP_cw  
info: Microsoft.AspNetCore.StaticFiles.StaticFileMiddleware[2]
      Sending file. Request path: '/js/main.js'. Physical path: 'D:\Work\XnBoiler\XnBoiler\aspnet-core\src\Xn.Web.Mvc\wwwroot\js\main.js'
info: Microsoft.AspNetCore.StaticFiles.StaticFileMiddleware[2]
      Sending file. Request path: '/view-resources/Views/Shared/_Layout.js'. Physical path: 'D:\Work\XnBoiler\XnBoiler\aspnet-core\src\Xn.Web.Mvc\wwwroot\view-resources\Views\Shared\_Layout.js'
info: Microsoft.AspNetCore.Hosting.Internal.WebHost[2]
      Request finished in 1.283ms 200 application/javascript
info: Microsoft.AspNetCore.Hosting.Internal.WebHost[2]
      Request finished in 1.5208ms 200 application/javascript
info: Microsoft.AspNetCore.Hosting.Internal.WebHost[1]
      Request starting HTTP/1.1 GET http://localhost:62114/js/admin.js?v=WEbXcDZFgBBPThaOToUlWSMiegAQQnrVuInpjkdxUTs  
info: Microsoft.AspNetCore.StaticFiles.StaticFileMiddleware[2]
      Sending file. Request path: '/js/admin.js'. Physical path: 'D:\Work\XnBoiler\XnBoiler\aspnet-core\src\Xn.Web.Mvc\wwwroot\js\admin.js'
info: Microsoft.AspNetCore.Hosting.Internal.WebHost[2]
      Request finished in 2.0949ms 200 application/javascript
info: Microsoft.AspNetCore.Hosting.Internal.WebHost[1]
      Request starting HTTP/1.1 GET http://localhost:62114/js/angular-cookies.min.js?v=IMIUOvO8muR9HMwZbNUQ7IA_rLQ7ysa55ufXHbzODvQ  
info: Microsoft.AspNetCore.StaticFiles.StaticFileMiddleware[2]
      Sending file. Request path: '/js/angular-cookies.min.js'. Physical path: 'D:\Work\XnBoiler\XnBoiler\aspnet-core\src\Xn.Web.Mvc\wwwroot\js\angular-cookies.min.js'
info: Microsoft.AspNetCore.Hosting.Internal.WebHost[2]
      Request finished in 3.951ms 200 application/javascript
info: Microsoft.AspNetCore.Hosting.Internal.WebHost[1]
      Request starting HTTP/1.1 GET http://localhost:62114/lib/chart.js/dist/Chart.min.js?v=06oWrFH0H6oTY_MutCZ8H3sihgnUZBqYYfoahtpe22w  
info: Microsoft.AspNetCore.Hosting.Internal.WebHost[1]
      Request starting HTTP/1.1 GET http://localhost:62114/js/angular.min.js?v=tGWNuGTw_SVi2ca2TqZK6YI1m3TiuRGcz-65l15CxMc  
info: Microsoft.AspNetCore.StaticFiles.StaticFileMiddleware[2]
      Sending file. Request path: '/lib/chart.js/dist/Chart.min.js'. Physical path: 'D:\Work\XnBoiler\XnBoiler\aspnet-core\src\Xn.Web.Mvc\wwwroot\lib\chart.js\dist\Chart.min.js'
info: Microsoft.AspNetCore.Hosting.Internal.WebHost[1]
      Request starting HTTP/1.1 GET http://localhost:62114/js/angular-chart.js/angular-chart.js?v=NKhewWt6iaCS3y0o_dWoKeG7yXSkKLZT3QpVKOC6A5o  
info: Microsoft.AspNetCore.StaticFiles.StaticFileMiddleware[2]
      Sending file. Request path: '/js/angular-chart.js/angular-chart.js'. Physical path: 'D:\Work\XnBoiler\XnBoiler\aspnet-core\src\Xn.Web.Mvc\wwwroot\js\angular-chart.js\angular-chart.js'
info: Microsoft.AspNetCore.Hosting.Internal.WebHost[2]
      Request finished in 3.471ms 200 application/javascript
info: Microsoft.AspNetCore.Hosting.Internal.WebHost[1]
      Request starting HTTP/1.1 GET http://localhost:62114/js/angular-chart.js/angular-chart.min.js?v=FkPzwnbSiuVVHZD4J83FAdhkV97V_43ud2S-55ge2Yw  
info: Microsoft.AspNetCore.Hosting.Internal.WebHost[2]
      Request finished in 6.1117ms 200 application/javascript
info: Microsoft.AspNetCore.StaticFiles.StaticFileMiddleware[2]
      Sending file. Request path: '/js/angular.min.js'. Physical path: 'D:\Work\XnBoiler\XnBoiler\aspnet-core\src\Xn.Web.Mvc\wwwroot\js\angular.min.js'
info: Microsoft.AspNetCore.StaticFiles.StaticFileMiddleware[2]
      Sending file. Request path: '/js/angular-chart.js/angular-chart.min.js'. Physical path: 'D:\Work\XnBoiler\XnBoiler\aspnet-core\src\Xn.Web.Mvc\wwwroot\js\angular-chart.js\angular-chart.min.js'
info: Microsoft.AspNetCore.Hosting.Internal.WebHost[2]
      Request finished in 1.2819ms 200 application/javascript
info: Microsoft.AspNetCore.Hosting.Internal.WebHost[2]
      Request finished in 13.7429ms 200 application/javascript
info: Microsoft.AspNetCore.Hosting.Internal.WebHost[1]
      Request starting HTTP/1.1 GET http://localhost:62114/js/highcharts.js?v=4qC1FQHiGHSV8ujobkeVKamIjkdPAKRVWYr1Of2ud-k  
info: Microsoft.AspNetCore.StaticFiles.StaticFileMiddleware[2]
      Sending file. Request path: '/js/highcharts.js'. Physical path: 'D:\Work\XnBoiler\XnBoiler\aspnet-core\src\Xn.Web.Mvc\wwwroot\js\highcharts.js'
info: Microsoft.AspNetCore.Hosting.Internal.WebHost[1]
      Request starting HTTP/1.1 GET http://localhost:62114/js/table-angularjs/jquery.dataTables.min.js  
info: Microsoft.AspNetCore.StaticFiles.StaticFileMiddleware[2]
      Sending file. Request path: '/js/table-angularjs/jquery.dataTables.min.js'. Physical path: 'D:\Work\XnBoiler\XnBoiler\aspnet-core\src\Xn.Web.Mvc\wwwroot\js\table-angularjs\jquery.dataTables.min.js'
info: Microsoft.AspNetCore.Hosting.Internal.WebHost[2]
      Request finished in 10.8241ms 200 application/javascript
info: Microsoft.AspNetCore.Hosting.Internal.WebHost[2]
      Request finished in 3.21ms 200 application/javascript
info: Microsoft.AspNetCore.Hosting.Internal.WebHost[1]
      Request starting HTTP/1.1 GET http://localhost:62114/js/table-angularjs/angular-datatables.min.js  
info: Microsoft.AspNetCore.StaticFiles.StaticFileMiddleware[2]
      Sending file. Request path: '/js/table-angularjs/angular-datatables.min.js'. Physical path: 'D:\Work\XnBoiler\XnBoiler\aspnet-core\src\Xn.Web.Mvc\wwwroot\js\table-angularjs\angular-datatables.min.js'
info: Microsoft.AspNetCore.Hosting.Internal.WebHost[2]
      Request finished in 2.3294ms 200 application/javascript
info: Microsoft.AspNetCore.Hosting.Internal.WebHost[1]
      Request starting HTTP/1.1 GET http://localhost:62114/Angular/app.js?v=o1Qn-dBjlpA1w57-dp1ORHih9mQUTl6VnCW9IAbKbzM  
info: Microsoft.AspNetCore.StaticFiles.StaticFileMiddleware[2]
      Sending file. Request path: '/Angular/app.js'. Physical path: 'D:\Work\XnBoiler\XnBoiler\aspnet-core\src\Xn.Web.Mvc\wwwroot\Angular\app.js'
info: Microsoft.AspNetCore.Hosting.Internal.WebHost[2]
      Request finished in 2.6875ms 200 application/javascript
info: Microsoft.AspNetCore.Hosting.Internal.WebHost[1]
      Request starting HTTP/1.1 GET http://localhost:62114/Angular/service.js?v=PTYBv2pAqopT-4IdDswNsTmt8056lpJ6WqxHVoovSxc  
info: Microsoft.AspNetCore.StaticFiles.StaticFileMiddleware[2]
      Sending file. Request path: '/Angular/service.js'. Physical path: 'D:\Work\XnBoiler\XnBoiler\aspnet-core\src\Xn.Web.Mvc\wwwroot\Angular\service.js'
info: Microsoft.AspNetCore.Hosting.Internal.WebHost[2]
      Request finished in 6.8818ms 200 application/javascript
info: Microsoft.AspNetCore.Hosting.Internal.WebHost[1]
      Request starting HTTP/1.1 GET http://localhost:62114/Angular/main.js?v=N7ImJxyWfG8M6P86xDHHeq40E_AQ5rBRxjdRqRR5YIA  
info: Microsoft.AspNetCore.Hosting.Internal.WebHost[1]
      Request starting HTTP/1.1 GET http://localhost:62114/Angular/filter.js?v=Hpvq1BG2HlPFJjYyoEg2H1jV2H-fWTO0lVYcq_nrU_M  
info: Microsoft.AspNetCore.StaticFiles.StaticFileMiddleware[2]
      Sending file. Request path: '/Angular/main.js'. Physical path: 'D:\Work\XnBoiler\XnBoiler\aspnet-core\src\Xn.Web.Mvc\wwwroot\Angular\main.js'
info: Microsoft.AspNetCore.Hosting.Internal.WebHost[2]
      Request finished in 4.8429ms 200 application/javascript
info: Microsoft.AspNetCore.StaticFiles.StaticFileMiddleware[2]
      Sending file. Request path: '/Angular/filter.js'. Physical path: 'D:\Work\XnBoiler\XnBoiler\aspnet-core\src\Xn.Web.Mvc\wwwroot\Angular\filter.js'
info: Microsoft.AspNetCore.Hosting.Internal.WebHost[1]
      Request starting HTTP/1.1 GET http://localhost:62114/Angular/Report/report.js  
info: Microsoft.AspNetCore.Hosting.Internal.WebHost[2]
      Request finished in 4.07ms 200 application/javascript
info: Microsoft.AspNetCore.StaticFiles.StaticFileMiddleware[2]
      Sending file. Request path: '/Angular/Report/report.js'. Physical path: 'D:\Work\XnBoiler\XnBoiler\aspnet-core\src\Xn.Web.Mvc\wwwroot\Angular\Report\report.js'
info: Microsoft.AspNetCore.Hosting.Internal.WebHost[2]
      Request finished in 1.6982ms 200 application/javascript
info: Microsoft.AspNetCore.Hosting.Internal.WebHost[1]
      Request starting HTTP/1.1 GET http://localhost:62114/js/tool/snackbar.js?v=O2eIPSxn9BC93tdOuHGMstXVK4kIblLZbVjxWKpG0EQ  
info: Microsoft.AspNetCore.Hosting.Internal.WebHost[1]
      Request starting HTTP/1.1 GET http://localhost:62114/images/user.png  
info: Microsoft.AspNetCore.StaticFiles.StaticFileMiddleware[2]
      Sending file. Request path: '/js/tool/snackbar.js'. Physical path: 'D:\Work\XnBoiler\XnBoiler\aspnet-core\src\Xn.Web.Mvc\wwwroot\js\tool\snackbar.js'
info: Microsoft.AspNetCore.Hosting.Internal.WebHost[2]
      Request finished in 3.1974ms 200 application/javascript
info: Microsoft.AspNetCore.StaticFiles.StaticFileMiddleware[2]
      Sending file. Request path: '/images/user.png'. Physical path: 'D:\Work\XnBoiler\XnBoiler\aspnet-core\src\Xn.Web.Mvc\wwwroot\images\user.png'
info: Microsoft.AspNetCore.Hosting.Internal.WebHost[2]
      Request finished in 7.7493ms 200 image/png
info: Microsoft.AspNetCore.Hosting.Internal.WebHost[1]
      Request starting HTTP/1.1 GET http://localhost:62114/lib/signalr-client/signalr.min.js  
info: Microsoft.AspNetCore.StaticFiles.StaticFileMiddleware[2]
      Sending file. Request path: '/lib/signalr-client/signalr.min.js'. Physical path: 'D:\Work\XnBoiler\XnBoiler\aspnet-core\src\Xn.Web.Mvc\wwwroot\lib\signalr-client\signalr.min.js'
info: Microsoft.AspNetCore.Hosting.Internal.WebHost[2]
      Request finished in 1.7627ms 200 application/javascript
info: Microsoft.AspNetCore.Hosting.Internal.WebHost[1]
      Request starting HTTP/1.1 GET http://localhost:62114/AbpServiceProxies/GetAll?v=636676882326877255  
info: Microsoft.AspNetCore.Authentication.Cookies.CookieAuthenticationHandler[8]
      AuthenticationScheme: Identity.Application was successfully authenticated.
info: Microsoft.AspNetCore.Mvc.Internal.ControllerActionInvoker[1]
      Executing action method Abp.AspNetCore.Mvc.Proxying.AbpServiceProxiesController.GetAll (Abp.AspNetCore) with arguments (Abp.AspNetCore.Mvc.Proxying.ApiProxyGenerationModel) - ModelState is Valid
info: Microsoft.AspNetCore.Mvc.Internal.ContentResultExecutor[1]
      Executing ContentResult with HTTP Response ContentType of application/x-javascript
info: Microsoft.AspNetCore.Mvc.Internal.ControllerActionInvoker[2]
      Executed action Abp.AspNetCore.Mvc.Proxying.AbpServiceProxiesController.GetAll (Abp.AspNetCore) in 14.7351ms
info: Microsoft.AspNetCore.Hosting.Internal.WebHost[2]
      Request finished in 27.3684ms 200 application/x-javascript
info: Microsoft.AspNetCore.Hosting.Internal.WebHost[1]
      Request starting HTTP/1.1 GET http://localhost:62114/AbpScripts/GetScripts?v=636676882326877255  
info: Microsoft.AspNetCore.Authentication.Cookies.CookieAuthenticationHandler[8]
      AuthenticationScheme: Identity.Application was successfully authenticated.
info: Microsoft.AspNetCore.Mvc.Internal.ControllerActionInvoker[1]
      Executing action method Abp.AspNetCore.Mvc.Controllers.AbpScriptsController.GetScripts (Abp.AspNetCore) with arguments () - ModelState is Valid
info: Microsoft.AspNetCore.Hosting.Internal.WebHost[1]
      Request starting HTTP/1.1 GET http://localhost:62114/lib/signalr-client/signalr.min.js?v=858YikO1iFWNvg_uLuCuwTzpVWSTKR0dNgE9e1-YGCo  
info: Microsoft.AspNetCore.StaticFiles.StaticFileMiddleware[2]
      Sending file. Request path: '/lib/signalr-client/signalr.min.js'. Physical path: 'D:\Work\XnBoiler\XnBoiler\aspnet-core\src\Xn.Web.Mvc\wwwroot\lib\signalr-client\signalr.min.js'
info: Microsoft.AspNetCore.Hosting.Internal.WebHost[2]
      Request finished in 1.1603ms 200 application/javascript
info: Microsoft.AspNetCore.Mvc.Internal.ContentResultExecutor[1]
      Executing ContentResult with HTTP Response ContentType of application/x-javascript; charset=utf-8
info: Microsoft.AspNetCore.Mvc.Internal.ControllerActionInvoker[2]
      Executed action Abp.AspNetCore.Mvc.Controllers.AbpScriptsController.GetScripts (Abp.AspNetCore) in 47.9669ms
info: Microsoft.AspNetCore.Hosting.Internal.WebHost[2]
      Request finished in 60.9655ms 200 application/x-javascript; charset=utf-8
info: Microsoft.AspNetCore.Hosting.Internal.WebHost[1]
      Request starting HTTP/1.1 GET http://localhost:62114/lib/abp-web-resources/Abp/Framework/scripts/libs/abp.signalr-client.js?v=e67Bv052Laju1Shwa7IODGzQs7CAHRD2ov373oMBoIw  
info: Microsoft.AspNetCore.StaticFiles.StaticFileMiddleware[2]
      Sending file. Request path: '/lib/abp-web-resources/Abp/Framework/scripts/libs/abp.signalr-client.js'. Physical path: 'D:\Work\XnBoiler\XnBoiler\aspnet-core\src\Xn.Web.Mvc\wwwroot\lib\abp-web-resources\Abp\Framework\scripts\libs\abp.signalr-client.js'
info: Microsoft.AspNetCore.Hosting.Internal.WebHost[2]
      Request finished in 1.4468ms 200 application/javascript
info: Microsoft.AspNetCore.Hosting.Internal.WebHost[1]
      Request starting HTTP/1.1 GET http://localhost:62114/js/angular-cookies.min.js.map  
info: Microsoft.AspNetCore.Hosting.Internal.WebHost[1]
      Request starting HTTP/1.1 GET http://localhost:62114/js/angular.min.js.map  
info: Microsoft.AspNetCore.Authentication.Cookies.CookieAuthenticationHandler[8]
      AuthenticationScheme: Identity.Application was successfully authenticated.
info: Microsoft.AspNetCore.Hosting.Internal.WebHost[2]
      Request finished in 9.0619ms 404 
info: Microsoft.AspNetCore.Authentication.Cookies.CookieAuthenticationHandler[8]
      AuthenticationScheme: Identity.Application was successfully authenticated.
info: Microsoft.AspNetCore.Hosting.Internal.WebHost[2]
      Request finished in 10.282ms 404 
info: Microsoft.AspNetCore.Hosting.Internal.WebHost[1]
      Request starting HTTP/1.1 GET http://localhost:62114/fonts/material-icons/materialicons.woff2  
info: Microsoft.AspNetCore.StaticFiles.StaticFileMiddleware[2]
      Sending file. Request path: '/fonts/material-icons/materialicons.woff2'. Physical path: 'D:\Work\XnBoiler\XnBoiler\aspnet-core\src\Xn.Web.Mvc\wwwroot\fonts\material-icons\materialicons.woff2'
info: Microsoft.AspNetCore.Hosting.Internal.WebHost[1]
      Request starting HTTP/1.1 GET http://localhost:62114/images/user-img-background.jpg  
info: Microsoft.AspNetCore.StaticFiles.StaticFileMiddleware[2]
      Sending file. Request path: '/images/user-img-background.jpg'. Physical path: 'D:\Work\XnBoiler\XnBoiler\aspnet-core\src\Xn.Web.Mvc\wwwroot\images\user-img-background.jpg'
info: Microsoft.AspNetCore.Hosting.Internal.WebHost[1]
      Request starting HTTP/1.1 GET http://localhost:62114/lib/famfamfam-flags/dist/sprite/famfamfam-flags.png  
info: Microsoft.AspNetCore.StaticFiles.StaticFileMiddleware[2]
      Sending file. Request path: '/lib/famfamfam-flags/dist/sprite/famfamfam-flags.png'. Physical path: 'D:\Work\XnBoiler\XnBoiler\aspnet-core\src\Xn.Web.Mvc\wwwroot\lib\famfamfam-flags\dist\sprite\famfamfam-flags.png'
info: Microsoft.AspNetCore.Hosting.Internal.WebHost[1]
      Request starting HTTP/1.1 GET http://localhost:62114/lib/font-awesome/fonts/fontawesome-webfont.woff2?v=4.7.0  
info: Microsoft.AspNetCore.Hosting.Internal.WebHost[2]
      Request finished in 11.1707ms 200 font/woff2
info: Microsoft.AspNetCore.Hosting.Internal.WebHost[1]
      Request starting HTTP/1.1 GET http://localhost:62114/fonts/roboto/d-6IYplOFocCacKzxwXSOFtXRa8TVwTICgirnJhmVJw.woff2  
info: Microsoft.AspNetCore.StaticFiles.StaticFileMiddleware[2]
      Sending file. Request path: '/lib/font-awesome/fonts/fontawesome-webfont.woff2'. Physical path: 'D:\Work\XnBoiler\XnBoiler\aspnet-core\src\Xn.Web.Mvc\wwwroot\lib\font-awesome\fonts\fontawesome-webfont.woff2'
info: Microsoft.AspNetCore.StaticFiles.StaticFileMiddleware[2]
      Sending file. Request path: '/fonts/roboto/d-6IYplOFocCacKzxwXSOFtXRa8TVwTICgirnJhmVJw.woff2'. Physical path: 'D:\Work\XnBoiler\XnBoiler\aspnet-core\src\Xn.Web.Mvc\wwwroot\fonts\roboto\d-6IYplOFocCacKzxwXSOFtXRa8TVwTICgirnJhmVJw.woff2'
info: Microsoft.AspNetCore.Hosting.Internal.WebHost[1]
      Request starting HTTP/1.1 GET http://localhost:62114/fonts/roboto/CWB0XYA8bzo0kSThX0UTuA.woff2  
info: Microsoft.AspNetCore.StaticFiles.StaticFileMiddleware[2]
      Sending file. Request path: '/fonts/roboto/CWB0XYA8bzo0kSThX0UTuA.woff2'. Physical path: 'D:\Work\XnBoiler\XnBoiler\aspnet-core\src\Xn.Web.Mvc\wwwroot\fonts\roboto\CWB0XYA8bzo0kSThX0UTuA.woff2'
info: Microsoft.AspNetCore.Hosting.Internal.WebHost[2]
      Request finished in 16.3357ms 200 image/jpeg
info: Microsoft.AspNetCore.Hosting.Internal.WebHost[2]
      Request finished in 10.3165ms 200 font/woff2
info: Microsoft.AspNetCore.Hosting.Internal.WebHost[2]
      Request finished in 18.3435ms 200 image/png
info: Microsoft.AspNetCore.Hosting.Internal.WebHost[2]
      Request finished in 21.2622ms 200 font/woff2
info: Microsoft.AspNetCore.Hosting.Internal.WebHost[2]
      Request finished in 15.5112ms 200 font/woff2
info: Microsoft.AspNetCore.Hosting.Internal.WebHost[1]
      Request starting HTTP/1.1 GET http://localhost:62114/fonts/roboto/97uahxiqZRoncBaCEI3aWxJtnKITppOI_IvcXXDNrsc.woff2  
info: Microsoft.AspNetCore.StaticFiles.StaticFileMiddleware[2]
      Sending file. Request path: '/fonts/roboto/97uahxiqZRoncBaCEI3aWxJtnKITppOI_IvcXXDNrsc.woff2'. Physical path: 'D:\Work\XnBoiler\XnBoiler\aspnet-core\src\Xn.Web.Mvc\wwwroot\fonts\roboto\97uahxiqZRoncBaCEI3aWxJtnKITppOI_IvcXXDNrsc.woff2'
info: Microsoft.AspNetCore.Hosting.Internal.WebHost[2]
      Request finished in 13.583ms 200 font/woff2
info: Microsoft.AspNetCore.Hosting.Internal.WebHost[1]
      Request starting HTTP/1.1 GET http://localhost:62114/signalr  
info: Microsoft.AspNetCore.Hosting.Internal.WebHost[1]
      Request starting HTTP/1.1 GET http://localhost:62114/lib/signalr-client/signalr.min.js.map  
info: Microsoft.AspNetCore.Authentication.Cookies.CookieAuthenticationHandler[8]
      AuthenticationScheme: Identity.Application was successfully authenticated.
info: Microsoft.AspNetCore.Authentication.Cookies.CookieAuthenticationHandler[8]
      AuthenticationScheme: Identity.Application was successfully authenticated.
info: Microsoft.AspNetCore.Sockets.Internal.Transports.WebSocketsTransport[1]
      Socket opened.
info: Microsoft.AspNetCore.Hosting.Internal.WebHost[2]
      Request finished in 4.7362ms 404 
info: Microsoft.AspNetCore.Hosting.Internal.WebHost[1]
      Request starting HTTP/1.1 GET http://localhost:62114/fonts/roboto/Fcx7Wwv8OzT71A3E1XOAjvesZW2xOQ-xsNqO47m55DA.woff2  
info: Microsoft.AspNetCore.StaticFiles.StaticFileMiddleware[2]
      Sending file. Request path: '/fonts/roboto/Fcx7Wwv8OzT71A3E1XOAjvesZW2xOQ-xsNqO47m55DA.woff2'. Physical path: 'D:\Work\XnBoiler\XnBoiler\aspnet-core\src\Xn.Web.Mvc\wwwroot\fonts\roboto\Fcx7Wwv8OzT71A3E1XOAjvesZW2xOQ-xsNqO47m55DA.woff2'
info: Microsoft.AspNetCore.Hosting.Internal.WebHost[2]
      Request finished in 8.424ms 200 font/woff2
info: Microsoft.AspNetCore.SignalR.HubConnectionContext[1]
      Using HubProtocol 'json'.
info: Microsoft.AspNetCore.Hosting.Internal.WebHost[1]
      Request starting HTTP/1.1 GET http://localhost:62114/fonts/roboto/PwZc-YbIL414wB9rB1IAPRJtnKITppOI_IvcXXDNrsc.woff2  
info: Microsoft.AspNetCore.StaticFiles.StaticFileMiddleware[2]
      Sending file. Request path: '/fonts/roboto/PwZc-YbIL414wB9rB1IAPRJtnKITppOI_IvcXXDNrsc.woff2'. Physical path: 'D:\Work\XnBoiler\XnBoiler\aspnet-core\src\Xn.Web.Mvc\wwwroot\fonts\roboto\PwZc-YbIL414wB9rB1IAPRJtnKITppOI_IvcXXDNrsc.woff2'
info: Microsoft.AspNetCore.Hosting.Internal.WebHost[2]
      Request finished in 3.1986ms 200 font/woff2
info: Microsoft.AspNetCore.Hosting.Internal.WebHost[1]
      Request starting HTTP/1.1 POST http://localhost:62114/Report/Ins  0
info: Microsoft.AspNetCore.Authentication.Cookies.CookieAuthenticationHandler[8]
      AuthenticationScheme: Identity.Application was successfully authenticated.
info: Microsoft.AspNetCore.Hosting.Internal.WebHost[1]
      Request starting HTTP/1.1 GET http://localhost:62114/Angular/Report/nhaphang.html  
info: Microsoft.AspNetCore.StaticFiles.StaticFileMiddleware[2]
      Sending file. Request path: '/Angular/Report/nhaphang.html'. Physical path: 'D:\Work\XnBoiler\XnBoiler\aspnet-core\src\Xn.Web.Mvc\wwwroot\Angular\Report\nhaphang.html'
info: Microsoft.AspNetCore.Mvc.Internal.ControllerActionInvoker[1]
      Executing action method Xn.Web.Controllers.ReportController.Ins (Xn.Web.Mvc) with arguments () - ModelState is Valid
info: Microsoft.AspNetCore.Hosting.Internal.WebHost[2]
      Request finished in 3.1729ms 200 text/html
info: Microsoft.AspNetCore.Mvc.Formatters.Json.Internal.JsonResultExecutor[1]
      Executing JsonResult, writing value Abp.Web.Models.AjaxResponse.
info: Microsoft.AspNetCore.Mvc.Internal.ControllerActionInvoker[2]
      Executed action Xn.Web.Controllers.ReportController.Ins (Xn.Web.Mvc) in 17.9003ms
info: Microsoft.AspNetCore.Hosting.Internal.WebHost[2]
      Request finished in 26.2055ms 200 application/json; charset=utf-8
info: Microsoft.AspNetCore.Hosting.Internal.WebHost[1]
      Request starting HTTP/1.1 GET http://localhost:62114/fonts/roboto/NdF9MtnOpLzo-noMoG0miPesZW2xOQ-xsNqO47m55DA.woff2  
info: Microsoft.AspNetCore.StaticFiles.StaticFileMiddleware[2]
      Sending file. Request path: '/fonts/roboto/NdF9MtnOpLzo-noMoG0miPesZW2xOQ-xsNqO47m55DA.woff2'. Physical path: 'D:\Work\XnBoiler\XnBoiler\aspnet-core\src\Xn.Web.Mvc\wwwroot\fonts\roboto\NdF9MtnOpLzo-noMoG0miPesZW2xOQ-xsNqO47m55DA.woff2'
info: Microsoft.AspNetCore.Hosting.Internal.WebHost[2]
      Request finished in 8.9116ms 200 font/woff2
info: Microsoft.AspNetCore.Hosting.Internal.WebHost[1]
      Request starting HTTP/1.1 GET http://localhost:62114/js/images/sort_both.png  
info: Microsoft.AspNetCore.StaticFiles.StaticFileMiddleware[2]
      Sending file. Request path: '/js/images/sort_both.png'. Physical path: 'D:\Work\XnBoiler\XnBoiler\aspnet-core\src\Xn.Web.Mvc\wwwroot\js\images\sort_both.png'
info: Microsoft.AspNetCore.Hosting.Internal.WebHost[2]
      Request finished in 6.0735ms 200 image/png
info: Microsoft.AspNetCore.Hosting.Internal.WebHost[1]
      Request starting HTTP/1.1 GET http://localhost:62114/js/images/sort_asc.png  
info: Microsoft.AspNetCore.StaticFiles.StaticFileMiddleware[2]
      Sending file. Request path: '/js/images/sort_asc.png'. Physical path: 'D:\Work\XnBoiler\XnBoiler\aspnet-core\src\Xn.Web.Mvc\wwwroot\js\images\sort_asc.png'
info: Microsoft.AspNetCore.Hosting.Internal.WebHost[2]
      Request finished in 8.6908ms 200 image/png
info: Microsoft.AspNetCore.Hosting.Internal.WebHost[1]
      Request starting HTTP/1.1 POST http://localhost:62114/Report/OnPostExport  0
info: Microsoft.AspNetCore.Authentication.Cookies.CookieAuthenticationHandler[8]
      AuthenticationScheme: Identity.Application was successfully authenticated.
info: Microsoft.AspNetCore.Mvc.Internal.ControllerActionInvoker[1]
      Executing action method Xn.Web.Controllers.ReportController.OnPostExport (Xn.Web.Mvc) with arguments ((null)) - ModelState is Valid
info: Microsoft.AspNetCore.Mvc.Internal.ControllerActionInvoker[2]
      Executed action Xn.Web.Controllers.ReportController.OnPostExport (Xn.Web.Mvc) in 13.0163ms
fail: Microsoft.AspNetCore.Diagnostics.DeveloperExceptionPageMiddleware[0]
      An unhandled exception has occurred while executing the request
System.IO.DirectoryNotFoundException: Could not find a part of the path 'D:\Work\XnBoiler\XnBoiler\aspnet-core\src\Xn.Web.Mvc\bin\Debug\netcoreapp2.0\'.
   at System.IO.FileStream.OpenHandle(FileMode mode, FileShare share, FileOptions options)
   at System.IO.FileStream..ctor(String path, FileMode mode, FileAccess access, FileShare share, Int32 bufferSize, FileOptions options)
   at System.IO.FileStream..ctor(String path, FileMode mode, FileAccess access)
   at Xn.Web.Controllers.ReportController.<OnPostExport>d__8.MoveNext() in D:\Work\XnBoiler\XnBoiler\aspnet-core\src\Xn.Web.Mvc\Controllers\ReportController.cs:line 94
--- End of stack trace from previous location where exception was thrown ---
   at System.Runtime.ExceptionServices.ExceptionDispatchInfo.Throw()
   at System.Runtime.CompilerServices.TaskAwaiter.HandleNonSuccessAndDebuggerNotification(Task task)
   at System.Runtime.CompilerServices.TaskAwaiter`1.GetResult()
   at Microsoft.AspNetCore.Mvc.Internal.ControllerActionInvoker.<InvokeActionMethodAsync>d__12.MoveNext()
--- End of stack trace from previous location where exception was thrown ---
   at System.Runtime.ExceptionServices.ExceptionDispatchInfo.Throw()
   at System.Runtime.CompilerServices.TaskAwaiter.HandleNonSuccessAndDebuggerNotification(Task task)
   at Microsoft.AspNetCore.Mvc.Internal.ControllerActionInvoker.<InvokeNextActionFilterAsync>d__10.MoveNext()
--- End of stack trace from previous location where exception was thrown ---
   at System.Runtime.ExceptionServices.ExceptionDispatchInfo.Throw()
   at Microsoft.AspNetCore.Mvc.Internal.ControllerActionInvoker.Rethrow(ActionExecutedContext context)
   at Microsoft.AspNetCore.Mvc.Internal.ControllerActionInvoker.Next(State& next, Scope& scope, Object& state, Boolean& isCompleted)
   at Microsoft.AspNetCore.Mvc.Internal.ControllerActionInvoker.<InvokeInnerFilterAsync>d__14.MoveNext()
--- End of stack trace from previous location where exception was thrown ---
   at System.Runtime.ExceptionServices.ExceptionDispatchInfo.Throw()
   at System.Runtime.CompilerServices.TaskAwaiter.HandleNonSuccessAndDebuggerNotification(Task task)
   at Microsoft.AspNetCore.Mvc.Internal.ResourceInvoker.<InvokeNextExceptionFilterAsync>d__23.MoveNext()
--- End of stack trace from previous location where exception was thrown ---
   at System.Runtime.ExceptionServices.ExceptionDispatchInfo.Throw()
   at Microsoft.AspNetCore.Mvc.Internal.ResourceInvoker.Rethrow(ExceptionContext context)
   at Microsoft.AspNetCore.Mvc.Internal.ResourceInvoker.Next(State& next, Scope& scope, Object& state, Boolean& isCompleted)
   at Microsoft.AspNetCore.Mvc.Internal.ResourceInvoker.<InvokeNextResourceFilter>d__22.MoveNext()
--- End of stack trace from previous location where exception was thrown ---
   at System.Runtime.ExceptionServices.ExceptionDispatchInfo.Throw()
   at Microsoft.AspNetCore.Mvc.Internal.ResourceInvoker.Rethrow(ResourceExecutedContext context)
   at Microsoft.AspNetCore.Mvc.Internal.ResourceInvoker.Next(State& next, Scope& scope, Object& state, Boolean& isCompleted)
   at Microsoft.AspNetCore.Mvc.Internal.ResourceInvoker.<InvokeFilterPipelineAsync>d__17.MoveNext()
--- End of stack trace from previous location where exception was thrown ---
   at System.Runtime.ExceptionServices.ExceptionDispatchInfo.Throw()
   at System.Runtime.CompilerServices.TaskAwaiter.HandleNonSuccessAndDebuggerNotification(Task task)
   at Microsoft.AspNetCore.Mvc.Internal.ResourceInvoker.<InvokeAsync>d__15.MoveNext()
--- End of stack trace from previous location where exception was thrown ---
   at System.Runtime.ExceptionServices.ExceptionDispatchInfo.Throw()
   at System.Runtime.CompilerServices.TaskAwaiter.HandleNonSuccessAndDebuggerNotification(Task task)
   at Microsoft.AspNetCore.Builder.RouterMiddleware.<Invoke>d__4.MoveNext()
--- End of stack trace from previous location where exception was thrown ---
   at System.Runtime.ExceptionServices.ExceptionDispatchInfo.Throw()
   at System.Runtime.CompilerServices.TaskAwaiter.HandleNonSuccessAndDebuggerNotification(Task task)
   at Microsoft.AspNetCore.Builder.RouterMiddleware.<Invoke>d__4.MoveNext()
--- End of stack trace from previous location where exception was thrown ---
   at System.Runtime.ExceptionServices.ExceptionDispatchInfo.Throw()
   at System.Runtime.CompilerServices.TaskAwaiter.HandleNonSuccessAndDebuggerNotification(Task task)
   at Xn.Authentication.JwtBearer.JwtTokenMiddleware.<>c__DisplayClass0_0.<<UseJwtTokenMiddleware>b__0>d.MoveNext() in D:\Work\XnBoiler\XnBoiler\aspnet-core\src\Xn.Web.Core\Authentication\JwtBearer\JwtTokenMiddleware.cs:line 22
--- End of stack trace from previous location where exception was thrown ---
   at System.Runtime.ExceptionServices.ExceptionDispatchInfo.Throw()
   at System.Runtime.CompilerServices.TaskAwaiter.HandleNonSuccessAndDebuggerNotification(Task task)
   at Microsoft.AspNetCore.Authentication.AuthenticationMiddleware.<Invoke>d__6.MoveNext()
--- End of stack trace from previous location where exception was thrown ---
   at System.Runtime.ExceptionServices.ExceptionDispatchInfo.Throw()
   at System.Runtime.CompilerServices.TaskAwaiter.HandleNonSuccessAndDebuggerNotification(Task task)
   at Microsoft.AspNetCore.Diagnostics.DeveloperExceptionPageMiddleware.<Invoke>d__7.MoveNext()
info: Microsoft.AspNetCore.Hosting.Internal.WebHost[2]
      Request finished in 79.0276ms 500 text/html; charset=utf-8





































































































































































































