info: Microsoft.AspNetCore.DataProtection.KeyManagement.XmlKeyManager[0]
      User profile is available. Using 'C:\Users\nguye\AppData\Local\ASP.NET\DataProtection-Keys' as key repository and Windows DPAPI to encrypt keys at rest.
Hosting environment: Development
Content root path: D:\Work\XnBoiler\aspnet-core\src\Xn.Web.Mvc
Now listening on: http://localhost:11277
Application started. Press Ctrl+C to shut down.
info: Microsoft.AspNetCore.Hosting.Internal.WebHost[1]
      Request starting HTTP/1.1 GET http://localhost:62114/  
info: Microsoft.AspNetCore.Hosting.Internal.WebHost[1]
      Request starting HTTP/1.1 DEBUG http://localhost:62114/  0
info: Microsoft.AspNetCore.Hosting.Internal.WebHost[2]
      Request finished in 129.742ms 200 
info: Microsoft.AspNetCore.Authentication.Cookies.CookieAuthenticationHandler[8]
      AuthenticationScheme: Identity.Application was successfully authenticated.
info: Microsoft.AspNetCore.Authorization.DefaultAuthorizationService[1]
      Authorization was successful.
info: Microsoft.AspNetCore.Mvc.Internal.ControllerActionInvoker[1]
      Executing action method Xn.Web.Controllers.HomeController.Index (Xn.Web.Mvc) with arguments ((null)) - ModelState is Valid
info: Microsoft.AspNetCore.Mvc.ViewFeatures.Internal.ViewResultExecutor[1]
      Executing ViewResult, running view at path /Views/Home/Index.cshtml.
info: Microsoft.AspNetCore.Mvc.Internal.ControllerActionInvoker[2]
      Executed action Xn.Web.Controllers.HomeController.Index (Xn.Web.Mvc) in 15764.6379ms
info: Microsoft.AspNetCore.Hosting.Internal.WebHost[1]
      Request starting HTTP/1.1 GET http://localhost:62114/css/styleXns.css?v=xwEEQrD9dH9AUHkfNz9aog1BxtkLBp0zr-z7f32hdB0  
info: Microsoft.AspNetCore.Hosting.Internal.WebHost[1]
      Request starting HTTP/1.1 GET http://localhost:62114/AbpScripts/GetScripts?v=636678563546749923  
info: Microsoft.AspNetCore.Hosting.Internal.WebHost[1]
      Request starting HTTP/1.1 GET http://localhost:62114/AbpServiceProxies/GetAll?v=636678563546749923  
info: Microsoft.AspNetCore.Hosting.Internal.WebHost[2]
      Request finished in 23515.1793ms 200 text/html; charset=utf-8
info: Microsoft.AspNetCore.StaticFiles.StaticFileMiddleware[2]
      Sending file. Request path: '/css/styleXns.css'. Physical path: 'D:\Work\XnBoiler\aspnet-core\src\Xn.Web.Mvc\wwwroot\css\styleXns.css'
info: Microsoft.AspNetCore.Authentication.Cookies.CookieAuthenticationHandler[8]
      AuthenticationScheme: Identity.Application was successfully authenticated.
info: Microsoft.AspNetCore.Hosting.Internal.WebHost[2]
      Request finished in 583.2249ms 200 text/css
info: Microsoft.AspNetCore.Authentication.Cookies.CookieAuthenticationHandler[8]
      AuthenticationScheme: Identity.Application was successfully authenticated.
info: Microsoft.AspNetCore.Mvc.Internal.ControllerActionInvoker[1]
      Executing action method Abp.AspNetCore.Mvc.Controllers.AbpScriptsController.GetScripts (Abp.AspNetCore) with arguments () - ModelState is Valid
info: Microsoft.AspNetCore.Mvc.Internal.ControllerActionInvoker[1]
      Executing action method Abp.AspNetCore.Mvc.Proxying.AbpServiceProxiesController.GetAll (Abp.AspNetCore) with arguments (Abp.AspNetCore.Mvc.Proxying.ApiProxyGenerationModel) - ModelState is Valid
info: Microsoft.AspNetCore.Mvc.Internal.ContentResultExecutor[1]
      Executing ContentResult with HTTP Response ContentType of application/x-javascript
info: Microsoft.AspNetCore.Mvc.Internal.ContentResultExecutor[1]
      Executing ContentResult with HTTP Response ContentType of application/x-javascript; charset=utf-8
info: Microsoft.AspNetCore.Mvc.Internal.ControllerActionInvoker[2]
      Executed action Abp.AspNetCore.Mvc.Proxying.AbpServiceProxiesController.GetAll (Abp.AspNetCore) in 2435.8243ms
info: Microsoft.AspNetCore.Hosting.Internal.WebHost[2]
      Request finished in 3151.8497ms 200 application/x-javascript
info: Microsoft.AspNetCore.Mvc.Internal.ControllerActionInvoker[2]
      Executed action Abp.AspNetCore.Mvc.Controllers.AbpScriptsController.GetScripts (Abp.AspNetCore) in 2579.4571ms
info: Microsoft.AspNetCore.Hosting.Internal.WebHost[2]
      Request finished in 3282.8364ms 200 application/x-javascript; charset=utf-8
info: Microsoft.AspNetCore.Hosting.Internal.WebHost[1]
      Request starting HTTP/1.1 GET http://localhost:62114/signalr  
info: Microsoft.AspNetCore.Authentication.Cookies.CookieAuthenticationHandler[8]
      AuthenticationScheme: Identity.Application was successfully authenticated.
info: Microsoft.AspNetCore.Sockets.Internal.Transports.WebSocketsTransport[1]
      Socket opened.
info: Microsoft.AspNetCore.SignalR.HubConnectionContext[1]
      Using HubProtocol 'json'.
info: Microsoft.AspNetCore.Hosting.Internal.WebHost[1]
      Request starting HTTP/1.1 GET http://localhost:62114/nhap  
info: Microsoft.AspNetCore.Authentication.Cookies.CookieAuthenticationHandler[8]
      AuthenticationScheme: Identity.Application was successfully authenticated.
info: Microsoft.AspNetCore.Mvc.Internal.ControllerActionInvoker[1]
      Executing action method Xn.Web.Controllers.NhapController.Index (Xn.Web.Mvc) with arguments ((null)) - ModelState is Valid
info: Microsoft.AspNetCore.Mvc.ViewFeatures.Internal.ViewResultExecutor[1]
      Executing ViewResult, running view at path /Views/Nhap/Index.cshtml.
info: Microsoft.AspNetCore.Mvc.Internal.ControllerActionInvoker[2]
      Executed action Xn.Web.Controllers.NhapController.Index (Xn.Web.Mvc) in 2171.1207ms
info: Microsoft.AspNetCore.Hosting.Internal.WebHost[2]
      Request finished in 2536.2983ms 200 text/html; charset=utf-8
info: Microsoft.AspNetCore.Hosting.Internal.WebHost[1]
      Request starting HTTP/1.1 GET http://localhost:62114/AbpServiceProxies/GetAll?v=636678563546749923  
info: Microsoft.AspNetCore.Hosting.Internal.WebHost[1]
      Request starting HTTP/1.1 GET http://localhost:62114/AbpScripts/GetScripts?v=636678563546749923  
info: Microsoft.AspNetCore.Authentication.Cookies.CookieAuthenticationHandler[8]
      AuthenticationScheme: Identity.Application was successfully authenticated.
info: Microsoft.AspNetCore.Mvc.Internal.ControllerActionInvoker[1]
      Executing action method Abp.AspNetCore.Mvc.Proxying.AbpServiceProxiesController.GetAll (Abp.AspNetCore) with arguments (Abp.AspNetCore.Mvc.Proxying.ApiProxyGenerationModel) - ModelState is Valid
info: Microsoft.AspNetCore.Authentication.Cookies.CookieAuthenticationHandler[8]
      AuthenticationScheme: Identity.Application was successfully authenticated.
info: Microsoft.AspNetCore.Sockets.Internal.Transports.WebSocketsTransport[2]
      Socket closed.
info: Microsoft.AspNetCore.Mvc.Internal.ContentResultExecutor[1]
      Executing ContentResult with HTTP Response ContentType of application/x-javascript
info: Microsoft.AspNetCore.Mvc.Internal.ControllerActionInvoker[2]
      Executed action Abp.AspNetCore.Mvc.Proxying.AbpServiceProxiesController.GetAll (Abp.AspNetCore) in 303.6909ms
info: Microsoft.AspNetCore.Hosting.Internal.WebHost[2]
      Request finished in 11974.7848ms 101 
info: Microsoft.AspNetCore.Hosting.Internal.WebHost[2]
      Request finished in 1951.1422ms 200 application/x-javascript
info: Microsoft.AspNetCore.Mvc.Internal.ControllerActionInvoker[1]
      Executing action method Abp.AspNetCore.Mvc.Controllers.AbpScriptsController.GetScripts (Abp.AspNetCore) with arguments () - ModelState is Valid
info: Microsoft.AspNetCore.Mvc.Internal.ContentResultExecutor[1]
      Executing ContentResult with HTTP Response ContentType of application/x-javascript; charset=utf-8
info: Microsoft.AspNetCore.Mvc.Internal.ControllerActionInvoker[2]
      Executed action Abp.AspNetCore.Mvc.Controllers.AbpScriptsController.GetScripts (Abp.AspNetCore) in 280.3482ms
info: Microsoft.AspNetCore.Hosting.Internal.WebHost[2]
      Request finished in 2337.3738ms 200 application/x-javascript; charset=utf-8
info: Microsoft.AspNetCore.Hosting.Internal.WebHost[1]
      Request starting HTTP/1.1 GET http://localhost:62114/signalr  
info: Microsoft.AspNetCore.Authentication.Cookies.CookieAuthenticationHandler[8]
      AuthenticationScheme: Identity.Application was successfully authenticated.
info: Microsoft.AspNetCore.Hosting.Internal.WebHost[1]
      Request starting HTTP/1.1 POST http://localhost:62114/Nhap/GetTenNcc  0
info: Microsoft.AspNetCore.Hosting.Internal.WebHost[1]
      Request starting HTTP/1.1 POST http://localhost:62114/Nhap/Dvts  0
info: Microsoft.AspNetCore.Hosting.Internal.WebHost[1]
      Request starting HTTP/1.1 POST http://localhost:62114/Nhap/GetNxs/  0
info: Microsoft.AspNetCore.Hosting.Internal.WebHost[1]
      Request starting HTTP/1.1 POST http://localhost:62114/Nhap/GetMaDh  0
info: Microsoft.AspNetCore.Hosting.Internal.WebHost[1]
      Request starting HTTP/1.1 POST http://localhost:62114/Nhap/GetTenHang  0
info: Microsoft.AspNetCore.Hosting.Internal.WebHost[1]
      Request starting HTTP/1.1 POST http://localhost:62114/Nhap/GetAll  0
info: Microsoft.AspNetCore.Sockets.Internal.Transports.WebSocketsTransport[1]
      Socket opened.
info: Microsoft.AspNetCore.Authentication.Cookies.CookieAuthenticationHandler[8]
      AuthenticationScheme: Identity.Application was successfully authenticated.
info: Microsoft.AspNetCore.Authentication.Cookies.CookieAuthenticationHandler[8]
      AuthenticationScheme: Identity.Application was successfully authenticated.
info: Microsoft.AspNetCore.Authentication.Cookies.CookieAuthenticationHandler[8]
      AuthenticationScheme: Identity.Application was successfully authenticated.
info: Microsoft.AspNetCore.Authentication.Cookies.CookieAuthenticationHandler[8]
      AuthenticationScheme: Identity.Application was successfully authenticated.
info: Microsoft.AspNetCore.Authentication.Cookies.CookieAuthenticationHandler[8]
      AuthenticationScheme: Identity.Application was successfully authenticated.
info: Microsoft.AspNetCore.Mvc.Internal.ControllerActionInvoker[1]
      Executing action method Xn.Web.Controllers.NhapController.GetMaDh (Xn.Web.Mvc) with arguments ((null)) - ModelState is Valid
info: Microsoft.AspNetCore.Mvc.Internal.ControllerActionInvoker[1]
      Executing action method Xn.Web.Controllers.NhapController.GetTenNcc (Xn.Web.Mvc) with arguments ((null)) - ModelState is Valid
info: Microsoft.AspNetCore.Mvc.Internal.ControllerActionInvoker[1]
      Executing action method Xn.Web.Controllers.NhapController.GetNxs (Xn.Web.Mvc) with arguments ((null)) - ModelState is Valid
info: Microsoft.AspNetCore.Mvc.Internal.ControllerActionInvoker[1]
      Executing action method Xn.Web.Controllers.NhapController.Dvts (Xn.Web.Mvc) with arguments ((null)) - ModelState is Valid
info: Microsoft.AspNetCore.SignalR.HubConnectionContext[1]
      Using HubProtocol 'json'.
info: Microsoft.AspNetCore.Authentication.Cookies.CookieAuthenticationHandler[8]
      AuthenticationScheme: Identity.Application was successfully authenticated.
info: Microsoft.AspNetCore.Mvc.Internal.ControllerActionInvoker[1]
      Executing action method Xn.Web.Controllers.NhapController.GetAll (Xn.Web.Mvc) with arguments (, , ) - ModelState is Valid
info: Microsoft.AspNetCore.Mvc.Internal.ControllerActionInvoker[1]
      Executing action method Xn.Web.Controllers.NhapController.GetTenHang (Xn.Web.Mvc) with arguments ((null)) - ModelState is Valid
info: Microsoft.AspNetCore.Mvc.Formatters.Json.Internal.JsonResultExecutor[1]
      Executing JsonResult, writing value Abp.Web.Models.AjaxResponse.
info: Microsoft.AspNetCore.Mvc.Formatters.Json.Internal.JsonResultExecutor[1]
      Executing JsonResult, writing value Abp.Web.Models.AjaxResponse.
info: Microsoft.AspNetCore.Mvc.Formatters.Json.Internal.JsonResultExecutor[1]
      Executing JsonResult, writing value Abp.Web.Models.AjaxResponse.
info: Microsoft.AspNetCore.Mvc.Formatters.Json.Internal.JsonResultExecutor[1]
      Executing JsonResult, writing value Abp.Web.Models.AjaxResponse.
info: Microsoft.AspNetCore.Mvc.Formatters.Json.Internal.JsonResultExecutor[1]
      Executing JsonResult, writing value Abp.Web.Models.AjaxResponse.
info: Microsoft.AspNetCore.Mvc.Formatters.Json.Internal.JsonResultExecutor[1]
      Executing JsonResult, writing value Abp.Web.Models.AjaxResponse.
info: Microsoft.AspNetCore.Mvc.Internal.ControllerActionInvoker[2]
      Executed action Xn.Web.Controllers.NhapController.GetMaDh (Xn.Web.Mvc) in 1492.0556ms
info: Microsoft.AspNetCore.Mvc.Internal.ControllerActionInvoker[2]
      Executed action Xn.Web.Controllers.NhapController.GetAll (Xn.Web.Mvc) in 1121.2486ms
info: Microsoft.AspNetCore.Mvc.Internal.ControllerActionInvoker[2]
      Executed action Xn.Web.Controllers.NhapController.GetTenNcc (Xn.Web.Mvc) in 1460.5285ms
info: Microsoft.AspNetCore.Mvc.Internal.ControllerActionInvoker[2]
      Executed action Xn.Web.Controllers.NhapController.GetNxs (Xn.Web.Mvc) in 1354.7769ms
info: Microsoft.AspNetCore.Mvc.Internal.ControllerActionInvoker[2]
      Executed action Xn.Web.Controllers.NhapController.Dvts (Xn.Web.Mvc) in 1265.9112ms
info: Microsoft.AspNetCore.Hosting.Internal.WebHost[2]
      Request finished in 2232.4278ms 200 application/json; charset=utf-8
info: Microsoft.AspNetCore.Hosting.Internal.WebHost[2]
      Request finished in 2340.2526ms 200 application/json; charset=utf-8
info: Microsoft.AspNetCore.Hosting.Internal.WebHost[2]
      Request finished in 2133.6517ms 200 application/json; charset=utf-8
info: Microsoft.AspNetCore.Hosting.Internal.WebHost[2]
      Request finished in 2392.9032ms 200 application/json; charset=utf-8
info: Microsoft.AspNetCore.Hosting.Internal.WebHost[2]
      Request finished in 2419.6231ms 200 application/json; charset=utf-8
info: Microsoft.AspNetCore.Mvc.Internal.ControllerActionInvoker[2]
      Executed action Xn.Web.Controllers.NhapController.GetTenHang (Xn.Web.Mvc) in 790.5573ms
info: Microsoft.AspNetCore.Hosting.Internal.WebHost[2]
      Request finished in 2470.4206ms 200 application/json; charset=utf-8
info: Microsoft.AspNetCore.Hosting.Internal.WebHost[1]
      Request starting HTTP/1.1 GET http://localhost:62114/ncc  
info: Microsoft.AspNetCore.Authentication.Cookies.CookieAuthenticationHandler[8]
      AuthenticationScheme: Identity.Application was successfully authenticated.
info: Microsoft.AspNetCore.Mvc.Internal.ControllerActionInvoker[1]
      Executing action method Xn.Web.Controllers.NccController.Index (Xn.Web.Mvc) with arguments ((null)) - ModelState is Valid
info: Microsoft.AspNetCore.Mvc.ViewFeatures.Internal.ViewResultExecutor[1]
      Executing ViewResult, running view at path /Views/Ncc/Index.cshtml.
info: Microsoft.AspNetCore.Mvc.Internal.ControllerActionInvoker[2]
      Executed action Xn.Web.Controllers.NccController.Index (Xn.Web.Mvc) in 1810.6191ms
info: Microsoft.AspNetCore.Hosting.Internal.WebHost[1]
      Request starting HTTP/1.1 GET http://localhost:62114/AbpScripts/GetScripts?v=636678563546749923  
info: Microsoft.AspNetCore.Sockets.Internal.Transports.WebSocketsTransport[2]
      Socket closed.
info: Microsoft.AspNetCore.Hosting.Internal.WebHost[2]
      Request finished in 2147.9645ms 200 text/html; charset=utf-8
info: Microsoft.AspNetCore.Hosting.Internal.WebHost[1]
      Request starting HTTP/1.1 GET http://localhost:62114/AbpServiceProxies/GetAll?v=636678563546749923  
info: Microsoft.AspNetCore.Hosting.Internal.WebHost[2]
      Request finished in 9050.9223ms 101 
info: Microsoft.AspNetCore.Authentication.Cookies.CookieAuthenticationHandler[8]
      AuthenticationScheme: Identity.Application was successfully authenticated.
info: Microsoft.AspNetCore.Authentication.Cookies.CookieAuthenticationHandler[8]
      AuthenticationScheme: Identity.Application was successfully authenticated.
info: Microsoft.AspNetCore.Mvc.Internal.ControllerActionInvoker[1]
      Executing action method Abp.AspNetCore.Mvc.Proxying.AbpServiceProxiesController.GetAll (Abp.AspNetCore) with arguments (Abp.AspNetCore.Mvc.Proxying.ApiProxyGenerationModel) - ModelState is Valid
info: Microsoft.AspNetCore.Mvc.Internal.ControllerActionInvoker[1]
      Executing action method Abp.AspNetCore.Mvc.Controllers.AbpScriptsController.GetScripts (Abp.AspNetCore) with arguments () - ModelState is Valid
info: Microsoft.AspNetCore.Mvc.Internal.ContentResultExecutor[1]
      Executing ContentResult with HTTP Response ContentType of application/x-javascript
info: Microsoft.AspNetCore.Mvc.Internal.ControllerActionInvoker[2]
      Executed action Abp.AspNetCore.Mvc.Proxying.AbpServiceProxiesController.GetAll (Abp.AspNetCore) in 991.4581ms
info: Microsoft.AspNetCore.Hosting.Internal.WebHost[2]
      Request finished in 1451.7044ms 200 application/x-javascript
info: Microsoft.AspNetCore.Mvc.Internal.ContentResultExecutor[1]
      Executing ContentResult with HTTP Response ContentType of application/x-javascript; charset=utf-8
info: Microsoft.AspNetCore.Mvc.Internal.ControllerActionInvoker[2]
      Executed action Abp.AspNetCore.Mvc.Controllers.AbpScriptsController.GetScripts (Abp.AspNetCore) in 1133.9853ms
info: Microsoft.AspNetCore.Hosting.Internal.WebHost[2]
      Request finished in 1760.0514ms 200 application/x-javascript; charset=utf-8
info: Microsoft.AspNetCore.Hosting.Internal.WebHost[1]
      Request starting HTTP/1.1 GET http://localhost:62114/signalr  
info: Microsoft.AspNetCore.Authentication.Cookies.CookieAuthenticationHandler[8]
      AuthenticationScheme: Identity.Application was successfully authenticated.
info: Microsoft.AspNetCore.Hosting.Internal.WebHost[1]
      Request starting HTTP/1.1 POST http://localhost:62114/Ncc/GetId  0
info: Microsoft.AspNetCore.Hosting.Internal.WebHost[1]
      Request starting HTTP/1.1 POST http://localhost:62114/Ncc/GetAll  0
info: Microsoft.AspNetCore.Sockets.Internal.Transports.WebSocketsTransport[1]
      Socket opened.
info: Microsoft.AspNetCore.Authentication.Cookies.CookieAuthenticationHandler[8]
      AuthenticationScheme: Identity.Application was successfully authenticated.
info: Microsoft.AspNetCore.Authentication.Cookies.CookieAuthenticationHandler[8]
      AuthenticationScheme: Identity.Application was successfully authenticated.
info: Microsoft.AspNetCore.Mvc.Internal.ControllerActionInvoker[1]
      Executing action method Xn.Web.Controllers.NccController.GetId (Xn.Web.Mvc) with arguments ((null)) - ModelState is Valid
info: Microsoft.AspNetCore.Mvc.Internal.ControllerActionInvoker[1]
      Executing action method Xn.Web.Controllers.NccController.GetAll (Xn.Web.Mvc) with arguments ((null)) - ModelState is Valid
info: Microsoft.AspNetCore.SignalR.HubConnectionContext[1]
      Using HubProtocol 'json'.
info: Microsoft.AspNetCore.Mvc.Formatters.Json.Internal.JsonResultExecutor[1]
      Executing JsonResult, writing value Abp.Web.Models.AjaxResponse.
info: Microsoft.AspNetCore.Mvc.Internal.ControllerActionInvoker[2]
      Executed action Xn.Web.Controllers.NccController.GetId (Xn.Web.Mvc) in 1212.8346ms
info: Microsoft.AspNetCore.Mvc.Formatters.Json.Internal.JsonResultExecutor[1]
      Executing JsonResult, writing value Abp.Web.Models.AjaxResponse.
info: Microsoft.AspNetCore.Hosting.Internal.WebHost[2]
      Request finished in 2272.3109ms 200 application/json; charset=utf-8
info: Microsoft.AspNetCore.Mvc.Internal.ControllerActionInvoker[2]
      Executed action Xn.Web.Controllers.NccController.GetAll (Xn.Web.Mvc) in 1320.8339ms
info: Microsoft.AspNetCore.Hosting.Internal.WebHost[2]
      Request finished in 2282.3735ms 200 application/json; charset=utf-8
info: Microsoft.AspNetCore.Hosting.Internal.WebHost[1]
      Request starting HTTP/1.1 POST http://localhost:62114/Ncc/CreateOrEdit/ application/json;charset=UTF-8 150
info: Microsoft.AspNetCore.Authentication.Cookies.CookieAuthenticationHandler[8]
      AuthenticationScheme: Identity.Application was successfully authenticated.
info: Microsoft.AspNetCore.Mvc.Internal.ControllerActionInvoker[1]
      Executing action method Xn.Web.Controllers.NccController.CreateOrEdit (Xn.Web.Mvc) with arguments (Xn.Web.Models.NccEntity.NccEntity) - ModelState is Valid












































































































































